#
# There is insufficient memory for the Java Runtime Environment to continue.
# Native memory allocation (malloc) failed to allocate 1623968 bytes for Chunk::new
# Possible reasons:
#   The system is out of physical RAM or swap space
#   The process is running with CompressedOops enabled, and the Java Heap may be blocking the growth of the native heap
# Possible solutions:
#   Reduce memory load on the system
#   Increase physical memory or swap space
#   Check if swap backing store is full
#   Decrease Java heap size (-Xmx/-Xms)
#   Decrease number of Java threads
#   Decrease Java thread stack sizes (-Xss)
#   Set larger code cache with -XX:ReservedCodeCacheSize=
#   JVM is running with Unscaled Compressed Oops mode in which the Java heap is
#     placed in the first 4GB address space. The Java Heap base address is the
#     maximum limit for the native heap growth. Please use -XX:HeapBaseMinAddress
#     to set the Java Heap base and to place the Java Heap above 4GB virtual address.
# This output file may be truncated or incomplete.
#
#  Out of Memory Error (arena.cpp:189), pid=17148, tid=17940
#
# JRE version: OpenJDK Runtime Environment Temurin-17.0.4.1+1 (17.0.4.1+1) (build 17.0.4.1+1)
# Java VM: OpenJDK 64-Bit Server VM Temurin-17.0.4.1+1 (17.0.4.1+1, mixed mode, tiered, compressed oops, compressed class ptrs, parallel gc, windows-amd64)
# No core dump will be written. Minidumps are not enabled by default on client versions of Windows
#

---------------  S U M M A R Y ------------

Command Line: --add-modules=ALL-SYSTEM --add-opens=java.base/java.util=ALL-UNNAMED --add-opens=java.base/java.lang=ALL-UNNAMED --add-opens=java.base/sun.nio.fs=ALL-UNNAMED -Declipse.application=org.eclipse.jdt.ls.core.id1 -Dosgi.bundles.defaultStartLevel=4 -Declipse.product=org.eclipse.jdt.ls.core.product -Djava.import.generatesMetadataFilesAtProjectRoot=false -Dfile.encoding=utf8 -XX:+UseParallelGC -XX:GCTimeRatio=4 -XX:AdaptiveSizePolicyWeight=90 -Dsun.zip.disableMemoryMapping=true -Xmx1G -Xms100m -Xlog:disable -javaagent:c:\Users\SOHAIL AHMAD\.antigravity\extensions\redhat.java-1.12.0-win32-x64\lombok\lombok-1.18.24.jar -XX:+HeapDumpOnOutOfMemoryError -XX:HeapDumpPath=c:\Users\SOHAIL AHMAD\AppData\Roaming\Antigravity\User\workspaceStorage\e93f37d5df380cb2e825645f6b524362\redhat.java c:\Users\SOHAIL AHMAD\.antigravity\extensions\redhat.java-1.12.0-win32-x64\server\plugins\org.eclipse.equinox.launcher_1.6.400.v20210924-0641.jar -configuration c:\Users\SOHAIL AHMAD\AppData\Roaming\Antigravity\User\globalStorage\redhat.java\1.12.0\config_win -data c:\Users\SOHAIL AHMAD\AppData\Roaming\Antigravity\User\workspaceStorage\e93f37d5df380cb2e825645f6b524362\redhat.java\jdt_ws

Host: AMD Ryzen 3 7320U with Radeon Graphics         , 8 cores, 5G,  Windows 11 , 64 bit Build 26100 (10.0.26100.7920)
Time: Thu Mar 19 19:25:00 2026 India Standard Time elapsed time: 13.600676 seconds (0d 0h 0m 13s)

---------------  T H R E A D  ---------------

Current thread (0x00000232ad467fe0):  JavaThread "C2 CompilerThread1" daemon [_thread_in_native, id=17940, stack(0x000000ee05a00000,0x000000ee05b00000)]


Current CompileTask:
C2:  13600 9289   !   4       org.codehaus.plexus.interpolation.StringSearchInterpolator::interpolate (668 bytes)

Stack: [0x000000ee05a00000,0x000000ee05b00000]
Native frames: (J=compiled Java code, j=interpreted, Vv=VM code, C=native code)
V  [jvm.dll+0x67731a]
V  [jvm.dll+0x832284]
V  [jvm.dll+0x833a2e]
V  [jvm.dll+0x834093]
V  [jvm.dll+0x245775]
V  [jvm.dll+0xabd7b]
V  [jvm.dll+0xac30c]
V  [jvm.dll+0x363a97]
V  [jvm.dll+0x1bbf38]
V  [jvm.dll+0x2187d9]
V  [jvm.dll+0x217aa1]
V  [jvm.dll+0x1a3f8d]
V  [jvm.dll+0x227498]
V  [jvm.dll+0x2255e5]
V  [jvm.dll+0x7e7e9b]
V  [jvm.dll+0x7e240a]
V  [jvm.dll+0x6761a5]
C  [ucrtbase.dll+0x37b0]
C  [KERNEL32.DLL+0x2e8d7]
C  [ntdll.dll+0x8c48c]


---------------  P R O C E S S  ---------------

Threads class SMR info:
_java_thread_list=0x00000232b1492b80, length=27, elements={
0x00000232952436a0, 0x00000232a90c8030, 0x00000232a90ca310, 0x00000232aac4c010,
0x00000232aac4c8d0, 0x00000232aac4f5a0, 0x00000232aac572c0, 0x00000232aac64ec0,
0x00000232aac667d0, 0x00000232aac68420, 0x00000232aad77020, 0x00000232aafa89c0,
0x00000232abf4bd90, 0x00000232ace2a830, 0x00000232abde3ed0, 0x00000232acf80fd0,
0x00000232acf02c00, 0x00000232ad467fe0, 0x00000232acfce000, 0x00000232acfce4d0,
0x00000232acfcd190, 0x00000232acfcfce0, 0x00000232acfd01b0, 0x00000232acfcdb30,
0x00000232acfcf340, 0x00000232acfcc7f0, 0x00000232acfcee70
}

Java Threads: ( => current thread )
  0x00000232952436a0 JavaThread "main" [_thread_blocked, id=21856, stack(0x000000ee04d00000,0x000000ee04e00000)]
  0x00000232a90c8030 JavaThread "Reference Handler" daemon [_thread_blocked, id=4868, stack(0x000000ee05000000,0x000000ee05100000)]
  0x00000232a90ca310 JavaThread "Finalizer" daemon [_thread_blocked, id=19276, stack(0x000000ee05100000,0x000000ee05200000)]
  0x00000232aac4c010 JavaThread "Signal Dispatcher" daemon [_thread_blocked, id=21488, stack(0x000000ee05200000,0x000000ee05300000)]
  0x00000232aac4c8d0 JavaThread "Attach Listener" daemon [_thread_blocked, id=18960, stack(0x000000ee05300000,0x000000ee05400000)]
  0x00000232aac4f5a0 JavaThread "Service Thread" daemon [_thread_blocked, id=13856, stack(0x000000ee05400000,0x000000ee05500000)]
  0x00000232aac572c0 JavaThread "Monitor Deflation Thread" daemon [_thread_blocked, id=10620, stack(0x000000ee05500000,0x000000ee05600000)]
  0x00000232aac64ec0 JavaThread "C2 CompilerThread0" daemon [_thread_in_native, id=13336, stack(0x000000ee05600000,0x000000ee05700000)]
  0x00000232aac667d0 JavaThread "C1 CompilerThread0" daemon [_thread_blocked, id=7940, stack(0x000000ee05700000,0x000000ee05800000)]
  0x00000232aac68420 JavaThread "Sweeper thread" daemon [_thread_blocked, id=7420, stack(0x000000ee05800000,0x000000ee05900000)]
  0x00000232aad77020 JavaThread "Common-Cleaner" daemon [_thread_blocked, id=7408, stack(0x000000ee05900000,0x000000ee05a00000)]
  0x00000232aafa89c0 JavaThread "Notification Thread" daemon [_thread_blocked, id=20372, stack(0x000000ee05b00000,0x000000ee05c00000)]
  0x00000232abf4bd90 JavaThread "Active Thread: Equinox Container: 93ed0f30-1444-4cf5-8b4d-697f646534e6" [_thread_blocked, id=17228, stack(0x000000ee06300000,0x000000ee06400000)]
  0x00000232ace2a830 JavaThread "Framework Event Dispatcher: Equinox Container: 93ed0f30-1444-4cf5-8b4d-697f646534e6" daemon [_thread_blocked, id=19932, stack(0x000000ee06400000,0x000000ee06500000)]
  0x00000232abde3ed0 JavaThread "Start Level: Equinox Container: 93ed0f30-1444-4cf5-8b4d-697f646534e6" daemon [_thread_blocked, id=21572, stack(0x000000ee06500000,0x000000ee06600000)]
  0x00000232acf80fd0 JavaThread "SCR Component Actor" daemon [_thread_blocked, id=9564, stack(0x000000ee06600000,0x000000ee06700000)]
  0x00000232acf02c00 JavaThread "Worker-JM" [_thread_blocked, id=9520, stack(0x000000ee05d00000,0x000000ee05e00000)]
=>0x00000232ad467fe0 JavaThread "C2 CompilerThread1" daemon [_thread_in_native, id=17940, stack(0x000000ee05a00000,0x000000ee05b00000)]
  0x00000232acfce000 JavaThread "Worker-0" [_thread_blocked, id=20004, stack(0x000000ee06a00000,0x000000ee06b00000)]
  0x00000232acfce4d0 JavaThread "Worker-1" [_thread_blocked, id=14836, stack(0x000000ee06b00000,0x000000ee06c00000)]
  0x00000232acfcd190 JavaThread "Java indexing" daemon [_thread_blocked, id=16024, stack(0x000000ee06c00000,0x000000ee06d00000)]
  0x00000232acfcfce0 JavaThread "JNA Cleaner" daemon [_thread_blocked, id=18864, stack(0x000000ee06d00000,0x000000ee06e00000)]
  0x00000232acfd01b0 JavaThread "pool-2-thread-1" [_thread_blocked, id=16324, stack(0x000000ee07000000,0x000000ee07100000)]
  0x00000232acfcdb30 JavaThread "Worker-2: Refreshing workspace" [_thread_blocked, id=4604, stack(0x000000ee07100000,0x000000ee07200000)]
  0x00000232acfcf340 JavaThread "pool-1-thread-1" [_thread_blocked, id=17908, stack(0x000000ee07200000,0x000000ee07300000)]
  0x00000232acfcc7f0 JavaThread "Worker-3: Initialize workspace" [_thread_blocked, id=7328, stack(0x000000ee07300000,0x000000ee07400000)]
  0x00000232acfcee70 JavaThread "ForkJoinPool.commonPool-worker-1" daemon [_thread_in_native, id=23616, stack(0x000000ee07400000,0x000000ee07500000)]

Other Threads:
  0x00000232a8f6cac0 VMThread "VM Thread" [stack: 0x000000ee04f00000,0x000000ee05000000] [id=12344]
  0x00000232aaf85f40 WatcherThread [stack: 0x000000ee05c00000,0x000000ee05d00000] [id=12532]
  0x0000023295258870 GCTaskThread "GC Thread#0" [stack: 0x000000ee04e00000,0x000000ee04f00000] [id=13244]
  0x00000232abd6cea0 GCTaskThread "GC Thread#1" [stack: 0x000000ee05e00000,0x000000ee05f00000] [id=18524]
  0x00000232abd6d150 GCTaskThread "GC Thread#2" [stack: 0x000000ee05f00000,0x000000ee06000000] [id=11876]
  0x00000232abd6d400 GCTaskThread "GC Thread#3" [stack: 0x000000ee06000000,0x000000ee06100000] [id=16660]
  0x00000232abd6d6b0 GCTaskThread "GC Thread#4" [stack: 0x000000ee06100000,0x000000ee06200000] [id=21524]
  0x00000232abd6d960 GCTaskThread "GC Thread#5" [stack: 0x000000ee06200000,0x000000ee06300000] [id=21188]
  0x00000232ad3cb530 GCTaskThread "GC Thread#6" [stack: 0x000000ee06700000,0x000000ee06800000] [id=12512]
  0x00000232ad346d80 GCTaskThread "GC Thread#7" [stack: 0x000000ee06800000,0x000000ee06900000] [id=22028]

Threads with active compile tasks:
C2 CompilerThread0    13623 9509 %     4       java.lang.String::<init> @ 107 (830 bytes)
C2 CompilerThread1    13623 9289   !   4       org.codehaus.plexus.interpolation.StringSearchInterpolator::interpolate (668 bytes)

VM state: not at safepoint (normal execution)

VM Mutex/Monitor currently owned by a thread: None

Heap address: 0x00000000c0000000, size: 1024 MB, Compressed Oops mode: 32-bit

CDS archive(s) not mapped
Compressed class space mapped at: 0x0000000100000000-0x0000000140000000, reserved size: 1073741824
Narrow klass base: 0x0000000000000000, Narrow klass shift: 3, Narrow klass range: 0x140000000

GC Precious Log:
 CPUs: 8 total, 8 available
 Memory: 5965M
 Large Page Support: Disabled
 NUMA Support: Disabled
 Compressed Oops: Enabled (32-bit)
 Alignments: Space 512K, Generation 512K, Heap 2M
 Heap Min Capacity: 100M
 Heap Initial Capacity: 100M
 Heap Max Capacity: 1G
 Pre-touch: Disabled
 Parallel Workers: 8

Heap:
 PSYoungGen      total 18432K, used 6752K [0x00000000eab00000, 0x00000000ec000000, 0x0000000100000000)
  eden space 16896K, 32% used [0x00000000eab00000,0x00000000eb060068,0x00000000ebb80000)
  from space 1536K, 81% used [0x00000000ebb80000,0x00000000ebcb8000,0x00000000ebd00000)
  to   space 2048K, 0% used [0x00000000ebe00000,0x00000000ebe00000,0x00000000ec000000)
 ParOldGen       total 68608K, used 63964K [0x00000000c0000000, 0x00000000c4300000, 0x00000000eab00000)
  object space 68608K, 93% used [0x00000000c0000000,0x00000000c3e770d0,0x00000000c4300000)
 Metaspace       used 60993K, committed 62016K, reserved 1105920K
  class space    used 6246K, committed 6720K, reserved 1048576K

Card table byte_map: [0x0000023294bf0000,0x0000023294e00000] _byte_map_base: 0x00000232945f0000

Marking Bits: (ParMarkBitMap*) 0x00007ffbd75b2cc0
 Begin Bits: [0x00000232a6ed0000, 0x00000232a7ed0000)
 End Bits:   [0x00000232a7ed0000, 0x00000232a8ed0000)

Polling page: 0x0000023293380000

Metaspace:

Usage:
  Non-class:     53.46 MB used.
      Class:      6.10 MB used.
       Both:     59.56 MB used.

Virtual space:
  Non-class space:       56.00 MB reserved,      54.00 MB ( 96%) committed,  7 nodes.
      Class space:        1.00 GB reserved,       6.56 MB ( <1%) committed,  1 nodes.
             Both:        1.05 GB reserved,      60.56 MB (  6%) committed. 

Chunk freelists:
   Non-Class:  2.00 MB
       Class:  1.33 MB
        Both:  3.33 MB

MaxMetaspaceSize: unlimited
CompressedClassSpaceSize: 1.00 GB
Initial GC threshold: 21.00 MB
Current GC threshold: 97.31 MB
CDS: off
MetaspaceReclaimPolicy: balanced
 - commit_granule_bytes: 65536.
 - commit_granule_words: 8192.
 - virtual_space_node_default_size: 1048576.
 - enlarge_chunks_in_place: 1.
 - new_chunks_are_fully_committed: 0.
 - uncommit_free_chunks: 1.
 - use_allocation_guard: 0.
 - handle_deallocations: 1.


Internal statistics:

num_allocs_failed_limit: 9.
num_arena_births: 690.
num_arena_deaths: 14.
num_vsnodes_births: 8.
num_vsnodes_deaths: 0.
num_space_committed: 969.
num_space_uncommitted: 0.
num_chunks_returned_to_freelist: 23.
num_chunks_taken_from_freelist: 3013.
num_chunk_merges: 13.
num_chunk_splits: 1987.
num_chunks_enlarged: 1237.
num_purges: 2.
num_inconsistent_stats: 0.

CodeHeap 'non-profiled nmethods': size=120000Kb used=4660Kb max_used=4660Kb free=115340Kb
 bounds [0x000002329f9a0000, 0x000002329fe30000, 0x00000232a6ed0000]
CodeHeap 'profiled nmethods': size=120000Kb used=18505Kb max_used=18505Kb free=101494Kb
 bounds [0x0000023298470000, 0x0000023299690000, 0x000002329f9a0000]
CodeHeap 'non-nmethods': size=5760Kb used=1315Kb max_used=1467Kb free=4444Kb
 bounds [0x0000023297ed0000, 0x0000023298140000, 0x0000023298470000]
 total_blobs=9182 nmethods=8532 adapters=563
 compilation: enabled
              stopped_count=0, restarted_count=0
 full_count=0

Compilation events (20 events):
Event: 12.537 Thread 0x00000232aac667d0 nmethod 9508 0x000002329fe27c10 code [0x000002329fe27da0, 0x000002329fe27e78]
Event: 12.550 Thread 0x00000232aac667d0 9511       3       org.apache.maven.model.io.xpp3.MavenXpp3Reader::parseDeveloper (497 bytes)
Event: 12.552 Thread 0x00000232aac667d0 nmethod 9511 0x000002329966ef90 code [0x000002329966f6e0, 0x0000023299673358]
Event: 12.553 Thread 0x00000232aac667d0 9512       3       org.eclipse.aether.graph.Dependency::hashCode (70 bytes)
Event: 12.553 Thread 0x00000232aac667d0 nmethod 9512 0x0000023299674a10 code [0x0000023299674be0, 0x0000023299675068]
Event: 12.555 Thread 0x00000232aac667d0 9514       3       org.eclipse.aether.repository.RemoteRepository$Builder::build (28 bytes)
Event: 12.555 Thread 0x00000232aac667d0 nmethod 9514 0x0000023299675210 code [0x00000232996753c0, 0x0000023299675608]
Event: 12.555 Thread 0x00000232aac667d0 9515       3       org.eclipse.aether.repository.RemoteRepository::<init> (443 bytes)
Event: 12.556 Thread 0x00000232aac667d0 nmethod 9515 0x0000023299675710 code [0x0000023299675960, 0x00000232996763b8]
Event: 12.556 Thread 0x00000232aac667d0 9513       3       org.apache.maven.repository.internal.ArtifactDescriptorUtils::toRemoteRepository (49 bytes)
Event: 12.556 Thread 0x00000232aac667d0 nmethod 9513 0x0000023299676710 code [0x0000023299676920, 0x0000023299677018]
Event: 12.557 Thread 0x00000232aac667d0 9516       3       org.apache.maven.model.interpolation.StringVisitorModelInterpolator$ModelVisitor::visit (89 bytes)
Event: 12.557 Thread 0x00000232aac667d0 nmethod 9516 0x0000023299677210 code [0x0000023299677440, 0x0000023299677bb8]
Event: 12.563 Thread 0x00000232aac667d0 9517       3       org.eclipse.aether.resolution.VersionRangeRequest::setArtifact (7 bytes)
Event: 12.564 Thread 0x00000232aac667d0 nmethod 9517 0x0000023299677f10 code [0x00000232996780a0, 0x00000232996781d8]
Event: 12.564 Thread 0x00000232aac667d0 9518       3       org.eclipse.aether.resolution.VersionRangeRequest::setRepositories (21 bytes)
Event: 12.564 Thread 0x00000232aac667d0 nmethod 9518 0x0000023299678290 code [0x0000023299678420, 0x0000023299678618]
Event: 12.564 Thread 0x00000232aac667d0 9519       3       org.eclipse.aether.resolution.VersionRangeResult::setVersionConstraint (7 bytes)
Event: 12.564 Thread 0x00000232aac667d0 nmethod 9519 0x0000023299678710 code [0x00000232996788a0, 0x00000232996789d8]
Event: 12.578 Thread 0x00000232aac667d0 9520       3       java.util.Vector::<init> (49 bytes)

GC Heap History (20 events):
Event: 11.065 GC heap before
{Heap before GC invocations=41 (full 2):
 PSYoungGen      total 18432K, used 18404K [0x00000000eab00000, 0x00000000ec480000, 0x0000000100000000)
  eden space 16896K, 100% used [0x00000000eab00000,0x00000000ebb80000,0x00000000ebb80000)
  from space 1536K, 98% used [0x00000000ebf00000,0x00000000ec0793d0,0x00000000ec080000)
  to   space 3584K, 0% used [0x00000000ebb80000,0x00000000ebb80000,0x00000000ebf00000)
 ParOldGen       total 68608K, used 53661K [0x00000000c0000000, 0x00000000c4300000, 0x00000000eab00000)
  object space 68608K, 78% used [0x00000000c0000000,0x00000000c3467790,0x00000000c4300000)
 Metaspace       used 58767K, committed 59776K, reserved 1105920K
  class space    used 6129K, committed 6592K, reserved 1048576K
}
Event: 11.068 GC heap after
{Heap after GC invocations=41 (full 2):
 PSYoungGen      total 18944K, used 1728K [0x00000000eab00000, 0x00000000ec080000, 0x0000000100000000)
  eden space 16896K, 0% used [0x00000000eab00000,0x00000000eab00000,0x00000000ebb80000)
  from space 2048K, 84% used [0x00000000ebb80000,0x00000000ebd300f0,0x00000000ebd80000)
  to   space 2560K, 0% used [0x00000000ebe00000,0x00000000ebe00000,0x00000000ec080000)
 ParOldGen       total 68608K, used 55184K [0x00000000c0000000, 0x00000000c4300000, 0x00000000eab00000)
  object space 68608K, 80% used [0x00000000c0000000,0x00000000c35e4390,0x00000000c4300000)
 Metaspace       used 58767K, committed 59776K, reserved 1105920K
  class space    used 6129K, committed 6592K, reserved 1048576K
}
Event: 11.087 GC heap before
{Heap before GC invocations=42 (full 2):
 PSYoungGen      total 18944K, used 3611K [0x00000000eab00000, 0x00000000ec080000, 0x0000000100000000)
  eden space 16896K, 11% used [0x00000000eab00000,0x00000000eacd6d10,0x00000000ebb80000)
  from space 2048K, 84% used [0x00000000ebb80000,0x00000000ebd300f0,0x00000000ebd80000)
  to   space 2560K, 0% used [0x00000000ebe00000,0x00000000ebe00000,0x00000000ec080000)
 ParOldGen       total 68608K, used 55184K [0x00000000c0000000, 0x00000000c4300000, 0x00000000eab00000)
  object space 68608K, 80% used [0x00000000c0000000,0x00000000c35e4390,0x00000000c4300000)
 Metaspace       used 58817K, committed 59776K, reserved 1105920K
  class space    used 6129K, committed 6592K, reserved 1048576K
}
Event: 11.089 GC heap after
{Heap after GC invocations=42 (full 2):
 PSYoungGen      total 17408K, used 352K [0x00000000eab00000, 0x00000000ebe80000, 0x0000000100000000)
  eden space 16896K, 0% used [0x00000000eab00000,0x00000000eab00000,0x00000000ebb80000)
  from space 512K, 68% used [0x00000000ebe00000,0x00000000ebe58000,0x00000000ebe80000)
  to   space 1024K, 0% used [0x00000000ebc80000,0x00000000ebc80000,0x00000000ebd80000)
 ParOldGen       total 68608K, used 56857K [0x00000000c0000000, 0x00000000c4300000, 0x00000000eab00000)
  object space 68608K, 82% used [0x00000000c0000000,0x00000000c3786408,0x00000000c4300000)
 Metaspace       used 58817K, committed 59776K, reserved 1105920K
  class space    used 6129K, committed 6592K, reserved 1048576K
}
Event: 11.089 GC heap before
{Heap before GC invocations=43 (full 3):
 PSYoungGen      total 17408K, used 352K [0x00000000eab00000, 0x00000000ebe80000, 0x0000000100000000)
  eden space 16896K, 0% used [0x00000000eab00000,0x00000000eab00000,0x00000000ebb80000)
  from space 512K, 68% used [0x00000000ebe00000,0x00000000ebe58000,0x00000000ebe80000)
  to   space 1024K, 0% used [0x00000000ebc80000,0x00000000ebc80000,0x00000000ebd80000)
 ParOldGen       total 68608K, used 56857K [0x00000000c0000000, 0x00000000c4300000, 0x00000000eab00000)
  object space 68608K, 82% used [0x00000000c0000000,0x00000000c3786408,0x00000000c4300000)
 Metaspace       used 58817K, committed 59776K, reserved 1105920K
  class space    used 6129K, committed 6592K, reserved 1048576K
}
Event: 11.154 GC heap after
{Heap after GC invocations=43 (full 3):
 PSYoungGen      total 17408K, used 0K [0x00000000eab00000, 0x00000000ebe80000, 0x0000000100000000)
  eden space 16896K, 0% used [0x00000000eab00000,0x00000000eab00000,0x00000000ebb80000)
  from space 512K, 0% used [0x00000000ebe00000,0x00000000ebe00000,0x00000000ebe80000)
  to   space 1024K, 0% used [0x00000000ebc80000,0x00000000ebc80000,0x00000000ebd80000)
 ParOldGen       total 68608K, used 51368K [0x00000000c0000000, 0x00000000c4300000, 0x00000000eab00000)
  object space 68608K, 74% used [0x00000000c0000000,0x00000000c322a1d0,0x00000000c4300000)
 Metaspace       used 58817K, committed 59776K, reserved 1105920K
  class space    used 6129K, committed 6592K, reserved 1048576K
}
Event: 11.400 GC heap before
{Heap before GC invocations=44 (full 3):
 PSYoungGen      total 17408K, used 16853K [0x00000000eab00000, 0x00000000ebe80000, 0x0000000100000000)
  eden space 16896K, 99% used [0x00000000eab00000,0x00000000ebb75460,0x00000000ebb80000)
  from space 512K, 0% used [0x00000000ebe00000,0x00000000ebe00000,0x00000000ebe80000)
  to   space 1024K, 0% used [0x00000000ebc80000,0x00000000ebc80000,0x00000000ebd80000)
 ParOldGen       total 68608K, used 51368K [0x00000000c0000000, 0x00000000c4300000, 0x00000000eab00000)
  object space 68608K, 74% used [0x00000000c0000000,0x00000000c322a1d0,0x00000000c4300000)
 Metaspace       used 59194K, committed 60224K, reserved 1105920K
  class space    used 6138K, committed 6592K, reserved 1048576K
}
Event: 11.402 GC heap after
{Heap after GC invocations=44 (full 3):
 PSYoungGen      total 17920K, used 1016K [0x00000000eab00000, 0x00000000ec880000, 0x0000000100000000)
  eden space 16896K, 0% used [0x00000000eab00000,0x00000000eab00000,0x00000000ebb80000)
  from space 1024K, 99% used [0x00000000ebc80000,0x00000000ebd7e028,0x00000000ebd80000)
  to   space 6656K, 0% used [0x00000000ec200000,0x00000000ec200000,0x00000000ec880000)
 ParOldGen       total 68608K, used 55685K [0x00000000c0000000, 0x00000000c4300000, 0x00000000eab00000)
  object space 68608K, 81% used [0x00000000c0000000,0x00000000c3661790,0x00000000c4300000)
 Metaspace       used 59194K, committed 60224K, reserved 1105920K
  class space    used 6138K, committed 6592K, reserved 1048576K
}
Event: 11.649 GC heap before
{Heap before GC invocations=45 (full 3):
 PSYoungGen      total 17920K, used 17912K [0x00000000eab00000, 0x00000000ec880000, 0x0000000100000000)
  eden space 16896K, 100% used [0x00000000eab00000,0x00000000ebb80000,0x00000000ebb80000)
  from space 1024K, 99% used [0x00000000ebc80000,0x00000000ebd7e028,0x00000000ebd80000)
  to   space 6656K, 0% used [0x00000000ec200000,0x00000000ec200000,0x00000000ec880000)
 ParOldGen       total 68608K, used 55685K [0x00000000c0000000, 0x00000000c4300000, 0x00000000eab00000)
  object space 68608K, 81% used [0x00000000c0000000,0x00000000c3661790,0x00000000c4300000)
 Metaspace       used 60044K, committed 60992K, reserved 1105920K
  class space    used 6215K, committed 6592K, reserved 1048576K
}
Event: 11.654 GC heap after
{Heap after GC invocations=45 (full 3):
 PSYoungGen      total 19456K, used 2434K [0x00000000eab00000, 0x00000000ec480000, 0x0000000100000000)
  eden space 16896K, 0% used [0x00000000eab00000,0x00000000eab00000,0x00000000ebb80000)
  from space 2560K, 95% used [0x00000000ec200000,0x00000000ec460978,0x00000000ec480000)
  to   space 3584K, 0% used [0x00000000ebd80000,0x00000000ebd80000,0x00000000ec100000)
 ParOldGen       total 68608K, used 55941K [0x00000000c0000000, 0x00000000c4300000, 0x00000000eab00000)
  object space 68608K, 81% used [0x00000000c0000000,0x00000000c36a1790,0x00000000c4300000)
 Metaspace       used 60044K, committed 60992K, reserved 1105920K
  class space    used 6215K, committed 6592K, reserved 1048576K
}
Event: 11.870 GC heap before
{Heap before GC invocations=46 (full 3):
 PSYoungGen      total 19456K, used 19330K [0x00000000eab00000, 0x00000000ec480000, 0x0000000100000000)
  eden space 16896K, 100% used [0x00000000eab00000,0x00000000ebb80000,0x00000000ebb80000)
  from space 2560K, 95% used [0x00000000ec200000,0x00000000ec460978,0x00000000ec480000)
  to   space 3584K, 0% used [0x00000000ebd80000,0x00000000ebd80000,0x00000000ec100000)
 ParOldGen       total 68608K, used 55941K [0x00000000c0000000, 0x00000000c4300000, 0x00000000eab00000)
  object space 68608K, 81% used [0x00000000c0000000,0x00000000c36a1790,0x00000000c4300000)
 Metaspace       used 60248K, committed 61248K, reserved 1105920K
  class space    used 6220K, committed 6656K, reserved 1048576K
}
Event: 11.872 GC heap after
{Heap after GC invocations=46 (full 3):
 PSYoungGen      total 19456K, used 2336K [0x00000000eab00000, 0x00000000ec280000, 0x0000000100000000)
  eden space 16896K, 0% used [0x00000000eab00000,0x00000000eab00000,0x00000000ebb80000)
  from space 2560K, 91% used [0x00000000ebd80000,0x00000000ebfc8000,0x00000000ec000000)
  to   space 2560K, 0% used [0x00000000ec000000,0x00000000ec000000,0x00000000ec280000)
 ParOldGen       total 68608K, used 58214K [0x00000000c0000000, 0x00000000c4300000, 0x00000000eab00000)
  object space 68608K, 84% used [0x00000000c0000000,0x00000000c38d9998,0x00000000c4300000)
 Metaspace       used 60248K, committed 61248K, reserved 1105920K
  class space    used 6220K, committed 6656K, reserved 1048576K
}
Event: 12.029 GC heap before
{Heap before GC invocations=47 (full 3):
 PSYoungGen      total 19456K, used 19232K [0x00000000eab00000, 0x00000000ec280000, 0x0000000100000000)
  eden space 16896K, 100% used [0x00000000eab00000,0x00000000ebb80000,0x00000000ebb80000)
  from space 2560K, 91% used [0x00000000ebd80000,0x00000000ebfc8000,0x00000000ec000000)
  to   space 2560K, 0% used [0x00000000ec000000,0x00000000ec000000,0x00000000ec280000)
 ParOldGen       total 68608K, used 58214K [0x00000000c0000000, 0x00000000c4300000, 0x00000000eab00000)
  object space 68608K, 84% used [0x00000000c0000000,0x00000000c38d9998,0x00000000c4300000)
 Metaspace       used 60401K, committed 61376K, reserved 1105920K
  class space    used 6221K, committed 6656K, reserved 1048576K
}
Event: 12.032 GC heap after
{Heap after GC invocations=47 (full 3):
 PSYoungGen      total 18432K, used 1264K [0x00000000eab00000, 0x00000000ec180000, 0x0000000100000000)
  eden space 16896K, 0% used [0x00000000eab00000,0x00000000eab00000,0x00000000ebb80000)
  from space 1536K, 82% used [0x00000000ec000000,0x00000000ec13c010,0x00000000ec180000)
  to   space 2048K, 0% used [0x00000000ebd80000,0x00000000ebd80000,0x00000000ebf80000)
 ParOldGen       total 68608K, used 60260K [0x00000000c0000000, 0x00000000c4300000, 0x00000000eab00000)
  object space 68608K, 87% used [0x00000000c0000000,0x00000000c3ad90c0,0x00000000c4300000)
 Metaspace       used 60401K, committed 61376K, reserved 1105920K
  class space    used 6221K, committed 6656K, reserved 1048576K
}
Event: 12.196 GC heap before
{Heap before GC invocations=48 (full 3):
 PSYoungGen      total 18432K, used 18160K [0x00000000eab00000, 0x00000000ec180000, 0x0000000100000000)
  eden space 16896K, 100% used [0x00000000eab00000,0x00000000ebb80000,0x00000000ebb80000)
  from space 1536K, 82% used [0x00000000ec000000,0x00000000ec13c010,0x00000000ec180000)
  to   space 2048K, 0% used [0x00000000ebd80000,0x00000000ebd80000,0x00000000ebf80000)
 ParOldGen       total 68608K, used 60260K [0x00000000c0000000, 0x00000000c4300000, 0x00000000eab00000)
  object space 68608K, 87% used [0x00000000c0000000,0x00000000c3ad90c0,0x00000000c4300000)
 Metaspace       used 60630K, committed 61632K, reserved 1105920K
  class space    used 6241K, committed 6656K, reserved 1048576K
}
Event: 12.199 GC heap after
{Heap after GC invocations=48 (full 3):
 PSYoungGen      total 18944K, used 1600K [0x00000000eab00000, 0x00000000ec080000, 0x0000000100000000)
  eden space 16896K, 0% used [0x00000000eab00000,0x00000000eab00000,0x00000000ebb80000)
  from space 2048K, 78% used [0x00000000ebd80000,0x00000000ebf10000,0x00000000ebf80000)
  to   space 1024K, 0% used [0x00000000ebf80000,0x00000000ebf80000,0x00000000ec080000)
 ParOldGen       total 68608K, used 61324K [0x00000000c0000000, 0x00000000c4300000, 0x00000000eab00000)
  object space 68608K, 89% used [0x00000000c0000000,0x00000000c3be30c0,0x00000000c4300000)
 Metaspace       used 60630K, committed 61632K, reserved 1105920K
  class space    used 6241K, committed 6656K, reserved 1048576K
}
Event: 12.366 GC heap before
{Heap before GC invocations=49 (full 3):
 PSYoungGen      total 18944K, used 18496K [0x00000000eab00000, 0x00000000ec080000, 0x0000000100000000)
  eden space 16896K, 100% used [0x00000000eab00000,0x00000000ebb80000,0x00000000ebb80000)
  from space 2048K, 78% used [0x00000000ebd80000,0x00000000ebf10000,0x00000000ebf80000)
  to   space 1024K, 0% used [0x00000000ebf80000,0x00000000ebf80000,0x00000000ec080000)
 ParOldGen       total 68608K, used 61324K [0x00000000c0000000, 0x00000000c4300000, 0x00000000eab00000)
  object space 68608K, 89% used [0x00000000c0000000,0x00000000c3be30c0,0x00000000c4300000)
 Metaspace       used 60760K, committed 61760K, reserved 1105920K
  class space    used 6243K, committed 6656K, reserved 1048576K
}
Event: 12.368 GC heap after
{Heap after GC invocations=49 (full 3):
 PSYoungGen      total 17920K, used 1024K [0x00000000eab00000, 0x00000000ec180000, 0x0000000100000000)
  eden space 16896K, 0% used [0x00000000eab00000,0x00000000eab00000,0x00000000ebb80000)
  from space 1024K, 100% used [0x00000000ebf80000,0x00000000ec080000,0x00000000ec080000)
  to   space 3072K, 0% used [0x00000000ebb80000,0x00000000ebb80000,0x00000000ebe80000)
 ParOldGen       total 68608K, used 62940K [0x00000000c0000000, 0x00000000c4300000, 0x00000000eab00000)
  object space 68608K, 91% used [0x00000000c0000000,0x00000000c3d770d0,0x00000000c4300000)
 Metaspace       used 60760K, committed 61760K, reserved 1105920K
  class space    used 6243K, committed 6656K, reserved 1048576K
}
Event: 12.539 GC heap before
{Heap before GC invocations=50 (full 3):
 PSYoungGen      total 17920K, used 17920K [0x00000000eab00000, 0x00000000ec180000, 0x0000000100000000)
  eden space 16896K, 100% used [0x00000000eab00000,0x00000000ebb80000,0x00000000ebb80000)
  from space 1024K, 100% used [0x00000000ebf80000,0x00000000ec080000,0x00000000ec080000)
  to   space 3072K, 0% used [0x00000000ebb80000,0x00000000ebb80000,0x00000000ebe80000)
 ParOldGen       total 68608K, used 62940K [0x00000000c0000000, 0x00000000c4300000, 0x00000000eab00000)
  object space 68608K, 91% used [0x00000000c0000000,0x00000000c3d770d0,0x00000000c4300000)
 Metaspace       used 60970K, committed 61952K, reserved 1105920K
  class space    used 6245K, committed 6656K, reserved 1048576K
}
Event: 12.543 GC heap after
{Heap after GC invocations=50 (full 3):
 PSYoungGen      total 18432K, used 1248K [0x00000000eab00000, 0x00000000ec000000, 0x0000000100000000)
  eden space 16896K, 0% used [0x00000000eab00000,0x00000000eab00000,0x00000000ebb80000)
  from space 1536K, 81% used [0x00000000ebb80000,0x00000000ebcb8000,0x00000000ebd00000)
  to   space 2048K, 0% used [0x00000000ebe00000,0x00000000ebe00000,0x00000000ec000000)
 ParOldGen       total 68608K, used 63964K [0x00000000c0000000, 0x00000000c4300000, 0x00000000eab00000)
  object space 68608K, 93% used [0x00000000c0000000,0x00000000c3e770d0,0x00000000c4300000)
 Metaspace       used 60970K, committed 61952K, reserved 1105920K
  class space    used 6245K, committed 6656K, reserved 1048576K
}

Deoptimization events (20 events):
Event: 12.378 Thread 0x00000232acfcee70 DEOPT PACKING pc=0x0000023299489ad8 sp=0x000000ee074fbbf0
Event: 12.378 Thread 0x00000232acfcee70 DEOPT UNPACKING pc=0x0000023297f22843 sp=0x000000ee074fb1f8 mode 0
Event: 12.389 Thread 0x00000232acfcee70 Uncommon trap: trap_request=0xffffffbe fr.pc=0x000002329fe15a74 relative=0x0000000000000b34
Event: 12.389 Thread 0x00000232acfcee70 Uncommon trap: reason=profile_predicate action=maybe_recompile pc=0x000002329fe15a74 method=java.util.concurrent.ConcurrentHashMap.putAll(Ljava/util/Map;)V @ 28 c2
Event: 12.389 Thread 0x00000232acfcee70 DEOPT PACKING pc=0x000002329fe15a74 sp=0x000000ee074fc380
Event: 12.389 Thread 0x00000232acfcee70 DEOPT UNPACKING pc=0x0000023297f220a3 sp=0x000000ee074fc330 mode 2
Event: 12.389 Thread 0x00000232acfcee70 Uncommon trap: trap_request=0xffffffbe fr.pc=0x000002329fe15a74 relative=0x0000000000000b34
Event: 12.389 Thread 0x00000232acfcee70 Uncommon trap: reason=profile_predicate action=maybe_recompile pc=0x000002329fe15a74 method=java.util.concurrent.ConcurrentHashMap.putAll(Ljava/util/Map;)V @ 28 c2
Event: 12.389 Thread 0x00000232acfcee70 DEOPT PACKING pc=0x000002329fe15a74 sp=0x000000ee074fc1f0
Event: 12.389 Thread 0x00000232acfcee70 DEOPT UNPACKING pc=0x0000023297f220a3 sp=0x000000ee074fc1a0 mode 2
Event: 12.390 Thread 0x00000232acfcee70 Uncommon trap: trap_request=0xffffffbe fr.pc=0x000002329fe15a74 relative=0x0000000000000b34
Event: 12.390 Thread 0x00000232acfcee70 Uncommon trap: reason=profile_predicate action=maybe_recompile pc=0x000002329fe15a74 method=java.util.concurrent.ConcurrentHashMap.putAll(Ljava/util/Map;)V @ 28 c2
Event: 12.390 Thread 0x00000232acfcee70 DEOPT PACKING pc=0x000002329fe15a74 sp=0x000000ee074fc380
Event: 12.390 Thread 0x00000232acfcee70 DEOPT UNPACKING pc=0x0000023297f220a3 sp=0x000000ee074fc330 mode 2
Event: 12.391 Thread 0x00000232acfcee70 Uncommon trap: trap_request=0xffffffbe fr.pc=0x000002329fe15a74 relative=0x0000000000000b34
Event: 12.391 Thread 0x00000232acfcee70 Uncommon trap: reason=profile_predicate action=maybe_recompile pc=0x000002329fe15a74 method=java.util.concurrent.ConcurrentHashMap.putAll(Ljava/util/Map;)V @ 28 c2
Event: 12.391 Thread 0x00000232acfcee70 DEOPT PACKING pc=0x000002329fe15a74 sp=0x000000ee074fc1f0
Event: 12.391 Thread 0x00000232acfcee70 DEOPT UNPACKING pc=0x0000023297f220a3 sp=0x000000ee074fc1a0 mode 2
Event: 12.494 Thread 0x00000232acfcee70 DEOPT PACKING pc=0x0000023299489ad8 sp=0x000000ee074fba10
Event: 12.494 Thread 0x00000232acfcee70 DEOPT UNPACKING pc=0x0000023297f22843 sp=0x000000ee074fb018 mode 0

Classes unloaded (7 events):
Event: 2.607 Thread 0x00000232a8f6cac0 Unloading class 0x0000000100212400 'java/lang/invoke/LambdaForm$MH+0x0000000100212400'
Event: 2.607 Thread 0x00000232a8f6cac0 Unloading class 0x0000000100212000 'java/lang/invoke/LambdaForm$MH+0x0000000100212000'
Event: 2.607 Thread 0x00000232a8f6cac0 Unloading class 0x0000000100211c00 'java/lang/invoke/LambdaForm$MH+0x0000000100211c00'
Event: 2.607 Thread 0x00000232a8f6cac0 Unloading class 0x0000000100211800 'java/lang/invoke/LambdaForm$MH+0x0000000100211800'
Event: 2.607 Thread 0x00000232a8f6cac0 Unloading class 0x0000000100211000 'java/lang/invoke/LambdaForm$BMH+0x0000000100211000'
Event: 2.607 Thread 0x00000232a8f6cac0 Unloading class 0x0000000100210c00 'java/lang/invoke/LambdaForm$DMH+0x0000000100210c00'
Event: 2.607 Thread 0x00000232a8f6cac0 Unloading class 0x000000010020e400 'java/lang/invoke/LambdaForm$DMH+0x000000010020e400'

Classes redefined (0 events):
No events

Internal exceptions (20 events):
Event: 11.245 Thread 0x00000232acfcee70 Exception <a 'sun/nio/fs/WindowsException'{0x00000000eacf1fa0}> (0x00000000eacf1fa0) 
thrown [s\src\hotspot\share\prims\jni.cpp, line 516]
Event: 11.257 Thread 0x00000232acfcee70 Exception <a 'sun/nio/fs/WindowsException'{0x00000000eb0681f0}> (0x00000000eb0681f0) 
thrown [s\src\hotspot\share\prims\jni.cpp, line 516]
Event: 11.274 Thread 0x00000232acfcee70 Exception <a 'sun/nio/fs/WindowsException'{0x00000000eb080fc0}> (0x00000000eb080fc0) 
thrown [s\src\hotspot\share\prims\jni.cpp, line 516]
Event: 11.292 Thread 0x00000232acfcee70 Exception <a 'sun/nio/fs/WindowsException'{0x00000000eb1eb228}> (0x00000000eb1eb228) 
thrown [s\src\hotspot\share\prims\jni.cpp, line 516]
Event: 11.299 Thread 0x00000232acfcee70 Exception <a 'sun/nio/fs/WindowsException'{0x00000000eb1fea98}> (0x00000000eb1fea98) 
thrown [s\src\hotspot\share\prims\jni.cpp, line 516]
Event: 11.318 Thread 0x00000232acfcee70 Exception <a 'sun/nio/fs/WindowsException'{0x00000000eb41bbf0}> (0x00000000eb41bbf0) 
thrown [s\src\hotspot\share\prims\jni.cpp, line 516]
Event: 11.319 Thread 0x00000232acfcee70 Exception <a 'sun/nio/fs/WindowsException'{0x00000000eb41c798}> (0x00000000eb41c798) 
thrown [s\src\hotspot\share\prims\jni.cpp, line 516]
Event: 11.319 Thread 0x00000232acfcee70 Exception <a 'sun/nio/fs/WindowsException'{0x00000000eb41d380}> (0x00000000eb41d380) 
thrown [s\src\hotspot\share\prims\jni.cpp, line 516]
Event: 11.320 Thread 0x00000232acfcee70 Exception <a 'sun/nio/fs/WindowsException'{0x00000000eb41dfd0}> (0x00000000eb41dfd0) 
thrown [s\src\hotspot\share\prims\jni.cpp, line 516]
Event: 11.324 Thread 0x00000232acfcee70 Exception <a 'sun/nio/fs/WindowsException'{0x00000000eb424808}> (0x00000000eb424808) 
thrown [s\src\hotspot\share\prims\jni.cpp, line 516]
Event: 11.325 Thread 0x00000232acfcee70 Exception <a 'sun/nio/fs/WindowsException'{0x00000000eb42bd70}> (0x00000000eb42bd70) 
thrown [s\src\hotspot\share\prims\jni.cpp, line 516]
Event: 11.327 Thread 0x00000232acfcee70 Exception <a 'sun/nio/fs/WindowsException'{0x00000000eb433c60}> (0x00000000eb433c60) 
thrown [s\src\hotspot\share\prims\jni.cpp, line 516]
Event: 11.329 Thread 0x00000232acfcee70 Exception <a 'sun/nio/fs/WindowsException'{0x00000000eb43c670}> (0x00000000eb43c670) 
thrown [s\src\hotspot\share\prims\jni.cpp, line 516]
Event: 11.335 Thread 0x00000232acfcee70 Implicit null exception at 0x000002329fd2fd61 to 0x000002329fd30428
Event: 11.503 Thread 0x00000232acfcee70 Exception <a 'sun/nio/fs/WindowsException'{0x00000000eaef0428}> (0x00000000eaef0428) 
thrown [s\src\hotspot\share\prims\jni.cpp, line 516]
Event: 11.527 Thread 0x00000232acfcee70 Exception <a 'sun/nio/fs/WindowsException'{0x00000000eb50a0a8}> (0x00000000eb50a0a8) 
thrown [s\src\hotspot\share\prims\jni.cpp, line 516]
Event: 11.553 Thread 0x00000232acfcee70 Exception <a 'java/lang/NoSuchMethodError'{0x00000000eb60f970}: 'java.lang.Object java.lang.invoke.DirectMethodHandle$Holder.newInvokeSpecial(java.lang.Object, java.lang.Object, int, java.lang.Object, java.lang.Object)'> (0x00000000eb60f970) 
thrown [s\src\hotspot\share\interpreter\linkResolver.cpp, line 759]
Event: 11.553 Thread 0x00000232acfcee70 Exception <a 'java/lang/NoSuchMethodError'{0x00000000eb613bb0}: 'java.lang.Object java.lang.invoke.DirectMethodHandle$Holder.invokeSpecial(java.lang.Object, java.lang.Object, java.lang.Object, int, java.lang.Object, java.lang.Object)'> (0x00000000eb613bb0) 
thrown [s\src\hotspot\share\interpreter\linkResolver.cpp, line 759]
Event: 12.123 Thread 0x00000232acfcee70 Implicit null exception at 0x000002329fc558d4 to 0x000002329fc55cb0
Event: 12.132 Thread 0x00000232acfcee70 Implicit null exception at 0x000002329fc50df5 to 0x000002329fc50ea8

VM Operations (20 events):
Event: 11.157 Executing VM operation: HandshakeAllThreads done
Event: 11.157 Executing VM operation: HandshakeAllThreads
Event: 11.157 Executing VM operation: HandshakeAllThreads done
Event: 11.207 Executing VM operation: HandshakeAllThreads
Event: 11.207 Executing VM operation: HandshakeAllThreads done
Event: 11.399 Executing VM operation: ParallelGCFailedAllocation
Event: 11.402 Executing VM operation: ParallelGCFailedAllocation done
Event: 11.649 Executing VM operation: ParallelGCFailedAllocation
Event: 11.654 Executing VM operation: ParallelGCFailedAllocation done
Event: 11.869 Executing VM operation: ParallelGCFailedAllocation
Event: 11.873 Executing VM operation: ParallelGCFailedAllocation done
Event: 12.029 Executing VM operation: ParallelGCFailedAllocation
Event: 12.032 Executing VM operation: ParallelGCFailedAllocation done
Event: 12.196 Executing VM operation: ParallelGCFailedAllocation
Event: 12.199 Executing VM operation: ParallelGCFailedAllocation done
Event: 12.365 Executing VM operation: ParallelGCFailedAllocation
Event: 12.368 Executing VM operation: ParallelGCFailedAllocation done
Event: 12.539 Executing VM operation: ParallelGCFailedAllocation
Event: 12.543 Executing VM operation: ParallelGCFailedAllocation done
Event: 13.552 Executing VM operation: Cleanup

Events (20 events):
Event: 11.159 Thread 0x00000232aac68420 flushing nmethod 0x000002329fc03410
Event: 11.159 Thread 0x00000232aac68420 flushing nmethod 0x000002329fc03b10
Event: 11.159 Thread 0x00000232aac68420 flushing nmethod 0x000002329fc16910
Event: 11.175 Thread 0x00000232aac68420 flushing nmethod 0x0000023298fac910
Event: 11.175 Thread 0x00000232aac68420 flushing nmethod 0x0000023298fafc90
Event: 11.175 Thread 0x00000232aac68420 flushing nmethod 0x0000023298fd6e90
Event: 11.297 Thread 0x00000232b2d7ac90 Thread exited: 0x00000232b2d7ac90
Event: 11.459 loading class jdk/internal/module/IllegalAccessLogger
Event: 11.459 loading class jdk/internal/module/IllegalAccessLogger done
Event: 11.460 Thread 0x00000232b2d7e650 Thread added: 0x00000232b2d7e650
Event: 11.526 Thread 0x00000232b2d7e650 Thread exited: 0x00000232b2d7e650
Event: 11.563 loading class java/util/Collections$2
Event: 11.563 loading class java/util/Collections$2 done
Event: 11.614 loading class java/text/DontCareFieldPosition
Event: 11.615 loading class java/text/DontCareFieldPosition done
Event: 11.615 loading class java/text/DontCareFieldPosition$1
Event: 11.615 loading class java/text/Format$FieldDelegate
Event: 11.615 loading class java/text/Format$FieldDelegate done
Event: 11.615 loading class java/text/DontCareFieldPosition$1 done
Event: 12.579 loading class sun/nio/cs/ISO_8859_1$Decoder


Dynamic libraries:
0x00007ff78d2f0000 - 0x00007ff78d2fe000 	c:\Users\SOHAIL AHMAD\.antigravity\extensions\redhat.java-1.12.0-win32-x64\jre\17.0.4.1-win32-x86_64\bin\java.exe
0x00007ffca1740000 - 0x00007ffca19a7000 	C:\WINDOWS\SYSTEM32\ntdll.dll
0x00007ffca03a0000 - 0x00007ffca0469000 	C:\WINDOWS\System32\KERNEL32.DLL
0x00007ffc9edf0000 - 0x00007ffc9f1e1000 	C:\WINDOWS\System32\KERNELBASE.dll
0x00007ffc9e890000 - 0x00007ffc9e9db000 	C:\WINDOWS\System32\ucrtbase.dll
0x00007ffc8abf0000 - 0x00007ffc8ac08000 	c:\Users\SOHAIL AHMAD\.antigravity\extensions\redhat.java-1.12.0-win32-x64\jre\17.0.4.1-win32-x86_64\bin\jli.dll
0x00007ffc8ab30000 - 0x00007ffc8ab49000 	c:\Users\SOHAIL AHMAD\.antigravity\extensions\redhat.java-1.12.0-win32-x64\jre\17.0.4.1-win32-x86_64\bin\VCRUNTIME140.dll
0x00007ffca0eb0000 - 0x00007ffca1075000 	C:\WINDOWS\System32\USER32.dll
0x00007ffc9f400000 - 0x00007ffc9f427000 	C:\WINDOWS\System32\win32u.dll
0x00007ffca0300000 - 0x00007ffca032b000 	C:\WINDOWS\System32\GDI32.dll
0x00007ffc81a70000 - 0x00007ffc81d03000 	C:\WINDOWS\WinSxS\amd64_microsoft.windows.common-controls_6595b64144ccf1df_6.0.26100.8037_none_3e092faae333b53b\COMCTL32.dll
0x00007ffc9e9e0000 - 0x00007ffc9eb0b000 	C:\WINDOWS\System32\gdi32full.dll
0x00007ffca1170000 - 0x00007ffca1219000 	C:\WINDOWS\System32\msvcrt.dll
0x00007ffc9f430000 - 0x00007ffc9f4d3000 	C:\WINDOWS\System32\msvcp_win.dll
0x00007ffca1090000 - 0x00007ffca10c1000 	C:\WINDOWS\System32\IMM32.DLL
0x00007ffc94020000 - 0x00007ffc9402c000 	c:\Users\SOHAIL AHMAD\.antigravity\extensions\redhat.java-1.12.0-win32-x64\jre\17.0.4.1-win32-x86_64\bin\vcruntime140_1.dll
0x00007ffc6d960000 - 0x00007ffc6d9f1000 	c:\Users\SOHAIL AHMAD\.antigravity\extensions\redhat.java-1.12.0-win32-x64\jre\17.0.4.1-win32-x86_64\bin\msvcp140.dll
0x00007ffbd6a30000 - 0x00007ffbd7676000 	c:\Users\SOHAIL AHMAD\.antigravity\extensions\redhat.java-1.12.0-win32-x64\jre\17.0.4.1-win32-x86_64\bin\server\jvm.dll
0x00007ffca1220000 - 0x00007ffca12db000 	C:\WINDOWS\System32\ADVAPI32.dll
0x00007ffca12f0000 - 0x00007ffca1397000 	C:\WINDOWS\System32\sechost.dll
0x00007ffca01e0000 - 0x00007ffca02f8000 	C:\WINDOWS\System32\RPCRT4.dll
0x00007ffca10d0000 - 0x00007ffca10d8000 	C:\WINDOWS\System32\PSAPI.DLL
0x00007ffc94330000 - 0x00007ffc9433a000 	C:\WINDOWS\SYSTEM32\WSOCK32.dll
0x00007ffc94550000 - 0x00007ffc94585000 	C:\WINDOWS\SYSTEM32\WINMM.dll
0x00007ffc93ce0000 - 0x00007ffc93ceb000 	C:\WINDOWS\SYSTEM32\VERSION.dll
0x00007ffca1540000 - 0x00007ffca15b4000 	C:\WINDOWS\System32\WS2_32.dll
0x00007ffc9cdb0000 - 0x00007ffc9cdcb000 	C:\WINDOWS\SYSTEM32\kernel.appcore.dll
0x00007ffc932e0000 - 0x00007ffc932ea000 	c:\Users\SOHAIL AHMAD\.antigravity\extensions\redhat.java-1.12.0-win32-x64\jre\17.0.4.1-win32-x86_64\bin\jimage.dll
0x00007ffc87330000 - 0x00007ffc87572000 	C:\WINDOWS\SYSTEM32\DBGHELP.DLL
0x00007ffc9fd50000 - 0x00007ffca00d2000 	C:\WINDOWS\System32\combase.dll
0x00007ffca0660000 - 0x00007ffca0737000 	C:\WINDOWS\System32\OLEAUT32.dll
0x00007ffc7e1c0000 - 0x00007ffc7e1fb000 	C:\WINDOWS\SYSTEM32\dbgcore.DLL
0x00007ffc9ed40000 - 0x00007ffc9ede5000 	C:\WINDOWS\System32\bcryptPrimitives.dll
0x00007ffc8e100000 - 0x00007ffc8e10e000 	c:\Users\SOHAIL AHMAD\.antigravity\extensions\redhat.java-1.12.0-win32-x64\jre\17.0.4.1-win32-x86_64\bin\instrument.dll
0x00007ffc8a320000 - 0x00007ffc8a345000 	c:\Users\SOHAIL AHMAD\.antigravity\extensions\redhat.java-1.12.0-win32-x64\jre\17.0.4.1-win32-x86_64\bin\java.dll
0x00007ffc8a300000 - 0x00007ffc8a318000 	c:\Users\SOHAIL AHMAD\.antigravity\extensions\redhat.java-1.12.0-win32-x64\jre\17.0.4.1-win32-x86_64\bin\zip.dll
0x00007ffca0740000 - 0x00007ffca0e9f000 	C:\WINDOWS\System32\SHELL32.dll
0x00007ffc9eb10000 - 0x00007ffc9ec7a000 	C:\WINDOWS\System32\wintypes.dll
0x00007ffc9e020000 - 0x00007ffc9e884000 	C:\WINDOWS\System32\windows.storage.dll
0x00007ffca00e0000 - 0x00007ffca01d7000 	C:\WINDOWS\System32\SHCORE.dll
0x00007ffca0330000 - 0x00007ffca0397000 	C:\WINDOWS\System32\shlwapi.dll
0x00007ffc9df40000 - 0x00007ffc9df69000 	C:\WINDOWS\SYSTEM32\profapi.dll
0x00007ffc89270000 - 0x00007ffc89289000 	C:\Users\SOHAIL AHMAD\.antigravity\extensions\redhat.java-1.12.0-win32-x64\jre\17.0.4.1-win32-x86_64\bin\net.dll
0x00007ffc94420000 - 0x00007ffc94547000 	C:\WINDOWS\SYSTEM32\WINHTTP.dll
0x00007ffc9d320000 - 0x00007ffc9d38b000 	C:\WINDOWS\system32\mswsock.dll
0x00007ffc89030000 - 0x00007ffc89045000 	C:\Users\SOHAIL AHMAD\.antigravity\extensions\redhat.java-1.12.0-win32-x64\jre\17.0.4.1-win32-x86_64\bin\nio.dll
0x00007ffc8de50000 - 0x00007ffc8de60000 	c:\Users\SOHAIL AHMAD\.antigravity\extensions\redhat.java-1.12.0-win32-x64\jre\17.0.4.1-win32-x86_64\bin\verify.dll
0x00007ffc88a70000 - 0x00007ffc88aae000 	C:\Users\SOHAIL AHMAD\AppData\Roaming\Antigravity\User\globalStorage\redhat.java\1.12.0\config_win\org.eclipse.equinox.launcher\org.eclipse.equinox.launcher.win32.win32.x86_64_1.2.600.v20220720-1916\eclipse_11700.dll
0x00007ffca13a0000 - 0x00007ffca1535000 	C:\WINDOWS\System32\ole32.dll
0x00007ffc9d600000 - 0x00007ffc9d61b000 	C:\WINDOWS\SYSTEM32\CRYPTSP.dll
0x00007ffc9cd10000 - 0x00007ffc9cd49000 	C:\WINDOWS\system32\rsaenh.dll
0x00007ffc9d3d0000 - 0x00007ffc9d402000 	C:\WINDOWS\SYSTEM32\USERENV.dll
0x00007ffc9df10000 - 0x00007ffc9df3a000 	C:\WINDOWS\SYSTEM32\bcrypt.dll
0x00007ffc9d620000 - 0x00007ffc9d62c000 	C:\WINDOWS\SYSTEM32\CRYPTBASE.dll
0x00007ffc9c730000 - 0x00007ffc9c763000 	C:\WINDOWS\SYSTEM32\IPHLPAPI.DLL
0x00007ffc9faf0000 - 0x00007ffc9fafa000 	C:\WINDOWS\System32\NSI.dll
0x00007ffc98b60000 - 0x00007ffc98b7d000 	C:\WINDOWS\SYSTEM32\dhcpcsvc6.DLL
0x00007ffc98b30000 - 0x00007ffc98b53000 	C:\WINDOWS\SYSTEM32\dhcpcsvc.DLL
0x00007ffc9c770000 - 0x00007ffc9c89a000 	C:\WINDOWS\SYSTEM32\DNSAPI.dll
0x00007ffc88880000 - 0x00007ffc888c0000 	C:\Users\SOHAIL AHMAD\AppData\Local\Temp\jna-1494489537\jna2455126894761839168.dll

dbghelp: loaded successfully - version: 4.0.5 - missing functions: none
symbol engine: initialized successfully - sym options: 0x614 - pdb path: .;c:\Users\SOHAIL AHMAD\.antigravity\extensions\redhat.java-1.12.0-win32-x64\jre\17.0.4.1-win32-x86_64\bin;C:\WINDOWS\SYSTEM32;C:\WINDOWS\WinSxS\amd64_microsoft.windows.common-controls_6595b64144ccf1df_6.0.26100.8037_none_3e092faae333b53b;c:\Users\SOHAIL AHMAD\.antigravity\extensions\redhat.java-1.12.0-win32-x64\jre\17.0.4.1-win32-x86_64\bin\server;C:\Users\SOHAIL AHMAD\AppData\Roaming\Antigravity\User\globalStorage\redhat.java\1.12.0\config_win\org.eclipse.equinox.launcher\org.eclipse.equinox.launcher.win32.win32.x86_64_1.2.600.v20220720-1916;C:\Users\SOHAIL AHMAD\AppData\Local\Temp\jna-1494489537

VM Arguments:
jvm_args: --add-modules=ALL-SYSTEM --add-opens=java.base/java.util=ALL-UNNAMED --add-opens=java.base/java.lang=ALL-UNNAMED --add-opens=java.base/sun.nio.fs=ALL-UNNAMED -Declipse.application=org.eclipse.jdt.ls.core.id1 -Dosgi.bundles.defaultStartLevel=4 -Declipse.product=org.eclipse.jdt.ls.core.product -Djava.import.generatesMetadataFilesAtProjectRoot=false -Dfile.encoding=utf8 -XX:+UseParallelGC -XX:GCTimeRatio=4 -XX:AdaptiveSizePolicyWeight=90 -Dsun.zip.disableMemoryMapping=true -Xmx1G -Xms100m -Xlog:disable -javaagent:c:\Users\SOHAIL AHMAD\.antigravity\extensions\redhat.java-1.12.0-win32-x64\lombok\lombok-1.18.24.jar -XX:+HeapDumpOnOutOfMemoryError -XX:HeapDumpPath=c:\Users\SOHAIL AHMAD\AppData\Roaming\Antigravity\User\workspaceStorage\e93f37d5df380cb2e825645f6b524362\redhat.java 
java_command: c:\Users\SOHAIL AHMAD\.antigravity\extensions\redhat.java-1.12.0-win32-x64\server\plugins\org.eclipse.equinox.launcher_1.6.400.v20210924-0641.jar -configuration c:\Users\SOHAIL AHMAD\AppData\Roaming\Antigravity\User\globalStorage\redhat.java\1.12.0\config_win -data c:\Users\SOHAIL AHMAD\AppData\Roaming\Antigravity\User\workspaceStorage\e93f37d5df380cb2e825645f6b524362\redhat.java\jdt_ws
java_class_path (initial): c:\Users\SOHAIL AHMAD\.antigravity\extensions\redhat.java-1.12.0-win32-x64\server\plugins\org.eclipse.equinox.launcher_1.6.400.v20210924-0641.jar
Launcher Type: SUN_STANDARD

[Global flags]
    uintx AdaptiveSizePolicyWeight                 = 90                                        {product} {command line}
     intx CICompilerCount                          = 4                                         {product} {ergonomic}
    uintx GCTimeRatio                              = 4                                         {product} {command line}
     bool HeapDumpOnOutOfMemoryError               = true                                   {manageable} {command line}
    ccstr HeapDumpPath                             = c:\Users\SOHAIL AHMAD\AppData\Roaming\Antigravity\User\workspaceStorage\e93f37d5df380cb2e825645f6b524362\redhat.java         {manageable} {command line}
   size_t InitialHeapSize                          = 104857600                                 {product} {command line}
   size_t MaxHeapSize                              = 1073741824                                {product} {command line}
   size_t MaxNewSize                               = 357564416                                 {product} {ergonomic}
   size_t MinHeapDeltaBytes                        = 524288                                    {product} {ergonomic}
   size_t MinHeapSize                              = 104857600                                 {product} {command line}
   size_t NewSize                                  = 34603008                                  {product} {ergonomic}
    uintx NonNMethodCodeHeapSize                   = 5839372                                {pd product} {ergonomic}
    uintx NonProfiledCodeHeapSize                  = 122909434                              {pd product} {ergonomic}
   size_t OldSize                                  = 70254592                                  {product} {ergonomic}
    uintx ProfiledCodeHeapSize                     = 122909434                              {pd product} {ergonomic}
    uintx ReservedCodeCacheSize                    = 251658240                              {pd product} {ergonomic}
     bool SegmentedCodeCache                       = true                                      {product} {ergonomic}
   size_t SoftMaxHeapSize                          = 1073741824                             {manageable} {ergonomic}
     bool UseCompressedClassPointers               = true                           {product lp64_product} {ergonomic}
     bool UseCompressedOops                        = true                           {product lp64_product} {ergonomic}
     bool UseLargePagesIndividualAllocation        = false                                  {pd product} {ergonomic}
     bool UseParallelGC                            = true                                      {product} {command line}

Logging:
Log output configuration:
 #0: stdout all=off uptime,level,tags
 #1: stderr all=off uptime,level,tags

Environment Variables:
PATH=C:\Program Files\Common Files\Oracle\Java\javapath;C:\Python313\Scripts\;C:\Python313\;C:\Program Files\Python312\Scripts\;C:\Program Files\Python312\;C:\WINDOWS\system32;C:\WINDOWS;C:\WINDOWS\System32\Wbem;C:\WINDOWS\System32\WindowsPowerShell\v1.0\;C:\WINDOWS\System32\OpenSSH\;C:\Program Files\Git\cmd;C:\mingw64\bin;C:\php8.3;C:\ProgramData\ComposerSetup\bin;C:\ProgramData\chocolatey\bin;C:\nvm;C:\nvm4w\nodejs;C:\Program Files\cursor\resources\app\bin;C:\Users\SOHAIL AHMAD\AppData\Local\Microsoft\WindowsApps;C:\Users\SOHAIL AHMAD\AppData\Local\Programs\Microsoft VS Code\bin;C:\php8.3;C:\mingw64\bin;C:\Users\SOHAIL AHMAD\AppData\Roaming\Composer\vendor\bin;C:\Users\SOHAIL AHMAD\AppData\Roaming\npm;C:\nvm;C:\nvm4w\nodejs;C:\Program Files\MongoDB\Server\8.2\bin;C:\Program Files\MongoDB\mongosh-2.5.8-win32-x64\bin;C:\Users\SOHAIL AHMAD\AppData\Local\Programs\Antigravity\bin
USERNAME=SOHAIL AHMAD
OS=Windows_NT
PROCESSOR_IDENTIFIER=AMD64 Family 23 Model 160 Stepping 0, AuthenticAMD
TMP=C:\Users\SOHAIL~1\AppData\Local\Temp
TEMP=C:\Users\SOHAIL~1\AppData\Local\Temp



---------------  S Y S T E M  ---------------

OS:
 Windows 11 , 64 bit Build 26100 (10.0.26100.7920)
OS uptime: 0 days 20:44 hours
Hyper-V role detected

CPU: total 8 (initial active 8) (8 cores per cpu, 2 threads per core) family 23 model 160 stepping 0 microcode 0x8a00006, cx8, cmov, fxsr, ht, mmx, 3dnowpref, sse, sse2, sse3, ssse3, sse4a, sse4.1, sse4.2, popcnt, lzcnt, tsc, tscinvbit, avx, avx2, aes, clmul, bmi1, bmi2, adx, sha, fma, vzeroupper, clflush, clflushopt, hv

Memory: 4k page, system-wide physical 5965M (347M free)
TotalPageFile size 24397M (AvailPageFile size 4M)
current process WorkingSet (physical memory assigned to process): 285M, peak: 295M
current process commit charge ("private bytes"): 327M, peak: 352M

vm_info: OpenJDK 64-Bit Server VM (17.0.4.1+1) for windows-amd64 JRE (17.0.4.1+1), built on Aug 17 2022 07:42:43 by "temurin" with MS VC++ 16.7 (VS2019)

END.
