#
# There is insufficient memory for the Java Runtime Environment to continue.
# Native memory allocation (malloc) failed to allocate 1489296 bytes for Chunk::new
# Possible reasons:
#   The system is out of physical RAM or swap space
#   The process is running with CompressedOops enabled, and the Java Heap may be blocking the growth of the native heap
# Possible solutions:
#   Reduce memory load on the system
#   Increase physical memory or swap space
#   Check if swap backing store is full
#   Decrease Java heap size (-Xmx/-Xms)
#   Decrease number of Java threads
#   Decrease Java thread stack sizes (-Xss)
#   Set larger code cache with -XX:ReservedCodeCacheSize=
#   JVM is running with Unscaled Compressed Oops mode in which the Java heap is
#     placed in the first 4GB address space. The Java Heap base address is the
#     maximum limit for the native heap growth. Please use -XX:HeapBaseMinAddress
#     to set the Java Heap base and to place the Java Heap above 4GB virtual address.
# This output file may be truncated or incomplete.
#
#  Out of Memory Error (arena.cpp:189), pid=1888, tid=16204
#
# JRE version: OpenJDK Runtime Environment Temurin-17.0.4.1+1 (17.0.4.1+1) (build 17.0.4.1+1)
# Java VM: OpenJDK 64-Bit Server VM Temurin-17.0.4.1+1 (17.0.4.1+1, mixed mode, tiered, compressed oops, compressed class ptrs, parallel gc, windows-amd64)
# No core dump will be written. Minidumps are not enabled by default on client versions of Windows
#

---------------  S U M M A R Y ------------

Command Line: --add-modules=ALL-SYSTEM --add-opens=java.base/java.util=ALL-UNNAMED --add-opens=java.base/java.lang=ALL-UNNAMED --add-opens=java.base/sun.nio.fs=ALL-UNNAMED -Declipse.application=org.eclipse.jdt.ls.core.id1 -Dosgi.bundles.defaultStartLevel=4 -Declipse.product=org.eclipse.jdt.ls.core.product -Djava.import.generatesMetadataFilesAtProjectRoot=false -Dfile.encoding=utf8 -XX:+UseParallelGC -XX:GCTimeRatio=4 -XX:AdaptiveSizePolicyWeight=90 -Dsun.zip.disableMemoryMapping=true -Xmx1G -Xms100m -Xlog:disable -javaagent:c:\Users\SOHAIL AHMAD\.antigravity\extensions\redhat.java-1.12.0-win32-x64\lombok\lombok-1.18.24.jar -XX:+HeapDumpOnOutOfMemoryError -XX:HeapDumpPath=c:\Users\SOHAIL AHMAD\AppData\Roaming\Antigravity\User\workspaceStorage\e93f37d5df380cb2e825645f6b524362\redhat.java c:\Users\SOHAIL AHMAD\.antigravity\extensions\redhat.java-1.12.0-win32-x64\server\plugins\org.eclipse.equinox.launcher_1.6.400.v20210924-0641.jar -configuration c:\Users\SOHAIL AHMAD\AppData\Roaming\Antigravity\User\globalStorage\redhat.java\1.12.0\config_win -data c:\Users\SOHAIL AHMAD\AppData\Roaming\Antigravity\User\workspaceStorage\e93f37d5df380cb2e825645f6b524362\redhat.java\jdt_ws

Host: AMD Ryzen 3 7320U with Radeon Graphics         , 8 cores, 5G,  Windows 11 , 64 bit Build 26100 (10.0.26100.7920)
Time: Thu Mar 19 19:22:37 2026 India Standard Time elapsed time: 24.254189 seconds (0d 0h 0m 24s)

---------------  T H R E A D  ---------------

Current thread (0x000001afd22c3890):  JavaThread "C2 CompilerThread1" daemon [_thread_in_native, id=16204, stack(0x000000a8a2300000,0x000000a8a2400000)]


Current CompileTask:
C2:  24254 5093       4       org.eclipse.osgi.internal.loader.BundleLoader::addExportedProvidersFor (167 bytes)

Stack: [0x000000a8a2300000,0x000000a8a2400000]
Native frames: (J=compiled Java code, j=interpreted, Vv=VM code, C=native code)
V  [jvm.dll+0x67731a]
V  [jvm.dll+0x832284]
V  [jvm.dll+0x833a2e]
V  [jvm.dll+0x834093]
V  [jvm.dll+0x245775]
V  [jvm.dll+0xabd7b]
V  [jvm.dll+0xac30c]
V  [jvm.dll+0x363a42]
V  [jvm.dll+0x32e011]
V  [jvm.dll+0x32d4ba]
V  [jvm.dll+0x218681]
V  [jvm.dll+0x217aa1]
V  [jvm.dll+0x1a3f8d]
V  [jvm.dll+0x227498]
V  [jvm.dll+0x2255e5]
V  [jvm.dll+0x7e7e9b]
V  [jvm.dll+0x7e240a]
V  [jvm.dll+0x6761a5]
C  [ucrtbase.dll+0x37b0]
C  [KERNEL32.DLL+0x2e8d7]
C  [ntdll.dll+0x8c48c]


---------------  P R O C E S S  ---------------

Threads class SMR info:
_java_thread_list=0x000001afd3d5c3d0, length=25, elements={
0x000001afb9f62b20, 0x000001afcdde6760, 0x000001afcdde8750, 0x000001afcf933fc0,
0x000001afcf94b270, 0x000001afcf950fd0, 0x000001afcf956820, 0x000001afcf95e510,
0x000001afcf964140, 0x000001afcf9c93e0, 0x000001afba025780, 0x000001afcfc657c0,
0x000001afd1c5e930, 0x000001afd1ce1a00, 0x000001afd1e47880, 0x000001afd1ce1060,
0x000001afd1d40a10, 0x000001afd2378430, 0x000001afd2377a90, 0x000001afd22c3890,
0x000001afd2377f60, 0x000001afd2378900, 0x000001afd2374f40, 0x000001afd2376750,
0x000001afd2376c20
}

Java Threads: ( => current thread )
  0x000001afb9f62b20 JavaThread "main" [_thread_blocked, id=9812, stack(0x000000a8a0500000,0x000000a8a0600000)]
  0x000001afcdde6760 JavaThread "Reference Handler" daemon [_thread_blocked, id=10048, stack(0x000000a8a0800000,0x000000a8a0900000)]
  0x000001afcdde8750 JavaThread "Finalizer" daemon [_thread_blocked, id=11072, stack(0x000000a8a0900000,0x000000a8a0a00000)]
  0x000001afcf933fc0 JavaThread "Signal Dispatcher" daemon [_thread_blocked, id=22520, stack(0x000000a8a0a00000,0x000000a8a0b00000)]
  0x000001afcf94b270 JavaThread "Attach Listener" daemon [_thread_blocked, id=22836, stack(0x000000a8a0b00000,0x000000a8a0c00000)]
  0x000001afcf950fd0 JavaThread "Service Thread" daemon [_thread_blocked, id=3008, stack(0x000000a8a0c00000,0x000000a8a0d00000)]
  0x000001afcf956820 JavaThread "Monitor Deflation Thread" daemon [_thread_blocked, id=22044, stack(0x000000a8a0d00000,0x000000a8a0e00000)]
  0x000001afcf95e510 JavaThread "C2 CompilerThread0" daemon [_thread_blocked, id=18312, stack(0x000000a8a0e00000,0x000000a8a0f00000)]
  0x000001afcf964140 JavaThread "C1 CompilerThread0" daemon [_thread_blocked, id=15576, stack(0x000000a8a0f00000,0x000000a8a1000000)]
  0x000001afcf9c93e0 JavaThread "Sweeper thread" daemon [_thread_blocked, id=22348, stack(0x000000a8a1000000,0x000000a8a1100000)]
  0x000001afba025780 JavaThread "Common-Cleaner" daemon [_thread_blocked, id=22480, stack(0x000000a8a1100000,0x000000a8a1200000)]
  0x000001afcfc657c0 JavaThread "Notification Thread" daemon [_thread_blocked, id=17036, stack(0x000000a8a1200000,0x000000a8a1300000)]
  0x000001afd1c5e930 JavaThread "Active Thread: Equinox Container: af04c091-6ec8-43d6-9cc1-cc89834908b5" [_thread_blocked, id=10448, stack(0x000000a8a1a00000,0x000000a8a1b00000)]
  0x000001afd1ce1a00 JavaThread "Framework Event Dispatcher: Equinox Container: af04c091-6ec8-43d6-9cc1-cc89834908b5" daemon [_thread_blocked, id=2492, stack(0x000000a8a1b00000,0x000000a8a1c00000)]
  0x000001afd1e47880 JavaThread "Start Level: Equinox Container: af04c091-6ec8-43d6-9cc1-cc89834908b5" daemon [_thread_blocked, id=15004, stack(0x000000a8a1c00000,0x000000a8a1d00000)]
  0x000001afd1ce1060 JavaThread "SCR Component Actor" daemon [_thread_blocked, id=15908, stack(0x000000a8a1d00000,0x000000a8a1e00000)]
  0x000001afd1d40a10 JavaThread "Worker-JM" [_thread_blocked, id=21700, stack(0x000000a8a2000000,0x000000a8a2100000)]
  0x000001afd2378430 JavaThread "Worker-0" [_thread_blocked, id=17384, stack(0x000000a8a2100000,0x000000a8a2200000)]
  0x000001afd2377a90 JavaThread "Worker-1" [_thread_blocked, id=18764, stack(0x000000a8a2200000,0x000000a8a2300000)]
=>0x000001afd22c3890 JavaThread "C2 CompilerThread1" daemon [_thread_in_native, id=16204, stack(0x000000a8a2300000,0x000000a8a2400000)]
  0x000001afd2377f60 JavaThread "Worker-2: Initialize Workspace" [_thread_blocked, id=7844, stack(0x000000a8a2400000,0x000000a8a2500000)]
  0x000001afd2378900 JavaThread "Java indexing" daemon [_thread_blocked, id=20564, stack(0x000000a8a2500000,0x000000a8a2600000)]
  0x000001afd2374f40 JavaThread "JNA Cleaner" daemon [_thread_blocked, id=14152, stack(0x000000a8a1f00000,0x000000a8a2000000)]
  0x000001afd2376750 JavaThread "pool-2-thread-1" [_thread_blocked, id=13380, stack(0x000000a8a2800000,0x000000a8a2900000)]
  0x000001afd2376c20 JavaThread "pool-1-thread-1" [_thread_blocked, id=12140, stack(0x000000a8a2900000,0x000000a8a2a00000)]

Other Threads:
  0x000001afcf920c20 VMThread "VM Thread" [stack: 0x000000a8a0700000,0x000000a8a0800000] [id=9816]
  0x000001afcfbdd5d0 WatcherThread [stack: 0x000000a8a1300000,0x000000a8a1400000] [id=23796]
  0x000001afb9f79da0 GCTaskThread "GC Thread#0" [stack: 0x000000a8a0600000,0x000000a8a0700000] [id=3636]
  0x000001afd0af6670 GCTaskThread "GC Thread#1" [stack: 0x000000a8a1400000,0x000000a8a1500000] [id=10592]
  0x000001afcfc39440 GCTaskThread "GC Thread#2" [stack: 0x000000a8a1500000,0x000000a8a1600000] [id=18760]
  0x000001afcfc396f0 GCTaskThread "GC Thread#3" [stack: 0x000000a8a1600000,0x000000a8a1700000] [id=11192]
  0x000001afd092f220 GCTaskThread "GC Thread#4" [stack: 0x000000a8a1700000,0x000000a8a1800000] [id=21712]
  0x000001afd0f4dcf0 GCTaskThread "GC Thread#5" [stack: 0x000000a8a1800000,0x000000a8a1900000] [id=2180]
  0x000001afb7dec910 GCTaskThread "GC Thread#6" [stack: 0x000000a8a1900000,0x000000a8a1a00000] [id=13296]
  0x000001afd21fcce0 GCTaskThread "GC Thread#7" [stack: 0x000000a8a1e00000,0x000000a8a1f00000] [id=15248]

Threads with active compile tasks:
C2 CompilerThread1    24270 5093       4       org.eclipse.osgi.internal.loader.BundleLoader::addExportedProvidersFor (167 bytes)

VM state: not at safepoint (normal execution)

VM Mutex/Monitor currently owned by a thread: None

Heap address: 0x00000000c0000000, size: 1024 MB, Compressed Oops mode: 32-bit

CDS archive(s) not mapped
Compressed class space mapped at: 0x0000000100000000-0x0000000140000000, reserved size: 1073741824
Narrow klass base: 0x0000000000000000, Narrow klass shift: 3, Narrow klass range: 0x140000000

GC Precious Log:
 CPUs: 8 total, 8 available
 Memory: 5965M
 Large Page Support: Disabled
 NUMA Support: Disabled
 Compressed Oops: Enabled (32-bit)
 Alignments: Space 512K, Generation 512K, Heap 2M
 Heap Min Capacity: 100M
 Heap Initial Capacity: 100M
 Heap Max Capacity: 1G
 Pre-touch: Disabled
 Parallel Workers: 8

Heap:
 PSYoungGen      total 21504K, used 4230K [0x00000000eab00000, 0x00000000ec280000, 0x0000000100000000)
  eden space 20992K, 18% used [0x00000000eab00000,0x00000000eaec9850,0x00000000ebf80000)
  from space 512K, 68% used [0x00000000ec200000,0x00000000ec258000,0x00000000ec280000)
  to   space 1024K, 0% used [0x00000000ec080000,0x00000000ec080000,0x00000000ec180000)
 ParOldGen       total 68608K, used 30842K [0x00000000c0000000, 0x00000000c4300000, 0x00000000eab00000)
  object space 68608K, 44% used [0x00000000c0000000,0x00000000c1e1e8e8,0x00000000c4300000)
 Metaspace       used 47036K, committed 48000K, reserved 1097728K
  class space    used 5076K, committed 5504K, reserved 1048576K

Card table byte_map: [0x000001afb9910000,0x000001afb9b20000] _byte_map_base: 0x000001afb9310000

Marking Bits: (ParMarkBitMap*) 0x00007ffbc84b2cc0
 Begin Bits: [0x000001afcbbf0000, 0x000001afccbf0000)
 End Bits:   [0x000001afccbf0000, 0x000001afcdbf0000)

Polling page: 0x000001afb7ea0000

Metaspace:

Usage:
  Non-class:     40.98 MB used.
      Class:      4.96 MB used.
       Both:     45.93 MB used.

Virtual space:
  Non-class space:       48.00 MB reserved,      41.50 MB ( 86%) committed,  6 nodes.
      Class space:        1.00 GB reserved,       5.38 MB ( <1%) committed,  1 nodes.
             Both:        1.05 GB reserved,      46.88 MB (  4%) committed. 

Chunk freelists:
   Non-Class:  1.73 MB
       Class:  2.47 MB
        Both:  4.20 MB

MaxMetaspaceSize: unlimited
CompressedClassSpaceSize: 1.00 GB
Initial GC threshold: 21.00 MB
Current GC threshold: 58.38 MB
CDS: off
MetaspaceReclaimPolicy: balanced
 - commit_granule_bytes: 65536.
 - commit_granule_words: 8192.
 - virtual_space_node_default_size: 1048576.
 - enlarge_chunks_in_place: 1.
 - new_chunks_are_fully_committed: 0.
 - uncommit_free_chunks: 1.
 - use_allocation_guard: 0.
 - handle_deallocations: 1.


Internal statistics:

num_allocs_failed_limit: 6.
num_arena_births: 556.
num_arena_deaths: 14.
num_vsnodes_births: 7.
num_vsnodes_deaths: 0.
num_space_committed: 750.
num_space_uncommitted: 0.
num_chunks_returned_to_freelist: 20.
num_chunks_taken_from_freelist: 2423.
num_chunk_merges: 10.
num_chunk_splits: 1451.
num_chunks_enlarged: 751.
num_purges: 2.
num_inconsistent_stats: 0.

CodeHeap 'non-profiled nmethods': size=120000Kb used=2360Kb max_used=2360Kb free=117639Kb
 bounds [0x000001afc46c0000, 0x000001afc4930000, 0x000001afcbbf0000]
CodeHeap 'profiled nmethods': size=120000Kb used=10695Kb max_used=10695Kb free=109304Kb
 bounds [0x000001afbd190000, 0x000001afbdc10000, 0x000001afc46c0000]
CodeHeap 'non-nmethods': size=5760Kb used=1279Kb max_used=1348Kb free=4481Kb
 bounds [0x000001afbcbf0000, 0x000001afbce60000, 0x000001afbd190000]
 total_blobs=5826 nmethods=5226 adapters=513
 compilation: enabled
              stopped_count=0, restarted_count=0
 full_count=0

Compilation events (20 events):
Event: 23.197 Thread 0x000001afcf964140 5286       3       java.lang.invoke.BoundMethodHandle$Species_L::make (11 bytes)
Event: 23.197 Thread 0x000001afcf964140 nmethod 5286 0x000001afbdbfca90 code [0x000001afbdbfcc40, 0x000001afbdbfce48]
Event: 23.199 Thread 0x000001afcf964140 5287       3       org.eclipse.core.internal.registry.TableReader::getObjectFactory (8 bytes)
Event: 23.200 Thread 0x000001afcf964140 nmethod 5287 0x000001afbdbfcf90 code [0x000001afbdbfd140, 0x000001afbdbfd348]
Event: 23.200 Thread 0x000001afcf964140 5292       1       org.eclipse.core.internal.registry.ReferenceMap$SoftRef::setNext (6 bytes)
Event: 23.200 Thread 0x000001afcf964140 nmethod 5292 0x000001afc490cd90 code [0x000001afc490cf20, 0x000001afc490cff8]
Event: 23.200 Thread 0x000001afcf964140 5288       3       org.eclipse.core.internal.registry.ExtensionRegistry::getElementFactory (16 bytes)
Event: 23.200 Thread 0x000001afcf964140 nmethod 5288 0x000001afbdbfd490 code [0x000001afbdbfd660, 0x000001afbdbfda88]
Event: 23.200 Thread 0x000001afcf964140 5289       3       org.eclipse.core.internal.registry.RegistryObject::<init> (35 bytes)
Event: 23.201 Thread 0x000001afcf964140 nmethod 5289 0x000001afbdbfdc10 code [0x000001afbdbfddc0, 0x000001afbdbfe058]
Event: 23.201 Thread 0x000001afcf964140 5290       3       org.eclipse.core.internal.registry.RegistryObject::setPersist (30 bytes)
Event: 23.201 Thread 0x000001afcf964140 nmethod 5290 0x000001afbdbfe190 code [0x000001afbdbfe320, 0x000001afbdbfe4b8]
Event: 23.201 Thread 0x000001afcf964140 5291       3       org.eclipse.core.internal.registry.RegistryObject::setExtraDataOffset (71 bytes)
Event: 23.201 Thread 0x000001afcf964140 nmethod 5291 0x000001afbdbfe590 code [0x000001afbdbfe740, 0x000001afbdbfe9e8]
Event: 23.207 Thread 0x000001afcf95e510 5293       4       org.eclipse.core.internal.registry.ReferenceMap::indexFor (55 bytes)
Event: 23.208 Thread 0x000001afcf95e510 nmethod 5293 0x000001afc490d090 code [0x000001afc490d200, 0x000001afc490d2d8]
Event: 23.213 Thread 0x000001afcf964140 5294       3       org.osgi.framework.Version::validate (288 bytes)
Event: 23.215 Thread 0x000001afcf95e510 5295       4       jdk.internal.ref.CleanerImpl$PhantomCleanableRef::performCleanup (10 bytes)
Event: 23.216 Thread 0x000001afcf964140 nmethod 5294 0x000001afbdbfeb10 code [0x000001afbdbff060, 0x000001afbdc01178]
Event: 23.218 Thread 0x000001afcf95e510 nmethod 5295 0x000001afc490d390 code [0x000001afc490d540, 0x000001afc490dcc8]

GC Heap History (20 events):
Event: 14.474 GC heap before
{Heap before GC invocations=13 (full 2):
 PSYoungGen      total 24576K, used 24547K [0x00000000eab00000, 0x00000000ec680000, 0x0000000100000000)
  eden space 23040K, 100% used [0x00000000eab00000,0x00000000ec180000,0x00000000ec180000)
  from space 1536K, 98% used [0x00000000ec500000,0x00000000ec678c90,0x00000000ec680000)
  to   space 2048K, 0% used [0x00000000ec280000,0x00000000ec280000,0x00000000ec480000)
 ParOldGen       total 68608K, used 12400K [0x00000000c0000000, 0x00000000c4300000, 0x00000000eab00000)
  object space 68608K, 18% used [0x00000000c0000000,0x00000000c0c1c048,0x00000000c4300000)
 Metaspace       used 41682K, committed 42560K, reserved 1089536K
  class space    used 4490K, committed 4928K, reserved 1048576K
}
Event: 14.479 GC heap after
{Heap after GC invocations=13 (full 2):
 PSYoungGen      total 24064K, used 1295K [0x00000000eab00000, 0x00000000ec580000, 0x0000000100000000)
  eden space 22528K, 0% used [0x00000000eab00000,0x00000000eab00000,0x00000000ec100000)
  from space 1536K, 84% used [0x00000000ec280000,0x00000000ec3c3c10,0x00000000ec400000)
  to   space 1536K, 0% used [0x00000000ec400000,0x00000000ec400000,0x00000000ec580000)
 ParOldGen       total 68608K, used 13731K [0x00000000c0000000, 0x00000000c4300000, 0x00000000eab00000)
  object space 68608K, 20% used [0x00000000c0000000,0x00000000c0d68cf0,0x00000000c4300000)
 Metaspace       used 41682K, committed 42560K, reserved 1089536K
  class space    used 4490K, committed 4928K, reserved 1048576K
}
Event: 15.125 GC heap before
{Heap before GC invocations=14 (full 2):
 PSYoungGen      total 24064K, used 23821K [0x00000000eab00000, 0x00000000ec580000, 0x0000000100000000)
  eden space 22528K, 99% used [0x00000000eab00000,0x00000000ec0ffba0,0x00000000ec100000)
  from space 1536K, 84% used [0x00000000ec280000,0x00000000ec3c3c10,0x00000000ec400000)
  to   space 1536K, 0% used [0x00000000ec400000,0x00000000ec400000,0x00000000ec580000)
 ParOldGen       total 68608K, used 13731K [0x00000000c0000000, 0x00000000c4300000, 0x00000000eab00000)
  object space 68608K, 20% used [0x00000000c0000000,0x00000000c0d68cf0,0x00000000c4300000)
 Metaspace       used 44567K, committed 45440K, reserved 1089536K
  class space    used 4836K, committed 5248K, reserved 1048576K
}
Event: 15.130 GC heap after
{Heap after GC invocations=14 (full 2):
 PSYoungGen      total 23040K, used 1511K [0x00000000eab00000, 0x00000000ec880000, 0x0000000100000000)
  eden space 21504K, 0% used [0x00000000eab00000,0x00000000eab00000,0x00000000ec000000)
  from space 1536K, 98% used [0x00000000ec400000,0x00000000ec579f70,0x00000000ec580000)
  to   space 4096K, 0% used [0x00000000ec000000,0x00000000ec000000,0x00000000ec400000)
 ParOldGen       total 68608K, used 15847K [0x00000000c0000000, 0x00000000c4300000, 0x00000000eab00000)
  object space 68608K, 23% used [0x00000000c0000000,0x00000000c0f79e18,0x00000000c4300000)
 Metaspace       used 44567K, committed 45440K, reserved 1089536K
  class space    used 4836K, committed 5248K, reserved 1048576K
}
Event: 16.576 GC heap before
{Heap before GC invocations=15 (full 2):
 PSYoungGen      total 23040K, used 23015K [0x00000000eab00000, 0x00000000ec880000, 0x0000000100000000)
  eden space 21504K, 100% used [0x00000000eab00000,0x00000000ec000000,0x00000000ec000000)
  from space 1536K, 98% used [0x00000000ec400000,0x00000000ec579f70,0x00000000ec580000)
  to   space 4096K, 0% used [0x00000000ec000000,0x00000000ec000000,0x00000000ec400000)
 ParOldGen       total 68608K, used 15847K [0x00000000c0000000, 0x00000000c4300000, 0x00000000eab00000)
  object space 68608K, 23% used [0x00000000c0000000,0x00000000c0f79e18,0x00000000c4300000)
 Metaspace       used 45958K, committed 46912K, reserved 1097728K
  class space    used 4984K, committed 5440K, reserved 1048576K
}
Event: 16.580 GC heap after
{Heap after GC invocations=15 (full 2):
 PSYoungGen      total 23552K, used 1824K [0x00000000eab00000, 0x00000000ec500000, 0x0000000100000000)
  eden space 21504K, 0% used [0x00000000eab00000,0x00000000eab00000,0x00000000ec000000)
  from space 2048K, 89% used [0x00000000ec000000,0x00000000ec1c8020,0x00000000ec200000)
  to   space 2560K, 0% used [0x00000000ec280000,0x00000000ec280000,0x00000000ec500000)
 ParOldGen       total 68608K, used 17363K [0x00000000c0000000, 0x00000000c4300000, 0x00000000eab00000)
  object space 68608K, 25% used [0x00000000c0000000,0x00000000c10f4f90,0x00000000c4300000)
 Metaspace       used 45958K, committed 46912K, reserved 1097728K
  class space    used 4984K, committed 5440K, reserved 1048576K
}
Event: 16.683 GC heap before
{Heap before GC invocations=16 (full 2):
 PSYoungGen      total 23552K, used 23328K [0x00000000eab00000, 0x00000000ec500000, 0x0000000100000000)
  eden space 21504K, 100% used [0x00000000eab00000,0x00000000ec000000,0x00000000ec000000)
  from space 2048K, 89% used [0x00000000ec000000,0x00000000ec1c8020,0x00000000ec200000)
  to   space 2560K, 0% used [0x00000000ec280000,0x00000000ec280000,0x00000000ec500000)
 ParOldGen       total 68608K, used 17363K [0x00000000c0000000, 0x00000000c4300000, 0x00000000eab00000)
  object space 68608K, 25% used [0x00000000c0000000,0x00000000c10f4f90,0x00000000c4300000)
 Metaspace       used 46134K, committed 47040K, reserved 1097728K
  class space    used 5003K, committed 5440K, reserved 1048576K
}
Event: 16.687 GC heap after
{Heap after GC invocations=16 (full 2):
 PSYoungGen      total 23552K, used 1888K [0x00000000eab00000, 0x00000000ec480000, 0x0000000100000000)
  eden space 21504K, 0% used [0x00000000eab00000,0x00000000eab00000,0x00000000ec000000)
  from space 2048K, 92% used [0x00000000ec280000,0x00000000ec458010,0x00000000ec480000)
  to   space 2048K, 0% used [0x00000000ec000000,0x00000000ec000000,0x00000000ec200000)
 ParOldGen       total 68608K, used 19078K [0x00000000c0000000, 0x00000000c4300000, 0x00000000eab00000)
  object space 68608K, 27% used [0x00000000c0000000,0x00000000c12a1900,0x00000000c4300000)
 Metaspace       used 46134K, committed 47040K, reserved 1097728K
  class space    used 5003K, committed 5440K, reserved 1048576K
}
Event: 17.770 GC heap before
{Heap before GC invocations=17 (full 2):
 PSYoungGen      total 23552K, used 23392K [0x00000000eab00000, 0x00000000ec480000, 0x0000000100000000)
  eden space 21504K, 100% used [0x00000000eab00000,0x00000000ec000000,0x00000000ec000000)
  from space 2048K, 92% used [0x00000000ec280000,0x00000000ec458010,0x00000000ec480000)
  to   space 2048K, 0% used [0x00000000ec000000,0x00000000ec000000,0x00000000ec200000)
 ParOldGen       total 68608K, used 19078K [0x00000000c0000000, 0x00000000c4300000, 0x00000000eab00000)
  object space 68608K, 27% used [0x00000000c0000000,0x00000000c12a1900,0x00000000c4300000)
 Metaspace       used 46267K, committed 47168K, reserved 1097728K
  class space    used 5015K, committed 5440K, reserved 1048576K
}
Event: 19.784 GC heap after
{Heap after GC invocations=17 (full 2):
 PSYoungGen      total 23552K, used 2016K [0x00000000eab00000, 0x00000000ec480000, 0x0000000100000000)
  eden space 21504K, 0% used [0x00000000eab00000,0x00000000eab00000,0x00000000ec000000)
  from space 2048K, 98% used [0x00000000ec000000,0x00000000ec1f8020,0x00000000ec200000)
  to   space 2048K, 0% used [0x00000000ec280000,0x00000000ec280000,0x00000000ec480000)
 ParOldGen       total 68608K, used 21076K [0x00000000c0000000, 0x00000000c4300000, 0x00000000eab00000)
  object space 68608K, 30% used [0x00000000c0000000,0x00000000c1495038,0x00000000c4300000)
 Metaspace       used 46267K, committed 47168K, reserved 1097728K
  class space    used 5015K, committed 5440K, reserved 1048576K
}
Event: 19.879 GC heap before
{Heap before GC invocations=18 (full 2):
 PSYoungGen      total 23552K, used 23520K [0x00000000eab00000, 0x00000000ec480000, 0x0000000100000000)
  eden space 21504K, 100% used [0x00000000eab00000,0x00000000ec000000,0x00000000ec000000)
  from space 2048K, 98% used [0x00000000ec000000,0x00000000ec1f8020,0x00000000ec200000)
  to   space 2048K, 0% used [0x00000000ec280000,0x00000000ec280000,0x00000000ec480000)
 ParOldGen       total 68608K, used 21076K [0x00000000c0000000, 0x00000000c4300000, 0x00000000eab00000)
  object space 68608K, 30% used [0x00000000c0000000,0x00000000c1495038,0x00000000c4300000)
 Metaspace       used 46278K, committed 47168K, reserved 1097728K
  class space    used 5015K, committed 5440K, reserved 1048576K
}
Event: 19.883 GC heap after
{Heap after GC invocations=18 (full 2):
 PSYoungGen      total 23040K, used 1952K [0x00000000eab00000, 0x00000000ec600000, 0x0000000100000000)
  eden space 20992K, 0% used [0x00000000eab00000,0x00000000eab00000,0x00000000ebf80000)
  from space 2048K, 95% used [0x00000000ec280000,0x00000000ec468000,0x00000000ec480000)
  to   space 3072K, 0% used [0x00000000ebf80000,0x00000000ebf80000,0x00000000ec280000)
 ParOldGen       total 68608K, used 23108K [0x00000000c0000000, 0x00000000c4300000, 0x00000000eab00000)
  object space 68608K, 33% used [0x00000000c0000000,0x00000000c1691058,0x00000000c4300000)
 Metaspace       used 46278K, committed 47168K, reserved 1097728K
  class space    used 5015K, committed 5440K, reserved 1048576K
}
Event: 19.969 GC heap before
{Heap before GC invocations=19 (full 2):
 PSYoungGen      total 23040K, used 22944K [0x00000000eab00000, 0x00000000ec600000, 0x0000000100000000)
  eden space 20992K, 100% used [0x00000000eab00000,0x00000000ebf80000,0x00000000ebf80000)
  from space 2048K, 95% used [0x00000000ec280000,0x00000000ec468000,0x00000000ec480000)
  to   space 3072K, 0% used [0x00000000ebf80000,0x00000000ebf80000,0x00000000ec280000)
 ParOldGen       total 68608K, used 23108K [0x00000000c0000000, 0x00000000c4300000, 0x00000000eab00000)
  object space 68608K, 33% used [0x00000000c0000000,0x00000000c1691058,0x00000000c4300000)
 Metaspace       used 46279K, committed 47168K, reserved 1097728K
  class space    used 5015K, committed 5440K, reserved 1048576K
}
Event: 19.976 GC heap after
{Heap after GC invocations=19 (full 2):
 PSYoungGen      total 23040K, used 2048K [0x00000000eab00000, 0x00000000ec480000, 0x0000000100000000)
  eden space 20992K, 0% used [0x00000000eab00000,0x00000000eab00000,0x00000000ebf80000)
  from space 2048K, 100% used [0x00000000ebf80000,0x00000000ec180000,0x00000000ec180000)
  to   space 2560K, 0% used [0x00000000ec200000,0x00000000ec200000,0x00000000ec480000)
 ParOldGen       total 68608K, used 24924K [0x00000000c0000000, 0x00000000c4300000, 0x00000000eab00000)
  object space 68608K, 36% used [0x00000000c0000000,0x00000000c1857058,0x00000000c4300000)
 Metaspace       used 46279K, committed 47168K, reserved 1097728K
  class space    used 5015K, committed 5440K, reserved 1048576K
}
Event: 20.082 GC heap before
{Heap before GC invocations=20 (full 2):
 PSYoungGen      total 23040K, used 23040K [0x00000000eab00000, 0x00000000ec480000, 0x0000000100000000)
  eden space 20992K, 100% used [0x00000000eab00000,0x00000000ebf80000,0x00000000ebf80000)
  from space 2048K, 100% used [0x00000000ebf80000,0x00000000ec180000,0x00000000ec180000)
  to   space 2560K, 0% used [0x00000000ec200000,0x00000000ec200000,0x00000000ec480000)
 ParOldGen       total 68608K, used 24924K [0x00000000c0000000, 0x00000000c4300000, 0x00000000eab00000)
  object space 68608K, 36% used [0x00000000c0000000,0x00000000c1857058,0x00000000c4300000)
 Metaspace       used 46279K, committed 47168K, reserved 1097728K
  class space    used 5015K, committed 5440K, reserved 1048576K
}
Event: 20.087 GC heap after
{Heap after GC invocations=20 (full 2):
 PSYoungGen      total 23552K, used 2144K [0x00000000eab00000, 0x00000000ec480000, 0x0000000100000000)
  eden space 20992K, 0% used [0x00000000eab00000,0x00000000eab00000,0x00000000ebf80000)
  from space 2560K, 83% used [0x00000000ec200000,0x00000000ec418010,0x00000000ec480000)
  to   space 2560K, 0% used [0x00000000ebf80000,0x00000000ebf80000,0x00000000ec200000)
 ParOldGen       total 68608K, used 26844K [0x00000000c0000000, 0x00000000c4300000, 0x00000000eab00000)
  object space 68608K, 39% used [0x00000000c0000000,0x00000000c1a37058,0x00000000c4300000)
 Metaspace       used 46279K, committed 47168K, reserved 1097728K
  class space    used 5015K, committed 5440K, reserved 1048576K
}
Event: 21.556 GC heap before
{Heap before GC invocations=21 (full 2):
 PSYoungGen      total 23552K, used 23136K [0x00000000eab00000, 0x00000000ec480000, 0x0000000100000000)
  eden space 20992K, 100% used [0x00000000eab00000,0x00000000ebf80000,0x00000000ebf80000)
  from space 2560K, 83% used [0x00000000ec200000,0x00000000ec418010,0x00000000ec480000)
  to   space 2560K, 0% used [0x00000000ebf80000,0x00000000ebf80000,0x00000000ec200000)
 ParOldGen       total 68608K, used 26844K [0x00000000c0000000, 0x00000000c4300000, 0x00000000eab00000)
  object space 68608K, 39% used [0x00000000c0000000,0x00000000c1a37058,0x00000000c4300000)
 Metaspace       used 46616K, committed 47488K, reserved 1097728K
  class space    used 5032K, committed 5440K, reserved 1048576K
}
Event: 21.562 GC heap after
{Heap after GC invocations=21 (full 2):
 PSYoungGen      total 23552K, used 2080K [0x00000000eab00000, 0x00000000ec480000, 0x0000000100000000)
  eden space 20992K, 0% used [0x00000000eab00000,0x00000000eab00000,0x00000000ebf80000)
  from space 2560K, 81% used [0x00000000ebf80000,0x00000000ec188000,0x00000000ec200000)
  to   space 2560K, 0% used [0x00000000ec200000,0x00000000ec200000,0x00000000ec480000)
 ParOldGen       total 68608K, used 28874K [0x00000000c0000000, 0x00000000c4300000, 0x00000000eab00000)
  object space 68608K, 42% used [0x00000000c0000000,0x00000000c1c328e8,0x00000000c4300000)
 Metaspace       used 46616K, committed 47488K, reserved 1097728K
  class space    used 5032K, committed 5440K, reserved 1048576K
}
Event: 22.055 GC heap before
{Heap before GC invocations=22 (full 2):
 PSYoungGen      total 23552K, used 23072K [0x00000000eab00000, 0x00000000ec480000, 0x0000000100000000)
  eden space 20992K, 100% used [0x00000000eab00000,0x00000000ebf80000,0x00000000ebf80000)
  from space 2560K, 81% used [0x00000000ebf80000,0x00000000ec188000,0x00000000ec200000)
  to   space 2560K, 0% used [0x00000000ec200000,0x00000000ec200000,0x00000000ec480000)
 ParOldGen       total 68608K, used 28874K [0x00000000c0000000, 0x00000000c4300000, 0x00000000eab00000)
  object space 68608K, 42% used [0x00000000c0000000,0x00000000c1c328e8,0x00000000c4300000)
 Metaspace       used 46761K, committed 47680K, reserved 1097728K
  class space    used 5054K, committed 5440K, reserved 1048576K
}
Event: 22.058 GC heap after
{Heap after GC invocations=22 (full 2):
 PSYoungGen      total 21504K, used 352K [0x00000000eab00000, 0x00000000ec280000, 0x0000000100000000)
  eden space 20992K, 0% used [0x00000000eab00000,0x00000000eab00000,0x00000000ebf80000)
  from space 512K, 68% used [0x00000000ec200000,0x00000000ec258000,0x00000000ec280000)
  to   space 1024K, 0% used [0x00000000ec080000,0x00000000ec080000,0x00000000ec180000)
 ParOldGen       total 68608K, used 30842K [0x00000000c0000000, 0x00000000c4300000, 0x00000000eab00000)
  object space 68608K, 44% used [0x00000000c0000000,0x00000000c1e1e8e8,0x00000000c4300000)
 Metaspace       used 46761K, committed 47680K, reserved 1097728K
  class space    used 5054K, committed 5440K, reserved 1048576K
}

Deoptimization events (20 events):
Event: 23.193 Thread 0x000001afd2377f60 Uncommon trap: trap_request=0xffffff3d fr.pc=0x000001afc48e5530 relative=0x0000000000000210
Event: 23.193 Thread 0x000001afd2377f60 Uncommon trap: reason=unstable_fused_if action=reinterpret pc=0x000001afc48e5530 method=java.util.regex.Pattern.atom()Ljava/util/regex/Pattern$Node; @ 14 c2
Event: 23.193 Thread 0x000001afd2377f60 DEOPT PACKING pc=0x000001afc48e5530 sp=0x000000a8a24fe5b0
Event: 23.193 Thread 0x000001afd2377f60 DEOPT UNPACKING pc=0x000001afbcc420a3 sp=0x000000a8a24fe588 mode 2
Event: 23.193 Thread 0x000001afd2377f60 Uncommon trap: trap_request=0xffffff45 fr.pc=0x000001afc48df01c relative=0x00000000000004dc
Event: 23.193 Thread 0x000001afd2377f60 Uncommon trap: reason=unstable_if action=reinterpret pc=0x000001afc48df01c method=java.util.regex.Pattern.newSlice([IIZ)Ljava/util/regex/Pattern$Node; @ 10 c2
Event: 23.193 Thread 0x000001afd2377f60 DEOPT PACKING pc=0x000001afc48df01c sp=0x000000a8a24fe530
Event: 23.193 Thread 0x000001afd2377f60 DEOPT UNPACKING pc=0x000001afbcc420a3 sp=0x000000a8a24fe4f0 mode 2
Event: 23.193 Thread 0x000001afd2377f60 Uncommon trap: trap_request=0xffffff45 fr.pc=0x000001afc48f32e0 relative=0x00000000000006c0
Event: 23.193 Thread 0x000001afd2377f60 Uncommon trap: reason=unstable_if action=reinterpret pc=0x000001afc48f32e0 method=java.util.regex.Pattern.sequence(Ljava/util/regex/Pattern$Node;)Ljava/util/regex/Pattern$Node; @ 12 c2
Event: 23.193 Thread 0x000001afd2377f60 DEOPT PACKING pc=0x000001afc48f32e0 sp=0x000000a8a24fe650
Event: 23.193 Thread 0x000001afd2377f60 DEOPT UNPACKING pc=0x000001afbcc420a3 sp=0x000000a8a24fe5e0 mode 2
Event: 23.193 Thread 0x000001afd2377f60 Uncommon trap: trap_request=0xffffffde fr.pc=0x000001afc48ddbf0 relative=0x0000000000000b30
Event: 23.193 Thread 0x000001afd2377f60 Uncommon trap: reason=class_check action=maybe_recompile pc=0x000001afc48ddbf0 method=java.util.regex.Pattern.compile()V @ 339 c2
Event: 23.193 Thread 0x000001afd2377f60 DEOPT PACKING pc=0x000001afc48ddbf0 sp=0x000000a8a24fe6b0
Event: 23.193 Thread 0x000001afd2377f60 DEOPT UNPACKING pc=0x000001afbcc420a3 sp=0x000000a8a24fe678 mode 2
Event: 23.194 Thread 0x000001afd2377f60 Uncommon trap: trap_request=0xffffffde fr.pc=0x000001afc48ddbf0 relative=0x0000000000000b30
Event: 23.194 Thread 0x000001afd2377f60 Uncommon trap: reason=class_check action=maybe_recompile pc=0x000001afc48ddbf0 method=java.util.regex.Pattern.compile()V @ 339 c2
Event: 23.194 Thread 0x000001afd2377f60 DEOPT PACKING pc=0x000001afc48ddbf0 sp=0x000000a8a24fe6b0
Event: 23.194 Thread 0x000001afd2377f60 DEOPT UNPACKING pc=0x000001afbcc420a3 sp=0x000000a8a24fe678 mode 2

Classes unloaded (7 events):
Event: 6.069 Thread 0x000001afcf920c20 Unloading class 0x0000000100211400 'java/lang/invoke/LambdaForm$MH+0x0000000100211400'
Event: 6.069 Thread 0x000001afcf920c20 Unloading class 0x0000000100211000 'java/lang/invoke/LambdaForm$MH+0x0000000100211000'
Event: 6.069 Thread 0x000001afcf920c20 Unloading class 0x0000000100210c00 'java/lang/invoke/LambdaForm$MH+0x0000000100210c00'
Event: 6.069 Thread 0x000001afcf920c20 Unloading class 0x0000000100210800 'java/lang/invoke/LambdaForm$MH+0x0000000100210800'
Event: 6.069 Thread 0x000001afcf920c20 Unloading class 0x0000000100210000 'java/lang/invoke/LambdaForm$BMH+0x0000000100210000'
Event: 6.069 Thread 0x000001afcf920c20 Unloading class 0x000000010020fc00 'java/lang/invoke/LambdaForm$DMH+0x000000010020fc00'
Event: 6.069 Thread 0x000001afcf920c20 Unloading class 0x000000010020c400 'java/lang/invoke/LambdaForm$DMH+0x000000010020c400'

Classes redefined (0 events):
No events

Internal exceptions (20 events):
Event: 21.899 Thread 0x000001afd2377f60 Exception <a 'sun/nio/fs/WindowsException'{0x00000000eb42b2d8}> (0x00000000eb42b2d8) 
thrown [s\src\hotspot\share\prims\jni.cpp, line 516]
Event: 21.900 Thread 0x000001afd2377f60 Exception <a 'sun/nio/fs/WindowsException'{0x00000000eb430340}> (0x00000000eb430340) 
thrown [s\src\hotspot\share\prims\jni.cpp, line 516]
Event: 21.901 Thread 0x000001afd2377f60 Exception <a 'sun/nio/fs/WindowsException'{0x00000000eb435438}> (0x00000000eb435438) 
thrown [s\src\hotspot\share\prims\jni.cpp, line 516]
Event: 21.902 Thread 0x000001afd2377f60 Exception <a 'sun/nio/fs/WindowsException'{0x00000000eb43c600}> (0x00000000eb43c600) 
thrown [s\src\hotspot\share\prims\jni.cpp, line 516]
Event: 21.903 Thread 0x000001afd2377f60 Exception <a 'sun/nio/fs/WindowsException'{0x00000000eb440bf8}> (0x00000000eb440bf8) 
thrown [s\src\hotspot\share\prims\jni.cpp, line 516]
Event: 21.903 Thread 0x000001afd2377f60 Exception <a 'sun/nio/fs/WindowsException'{0x00000000eb445490}> (0x00000000eb445490) 
thrown [s\src\hotspot\share\prims\jni.cpp, line 516]
Event: 21.904 Thread 0x000001afd2377f60 Exception <a 'sun/nio/fs/WindowsException'{0x00000000eb44b088}> (0x00000000eb44b088) 
thrown [s\src\hotspot\share\prims\jni.cpp, line 516]
Event: 21.905 Thread 0x000001afd2377f60 Exception <a 'sun/nio/fs/WindowsException'{0x00000000eb450228}> (0x00000000eb450228) 
thrown [s\src\hotspot\share\prims\jni.cpp, line 516]
Event: 21.906 Thread 0x000001afd2377f60 Exception <a 'sun/nio/fs/WindowsException'{0x00000000eb454db0}> (0x00000000eb454db0) 
thrown [s\src\hotspot\share\prims\jni.cpp, line 516]
Event: 21.907 Thread 0x000001afd2377f60 Exception <a 'sun/nio/fs/WindowsException'{0x00000000eb45a050}> (0x00000000eb45a050) 
thrown [s\src\hotspot\share\prims\jni.cpp, line 516]
Event: 21.908 Thread 0x000001afd2377f60 Exception <a 'sun/nio/fs/WindowsException'{0x00000000eb45ffb0}> (0x00000000eb45ffb0) 
thrown [s\src\hotspot\share\prims\jni.cpp, line 516]
Event: 21.909 Thread 0x000001afd2377f60 Exception <a 'sun/nio/fs/WindowsException'{0x00000000eb467018}> (0x00000000eb467018) 
thrown [s\src\hotspot\share\prims\jni.cpp, line 516]
Event: 21.910 Thread 0x000001afd2377f60 Exception <a 'sun/nio/fs/WindowsException'{0x00000000eb472d00}> (0x00000000eb472d00) 
thrown [s\src\hotspot\share\prims\jni.cpp, line 516]
Event: 21.911 Thread 0x000001afd2377f60 Exception <a 'sun/nio/fs/WindowsException'{0x00000000eb477598}> (0x00000000eb477598) 
thrown [s\src\hotspot\share\prims\jni.cpp, line 516]
Event: 21.912 Thread 0x000001afd2377f60 Exception <a 'sun/nio/fs/WindowsException'{0x00000000eb47d190}> (0x00000000eb47d190) 
thrown [s\src\hotspot\share\prims\jni.cpp, line 516]
Event: 21.913 Thread 0x000001afd2377f60 Exception <a 'sun/nio/fs/WindowsException'{0x00000000eb4820c0}> (0x00000000eb4820c0) 
thrown [s\src\hotspot\share\prims\jni.cpp, line 516]
Event: 21.913 Thread 0x000001afd2377f60 Exception <a 'sun/nio/fs/WindowsException'{0x00000000eb486c48}> (0x00000000eb486c48) 
thrown [s\src\hotspot\share\prims\jni.cpp, line 516]
Event: 21.914 Thread 0x000001afd2377f60 Exception <a 'sun/nio/fs/WindowsException'{0x00000000eb48bee8}> (0x00000000eb48bee8) 
thrown [s\src\hotspot\share\prims\jni.cpp, line 516]
Event: 21.915 Thread 0x000001afd2377f60 Exception <a 'sun/nio/fs/WindowsException'{0x00000000eb491e48}> (0x00000000eb491e48) 
thrown [s\src\hotspot\share\prims\jni.cpp, line 516]
Event: 21.917 Thread 0x000001afd2377f60 Exception <a 'sun/nio/fs/WindowsException'{0x00000000eb4998c8}> (0x00000000eb4998c8) 
thrown [s\src\hotspot\share\prims\jni.cpp, line 516]

VM Operations (20 events):
Event: 16.687 Executing VM operation: ParallelGCFailedAllocation done
Event: 17.702 Executing VM operation: Cleanup
Event: 17.702 Executing VM operation: Cleanup done
Event: 17.770 Executing VM operation: ParallelGCFailedAllocation
Event: 19.786 Executing VM operation: ParallelGCFailedAllocation done
Event: 19.878 Executing VM operation: ParallelGCFailedAllocation
Event: 19.884 Executing VM operation: ParallelGCFailedAllocation done
Event: 19.968 Executing VM operation: ParallelGCFailedAllocation
Event: 19.986 Executing VM operation: ParallelGCFailedAllocation done
Event: 20.082 Executing VM operation: ParallelGCFailedAllocation
Event: 20.087 Executing VM operation: ParallelGCFailedAllocation done
Event: 21.087 Executing VM operation: Cleanup
Event: 21.494 Executing VM operation: Cleanup done
Event: 21.556 Executing VM operation: ParallelGCFailedAllocation
Event: 21.563 Executing VM operation: ParallelGCFailedAllocation done
Event: 22.055 Executing VM operation: ParallelGCFailedAllocation
Event: 22.059 Executing VM operation: ParallelGCFailedAllocation done
Event: 23.067 Executing VM operation: Cleanup
Event: 23.084 Executing VM operation: Cleanup done
Event: 24.095 Executing VM operation: Cleanup

Events (20 events):
Event: 16.531 loading class sun/nio/ch/ChannelInputStream
Event: 16.531 loading class sun/nio/ch/ChannelInputStream done
Event: 16.531 loading class java/nio/channels/SelectableChannel
Event: 16.531 loading class java/nio/channels/SelectableChannel done
Event: 20.221 loading class java/nio/file/SimpleFileVisitor
Event: 20.221 loading class java/nio/file/SimpleFileVisitor done
Event: 20.222 loading class java/nio/file/FileTreeWalker$1
Event: 20.222 loading class java/nio/file/FileTreeWalker$1 done
Event: 20.224 loading class sun/nio/fs/Globs
Event: 20.225 loading class sun/nio/fs/Globs done
Event: 20.225 loading class java/util/regex/Pattern$SliceU
Event: 20.225 loading class java/util/regex/Pattern$SliceU done
Event: 20.226 loading class sun/nio/fs/WindowsFileSystem$2
Event: 20.226 loading class java/nio/file/PathMatcher
Event: 20.226 loading class java/nio/file/PathMatcher done
Event: 20.226 loading class sun/nio/fs/WindowsFileSystem$2 done
Event: 20.227 loading class sun/nio/fs/WindowsException
Event: 20.228 loading class sun/nio/fs/WindowsException done
Event: 23.193 loading class java/util/regex/PatternSyntaxException
Event: 23.193 loading class java/util/regex/PatternSyntaxException done


Dynamic libraries:
0x00007ff7bce00000 - 0x00007ff7bce0e000 	c:\Users\SOHAIL AHMAD\.antigravity\extensions\redhat.java-1.12.0-win32-x64\jre\17.0.4.1-win32-x86_64\bin\java.exe
0x00007ffca1740000 - 0x00007ffca19a7000 	C:\WINDOWS\SYSTEM32\ntdll.dll
0x00007ffca03a0000 - 0x00007ffca0469000 	C:\WINDOWS\System32\KERNEL32.DLL
0x00007ffc9edf0000 - 0x00007ffc9f1e1000 	C:\WINDOWS\System32\KERNELBASE.dll
0x00007ffc9e890000 - 0x00007ffc9e9db000 	C:\WINDOWS\System32\ucrtbase.dll
0x00007ffc89270000 - 0x00007ffc89288000 	c:\Users\SOHAIL AHMAD\.antigravity\extensions\redhat.java-1.12.0-win32-x64\jre\17.0.4.1-win32-x86_64\bin\jli.dll
0x00007ffc89030000 - 0x00007ffc89049000 	c:\Users\SOHAIL AHMAD\.antigravity\extensions\redhat.java-1.12.0-win32-x64\jre\17.0.4.1-win32-x86_64\bin\VCRUNTIME140.dll
0x00007ffca0eb0000 - 0x00007ffca1075000 	C:\WINDOWS\System32\USER32.dll
0x00007ffc81a70000 - 0x00007ffc81d03000 	C:\WINDOWS\WinSxS\amd64_microsoft.windows.common-controls_6595b64144ccf1df_6.0.26100.8037_none_3e092faae333b53b\COMCTL32.dll
0x00007ffc9f400000 - 0x00007ffc9f427000 	C:\WINDOWS\System32\win32u.dll
0x00007ffca1170000 - 0x00007ffca1219000 	C:\WINDOWS\System32\msvcrt.dll
0x00007ffca0300000 - 0x00007ffca032b000 	C:\WINDOWS\System32\GDI32.dll
0x00007ffc9e9e0000 - 0x00007ffc9eb0b000 	C:\WINDOWS\System32\gdi32full.dll
0x00007ffc9f430000 - 0x00007ffc9f4d3000 	C:\WINDOWS\System32\msvcp_win.dll
0x00007ffca1090000 - 0x00007ffca10c1000 	C:\WINDOWS\System32\IMM32.DLL
0x00007ffc932e0000 - 0x00007ffc932ec000 	c:\Users\SOHAIL AHMAD\.antigravity\extensions\redhat.java-1.12.0-win32-x64\jre\17.0.4.1-win32-x86_64\bin\vcruntime140_1.dll
0x00007ffc5c2f0000 - 0x00007ffc5c381000 	c:\Users\SOHAIL AHMAD\.antigravity\extensions\redhat.java-1.12.0-win32-x64\jre\17.0.4.1-win32-x86_64\bin\msvcp140.dll
0x00007ffbc7930000 - 0x00007ffbc8576000 	c:\Users\SOHAIL AHMAD\.antigravity\extensions\redhat.java-1.12.0-win32-x64\jre\17.0.4.1-win32-x86_64\bin\server\jvm.dll
0x00007ffca1220000 - 0x00007ffca12db000 	C:\WINDOWS\System32\ADVAPI32.dll
0x00007ffca12f0000 - 0x00007ffca1397000 	C:\WINDOWS\System32\sechost.dll
0x00007ffca01e0000 - 0x00007ffca02f8000 	C:\WINDOWS\System32\RPCRT4.dll
0x00007ffca10d0000 - 0x00007ffca10d8000 	C:\WINDOWS\System32\PSAPI.DLL
0x00007ffc94550000 - 0x00007ffc94585000 	C:\WINDOWS\SYSTEM32\WINMM.dll
0x00007ffc94330000 - 0x00007ffc9433a000 	C:\WINDOWS\SYSTEM32\WSOCK32.dll
0x00007ffc93ce0000 - 0x00007ffc93ceb000 	C:\WINDOWS\SYSTEM32\VERSION.dll
0x00007ffca1540000 - 0x00007ffca15b4000 	C:\WINDOWS\System32\WS2_32.dll
0x00007ffc9cdb0000 - 0x00007ffc9cdcb000 	C:\WINDOWS\SYSTEM32\kernel.appcore.dll
0x00007ffc8e100000 - 0x00007ffc8e10a000 	c:\Users\SOHAIL AHMAD\.antigravity\extensions\redhat.java-1.12.0-win32-x64\jre\17.0.4.1-win32-x86_64\bin\jimage.dll
0x00007ffc87330000 - 0x00007ffc87572000 	C:\WINDOWS\SYSTEM32\DBGHELP.DLL
0x00007ffc9fd50000 - 0x00007ffca00d2000 	C:\WINDOWS\System32\combase.dll
0x00007ffca0660000 - 0x00007ffca0737000 	C:\WINDOWS\System32\OLEAUT32.dll
0x00007ffc7e1c0000 - 0x00007ffc7e1fb000 	C:\WINDOWS\SYSTEM32\dbgcore.DLL
0x00007ffc9ed40000 - 0x00007ffc9ede5000 	C:\WINDOWS\System32\bcryptPrimitives.dll
0x00007ffc8de50000 - 0x00007ffc8de5e000 	c:\Users\SOHAIL AHMAD\.antigravity\extensions\redhat.java-1.12.0-win32-x64\jre\17.0.4.1-win32-x86_64\bin\instrument.dll
0x00007ffc745a0000 - 0x00007ffc745c5000 	c:\Users\SOHAIL AHMAD\.antigravity\extensions\redhat.java-1.12.0-win32-x64\jre\17.0.4.1-win32-x86_64\bin\java.dll
0x00007ffc88bc0000 - 0x00007ffc88bd8000 	c:\Users\SOHAIL AHMAD\.antigravity\extensions\redhat.java-1.12.0-win32-x64\jre\17.0.4.1-win32-x86_64\bin\zip.dll
0x00007ffca0740000 - 0x00007ffca0e9f000 	C:\WINDOWS\System32\SHELL32.dll
0x00007ffc9eb10000 - 0x00007ffc9ec7a000 	C:\WINDOWS\System32\wintypes.dll
0x00007ffc9e020000 - 0x00007ffc9e884000 	C:\WINDOWS\System32\windows.storage.dll
0x00007ffca00e0000 - 0x00007ffca01d7000 	C:\WINDOWS\System32\SHCORE.dll
0x00007ffca0330000 - 0x00007ffca0397000 	C:\WINDOWS\System32\shlwapi.dll
0x00007ffc9df40000 - 0x00007ffc9df69000 	C:\WINDOWS\SYSTEM32\profapi.dll
0x00007ffc89010000 - 0x00007ffc89029000 	C:\Users\SOHAIL AHMAD\.antigravity\extensions\redhat.java-1.12.0-win32-x64\jre\17.0.4.1-win32-x86_64\bin\net.dll
0x00007ffc94420000 - 0x00007ffc94547000 	C:\WINDOWS\SYSTEM32\WINHTTP.dll
0x00007ffc9d320000 - 0x00007ffc9d38b000 	C:\WINDOWS\system32\mswsock.dll
0x00007ffc731d0000 - 0x00007ffc731e5000 	C:\Users\SOHAIL AHMAD\.antigravity\extensions\redhat.java-1.12.0-win32-x64\jre\17.0.4.1-win32-x86_64\bin\nio.dll
0x00007ffc8b8e0000 - 0x00007ffc8b8f0000 	c:\Users\SOHAIL AHMAD\.antigravity\extensions\redhat.java-1.12.0-win32-x64\jre\17.0.4.1-win32-x86_64\bin\verify.dll
0x00007ffc71770000 - 0x00007ffc717ae000 	C:\Users\SOHAIL AHMAD\AppData\Roaming\Antigravity\User\globalStorage\redhat.java\1.12.0\config_win\org.eclipse.equinox.launcher\org.eclipse.equinox.launcher.win32.win32.x86_64_1.2.600.v20220720-1916\eclipse_11700.dll
0x00007ffca13a0000 - 0x00007ffca1535000 	C:\WINDOWS\System32\ole32.dll
0x00007ffc9d600000 - 0x00007ffc9d61b000 	C:\WINDOWS\SYSTEM32\CRYPTSP.dll
0x00007ffc9cd10000 - 0x00007ffc9cd49000 	C:\WINDOWS\system32\rsaenh.dll
0x00007ffc9d3d0000 - 0x00007ffc9d402000 	C:\WINDOWS\SYSTEM32\USERENV.dll
0x00007ffc9df10000 - 0x00007ffc9df3a000 	C:\WINDOWS\SYSTEM32\bcrypt.dll
0x00007ffc9d620000 - 0x00007ffc9d62c000 	C:\WINDOWS\SYSTEM32\CRYPTBASE.dll
0x00007ffc9c730000 - 0x00007ffc9c763000 	C:\WINDOWS\SYSTEM32\IPHLPAPI.DLL
0x00007ffc9faf0000 - 0x00007ffc9fafa000 	C:\WINDOWS\System32\NSI.dll
0x00007ffc98b60000 - 0x00007ffc98b7d000 	C:\WINDOWS\SYSTEM32\dhcpcsvc6.DLL
0x00007ffc98b30000 - 0x00007ffc98b53000 	C:\WINDOWS\SYSTEM32\dhcpcsvc.DLL
0x00007ffc9c770000 - 0x00007ffc9c89a000 	C:\WINDOWS\SYSTEM32\DNSAPI.dll
0x00007ffc73530000 - 0x00007ffc73570000 	C:\Users\SOHAIL AHMAD\AppData\Local\Temp\jna-1494489537\jna7430782602438107009.dll

dbghelp: loaded successfully - version: 4.0.5 - missing functions: none
symbol engine: initialized successfully - sym options: 0x614 - pdb path: .;c:\Users\SOHAIL AHMAD\.antigravity\extensions\redhat.java-1.12.0-win32-x64\jre\17.0.4.1-win32-x86_64\bin;C:\WINDOWS\SYSTEM32;C:\WINDOWS\WinSxS\amd64_microsoft.windows.common-controls_6595b64144ccf1df_6.0.26100.8037_none_3e092faae333b53b;c:\Users\SOHAIL AHMAD\.antigravity\extensions\redhat.java-1.12.0-win32-x64\jre\17.0.4.1-win32-x86_64\bin\server;C:\Users\SOHAIL AHMAD\AppData\Roaming\Antigravity\User\globalStorage\redhat.java\1.12.0\config_win\org.eclipse.equinox.launcher\org.eclipse.equinox.launcher.win32.win32.x86_64_1.2.600.v20220720-1916;C:\Users\SOHAIL AHMAD\AppData\Local\Temp\jna-1494489537

VM Arguments:
jvm_args: --add-modules=ALL-SYSTEM --add-opens=java.base/java.util=ALL-UNNAMED --add-opens=java.base/java.lang=ALL-UNNAMED --add-opens=java.base/sun.nio.fs=ALL-UNNAMED -Declipse.application=org.eclipse.jdt.ls.core.id1 -Dosgi.bundles.defaultStartLevel=4 -Declipse.product=org.eclipse.jdt.ls.core.product -Djava.import.generatesMetadataFilesAtProjectRoot=false -Dfile.encoding=utf8 -XX:+UseParallelGC -XX:GCTimeRatio=4 -XX:AdaptiveSizePolicyWeight=90 -Dsun.zip.disableMemoryMapping=true -Xmx1G -Xms100m -Xlog:disable -javaagent:c:\Users\SOHAIL AHMAD\.antigravity\extensions\redhat.java-1.12.0-win32-x64\lombok\lombok-1.18.24.jar -XX:+HeapDumpOnOutOfMemoryError -XX:HeapDumpPath=c:\Users\SOHAIL AHMAD\AppData\Roaming\Antigravity\User\workspaceStorage\e93f37d5df380cb2e825645f6b524362\redhat.java 
java_command: c:\Users\SOHAIL AHMAD\.antigravity\extensions\redhat.java-1.12.0-win32-x64\server\plugins\org.eclipse.equinox.launcher_1.6.400.v20210924-0641.jar -configuration c:\Users\SOHAIL AHMAD\AppData\Roaming\Antigravity\User\globalStorage\redhat.java\1.12.0\config_win -data c:\Users\SOHAIL AHMAD\AppData\Roaming\Antigravity\User\workspaceStorage\e93f37d5df380cb2e825645f6b524362\redhat.java\jdt_ws
java_class_path (initial): c:\Users\SOHAIL AHMAD\.antigravity\extensions\redhat.java-1.12.0-win32-x64\server\plugins\org.eclipse.equinox.launcher_1.6.400.v20210924-0641.jar
Launcher Type: SUN_STANDARD

[Global flags]
    uintx AdaptiveSizePolicyWeight                 = 90                                        {product} {command line}
     intx CICompilerCount                          = 4                                         {product} {ergonomic}
    uintx GCTimeRatio                              = 4                                         {product} {command line}
     bool HeapDumpOnOutOfMemoryError               = true                                   {manageable} {command line}
    ccstr HeapDumpPath                             = c:\Users\SOHAIL AHMAD\AppData\Roaming\Antigravity\User\workspaceStorage\e93f37d5df380cb2e825645f6b524362\redhat.java         {manageable} {command line}
   size_t InitialHeapSize                          = 104857600                                 {product} {command line}
   size_t MaxHeapSize                              = 1073741824                                {product} {command line}
   size_t MaxNewSize                               = 357564416                                 {product} {ergonomic}
   size_t MinHeapDeltaBytes                        = 524288                                    {product} {ergonomic}
   size_t MinHeapSize                              = 104857600                                 {product} {command line}
   size_t NewSize                                  = 34603008                                  {product} {ergonomic}
    uintx NonNMethodCodeHeapSize                   = 5839372                                {pd product} {ergonomic}
    uintx NonProfiledCodeHeapSize                  = 122909434                              {pd product} {ergonomic}
   size_t OldSize                                  = 70254592                                  {product} {ergonomic}
    uintx ProfiledCodeHeapSize                     = 122909434                              {pd product} {ergonomic}
    uintx ReservedCodeCacheSize                    = 251658240                              {pd product} {ergonomic}
     bool SegmentedCodeCache                       = true                                      {product} {ergonomic}
   size_t SoftMaxHeapSize                          = 1073741824                             {manageable} {ergonomic}
     bool UseCompressedClassPointers               = true                           {product lp64_product} {ergonomic}
     bool UseCompressedOops                        = true                           {product lp64_product} {ergonomic}
     bool UseLargePagesIndividualAllocation        = false                                  {pd product} {ergonomic}
     bool UseParallelGC                            = true                                      {product} {command line}

Logging:
Log output configuration:
 #0: stdout all=off uptime,level,tags
 #1: stderr all=off uptime,level,tags

Environment Variables:
PATH=C:\Program Files\Common Files\Oracle\Java\javapath;C:\Python313\Scripts\;C:\Python313\;C:\Program Files\Python312\Scripts\;C:\Program Files\Python312\;C:\WINDOWS\system32;C:\WINDOWS;C:\WINDOWS\System32\Wbem;C:\WINDOWS\System32\WindowsPowerShell\v1.0\;C:\WINDOWS\System32\OpenSSH\;C:\Program Files\Git\cmd;C:\mingw64\bin;C:\php8.3;C:\ProgramData\ComposerSetup\bin;C:\ProgramData\chocolatey\bin;C:\nvm;C:\nvm4w\nodejs;C:\Program Files\cursor\resources\app\bin;C:\Users\SOHAIL AHMAD\AppData\Local\Microsoft\WindowsApps;C:\Users\SOHAIL AHMAD\AppData\Local\Programs\Microsoft VS Code\bin;C:\php8.3;C:\mingw64\bin;C:\Users\SOHAIL AHMAD\AppData\Roaming\Composer\vendor\bin;C:\Users\SOHAIL AHMAD\AppData\Roaming\npm;C:\nvm;C:\nvm4w\nodejs;C:\Program Files\MongoDB\Server\8.2\bin;C:\Program Files\MongoDB\mongosh-2.5.8-win32-x64\bin;C:\Users\SOHAIL AHMAD\AppData\Local\Programs\Antigravity\bin
USERNAME=SOHAIL AHMAD
OS=Windows_NT
PROCESSOR_IDENTIFIER=AMD64 Family 23 Model 160 Stepping 0, AuthenticAMD
TMP=C:\Users\SOHAIL~1\AppData\Local\Temp
TEMP=C:\Users\SOHAIL~1\AppData\Local\Temp



---------------  S Y S T E M  ---------------

OS:
 Windows 11 , 64 bit Build 26100 (10.0.26100.7920)
OS uptime: 0 days 20:42 hours
Hyper-V role detected

CPU: total 8 (initial active 8) (8 cores per cpu, 2 threads per core) family 23 model 160 stepping 0 microcode 0x8a00006, cx8, cmov, fxsr, ht, mmx, 3dnowpref, sse, sse2, sse3, ssse3, sse4a, sse4.1, sse4.2, popcnt, lzcnt, tsc, tscinvbit, avx, avx2, aes, clmul, bmi1, bmi2, adx, sha, fma, vzeroupper, clflush, clflushopt, hv

Memory: 4k page, system-wide physical 5965M (521M free)
TotalPageFile size 24397M (AvailPageFile size 254M)
current process WorkingSet (physical memory assigned to process): 191M, peak: 199M
current process commit charge ("private bytes"): 269M, peak: 293M

vm_info: OpenJDK 64-Bit Server VM (17.0.4.1+1) for windows-amd64 JRE (17.0.4.1+1), built on Aug 17 2022 07:42:43 by "temurin" with MS VC++ 16.7 (VS2019)

END.
