#
# There is insufficient memory for the Java Runtime Environment to continue.
# Native memory allocation (malloc) failed to allocate 1812656 bytes for Chunk::new
# Possible reasons:
#   The system is out of physical RAM or swap space
#   The process is running with CompressedOops enabled, and the Java Heap may be blocking the growth of the native heap
# Possible solutions:
#   Reduce memory load on the system
#   Increase physical memory or swap space
#   Check if swap backing store is full
#   Decrease Java heap size (-Xmx/-Xms)
#   Decrease number of Java threads
#   Decrease Java thread stack sizes (-Xss)
#   Set larger code cache with -XX:ReservedCodeCacheSize=
#   JVM is running with Unscaled Compressed Oops mode in which the Java heap is
#     placed in the first 4GB address space. The Java Heap base address is the
#     maximum limit for the native heap growth. Please use -XX:HeapBaseMinAddress
#     to set the Java Heap base and to place the Java Heap above 4GB virtual address.
# This output file may be truncated or incomplete.
#
#  Out of Memory Error (arena.cpp:189), pid=24400, tid=20604
#
# JRE version: OpenJDK Runtime Environment Temurin-17.0.4.1+1 (17.0.4.1+1) (build 17.0.4.1+1)
# Java VM: OpenJDK 64-Bit Server VM Temurin-17.0.4.1+1 (17.0.4.1+1, mixed mode, tiered, compressed oops, compressed class ptrs, parallel gc, windows-amd64)
# No core dump will be written. Minidumps are not enabled by default on client versions of Windows
#

---------------  S U M M A R Y ------------

Command Line: --add-modules=ALL-SYSTEM --add-opens=java.base/java.util=ALL-UNNAMED --add-opens=java.base/java.lang=ALL-UNNAMED --add-opens=java.base/sun.nio.fs=ALL-UNNAMED -Declipse.application=org.eclipse.jdt.ls.core.id1 -Dosgi.bundles.defaultStartLevel=4 -Declipse.product=org.eclipse.jdt.ls.core.product -Djava.import.generatesMetadataFilesAtProjectRoot=false -Dfile.encoding=utf8 -XX:+UseParallelGC -XX:GCTimeRatio=4 -XX:AdaptiveSizePolicyWeight=90 -Dsun.zip.disableMemoryMapping=true -Xmx1G -Xms100m -Xlog:disable -javaagent:c:\Users\SOHAIL AHMAD\.antigravity\extensions\redhat.java-1.12.0-win32-x64\lombok\lombok-1.18.24.jar c:\Users\SOHAIL AHMAD\.antigravity\extensions\redhat.java-1.12.0-win32-x64\server\plugins\org.eclipse.equinox.launcher_1.6.400.v20210924-0641.jar -configuration c:\Users\SOHAIL AHMAD\AppData\Roaming\Antigravity\User\globalStorage\redhat.java\1.12.0\config_ss_win -data c:\Users\SOHAIL AHMAD\AppData\Roaming\Antigravity\User\workspaceStorage\e93f37d5df380cb2e825645f6b524362\redhat.java\ss_ws

Host: AMD Ryzen 3 7320U with Radeon Graphics         , 8 cores, 5G,  Windows 11 , 64 bit Build 26100 (10.0.26100.7920)
Time: Thu Mar 19 19:22:44 2026 India Standard Time elapsed time: 7.122457 seconds (0d 0h 0m 7s)

---------------  T H R E A D  ---------------

Current thread (0x00000198b646a370):  JavaThread "C2 CompilerThread0" daemon [_thread_in_native, id=20604, stack(0x0000000678400000,0x0000000678500000)]


Current CompileTask:
C2:   7122 2969       4       org.eclipse.core.internal.watson.ElementTreeIterator::doIteration (114 bytes)

Stack: [0x0000000678400000,0x0000000678500000]
Native frames: (J=compiled Java code, j=interpreted, Vv=VM code, C=native code)
V  [jvm.dll+0x67731a]
V  [jvm.dll+0x832284]
V  [jvm.dll+0x833a2e]
V  [jvm.dll+0x834093]
V  [jvm.dll+0x245775]
V  [jvm.dll+0xabd7b]
V  [jvm.dll+0xac30c]
V  [jvm.dll+0x363a42]
V  [jvm.dll+0x1bbf38]
V  [jvm.dll+0x2187d9]
V  [jvm.dll+0x217aa1]
V  [jvm.dll+0x1a3f8d]
V  [jvm.dll+0x227498]
V  [jvm.dll+0x2255e5]
V  [jvm.dll+0x7e7e9b]
V  [jvm.dll+0x7e240a]
V  [jvm.dll+0x6761a5]
C  [ucrtbase.dll+0x37b0]
C  [KERNEL32.DLL+0x2e8d7]
C  [ntdll.dll+0x8c48c]


---------------  P R O C E S S  ---------------

Threads class SMR info:
_java_thread_list=0x00000198b8efb620, length=25, elements={
0x000001989ed14aa0, 0x00000198b4905150, 0x00000198b4907140, 0x00000198b6422220,
0x00000198b6422ae0, 0x00000198b64246b0, 0x00000198b6425ae0, 0x00000198b646a370,
0x00000198b648ac80, 0x00000198b490bb50, 0x00000198b65337a0, 0x00000198b677cc90,
0x00000198b7534c60, 0x00000198b864ed70, 0x00000198b864f4e0, 0x00000198b856d9a0,
0x00000198b7b0cf30, 0x00000198b880d430, 0x00000198b89cf5d0, 0x00000198b89cec30,
0x00000198b89cddc0, 0x00000198b89ce290, 0x00000198b89ce760, 0x00000198ba8a9a10,
0x00000198b89cff70
}

Java Threads: ( => current thread )
  0x000001989ed14aa0 JavaThread "main" [_thread_blocked, id=1784, stack(0x0000000677a00000,0x0000000677b00000)]
  0x00000198b4905150 JavaThread "Reference Handler" daemon [_thread_blocked, id=3172, stack(0x0000000677e00000,0x0000000677f00000)]
  0x00000198b4907140 JavaThread "Finalizer" daemon [_thread_blocked, id=22596, stack(0x0000000677f00000,0x0000000678000000)]
  0x00000198b6422220 JavaThread "Signal Dispatcher" daemon [_thread_blocked, id=10548, stack(0x0000000678000000,0x0000000678100000)]
  0x00000198b6422ae0 JavaThread "Attach Listener" daemon [_thread_blocked, id=18352, stack(0x0000000678100000,0x0000000678200000)]
  0x00000198b64246b0 JavaThread "Service Thread" daemon [_thread_blocked, id=21628, stack(0x0000000678200000,0x0000000678300000)]
  0x00000198b6425ae0 JavaThread "Monitor Deflation Thread" daemon [_thread_blocked, id=12872, stack(0x0000000678300000,0x0000000678400000)]
=>0x00000198b646a370 JavaThread "C2 CompilerThread0" daemon [_thread_in_native, id=20604, stack(0x0000000678400000,0x0000000678500000)]
  0x00000198b648ac80 JavaThread "C1 CompilerThread0" daemon [_thread_blocked, id=348, stack(0x0000000678500000,0x0000000678600000)]
  0x00000198b490bb50 JavaThread "Sweeper thread" daemon [_thread_blocked, id=16568, stack(0x0000000678600000,0x0000000678700000)]
  0x00000198b65337a0 JavaThread "Common-Cleaner" daemon [_thread_blocked, id=15740, stack(0x0000000678700000,0x0000000678800000)]
  0x00000198b677cc90 JavaThread "Notification Thread" daemon [_thread_blocked, id=24308, stack(0x0000000678800000,0x0000000678900000)]
  0x00000198b7534c60 JavaThread "Active Thread: Equinox Container: 03b173ea-d965-4956-9aca-6abccb1c23ef" [_thread_blocked, id=22228, stack(0x0000000679000000,0x0000000679100000)]
  0x00000198b864ed70 JavaThread "Framework Event Dispatcher: Equinox Container: 03b173ea-d965-4956-9aca-6abccb1c23ef" daemon [_thread_blocked, id=19200, stack(0x0000000679100000,0x0000000679200000)]
  0x00000198b864f4e0 JavaThread "Start Level: Equinox Container: 03b173ea-d965-4956-9aca-6abccb1c23ef" daemon [_thread_blocked, id=3068, stack(0x0000000679200000,0x0000000679300000)]
  0x00000198b856d9a0 JavaThread "SCR Component Actor" daemon [_thread_blocked, id=12852, stack(0x0000000679300000,0x0000000679400000)]
  0x00000198b7b0cf30 JavaThread "SCR Component Registry" daemon [_thread_blocked, id=22116, stack(0x0000000679600000,0x0000000679700000)]
  0x00000198b880d430 JavaThread "Worker-JM" [_thread_blocked, id=13228, stack(0x0000000678a00000,0x0000000678b00000)]
  0x00000198b89cf5d0 JavaThread "Worker-0" [_thread_blocked, id=24504, stack(0x0000000679800000,0x0000000679900000)]
  0x00000198b89cec30 JavaThread "Worker-1: Initialize Workspace" [_thread_in_Java, id=13932, stack(0x0000000679900000,0x0000000679a00000)]
  0x00000198b89cddc0 JavaThread "JNA Cleaner" daemon [_thread_blocked, id=21864, stack(0x0000000679700000,0x0000000679800000)]
  0x00000198b89ce290 JavaThread "pool-2-thread-1" [_thread_blocked, id=23856, stack(0x0000000679c00000,0x0000000679d00000)]
  0x00000198b89ce760 JavaThread "pool-1-thread-1" [_thread_blocked, id=15316, stack(0x0000000679d00000,0x0000000679e00000)]
  0x00000198ba8a9a10 JavaThread "C2 CompilerThread1" daemon [_thread_in_native, id=14728, stack(0x0000000679e00000,0x0000000679f00000)]
  0x00000198b89cff70 JavaThread "Worker-2" [_thread_blocked, id=1072, stack(0x0000000679f00000,0x000000067a000000)]

Other Threads:
  0x00000198b6410c20 VMThread "VM Thread" [stack: 0x0000000677d00000,0x0000000677e00000] [id=5272]
  0x00000198b677d160 WatcherThread [stack: 0x0000000678900000,0x0000000678a00000] [id=892]
  0x000001989ed2a990 GCTaskThread "GC Thread#0" [stack: 0x0000000677c00000,0x0000000677d00000] [id=20216]
  0x00000198b76adb10 GCTaskThread "GC Thread#1" [stack: 0x0000000678b00000,0x0000000678c00000] [id=23136]
  0x00000198b7a55850 GCTaskThread "GC Thread#2" [stack: 0x0000000678c00000,0x0000000678d00000] [id=21568]
  0x00000198b7a55b00 GCTaskThread "GC Thread#3" [stack: 0x0000000678d00000,0x0000000678e00000] [id=19492]
  0x00000198b7a21a80 GCTaskThread "GC Thread#4" [stack: 0x0000000678e00000,0x0000000678f00000] [id=20920]
  0x00000198b7a21d30 GCTaskThread "GC Thread#5" [stack: 0x0000000678f00000,0x0000000679000000] [id=23852]
  0x000001989e8cc3b0 GCTaskThread "GC Thread#6" [stack: 0x0000000679400000,0x0000000679500000] [id=3812]
  0x00000198b8586c80 GCTaskThread "GC Thread#7" [stack: 0x0000000679500000,0x0000000679600000] [id=17696]

Threads with active compile tasks:
C2 CompilerThread0     7143 2969       4       org.eclipse.core.internal.watson.ElementTreeIterator::doIteration (114 bytes)
C2 CompilerThread1     7143 3329  s    4       jdk.internal.jimage.ImageReader$SharedImageReader::findNode (36 bytes)

VM state: not at safepoint (normal execution)

VM Mutex/Monitor currently owned by a thread: None

Heap address: 0x00000000c0000000, size: 1024 MB, Compressed Oops mode: 32-bit

CDS archive(s) not mapped
Compressed class space mapped at: 0x0000000100000000-0x0000000140000000, reserved size: 1073741824
Narrow klass base: 0x0000000000000000, Narrow klass shift: 3, Narrow klass range: 0x140000000

GC Precious Log:
 CPUs: 8 total, 8 available
 Memory: 5965M
 Large Page Support: Disabled
 NUMA Support: Disabled
 Compressed Oops: Enabled (32-bit)
 Alignments: Space 512K, Generation 512K, Heap 2M
 Heap Min Capacity: 100M
 Heap Initial Capacity: 100M
 Heap Max Capacity: 1G
 Pre-touch: Disabled
 Parallel Workers: 8

Heap:
 PSYoungGen      total 22528K, used 6812K [0x00000000eab00000, 0x00000000ec780000, 0x0000000100000000)
  eden space 22016K, 28% used [0x00000000eab00000,0x00000000eb12be78,0x00000000ec080000)
  from space 512K, 96% used [0x00000000ec700000,0x00000000ec77b420,0x00000000ec780000)
  to   space 3072K, 0% used [0x00000000ec180000,0x00000000ec180000,0x00000000ec480000)
 ParOldGen       total 68608K, used 22991K [0x00000000c0000000, 0x00000000c4300000, 0x00000000eab00000)
  object space 68608K, 33% used [0x00000000c0000000,0x00000000c1673de8,0x00000000c4300000)
 Metaspace       used 34713K, committed 35328K, reserved 1081344K
  class space    used 3506K, committed 3776K, reserved 1048576K

Card table byte_map: [0x00000198b21a0000,0x00000198b23b0000] _byte_map_base: 0x00000198b1ba0000

Marking Bits: (ParMarkBitMap*) 0x00007ffbc84b2cc0
 Begin Bits: [0x00000198b2510000, 0x00000198b3510000)
 End Bits:   [0x00000198b3510000, 0x00000198b4510000)

Polling page: 0x000001989ea00000

Metaspace:

Usage:
  Non-class:     30.48 MB used.
      Class:      3.42 MB used.
       Both:     33.90 MB used.

Virtual space:
  Non-class space:       32.00 MB reserved,      30.81 MB ( 96%) committed,  4 nodes.
      Class space:        1.00 GB reserved,       3.69 MB ( <1%) committed,  1 nodes.
             Both:        1.03 GB reserved,      34.50 MB (  3%) committed. 

Chunk freelists:
   Non-Class:  256.00 KB
       Class:  355.00 KB
        Both:  611.00 KB

MaxMetaspaceSize: unlimited
CompressedClassSpaceSize: 1.00 GB
Initial GC threshold: 21.00 MB
Current GC threshold: 35.00 MB
CDS: off
MetaspaceReclaimPolicy: balanced
 - commit_granule_bytes: 65536.
 - commit_granule_words: 8192.
 - virtual_space_node_default_size: 1048576.
 - enlarge_chunks_in_place: 1.
 - new_chunks_are_fully_committed: 0.
 - uncommit_free_chunks: 1.
 - use_allocation_guard: 0.
 - handle_deallocations: 1.


Internal statistics:

num_allocs_failed_limit: 3.
num_arena_births: 254.
num_arena_deaths: 14.
num_vsnodes_births: 5.
num_vsnodes_deaths: 0.
num_space_committed: 552.
num_space_uncommitted: 0.
num_chunks_returned_to_freelist: 17.
num_chunks_taken_from_freelist: 1259.
num_chunk_merges: 7.
num_chunk_splits: 852.
num_chunks_enlarged: 620.
num_purges: 2.
num_inconsistent_stats: 0.

CodeHeap 'non-profiled nmethods': size=120000Kb used=1445Kb max_used=1445Kb free=118554Kb
 bounds [0x00000198aaa90000, 0x00000198aad00000, 0x00000198b1fc0000]
CodeHeap 'profiled nmethods': size=120000Kb used=6777Kb max_used=6777Kb free=113222Kb
 bounds [0x00000198a3560000, 0x00000198a3c00000, 0x00000198aaa90000]
CodeHeap 'non-nmethods': size=5760Kb used=1254Kb max_used=1285Kb free=4506Kb
 bounds [0x00000198a2fc0000, 0x00000198a3230000, 0x00000198a3560000]
 total_blobs=3943 nmethods=3372 adapters=485
 compilation: enabled
              stopped_count=0, restarted_count=0
 full_count=0

Compilation events (20 events):
Event: 6.077 Thread 0x00000198b648ac80 nmethod 3360 0x00000198a3beaa90 code [0x00000198a3beac60, 0x00000198a3beaf08]
Event: 6.077 Thread 0x00000198b648ac80 3362       3       org.eclipse.jdt.internal.core.JavaElement::escapeMementoName (200 bytes)
Event: 6.078 Thread 0x00000198b648ac80 nmethod 3362 0x00000198a3beb010 code [0x00000198a3beb260, 0x00000198a3bebf98]
Event: 6.080 Thread 0x00000198b648ac80 3363       3       org.eclipse.jdt.internal.core.JarPackageFragmentRoot::isExternal (11 bytes)
Event: 6.080 Thread 0x00000198b648ac80 nmethod 3363 0x00000198a3bec510 code [0x00000198a3bec720, 0x00000198a3bed028]
Event: 6.081 Thread 0x00000198b648ac80 3364       3       sun.nio.fs.WindowsPath::elementAsString (62 bytes)
Event: 6.081 Thread 0x00000198b648ac80 nmethod 3364 0x00000198a3bed290 code [0x00000198a3bed4a0, 0x00000198a3bed948]
Event: 6.084 Thread 0x00000198b648ac80 3367       1       org.eclipse.jdt.internal.core.ClasspathEntry::getExtraAttributes (5 bytes)
Event: 6.084 Thread 0x00000198b648ac80 nmethod 3367 0x00000198aabf8490 code [0x00000198aabf8620, 0x00000198aabf86f8]
Event: 6.084 Thread 0x00000198b648ac80 3368  s    2       org.eclipse.jdt.internal.core.JavaModelManager::getInfo (36 bytes)
Event: 6.085 Thread 0x00000198b648ac80 nmethod 3368 0x00000198a3bedc90 code [0x00000198a3bede60, 0x00000198a3bee148]
Event: 6.086 Thread 0x00000198b648ac80 3369       2       org.eclipse.jdt.internal.core.AbstractClassFile::hashCode (18 bytes)
Event: 6.086 Thread 0x00000198b648ac80 nmethod 3369 0x00000198a3bee310 code [0x00000198a3bee4c0, 0x00000198a3bee638]
Event: 6.086 Thread 0x00000198b648ac80 3371       2       org.eclipse.core.runtime.Path::toOSString (227 bytes)
Event: 6.087 Thread 0x00000198b648ac80 nmethod 3371 0x00000198a3bee790 code [0x00000198a3bee9a0, 0x00000198a3beef88]
Event: 6.087 Thread 0x00000198b648ac80 3370       2       org.eclipse.core.internal.resources.Resource::hashCode (8 bytes)
Event: 6.088 Thread 0x00000198b648ac80 nmethod 3370 0x00000198a3bef390 code [0x00000198a3bef520, 0x00000198a3bef648]
Event: 6.088 Thread 0x00000198b648ac80 3372       2       sun.nio.fs.WindowsPath::parse (26 bytes)
Event: 6.088 Thread 0x00000198b648ac80 nmethod 3372 0x00000198a3bef710 code [0x00000198a3bef8a0, 0x00000198a3befa68]
Event: 6.095 Thread 0x00000198b648ac80 3374       2       org.eclipse.jdt.internal.compiler.parser.Scanner::internalScanIdentifierOrKeyword (4773 bytes)

GC Heap History (20 events):
Event: 2.821 GC heap before
{Heap before GC invocations=4 (full 0):
 PSYoungGen      total 29696K, used 24165K [0x00000000eab00000, 0x00000000ecc00000, 0x0000000100000000)
  eden space 25600K, 78% used [0x00000000eab00000,0x00000000ebea03f0,0x00000000ec400000)
  from space 4096K, 99% used [0x00000000ec400000,0x00000000ec7f9110,0x00000000ec800000)
  to   space 4096K, 0% used [0x00000000ec800000,0x00000000ec800000,0x00000000ecc00000)
 ParOldGen       total 68608K, used 3934K [0x00000000c0000000, 0x00000000c4300000, 0x00000000eab00000)
  object space 68608K, 5% used [0x00000000c0000000,0x00000000c03d7a68,0x00000000c4300000)
 Metaspace       used 21108K, committed 21504K, reserved 1073152K
  class space    used 2148K, committed 2368K, reserved 1048576K
}
Event: 2.827 GC heap after
{Heap after GC invocations=4 (full 0):
 PSYoungGen      total 29696K, used 4080K [0x00000000eab00000, 0x00000000ecc00000, 0x0000000100000000)
  eden space 25600K, 0% used [0x00000000eab00000,0x00000000eab00000,0x00000000ec400000)
  from space 4096K, 99% used [0x00000000ec800000,0x00000000ecbfc1a8,0x00000000ecc00000)
  to   space 4096K, 0% used [0x00000000ec400000,0x00000000ec400000,0x00000000ec800000)
 ParOldGen       total 68608K, used 12481K [0x00000000c0000000, 0x00000000c4300000, 0x00000000eab00000)
  object space 68608K, 18% used [0x00000000c0000000,0x00000000c0c30460,0x00000000c4300000)
 Metaspace       used 21108K, committed 21504K, reserved 1073152K
  class space    used 2148K, committed 2368K, reserved 1048576K
}
Event: 2.827 GC heap before
{Heap before GC invocations=5 (full 1):
 PSYoungGen      total 29696K, used 4080K [0x00000000eab00000, 0x00000000ecc00000, 0x0000000100000000)
  eden space 25600K, 0% used [0x00000000eab00000,0x00000000eab00000,0x00000000ec400000)
  from space 4096K, 99% used [0x00000000ec800000,0x00000000ecbfc1a8,0x00000000ecc00000)
  to   space 4096K, 0% used [0x00000000ec400000,0x00000000ec400000,0x00000000ec800000)
 ParOldGen       total 68608K, used 12481K [0x00000000c0000000, 0x00000000c4300000, 0x00000000eab00000)
  object space 68608K, 18% used [0x00000000c0000000,0x00000000c0c30460,0x00000000c4300000)
 Metaspace       used 21108K, committed 21504K, reserved 1073152K
  class space    used 2148K, committed 2368K, reserved 1048576K
}
Event: 2.853 GC heap after
{Heap after GC invocations=5 (full 1):
 PSYoungGen      total 29696K, used 0K [0x00000000eab00000, 0x00000000ecc00000, 0x0000000100000000)
  eden space 25600K, 0% used [0x00000000eab00000,0x00000000eab00000,0x00000000ec400000)
  from space 4096K, 0% used [0x00000000ec800000,0x00000000ec800000,0x00000000ecc00000)
  to   space 4096K, 0% used [0x00000000ec400000,0x00000000ec400000,0x00000000ec800000)
 ParOldGen       total 68608K, used 16287K [0x00000000c0000000, 0x00000000c4300000, 0x00000000eab00000)
  object space 68608K, 23% used [0x00000000c0000000,0x00000000c0fe7d90,0x00000000c4300000)
 Metaspace       used 21095K, committed 21504K, reserved 1073152K
  class space    used 2145K, committed 2368K, reserved 1048576K
}
Event: 3.122 GC heap before
{Heap before GC invocations=6 (full 1):
 PSYoungGen      total 29696K, used 25600K [0x00000000eab00000, 0x00000000ecc00000, 0x0000000100000000)
  eden space 25600K, 100% used [0x00000000eab00000,0x00000000ec400000,0x00000000ec400000)
  from space 4096K, 0% used [0x00000000ec800000,0x00000000ec800000,0x00000000ecc00000)
  to   space 4096K, 0% used [0x00000000ec400000,0x00000000ec400000,0x00000000ec800000)
 ParOldGen       total 68608K, used 16287K [0x00000000c0000000, 0x00000000c4300000, 0x00000000eab00000)
  object space 68608K, 23% used [0x00000000c0000000,0x00000000c0fe7d90,0x00000000c4300000)
 Metaspace       used 24583K, committed 25024K, reserved 1073152K
  class space    used 2394K, committed 2560K, reserved 1048576K
}
Event: 3.123 GC heap after
{Heap after GC invocations=6 (full 1):
 PSYoungGen      total 29184K, used 692K [0x00000000eab00000, 0x00000000ecd80000, 0x0000000100000000)
  eden space 25088K, 0% used [0x00000000eab00000,0x00000000eab00000,0x00000000ec380000)
  from space 4096K, 16% used [0x00000000ec400000,0x00000000ec4ad358,0x00000000ec800000)
  to   space 5120K, 0% used [0x00000000ec880000,0x00000000ec880000,0x00000000ecd80000)
 ParOldGen       total 68608K, used 16287K [0x00000000c0000000, 0x00000000c4300000, 0x00000000eab00000)
  object space 68608K, 23% used [0x00000000c0000000,0x00000000c0fe7d90,0x00000000c4300000)
 Metaspace       used 24583K, committed 25024K, reserved 1073152K
  class space    used 2394K, committed 2560K, reserved 1048576K
}
Event: 3.979 GC heap before
{Heap before GC invocations=7 (full 1):
 PSYoungGen      total 29184K, used 25780K [0x00000000eab00000, 0x00000000ecd80000, 0x0000000100000000)
  eden space 25088K, 100% used [0x00000000eab00000,0x00000000ec380000,0x00000000ec380000)
  from space 4096K, 16% used [0x00000000ec400000,0x00000000ec4ad358,0x00000000ec800000)
  to   space 5120K, 0% used [0x00000000ec880000,0x00000000ec880000,0x00000000ecd80000)
 ParOldGen       total 68608K, used 16287K [0x00000000c0000000, 0x00000000c4300000, 0x00000000eab00000)
  object space 68608K, 23% used [0x00000000c0000000,0x00000000c0fe7d90,0x00000000c4300000)
 Metaspace       used 27585K, committed 28096K, reserved 1081344K
  class space    used 2663K, committed 2880K, reserved 1048576K
}
Event: 3.981 GC heap after
{Heap after GC invocations=7 (full 1):
 PSYoungGen      total 26112K, used 1328K [0x00000000eab00000, 0x00000000eca00000, 0x0000000100000000)
  eden space 24576K, 0% used [0x00000000eab00000,0x00000000eab00000,0x00000000ec300000)
  from space 1536K, 86% used [0x00000000ec880000,0x00000000ec9cc2b8,0x00000000eca00000)
  to   space 2048K, 0% used [0x00000000ec600000,0x00000000ec600000,0x00000000ec800000)
 ParOldGen       total 68608K, used 16295K [0x00000000c0000000, 0x00000000c4300000, 0x00000000eab00000)
  object space 68608K, 23% used [0x00000000c0000000,0x00000000c0fe9d90,0x00000000c4300000)
 Metaspace       used 27585K, committed 28096K, reserved 1081344K
  class space    used 2663K, committed 2880K, reserved 1048576K
}
Event: 4.983 GC heap before
{Heap before GC invocations=8 (full 1):
 PSYoungGen      total 26112K, used 25904K [0x00000000eab00000, 0x00000000eca00000, 0x0000000100000000)
  eden space 24576K, 100% used [0x00000000eab00000,0x00000000ec300000,0x00000000ec300000)
  from space 1536K, 86% used [0x00000000ec880000,0x00000000ec9cc2b8,0x00000000eca00000)
  to   space 2048K, 0% used [0x00000000ec600000,0x00000000ec600000,0x00000000ec800000)
 ParOldGen       total 68608K, used 16295K [0x00000000c0000000, 0x00000000c4300000, 0x00000000eab00000)
  object space 68608K, 23% used [0x00000000c0000000,0x00000000c0fe9d90,0x00000000c4300000)
 Metaspace       used 31901K, committed 32448K, reserved 1081344K
  class space    used 3212K, committed 3456K, reserved 1048576K
}
Event: 4.986 GC heap after
{Heap after GC invocations=8 (full 1):
 PSYoungGen      total 26112K, used 2026K [0x00000000eab00000, 0x00000000ec900000, 0x0000000100000000)
  eden space 24064K, 0% used [0x00000000eab00000,0x00000000eab00000,0x00000000ec280000)
  from space 2048K, 98% used [0x00000000ec600000,0x00000000ec7fa950,0x00000000ec800000)
  to   space 1024K, 0% used [0x00000000ec800000,0x00000000ec800000,0x00000000ec900000)
 ParOldGen       total 68608K, used 16781K [0x00000000c0000000, 0x00000000c4300000, 0x00000000eab00000)
  object space 68608K, 24% used [0x00000000c0000000,0x00000000c1063680,0x00000000c4300000)
 Metaspace       used 31901K, committed 32448K, reserved 1081344K
  class space    used 3212K, committed 3456K, reserved 1048576K
}
Event: 5.307 GC heap before
{Heap before GC invocations=9 (full 1):
 PSYoungGen      total 26112K, used 26090K [0x00000000eab00000, 0x00000000ec900000, 0x0000000100000000)
  eden space 24064K, 100% used [0x00000000eab00000,0x00000000ec280000,0x00000000ec280000)
  from space 2048K, 98% used [0x00000000ec600000,0x00000000ec7fa950,0x00000000ec800000)
  to   space 1024K, 0% used [0x00000000ec800000,0x00000000ec800000,0x00000000ec900000)
 ParOldGen       total 68608K, used 16781K [0x00000000c0000000, 0x00000000c4300000, 0x00000000eab00000)
  object space 68608K, 24% used [0x00000000c0000000,0x00000000c1063680,0x00000000c4300000)
 Metaspace       used 33030K, committed 33728K, reserved 1081344K
  class space    used 3330K, committed 3648K, reserved 1048576K
}
Event: 5.309 GC heap after
{Heap after GC invocations=9 (full 1):
 PSYoungGen      total 24576K, used 1000K [0x00000000eab00000, 0x00000000ec900000, 0x0000000100000000)
  eden space 23552K, 0% used [0x00000000eab00000,0x00000000eab00000,0x00000000ec200000)
  from space 1024K, 97% used [0x00000000ec800000,0x00000000ec8fa318,0x00000000ec900000)
  to   space 2560K, 0% used [0x00000000ec400000,0x00000000ec400000,0x00000000ec680000)
 ParOldGen       total 68608K, used 18216K [0x00000000c0000000, 0x00000000c4300000, 0x00000000eab00000)
  object space 68608K, 26% used [0x00000000c0000000,0x00000000c11ca088,0x00000000c4300000)
 Metaspace       used 33030K, committed 33728K, reserved 1081344K
  class space    used 3330K, committed 3648K, reserved 1048576K
}
Event: 5.389 GC heap before
{Heap before GC invocations=10 (full 1):
 PSYoungGen      total 24576K, used 24552K [0x00000000eab00000, 0x00000000ec900000, 0x0000000100000000)
  eden space 23552K, 100% used [0x00000000eab00000,0x00000000ec200000,0x00000000ec200000)
  from space 1024K, 97% used [0x00000000ec800000,0x00000000ec8fa318,0x00000000ec900000)
  to   space 2560K, 0% used [0x00000000ec400000,0x00000000ec400000,0x00000000ec680000)
 ParOldGen       total 68608K, used 18216K [0x00000000c0000000, 0x00000000c4300000, 0x00000000eab00000)
  object space 68608K, 26% used [0x00000000c0000000,0x00000000c11ca088,0x00000000c4300000)
 Metaspace       used 33030K, committed 33728K, reserved 1081344K
  class space    used 3330K, committed 3648K, reserved 1048576K
}
Event: 5.391 GC heap after
{Heap after GC invocations=10 (full 1):
 PSYoungGen      total 25600K, used 646K [0x00000000eab00000, 0x00000000ec880000, 0x0000000100000000)
  eden space 23040K, 0% used [0x00000000eab00000,0x00000000eab00000,0x00000000ec180000)
  from space 2560K, 25% used [0x00000000ec400000,0x00000000ec4a1928,0x00000000ec680000)
  to   space 1536K, 0% used [0x00000000ec700000,0x00000000ec700000,0x00000000ec880000)
 ParOldGen       total 68608K, used 18699K [0x00000000c0000000, 0x00000000c4300000, 0x00000000eab00000)
  object space 68608K, 27% used [0x00000000c0000000,0x00000000c1242ea0,0x00000000c4300000)
 Metaspace       used 33030K, committed 33728K, reserved 1081344K
  class space    used 3330K, committed 3648K, reserved 1048576K
}
Event: 5.718 GC heap before
{Heap before GC invocations=11 (full 1):
 PSYoungGen      total 25600K, used 23686K [0x00000000eab00000, 0x00000000ec880000, 0x0000000100000000)
  eden space 23040K, 100% used [0x00000000eab00000,0x00000000ec180000,0x00000000ec180000)
  from space 2560K, 25% used [0x00000000ec400000,0x00000000ec4a1928,0x00000000ec680000)
  to   space 1536K, 0% used [0x00000000ec700000,0x00000000ec700000,0x00000000ec880000)
 ParOldGen       total 68608K, used 18699K [0x00000000c0000000, 0x00000000c4300000, 0x00000000eab00000)
  object space 68608K, 27% used [0x00000000c0000000,0x00000000c1242ea0,0x00000000c4300000)
 Metaspace       used 33806K, committed 34432K, reserved 1081344K
  class space    used 3408K, committed 3648K, reserved 1048576K
}
Event: 5.720 GC heap after
{Heap after GC invocations=11 (full 1):
 PSYoungGen      total 23552K, used 736K [0x00000000eab00000, 0x00000000ec800000, 0x0000000100000000)
  eden space 22528K, 0% used [0x00000000eab00000,0x00000000eab00000,0x00000000ec100000)
  from space 1024K, 71% used [0x00000000ec700000,0x00000000ec7b8000,0x00000000ec800000)
  to   space 1024K, 0% used [0x00000000ec600000,0x00000000ec600000,0x00000000ec700000)
 ParOldGen       total 68608K, used 19266K [0x00000000c0000000, 0x00000000c4300000, 0x00000000eab00000)
  object space 68608K, 28% used [0x00000000c0000000,0x00000000c12d0a30,0x00000000c4300000)
 Metaspace       used 33806K, committed 34432K, reserved 1081344K
  class space    used 3408K, committed 3648K, reserved 1048576K
}
Event: 6.024 GC heap before
{Heap before GC invocations=12 (full 1):
 PSYoungGen      total 23552K, used 23264K [0x00000000eab00000, 0x00000000ec800000, 0x0000000100000000)
  eden space 22528K, 100% used [0x00000000eab00000,0x00000000ec100000,0x00000000ec100000)
  from space 1024K, 71% used [0x00000000ec700000,0x00000000ec7b8000,0x00000000ec800000)
  to   space 1024K, 0% used [0x00000000ec600000,0x00000000ec600000,0x00000000ec700000)
 ParOldGen       total 68608K, used 19266K [0x00000000c0000000, 0x00000000c4300000, 0x00000000eab00000)
  object space 68608K, 28% used [0x00000000c0000000,0x00000000c12d0a30,0x00000000c4300000)
 Metaspace       used 34582K, committed 35200K, reserved 1081344K
  class space    used 3502K, committed 3776K, reserved 1048576K
}
Event: 6.026 GC heap after
{Heap after GC invocations=12 (full 1):
 PSYoungGen      total 23040K, used 992K [0x00000000eab00000, 0x00000000ec780000, 0x0000000100000000)
  eden space 22016K, 0% used [0x00000000eab00000,0x00000000eab00000,0x00000000ec080000)
  from space 1024K, 96% used [0x00000000ec600000,0x00000000ec6f8010,0x00000000ec700000)
  to   space 512K, 0% used [0x00000000ec700000,0x00000000ec700000,0x00000000ec780000)
 ParOldGen       total 68608K, used 20655K [0x00000000c0000000, 0x00000000c4300000, 0x00000000eab00000)
  object space 68608K, 30% used [0x00000000c0000000,0x00000000c142bdb8,0x00000000c4300000)
 Metaspace       used 34582K, committed 35200K, reserved 1081344K
  class space    used 3502K, committed 3776K, reserved 1048576K
}
Event: 7.059 GC heap before
{Heap before GC invocations=13 (full 1):
 PSYoungGen      total 23040K, used 23008K [0x00000000eab00000, 0x00000000ec780000, 0x0000000100000000)
  eden space 22016K, 100% used [0x00000000eab00000,0x00000000ec080000,0x00000000ec080000)
  from space 1024K, 96% used [0x00000000ec600000,0x00000000ec6f8010,0x00000000ec700000)
  to   space 512K, 0% used [0x00000000ec700000,0x00000000ec700000,0x00000000ec780000)
 ParOldGen       total 68608K, used 20655K [0x00000000c0000000, 0x00000000c4300000, 0x00000000eab00000)
  object space 68608K, 30% used [0x00000000c0000000,0x00000000c142bdb8,0x00000000c4300000)
 Metaspace       used 34647K, committed 35328K, reserved 1081344K
  class space    used 3504K, committed 3776K, reserved 1048576K
}
Event: 7.064 GC heap after
{Heap after GC invocations=13 (full 1):
 PSYoungGen      total 22528K, used 493K [0x00000000eab00000, 0x00000000ec780000, 0x0000000100000000)
  eden space 22016K, 0% used [0x00000000eab00000,0x00000000eab00000,0x00000000ec080000)
  from space 512K, 96% used [0x00000000ec700000,0x00000000ec77b420,0x00000000ec780000)
  to   space 3072K, 0% used [0x00000000ec180000,0x00000000ec180000,0x00000000ec480000)
 ParOldGen       total 68608K, used 22991K [0x00000000c0000000, 0x00000000c4300000, 0x00000000eab00000)
  object space 68608K, 33% used [0x00000000c0000000,0x00000000c1673de8,0x00000000c4300000)
 Metaspace       used 34647K, committed 35328K, reserved 1081344K
  class space    used 3504K, committed 3776K, reserved 1048576K
}

Deoptimization events (20 events):
Event: 5.855 Thread 0x00000198b89cec30 DEOPT PACKING pc=0x00000198aab07094 sp=0x00000006799fe430
Event: 5.855 Thread 0x00000198b89cec30 DEOPT UNPACKING pc=0x00000198a30120a3 sp=0x00000006799fe350 mode 2
Event: 5.858 Thread 0x00000198b89cec30 Uncommon trap: trap_request=0xffffff45 fr.pc=0x00000198aab8c618 relative=0x0000000000000778
Event: 5.858 Thread 0x00000198b89cec30 Uncommon trap: reason=unstable_if action=reinterpret pc=0x00000198aab8c618 method=java.util.HashMap.putVal(ILjava/lang/Object;Ljava/lang/Object;ZZ)Ljava/lang/Object; @ 94 c2
Event: 5.858 Thread 0x00000198b89cec30 DEOPT PACKING pc=0x00000198aab8c618 sp=0x00000006799fe430
Event: 5.858 Thread 0x00000198b89cec30 DEOPT UNPACKING pc=0x00000198a30120a3 sp=0x00000006799fe3a8 mode 2
Event: 5.860 Thread 0x00000198b89cec30 Uncommon trap: trap_request=0xffffff45 fr.pc=0x00000198aabd2a14 relative=0x0000000000001094
Event: 5.860 Thread 0x00000198b89cec30 Uncommon trap: reason=unstable_if action=reinterpret pc=0x00000198aabd2a14 method=org.eclipse.core.runtime.Path.computeSegments(Ljava/lang/String;)[Ljava/lang/String; @ 30 c2
Event: 5.860 Thread 0x00000198b89cec30 DEOPT PACKING pc=0x00000198aabd2a14 sp=0x00000006799fdd30
Event: 5.860 Thread 0x00000198b89cec30 DEOPT UNPACKING pc=0x00000198a30120a3 sp=0x00000006799fdd00 mode 2
Event: 5.860 Thread 0x00000198b89cec30 Uncommon trap: trap_request=0xffffff45 fr.pc=0x00000198aabda154 relative=0x00000000000000b4
Event: 5.860 Thread 0x00000198b89cec30 Uncommon trap: reason=unstable_if action=reinterpret pc=0x00000198aabda154 method=org.eclipse.core.internal.resources.Resource.isMember(II)Z @ 17 c2
Event: 5.860 Thread 0x00000198b89cec30 DEOPT PACKING pc=0x00000198aabda154 sp=0x00000006799fdb20
Event: 5.860 Thread 0x00000198b89cec30 DEOPT UNPACKING pc=0x00000198a30120a3 sp=0x00000006799fdab8 mode 2
Event: 5.911 Thread 0x00000198b89cec30 Uncommon trap: trap_request=0xffffff45 fr.pc=0x00000198aab06718 relative=0x0000000000000258
Event: 5.911 Thread 0x00000198b89cec30 Uncommon trap: reason=unstable_if action=reinterpret pc=0x00000198aab06718 method=java.util.HashMap.getNode(Ljava/lang/Object;)Ljava/util/HashMap$Node; @ 66 c2
Event: 5.911 Thread 0x00000198b89cec30 DEOPT PACKING pc=0x00000198aab06718 sp=0x00000006799fe3f0
Event: 5.911 Thread 0x00000198b89cec30 DEOPT UNPACKING pc=0x00000198a30120a3 sp=0x00000006799fe370 mode 2
Event: 6.017 Thread 0x00000198b89cec30 DEOPT PACKING pc=0x00000198a3a0ec9e sp=0x00000006799fc120
Event: 6.017 Thread 0x00000198b89cec30 DEOPT UNPACKING pc=0x00000198a3012843 sp=0x00000006799fb618 mode 0

Classes unloaded (7 events):
Event: 2.832 Thread 0x00000198b6410c20 Unloading class 0x0000000100210800 'java/lang/invoke/LambdaForm$MH+0x0000000100210800'
Event: 2.832 Thread 0x00000198b6410c20 Unloading class 0x0000000100210400 'java/lang/invoke/LambdaForm$MH+0x0000000100210400'
Event: 2.833 Thread 0x00000198b6410c20 Unloading class 0x0000000100210000 'java/lang/invoke/LambdaForm$MH+0x0000000100210000'
Event: 2.833 Thread 0x00000198b6410c20 Unloading class 0x000000010020fc00 'java/lang/invoke/LambdaForm$MH+0x000000010020fc00'
Event: 2.833 Thread 0x00000198b6410c20 Unloading class 0x000000010020f400 'java/lang/invoke/LambdaForm$BMH+0x000000010020f400'
Event: 2.833 Thread 0x00000198b6410c20 Unloading class 0x000000010020f000 'java/lang/invoke/LambdaForm$DMH+0x000000010020f000'
Event: 2.833 Thread 0x00000198b6410c20 Unloading class 0x000000010020c400 'java/lang/invoke/LambdaForm$DMH+0x000000010020c400'

Classes redefined (0 events):
No events

Internal exceptions (20 events):
Event: 3.312 Thread 0x00000198b864f4e0 Implicit null exception at 0x00000198aab4dd78 to 0x00000198aab4e9ec
Event: 3.313 Thread 0x00000198b864f4e0 Exception <a 'java/lang/ClassNotFoundException'{0x00000000ebfbe310}: com/sun/org/apache/xerces/internal/impl/msg/spi/XMLSerializerMessagesProvider> (0x00000000ebfbe310) 
thrown [s\src\hotspot\share\classfile\systemDictionary.cpp, line 256]
Event: 3.314 Thread 0x00000198b864f4e0 Exception <a 'java/lang/ClassNotFoundException'{0x00000000ebfcb5e8}: com/sun/org/apache/xerces/internal/impl/msg/spi/XMLMessagesProvider> (0x00000000ebfcb5e8) 
thrown [s\src\hotspot\share\classfile\systemDictionary.cpp, line 256]
Event: 3.882 Thread 0x00000198b864f4e0 Exception <a 'java/lang/NoSuchMethodError'{0x00000000ec226a90}: 'java.lang.Object java.lang.invoke.DirectMethodHandle$Holder.invokeStaticInit(java.lang.Object, int, int, int, int)'> (0x00000000ec226a90) 
thrown [s\src\hotspot\share\interpreter\linkResolver.cpp, line 759]
Event: 3.969 Thread 0x00000198b864f4e0 Exception <a 'java/lang/NoSuchMethodError'{0x00000000ec352a18}: 'java.lang.Object java.lang.invoke.DirectMethodHandle$Holder.invokeStaticInit(java.lang.Object, java.lang.Object, int, int, int, int)'> (0x00000000ec352a18) 
thrown [s\src\hotspot\share\interpreter\linkResolver.cpp, line 759]
Event: 4.055 Thread 0x00000198b864f4e0 Exception <a 'java/lang/ClassNotFoundException'{0x00000000eadc83d0}: com/sun/org/apache/xml/internal/serializer/spi/XMLEntitiesProvider> (0x00000000eadc83d0) 
thrown [s\src\hotspot\share\classfile\systemDictionary.cpp, line 256]
Event: 4.156 Thread 0x00000198b864f4e0 Exception <a 'java/io/FileNotFoundException'{0x00000000eb127a28}> (0x00000000eb127a28) 
thrown [s\src\hotspot\share\prims\jni.cpp, line 516]
Event: 4.431 Thread 0x00000198b864f4e0 Exception <a 'java/lang/UnsatisfiedLinkError'{0x00000000eb485ec8}: The specified procedure could not be found.
> (0x00000000eb485ec8) 
thrown [s\src\hotspot\share\prims\jni.cpp, line 535]
Event: 4.454 Thread 0x00000198b864f4e0 Exception <a 'java/io/FileNotFoundException'{0x00000000eb4a8ea8}> (0x00000000eb4a8ea8) 
thrown [s\src\hotspot\share\prims\jni.cpp, line 516]
Event: 4.473 Thread 0x00000198b864f4e0 Exception <a 'java/io/FileNotFoundException'{0x00000000eb51b558}> (0x00000000eb51b558) 
thrown [s\src\hotspot\share\prims\jni.cpp, line 516]
Event: 4.494 Thread 0x00000198b864f4e0 Exception <a 'java/lang/UnsatisfiedLinkError'{0x00000000eb5a65e0}: The specified procedure could not be found.
> (0x00000000eb5a65e0) 
thrown [s\src\hotspot\share\prims\jni.cpp, line 535]
Event: 4.606 Thread 0x000001989ed14aa0 Exception <a 'java/lang/NoSuchMethodError'{0x00000000eb86a850}: 'void java.lang.invoke.DirectMethodHandle$Holder.invokeStatic(java.lang.Object, java.lang.Object, java.lang.Object, java.lang.Object)'> (0x00000000eb86a850) 
thrown [s\src\hotspot\share\interpreter\linkResolver.cpp, line 759]
Event: 4.860 Thread 0x000001989ed14aa0 Exception <a 'java/lang/NoSuchMethodError'{0x00000000ebfbfcc0}: 'void java.lang.invoke.DirectMethodHandle$Holder.invokeSpecial(java.lang.Object, java.lang.Object, java.lang.Object, java.lang.Object, java.lang.Object, java.lang.Object)'> (0x00000000ebfbfcc0) 
thrown [s\src\hotspot\share\interpreter\linkResolver.cpp, line 759]
Event: 4.861 Thread 0x000001989ed14aa0 Exception <a 'java/lang/NoSuchMethodError'{0x00000000ebfc7378}: 'java.lang.Object java.lang.invoke.DirectMethodHandle$Holder.newInvokeSpecial(java.lang.Object, java.lang.Object, java.lang.Object, java.lang.Object, java.lang.Object)'> (0x00000000ebfc7378) 
thrown [s\src\hotspot\share\interpreter\linkResolver.cpp, line 759]
Event: 5.058 Thread 0x00000198b89ce760 Exception <a 'java/io/FileNotFoundException'{0x00000000eac33f20}> (0x00000000eac33f20) 
thrown [s\src\hotspot\share\prims\jni.cpp, line 516]
Event: 5.163 Thread 0x00000198b89ce760 Exception <a 'java/lang/NoSuchMethodError'{0x00000000eaefa960}: 'int java.lang.invoke.DirectMethodHandle$Holder.invokeVirtual(java.lang.Object, java.lang.Object)'> (0x00000000eaefa960) 
thrown [s\src\hotspot\share\interpreter\linkResolver.cpp, line 759]
Event: 5.621 Thread 0x00000198b89cec30 Exception <a 'java/lang/NoSuchMethodError'{0x00000000ebe7c8f0}: 'java.lang.Object java.lang.invoke.Invokers$Holder.invoke_MT(java.lang.Object, java.lang.Object, java.lang.Object)'> (0x00000000ebe7c8f0) 
thrown [s\src\hotspot\share\interpreter\linkResolver.cpp, line 759]
Event: 5.993 Thread 0x00000198b89cec30 Exception <a 'java/io/FileNotFoundException'{0x00000000ebfbd2f8}> (0x00000000ebfbd2f8) 
thrown [s\src\hotspot\share\prims\jni.cpp, line 516]
Event: 5.994 Thread 0x00000198b89cec30 Exception <a 'java/io/FileNotFoundException'{0x00000000ebfbec48}> (0x00000000ebfbec48) 
thrown [s\src\hotspot\share\prims\jni.cpp, line 516]
Event: 6.002 Thread 0x00000198b89cec30 Exception <a 'java/lang/NoSuchMethodError'{0x00000000ebfcae20}: 'void java.lang.invoke.DirectMethodHandle$Holder.invokeStaticInit(java.lang.Object, java.lang.Object, java.lang.Object)'> (0x00000000ebfcae20) 
thrown [s\src\hotspot\share\interpreter\linkResolver.cpp, line 759]

VM Operations (20 events):
Event: 4.983 Executing VM operation: ParallelGCFailedAllocation
Event: 4.986 Executing VM operation: ParallelGCFailedAllocation done
Event: 5.044 Executing VM operation: HandshakeAllThreads
Event: 5.044 Executing VM operation: HandshakeAllThreads done
Event: 5.307 Executing VM operation: ParallelGCFailedAllocation
Event: 5.309 Executing VM operation: ParallelGCFailedAllocation done
Event: 5.389 Executing VM operation: ParallelGCFailedAllocation
Event: 5.391 Executing VM operation: ParallelGCFailedAllocation done
Event: 5.576 Executing VM operation: HandshakeAllThreads
Event: 5.576 Executing VM operation: HandshakeAllThreads done
Event: 5.653 Executing VM operation: HandshakeAllThreads
Event: 5.653 Executing VM operation: HandshakeAllThreads done
Event: 5.718 Executing VM operation: ParallelGCFailedAllocation
Event: 5.720 Executing VM operation: ParallelGCFailedAllocation done
Event: 6.024 Executing VM operation: ParallelGCFailedAllocation
Event: 6.026 Executing VM operation: ParallelGCFailedAllocation done
Event: 7.027 Executing VM operation: Cleanup
Event: 7.028 Executing VM operation: Cleanup done
Event: 7.059 Executing VM operation: ParallelGCFailedAllocation
Event: 7.064 Executing VM operation: ParallelGCFailedAllocation done

Events (20 events):
Event: 5.727 loading class java/nio/file/FileTreeWalker$EventType
Event: 5.727 loading class java/nio/file/FileTreeWalker$EventType done
Event: 5.728 loading class java/nio/file/Files$3
Event: 5.728 loading class java/nio/file/Files$3 done
Event: 5.728 loading class java/nio/file/FileVisitResult
Event: 5.728 loading class java/nio/file/FileVisitResult done
Event: 5.793 loading class java/util/regex/Pattern$BackRef
Event: 5.793 loading class java/util/regex/Pattern$BackRef done
Event: 5.807 loading class java/lang/ThreadLocal$SuppliedThreadLocal
Event: 5.808 loading class java/lang/ThreadLocal$SuppliedThreadLocal done
Event: 5.885 loading class java/nio/channels/Channels
Event: 5.886 loading class java/nio/channels/Channels done
Event: 5.886 loading class java/nio/channels/Channels$ReadableByteChannelImpl
Event: 5.886 loading class java/nio/channels/Channels$ReadableByteChannelImpl done
Event: 5.887 loading class java/nio/channels/NonWritableChannelException
Event: 5.887 loading class java/nio/channels/NonWritableChannelException done
Event: 5.887 loading class sun/nio/ch/ChannelInputStream
Event: 5.888 loading class sun/nio/ch/ChannelInputStream done
Event: 5.888 loading class java/nio/channels/SelectableChannel
Event: 5.888 loading class java/nio/channels/SelectableChannel done


Dynamic libraries:
0x00007ff7bce00000 - 0x00007ff7bce0e000 	c:\Users\SOHAIL AHMAD\.antigravity\extensions\redhat.java-1.12.0-win32-x64\jre\17.0.4.1-win32-x86_64\bin\java.exe
0x00007ffca1740000 - 0x00007ffca19a7000 	C:\WINDOWS\SYSTEM32\ntdll.dll
0x00007ffca03a0000 - 0x00007ffca0469000 	C:\WINDOWS\System32\KERNEL32.DLL
0x00007ffc9edf0000 - 0x00007ffc9f1e1000 	C:\WINDOWS\System32\KERNELBASE.dll
0x00007ffc9e890000 - 0x00007ffc9e9db000 	C:\WINDOWS\System32\ucrtbase.dll
0x00007ffc89270000 - 0x00007ffc89288000 	c:\Users\SOHAIL AHMAD\.antigravity\extensions\redhat.java-1.12.0-win32-x64\jre\17.0.4.1-win32-x86_64\bin\jli.dll
0x00007ffca0eb0000 - 0x00007ffca1075000 	C:\WINDOWS\System32\USER32.dll
0x00007ffc9f400000 - 0x00007ffc9f427000 	C:\WINDOWS\System32\win32u.dll
0x00007ffca0300000 - 0x00007ffca032b000 	C:\WINDOWS\System32\GDI32.dll
0x00007ffc9e9e0000 - 0x00007ffc9eb0b000 	C:\WINDOWS\System32\gdi32full.dll
0x00007ffc9f430000 - 0x00007ffc9f4d3000 	C:\WINDOWS\System32\msvcp_win.dll
0x00007ffc89030000 - 0x00007ffc89049000 	c:\Users\SOHAIL AHMAD\.antigravity\extensions\redhat.java-1.12.0-win32-x64\jre\17.0.4.1-win32-x86_64\bin\VCRUNTIME140.dll
0x00007ffc81a70000 - 0x00007ffc81d03000 	C:\WINDOWS\WinSxS\amd64_microsoft.windows.common-controls_6595b64144ccf1df_6.0.26100.8037_none_3e092faae333b53b\COMCTL32.dll
0x00007ffca1170000 - 0x00007ffca1219000 	C:\WINDOWS\System32\msvcrt.dll
0x00007ffca1090000 - 0x00007ffca10c1000 	C:\WINDOWS\System32\IMM32.DLL
0x00007ffc932e0000 - 0x00007ffc932ec000 	c:\Users\SOHAIL AHMAD\.antigravity\extensions\redhat.java-1.12.0-win32-x64\jre\17.0.4.1-win32-x86_64\bin\vcruntime140_1.dll
0x00007ffc5c2f0000 - 0x00007ffc5c381000 	c:\Users\SOHAIL AHMAD\.antigravity\extensions\redhat.java-1.12.0-win32-x64\jre\17.0.4.1-win32-x86_64\bin\msvcp140.dll
0x00007ffbc7930000 - 0x00007ffbc8576000 	c:\Users\SOHAIL AHMAD\.antigravity\extensions\redhat.java-1.12.0-win32-x64\jre\17.0.4.1-win32-x86_64\bin\server\jvm.dll
0x00007ffca1220000 - 0x00007ffca12db000 	C:\WINDOWS\System32\ADVAPI32.dll
0x00007ffca12f0000 - 0x00007ffca1397000 	C:\WINDOWS\System32\sechost.dll
0x00007ffca01e0000 - 0x00007ffca02f8000 	C:\WINDOWS\System32\RPCRT4.dll
0x00007ffca10d0000 - 0x00007ffca10d8000 	C:\WINDOWS\System32\PSAPI.DLL
0x00007ffc94330000 - 0x00007ffc9433a000 	C:\WINDOWS\SYSTEM32\WSOCK32.dll
0x00007ffca1540000 - 0x00007ffca15b4000 	C:\WINDOWS\System32\WS2_32.dll
0x00007ffc94550000 - 0x00007ffc94585000 	C:\WINDOWS\SYSTEM32\WINMM.dll
0x00007ffc93ce0000 - 0x00007ffc93ceb000 	C:\WINDOWS\SYSTEM32\VERSION.dll
0x00007ffc9cdb0000 - 0x00007ffc9cdcb000 	C:\WINDOWS\SYSTEM32\kernel.appcore.dll
0x00007ffc8e100000 - 0x00007ffc8e10a000 	c:\Users\SOHAIL AHMAD\.antigravity\extensions\redhat.java-1.12.0-win32-x64\jre\17.0.4.1-win32-x86_64\bin\jimage.dll
0x00007ffc87330000 - 0x00007ffc87572000 	C:\WINDOWS\SYSTEM32\DBGHELP.DLL
0x00007ffc9fd50000 - 0x00007ffca00d2000 	C:\WINDOWS\System32\combase.dll
0x00007ffca0660000 - 0x00007ffca0737000 	C:\WINDOWS\System32\OLEAUT32.dll
0x00007ffc7e1c0000 - 0x00007ffc7e1fb000 	C:\WINDOWS\SYSTEM32\dbgcore.DLL
0x00007ffc9ed40000 - 0x00007ffc9ede5000 	C:\WINDOWS\System32\bcryptPrimitives.dll
0x00007ffc8de50000 - 0x00007ffc8de5e000 	c:\Users\SOHAIL AHMAD\.antigravity\extensions\redhat.java-1.12.0-win32-x64\jre\17.0.4.1-win32-x86_64\bin\instrument.dll
0x00007ffc745a0000 - 0x00007ffc745c5000 	c:\Users\SOHAIL AHMAD\.antigravity\extensions\redhat.java-1.12.0-win32-x64\jre\17.0.4.1-win32-x86_64\bin\java.dll
0x00007ffc88bc0000 - 0x00007ffc88bd8000 	c:\Users\SOHAIL AHMAD\.antigravity\extensions\redhat.java-1.12.0-win32-x64\jre\17.0.4.1-win32-x86_64\bin\zip.dll
0x00007ffca0740000 - 0x00007ffca0e9f000 	C:\WINDOWS\System32\SHELL32.dll
0x00007ffc9eb10000 - 0x00007ffc9ec7a000 	C:\WINDOWS\System32\wintypes.dll
0x00007ffc9e020000 - 0x00007ffc9e884000 	C:\WINDOWS\System32\windows.storage.dll
0x00007ffca00e0000 - 0x00007ffca01d7000 	C:\WINDOWS\System32\SHCORE.dll
0x00007ffca0330000 - 0x00007ffca0397000 	C:\WINDOWS\System32\shlwapi.dll
0x00007ffc9df40000 - 0x00007ffc9df69000 	C:\WINDOWS\SYSTEM32\profapi.dll
0x00007ffc8abf0000 - 0x00007ffc8ac09000 	C:\Users\SOHAIL AHMAD\.antigravity\extensions\redhat.java-1.12.0-win32-x64\jre\17.0.4.1-win32-x86_64\bin\net.dll
0x00007ffc94420000 - 0x00007ffc94547000 	C:\WINDOWS\SYSTEM32\WINHTTP.dll
0x00007ffc9d320000 - 0x00007ffc9d38b000 	C:\WINDOWS\system32\mswsock.dll
0x00007ffc8ab30000 - 0x00007ffc8ab45000 	C:\Users\SOHAIL AHMAD\.antigravity\extensions\redhat.java-1.12.0-win32-x64\jre\17.0.4.1-win32-x86_64\bin\nio.dll
0x00007ffc94020000 - 0x00007ffc94030000 	c:\Users\SOHAIL AHMAD\.antigravity\extensions\redhat.java-1.12.0-win32-x64\jre\17.0.4.1-win32-x86_64\bin\verify.dll
0x00007ffc88a70000 - 0x00007ffc88aae000 	C:\Users\SOHAIL AHMAD\AppData\Roaming\Antigravity\User\globalStorage\redhat.java\1.12.0\config_ss_win\org.eclipse.equinox.launcher\org.eclipse.equinox.launcher.win32.win32.x86_64_1.2.600.v20220720-1916\eclipse_11700.dll
0x00007ffca13a0000 - 0x00007ffca1535000 	C:\WINDOWS\System32\ole32.dll
0x00007ffc9d600000 - 0x00007ffc9d61b000 	C:\WINDOWS\SYSTEM32\CRYPTSP.dll
0x00007ffc9cd10000 - 0x00007ffc9cd49000 	C:\WINDOWS\system32\rsaenh.dll
0x00007ffc9d3d0000 - 0x00007ffc9d402000 	C:\WINDOWS\SYSTEM32\USERENV.dll
0x00007ffc9df10000 - 0x00007ffc9df3a000 	C:\WINDOWS\SYSTEM32\bcrypt.dll
0x00007ffc9d620000 - 0x00007ffc9d62c000 	C:\WINDOWS\SYSTEM32\CRYPTBASE.dll
0x00007ffc9c730000 - 0x00007ffc9c763000 	C:\WINDOWS\SYSTEM32\IPHLPAPI.DLL
0x00007ffc9faf0000 - 0x00007ffc9fafa000 	C:\WINDOWS\System32\NSI.dll
0x00007ffc98b60000 - 0x00007ffc98b7d000 	C:\WINDOWS\SYSTEM32\dhcpcsvc6.DLL
0x00007ffc98b30000 - 0x00007ffc98b53000 	C:\WINDOWS\SYSTEM32\dhcpcsvc.DLL
0x00007ffc9c770000 - 0x00007ffc9c89a000 	C:\WINDOWS\SYSTEM32\DNSAPI.dll
0x00007ffc73530000 - 0x00007ffc73570000 	C:\Users\SOHAIL AHMAD\AppData\Local\Temp\jna-1494489537\jna8674095933173879574.dll

dbghelp: loaded successfully - version: 4.0.5 - missing functions: none
symbol engine: initialized successfully - sym options: 0x614 - pdb path: .;c:\Users\SOHAIL AHMAD\.antigravity\extensions\redhat.java-1.12.0-win32-x64\jre\17.0.4.1-win32-x86_64\bin;C:\WINDOWS\SYSTEM32;C:\WINDOWS\WinSxS\amd64_microsoft.windows.common-controls_6595b64144ccf1df_6.0.26100.8037_none_3e092faae333b53b;c:\Users\SOHAIL AHMAD\.antigravity\extensions\redhat.java-1.12.0-win32-x64\jre\17.0.4.1-win32-x86_64\bin\server;C:\Users\SOHAIL AHMAD\AppData\Roaming\Antigravity\User\globalStorage\redhat.java\1.12.0\config_ss_win\org.eclipse.equinox.launcher\org.eclipse.equinox.launcher.win32.win32.x86_64_1.2.600.v20220720-1916;C:\Users\SOHAIL AHMAD\AppData\Local\Temp\jna-1494489537

VM Arguments:
jvm_args: --add-modules=ALL-SYSTEM --add-opens=java.base/java.util=ALL-UNNAMED --add-opens=java.base/java.lang=ALL-UNNAMED --add-opens=java.base/sun.nio.fs=ALL-UNNAMED -Declipse.application=org.eclipse.jdt.ls.core.id1 -Dosgi.bundles.defaultStartLevel=4 -Declipse.product=org.eclipse.jdt.ls.core.product -Djava.import.generatesMetadataFilesAtProjectRoot=false -Dfile.encoding=utf8 -XX:+UseParallelGC -XX:GCTimeRatio=4 -XX:AdaptiveSizePolicyWeight=90 -Dsun.zip.disableMemoryMapping=true -Xmx1G -Xms100m -Xlog:disable -javaagent:c:\Users\SOHAIL AHMAD\.antigravity\extensions\redhat.java-1.12.0-win32-x64\lombok\lombok-1.18.24.jar 
java_command: c:\Users\SOHAIL AHMAD\.antigravity\extensions\redhat.java-1.12.0-win32-x64\server\plugins\org.eclipse.equinox.launcher_1.6.400.v20210924-0641.jar -configuration c:\Users\SOHAIL AHMAD\AppData\Roaming\Antigravity\User\globalStorage\redhat.java\1.12.0\config_ss_win -data c:\Users\SOHAIL AHMAD\AppData\Roaming\Antigravity\User\workspaceStorage\e93f37d5df380cb2e825645f6b524362\redhat.java\ss_ws
java_class_path (initial): c:\Users\SOHAIL AHMAD\.antigravity\extensions\redhat.java-1.12.0-win32-x64\server\plugins\org.eclipse.equinox.launcher_1.6.400.v20210924-0641.jar
Launcher Type: SUN_STANDARD

[Global flags]
    uintx AdaptiveSizePolicyWeight                 = 90                                        {product} {command line}
     intx CICompilerCount                          = 4                                         {product} {ergonomic}
    uintx GCTimeRatio                              = 4                                         {product} {command line}
   size_t InitialHeapSize                          = 104857600                                 {product} {command line}
   size_t MaxHeapSize                              = 1073741824                                {product} {command line}
   size_t MaxNewSize                               = 357564416                                 {product} {ergonomic}
   size_t MinHeapDeltaBytes                        = 524288                                    {product} {ergonomic}
   size_t MinHeapSize                              = 104857600                                 {product} {command line}
   size_t NewSize                                  = 34603008                                  {product} {ergonomic}
    uintx NonNMethodCodeHeapSize                   = 5839372                                {pd product} {ergonomic}
    uintx NonProfiledCodeHeapSize                  = 122909434                              {pd product} {ergonomic}
   size_t OldSize                                  = 70254592                                  {product} {ergonomic}
    uintx ProfiledCodeHeapSize                     = 122909434                              {pd product} {ergonomic}
    uintx ReservedCodeCacheSize                    = 251658240                              {pd product} {ergonomic}
     bool SegmentedCodeCache                       = true                                      {product} {ergonomic}
   size_t SoftMaxHeapSize                          = 1073741824                             {manageable} {ergonomic}
     bool UseCompressedClassPointers               = true                           {product lp64_product} {ergonomic}
     bool UseCompressedOops                        = true                           {product lp64_product} {ergonomic}
     bool UseLargePagesIndividualAllocation        = false                                  {pd product} {ergonomic}
     bool UseParallelGC                            = true                                      {product} {command line}

Logging:
Log output configuration:
 #0: stdout all=off uptime,level,tags
 #1: stderr all=off uptime,level,tags

Environment Variables:
PATH=C:\Program Files\Common Files\Oracle\Java\javapath;C:\Python313\Scripts\;C:\Python313\;C:\Program Files\Python312\Scripts\;C:\Program Files\Python312\;C:\WINDOWS\system32;C:\WINDOWS;C:\WINDOWS\System32\Wbem;C:\WINDOWS\System32\WindowsPowerShell\v1.0\;C:\WINDOWS\System32\OpenSSH\;C:\Program Files\Git\cmd;C:\mingw64\bin;C:\php8.3;C:\ProgramData\ComposerSetup\bin;C:\ProgramData\chocolatey\bin;C:\nvm;C:\nvm4w\nodejs;C:\Program Files\cursor\resources\app\bin;C:\Users\SOHAIL AHMAD\AppData\Local\Microsoft\WindowsApps;C:\Users\SOHAIL AHMAD\AppData\Local\Programs\Microsoft VS Code\bin;C:\php8.3;C:\mingw64\bin;C:\Users\SOHAIL AHMAD\AppData\Roaming\Composer\vendor\bin;C:\Users\SOHAIL AHMAD\AppData\Roaming\npm;C:\nvm;C:\nvm4w\nodejs;C:\Program Files\MongoDB\Server\8.2\bin;C:\Program Files\MongoDB\mongosh-2.5.8-win32-x64\bin;C:\Users\SOHAIL AHMAD\AppData\Local\Programs\Antigravity\bin
USERNAME=SOHAIL AHMAD
OS=Windows_NT
PROCESSOR_IDENTIFIER=AMD64 Family 23 Model 160 Stepping 0, AuthenticAMD
TMP=C:\Users\SOHAIL~1\AppData\Local\Temp
TEMP=C:\Users\SOHAIL~1\AppData\Local\Temp



---------------  S Y S T E M  ---------------

OS:
 Windows 11 , 64 bit Build 26100 (10.0.26100.7920)
OS uptime: 0 days 20:42 hours
Hyper-V role detected

CPU: total 8 (initial active 8) (8 cores per cpu, 2 threads per core) family 23 model 160 stepping 0 microcode 0x8a00006, cx8, cmov, fxsr, ht, mmx, 3dnowpref, sse, sse2, sse3, ssse3, sse4a, sse4.1, sse4.2, popcnt, lzcnt, tsc, tscinvbit, avx, avx2, aes, clmul, bmi1, bmi2, adx, sha, fma, vzeroupper, clflush, clflushopt, hv

Memory: 4k page, system-wide physical 5965M (547M free)
TotalPageFile size 24397M (AvailPageFile size 16M)
current process WorkingSet (physical memory assigned to process): 167M, peak: 167M
current process commit charge ("private bytes"): 254M, peak: 258M

vm_info: OpenJDK 64-Bit Server VM (17.0.4.1+1) for windows-amd64 JRE (17.0.4.1+1), built on Aug 17 2022 07:42:43 by "temurin" with MS VC++ 16.7 (VS2019)

END.
