#
# There is insufficient memory for the Java Runtime Environment to continue.
# Native memory allocation (malloc) failed to allocate 1657936 bytes for Chunk::new
# Possible reasons:
#   The system is out of physical RAM or swap space
#   The process is running with CompressedOops enabled, and the Java Heap may be blocking the growth of the native heap
# Possible solutions:
#   Reduce memory load on the system
#   Increase physical memory or swap space
#   Check if swap backing store is full
#   Decrease Java heap size (-Xmx/-Xms)
#   Decrease number of Java threads
#   Decrease Java thread stack sizes (-Xss)
#   Set larger code cache with -XX:ReservedCodeCacheSize=
#   JVM is running with Unscaled Compressed Oops mode in which the Java heap is
#     placed in the first 4GB address space. The Java Heap base address is the
#     maximum limit for the native heap growth. Please use -XX:HeapBaseMinAddress
#     to set the Java Heap base and to place the Java Heap above 4GB virtual address.
# This output file may be truncated or incomplete.
#
#  Out of Memory Error (arena.cpp:189), pid=22848, tid=20628
#
# JRE version: OpenJDK Runtime Environment Temurin-17.0.4.1+1 (17.0.4.1+1) (build 17.0.4.1+1)
# Java VM: OpenJDK 64-Bit Server VM Temurin-17.0.4.1+1 (17.0.4.1+1, mixed mode, tiered, compressed oops, compressed class ptrs, parallel gc, windows-amd64)
# No core dump will be written. Minidumps are not enabled by default on client versions of Windows
#

---------------  S U M M A R Y ------------

Command Line: --add-modules=ALL-SYSTEM --add-opens=java.base/java.util=ALL-UNNAMED --add-opens=java.base/java.lang=ALL-UNNAMED --add-opens=java.base/sun.nio.fs=ALL-UNNAMED -Declipse.application=org.eclipse.jdt.ls.core.id1 -Dosgi.bundles.defaultStartLevel=4 -Declipse.product=org.eclipse.jdt.ls.core.product -Djava.import.generatesMetadataFilesAtProjectRoot=false -Dfile.encoding=utf8 -XX:+UseParallelGC -XX:GCTimeRatio=4 -XX:AdaptiveSizePolicyWeight=90 -Dsun.zip.disableMemoryMapping=true -Xmx1G -Xms100m -Xlog:disable -javaagent:c:\Users\SOHAIL AHMAD\.antigravity\extensions\redhat.java-1.12.0-win32-x64\lombok\lombok-1.18.24.jar -XX:+HeapDumpOnOutOfMemoryError -XX:HeapDumpPath=c:\Users\SOHAIL AHMAD\AppData\Roaming\Antigravity\User\workspaceStorage\e93f37d5df380cb2e825645f6b524362\redhat.java c:\Users\SOHAIL AHMAD\.antigravity\extensions\redhat.java-1.12.0-win32-x64\server\plugins\org.eclipse.equinox.launcher_1.6.400.v20210924-0641.jar -configuration c:\Users\SOHAIL AHMAD\AppData\Roaming\Antigravity\User\globalStorage\redhat.java\1.12.0\config_win -data c:\Users\SOHAIL AHMAD\AppData\Roaming\Antigravity\User\workspaceStorage\e93f37d5df380cb2e825645f6b524362\redhat.java\jdt_ws

Host: AMD Ryzen 3 7320U with Radeon Graphics         , 8 cores, 5G,  Windows 11 , 64 bit Build 26100 (10.0.26100.7920)
Time: Thu Mar 19 19:24:29 2026 India Standard Time elapsed time: 8.204926 seconds (0d 0h 0m 8s)

---------------  T H R E A D  ---------------

Current thread (0x0000014faad7dce0):  JavaThread "" [_thread_in_native, id=20628, stack(0x0000001c17b00000,0x0000001c17c00000)]


Current CompileTask:
C2:   8205 3196   !   4       org.eclipse.osgi.internal.loader.classpath.ClasspathManager::findClassImpl (308 bytes)

Stack: [0x0000001c17b00000,0x0000001c17c00000]
Native frames: (J=compiled Java code, j=interpreted, Vv=VM code, C=native code)
V  [jvm.dll+0x67731a]
V  [jvm.dll+0x832284]
V  [jvm.dll+0x833a2e]
V  [jvm.dll+0x834093]
V  [jvm.dll+0x245775]
V  [jvm.dll+0xabd7b]
V  [jvm.dll+0xac30c]
V  [jvm.dll+0x363a97]
V  [jvm.dll+0x32e011]
V  [jvm.dll+0x32d4ba]
V  [jvm.dll+0x218681]
V  [jvm.dll+0x217aa1]
V  [jvm.dll+0x1a3f8d]
V  [jvm.dll+0x227498]
V  [jvm.dll+0x2255e5]
V  [jvm.dll+0x7e7e9b]
V  [jvm.dll+0x7e240a]
V  [jvm.dll+0x6761a5]
C  [ucrtbase.dll+0x37b0]
C  [KERNEL32.DLL+0x2e8d7]
C  [ntdll.dll+0x8c48c]


---------------  P R O C E S S  ---------------

Threads class SMR info:
_java_thread_list=0x0000014fad330b40, length=25, elements={
0x0000014f934dace0, 0x0000014faad442a0, 0x0000014faad46290, 0x0000014f9359e7b0,
0x0000014fa92acad0, 0x0000014fa92ae6a0, 0x0000014faad75ba0, 0x0000014faad7dce0,
0x0000014faad88e50, 0x0000014faad8a6d0, 0x0000014f9353ea30, 0x0000014fab006850,
0x0000014fac4517e0, 0x0000014fad155c50, 0x0000014fad346170, 0x0000014fad675630,
0x0000014fac41e050, 0x0000014fad0942b0, 0x0000014fad9246d0, 0x0000014fad925ee0,
0x0000014fad925a10, 0x0000014fad923d30, 0x0000014fad926d50, 0x0000014faf444f90,
0x0000014fad925540
}

Java Threads: ( => current thread )
  0x0000014f934dace0 JavaThread "main" [_thread_in_Java, id=22864, stack(0x0000001c17200000,0x0000001c17300000)]
  0x0000014faad442a0 JavaThread "Reference Handler" daemon [_thread_blocked, id=6940, stack(0x0000001c17500000,0x0000001c17600000)]
  0x0000014faad46290 JavaThread "Finalizer" daemon [_thread_blocked, id=23272, stack(0x0000001c17600000,0x0000001c17700000)]
  0x0000014f9359e7b0 JavaThread "Signal Dispatcher" daemon [_thread_blocked, id=3944, stack(0x0000001c17700000,0x0000001c17800000)]
  0x0000014fa92acad0 JavaThread "Attach Listener" daemon [_thread_blocked, id=19280, stack(0x0000001c17800000,0x0000001c17900000)]
  0x0000014fa92ae6a0 JavaThread "Service Thread" daemon [_thread_blocked, id=18596, stack(0x0000001c17900000,0x0000001c17a00000)]
  0x0000014faad75ba0 JavaThread "Monitor Deflation Thread" daemon [_thread_blocked, id=21216, stack(0x0000001c17a00000,0x0000001c17b00000)]
=>0x0000014faad7dce0 JavaThread "C2 CompilerThread0" daemon [_thread_in_native, id=20628, stack(0x0000001c17b00000,0x0000001c17c00000)]
  0x0000014faad88e50 JavaThread "C1 CompilerThread0" daemon [_thread_in_native, id=11132, stack(0x0000001c17c00000,0x0000001c17d00000)]
  0x0000014faad8a6d0 JavaThread "Sweeper thread" daemon [_thread_blocked, id=5460, stack(0x0000001c17d00000,0x0000001c17e00000)]
  0x0000014f9353ea30 JavaThread "Common-Cleaner" daemon [_thread_blocked, id=22844, stack(0x0000001c17e00000,0x0000001c17f00000)]
  0x0000014fab006850 JavaThread "Notification Thread" daemon [_thread_blocked, id=17844, stack(0x0000001c18000000,0x0000001c18100000)]
  0x0000014fac4517e0 JavaThread "Active Thread: Equinox Container: 1d902bdc-7b36-4d43-8f6d-5a271ef6e34f" [_thread_blocked, id=18488, stack(0x0000001c18800000,0x0000001c18900000)]
  0x0000014fad155c50 JavaThread "Framework Event Dispatcher: Equinox Container: 1d902bdc-7b36-4d43-8f6d-5a271ef6e34f" daemon [_thread_blocked, id=7056, stack(0x0000001c18900000,0x0000001c18a00000)]
  0x0000014fad346170 JavaThread "Start Level: Equinox Container: 1d902bdc-7b36-4d43-8f6d-5a271ef6e34f" daemon [_thread_blocked, id=19016, stack(0x0000001c18a00000,0x0000001c18b00000)]
  0x0000014fad675630 JavaThread "SCR Component Actor" daemon [_thread_blocked, id=21952, stack(0x0000001c18b00000,0x0000001c18c00000)]
  0x0000014fac41e050 JavaThread "SCR Component Registry" daemon [_thread_blocked, id=22060, stack(0x0000001c18d00000,0x0000001c18e00000)]
  0x0000014fad0942b0 JavaThread "Worker-JM" [_thread_blocked, id=9600, stack(0x0000001c18e00000,0x0000001c18f00000)]
  0x0000014fad9246d0 JavaThread "Worker-0" [_thread_blocked, id=5264, stack(0x0000001c17f00000,0x0000001c18000000)]
  0x0000014fad925ee0 JavaThread "Worker-1: Repository registry initialization" [_thread_in_Java, id=1992, stack(0x0000001c18f00000,0x0000001c19000000)]
  0x0000014fad925a10 JavaThread "Java indexing" daemon [_thread_blocked, id=3704, stack(0x0000001c19100000,0x0000001c19200000)]
  0x0000014fad923d30 JavaThread "Worker-2" [_thread_blocked, id=12632, stack(0x0000001c19200000,0x0000001c19300000)]
  0x0000014fad926d50 JavaThread "JNA Cleaner" daemon [_thread_blocked, id=14012, stack(0x0000001c19000000,0x0000001c19100000)]
  0x0000014faf444f90 JavaThread "C2 CompilerThread1" daemon [_thread_in_native, id=9668, stack(0x0000001c19500000,0x0000001c19600000)]
  0x0000014fad925540 JavaThread "pool-2-thread-1" [_thread_blocked, id=2592, stack(0x0000001c19600000,0x0000001c19700000)]

Other Threads:
  0x0000014faad30c20 VMThread "VM Thread" [stack: 0x0000001c17400000,0x0000001c17500000] [id=17432]
  0x0000014fab006d20 WatcherThread [stack: 0x0000001c18100000,0x0000001c18200000] [id=10896]
  0x0000014f934ef7d0 GCTaskThread "GC Thread#0" [stack: 0x0000001c17300000,0x0000001c17400000] [id=11340]
  0x0000014fabfef3f0 GCTaskThread "GC Thread#1" [stack: 0x0000001c18300000,0x0000001c18400000] [id=13432]
  0x0000014fabfefab0 GCTaskThread "GC Thread#2" [stack: 0x0000001c18400000,0x0000001c18500000] [id=23376]
  0x0000014fac489e30 GCTaskThread "GC Thread#3" [stack: 0x0000001c18500000,0x0000001c18600000] [id=21468]
  0x0000014fac48a0e0 GCTaskThread "GC Thread#4" [stack: 0x0000001c18600000,0x0000001c18700000] [id=17656]
  0x0000014fac48abb0 GCTaskThread "GC Thread#5" [stack: 0x0000001c18700000,0x0000001c18800000] [id=19516]
  0x0000014fad32f830 GCTaskThread "GC Thread#6" [stack: 0x0000001c18200000,0x0000001c18300000] [id=19892]
  0x0000014f9341ad30 GCTaskThread "GC Thread#7" [stack: 0x0000001c18c00000,0x0000001c18d00000] [id=18800]

Threads with active compile tasks:
C2 CompilerThread0     8242 3196   !   4       org.eclipse.osgi.internal.loader.classpath.ClasspathManager::findClassImpl (308 bytes)
C1 CompilerThread0     8242 3271       3       java.util.HashMap::putVal (300 bytes)
C2 CompilerThread1     8242 3266   !   4       org.eclipse.osgi.storage.bundlefile.CloseableBundleFile::lockOpen (113 bytes)

VM state: not at safepoint (normal execution)

VM Mutex/Monitor currently owned by a thread: None

Heap address: 0x00000000c0000000, size: 1024 MB, Compressed Oops mode: 32-bit

CDS archive(s) not mapped
Compressed class space mapped at: 0x0000000100000000-0x0000000140000000, reserved size: 1073741824
Narrow klass base: 0x0000000000000000, Narrow klass shift: 3, Narrow klass range: 0x140000000

GC Precious Log:
 CPUs: 8 total, 8 available
 Memory: 5965M
 Large Page Support: Disabled
 NUMA Support: Disabled
 Compressed Oops: Enabled (32-bit)
 Alignments: Space 512K, Generation 512K, Heap 2M
 Heap Min Capacity: 100M
 Heap Initial Capacity: 100M
 Heap Max Capacity: 1G
 Pre-touch: Disabled
 Parallel Workers: 8

Heap:
 PSYoungGen      total 25600K, used 1593K [0x00000000eab00000, 0x00000000ec800000, 0x0000000100000000)
  eden space 23552K, 6% used [0x00000000eab00000,0x00000000eac8e4e0,0x00000000ec200000)
  from space 2048K, 0% used [0x00000000ec200000,0x00000000ec200000,0x00000000ec400000)
  to   space 3072K, 0% used [0x00000000ec500000,0x00000000ec500000,0x00000000ec800000)
 ParOldGen       total 68608K, used 12767K [0x00000000c0000000, 0x00000000c4300000, 0x00000000eab00000)
  object space 68608K, 18% used [0x00000000c0000000,0x00000000c0c77f68,0x00000000c4300000)
 Metaspace       used 35297K, committed 36160K, reserved 1081344K
  class space    used 3621K, committed 4032K, reserved 1048576K

Card table byte_map: [0x0000014fa6b20000,0x0000014fa6d30000] _byte_map_base: 0x0000014fa6520000

Marking Bits: (ParMarkBitMap*) 0x00007ffbd75b2cc0
 Begin Bits: [0x0000014fa6e90000, 0x0000014fa7e90000)
 End Bits:   [0x0000014fa7e90000, 0x0000014fa8e90000)

Polling page: 0x0000014f935a0000

Metaspace:

Usage:
  Non-class:     30.93 MB used.
      Class:      3.54 MB used.
       Both:     34.47 MB used.

Virtual space:
  Non-class space:       32.00 MB reserved,      31.38 MB ( 98%) committed,  4 nodes.
      Class space:        1.00 GB reserved,       3.94 MB ( <1%) committed,  1 nodes.
             Both:        1.03 GB reserved,      35.31 MB (  3%) committed. 

Chunk freelists:
   Non-Class:  352.00 KB
       Class:  112.00 KB
        Both:  464.00 KB

MaxMetaspaceSize: unlimited
CompressedClassSpaceSize: 1.00 GB
Initial GC threshold: 21.00 MB
Current GC threshold: 58.38 MB
CDS: off
MetaspaceReclaimPolicy: balanced
 - commit_granule_bytes: 65536.
 - commit_granule_words: 8192.
 - virtual_space_node_default_size: 1048576.
 - enlarge_chunks_in_place: 1.
 - new_chunks_are_fully_committed: 0.
 - uncommit_free_chunks: 1.
 - use_allocation_guard: 0.
 - handle_deallocations: 1.


Internal statistics:

num_allocs_failed_limit: 6.
num_arena_births: 494.
num_arena_deaths: 14.
num_vsnodes_births: 5.
num_vsnodes_deaths: 0.
num_space_committed: 565.
num_space_uncommitted: 0.
num_chunks_returned_to_freelist: 20.
num_chunks_taken_from_freelist: 1646.
num_chunk_merges: 10.
num_chunk_splits: 1058.
num_chunks_enlarged: 644.
num_purges: 2.
num_inconsistent_stats: 0.

CodeHeap 'non-profiled nmethods': size=120000Kb used=1445Kb max_used=1445Kb free=118554Kb
 bounds [0x0000014f9f400000, 0x0000014f9f670000, 0x0000014fa6930000]
CodeHeap 'profiled nmethods': size=120000Kb used=6523Kb max_used=6523Kb free=113476Kb
 bounds [0x0000014f97ed0000, 0x0000014f98530000, 0x0000014f9f400000]
CodeHeap 'non-nmethods': size=5760Kb used=1262Kb max_used=1295Kb free=4497Kb
 bounds [0x0000014f97930000, 0x0000014f97ba0000, 0x0000014f97ed0000]
 total_blobs=3846 nmethods=3266 adapters=494
 compilation: enabled
              stopped_count=0, restarted_count=0
 full_count=0

Compilation events (20 events):
Event: 7.119 Thread 0x0000014faad88e50 nmethod 3244 0x0000014f98526110 code [0x0000014f98526340, 0x0000014f98526c08]
Event: 7.119 Thread 0x0000014faad88e50 3250       3       org.eclipse.core.runtime.Path::hasTrailingSeparator (13 bytes)
Event: 7.120 Thread 0x0000014faad88e50 nmethod 3250 0x0000014f98526f10 code [0x0000014f985270a0, 0x0000014f98527218]
Event: 7.120 Thread 0x0000014faad88e50 3251       3       org.eclipse.core.runtime.Path::getFileExtension (42 bytes)
Event: 7.120 Thread 0x0000014faad88e50 nmethod 3251 0x0000014f98527290 code [0x0000014f985274e0, 0x0000014f98527de8]
Event: 7.120 Thread 0x0000014faad88e50 3253       3       org.eclipse.core.runtime.Path::<init> (77 bytes)
Event: 7.121 Thread 0x0000014faad88e50 nmethod 3253 0x0000014f98528110 code [0x0000014f98528300, 0x0000014f985286c8]
Event: 7.121 Thread 0x0000014faad88e50 3252       1       org.eclipse.core.internal.dtree.AbstractDataTreeNode::getName (5 bytes)
Event: 7.121 Thread 0x0000014faad88e50 nmethod 3252 0x0000014f9f565290 code [0x0000014f9f565420, 0x0000014f9f5654f8]
Event: 7.121 Thread 0x0000014faad88e50 3254       3       org.eclipse.core.internal.resources.ResourceInfo::getType (10 bytes)
Event: 7.121 Thread 0x0000014faad88e50 nmethod 3254 0x0000014f98528910 code [0x0000014f98528aa0, 0x0000014f98528bf8]
Event: 7.121 Thread 0x0000014faad88e50 3255       3       org.eclipse.core.internal.resources.ResourceInfo::getBits (6 bytes)
Event: 7.121 Thread 0x0000014faad88e50 nmethod 3255 0x0000014f98528c90 code [0x0000014f98528e20, 0x0000014f98528f18]
Event: 7.121 Thread 0x0000014faad88e50 3249       3       org.eclipse.core.internal.dtree.DataTreeNode::<init> (12 bytes)
Event: 7.121 Thread 0x0000014faad88e50 nmethod 3249 0x0000014f98528f90 code [0x0000014f98529140, 0x0000014f98529418]
Event: 7.127 Thread 0x0000014faf444f90 3256       4       org.eclipse.osgi.internal.loader.classpath.ClasspathEntry::findEntry (56 bytes)
Event: 7.156 Thread 0x0000014faf444f90 nmethod 3256 0x0000014f9f565590 code [0x0000014f9f565860, 0x0000014f9f566ad8]
Event: 7.156 Thread 0x0000014faf444f90 3257       4       java.lang.Integer::formatUnsignedInt (40 bytes)
Event: 7.159 Thread 0x0000014faf444f90 nmethod 3257 0x0000014f9f567d10 code [0x0000014f9f567ea0, 0x0000014f9f5680d8]
Event: 7.160 Thread 0x0000014faf444f90 3258       4       java.util.ArrayList::fastRemove (44 bytes)

GC Heap History (19 events):
Event: 1.762 GC heap before
{Heap before GC invocations=1 (full 0):
 PSYoungGen      total 29696K, used 25600K [0x00000000eab00000, 0x00000000ecc00000, 0x0000000100000000)
  eden space 25600K, 100% used [0x00000000eab00000,0x00000000ec400000,0x00000000ec400000)
  from space 4096K, 0% used [0x00000000ec800000,0x00000000ec800000,0x00000000ecc00000)
  to   space 4096K, 0% used [0x00000000ec400000,0x00000000ec400000,0x00000000ec800000)
 ParOldGen       total 68608K, used 0K [0x00000000c0000000, 0x00000000c4300000, 0x00000000eab00000)
  object space 68608K, 0% used [0x00000000c0000000,0x00000000c0000000,0x00000000c4300000)
 Metaspace       used 10772K, committed 10944K, reserved 1064960K
  class space    used 1080K, committed 1152K, reserved 1048576K
}
Event: 1.768 GC heap after
{Heap after GC invocations=1 (full 0):
 PSYoungGen      total 29696K, used 3320K [0x00000000eab00000, 0x00000000ecc00000, 0x0000000100000000)
  eden space 25600K, 0% used [0x00000000eab00000,0x00000000eab00000,0x00000000ec400000)
  from space 4096K, 81% used [0x00000000ec400000,0x00000000ec73e218,0x00000000ec800000)
  to   space 4096K, 0% used [0x00000000ec800000,0x00000000ec800000,0x00000000ecc00000)
 ParOldGen       total 68608K, used 16K [0x00000000c0000000, 0x00000000c4300000, 0x00000000eab00000)
  object space 68608K, 0% used [0x00000000c0000000,0x00000000c0004000,0x00000000c4300000)
 Metaspace       used 10772K, committed 10944K, reserved 1064960K
  class space    used 1080K, committed 1152K, reserved 1048576K
}
Event: 2.583 GC heap before
{Heap before GC invocations=2 (full 0):
 PSYoungGen      total 29696K, used 28920K [0x00000000eab00000, 0x00000000ecc00000, 0x0000000100000000)
  eden space 25600K, 100% used [0x00000000eab00000,0x00000000ec400000,0x00000000ec400000)
  from space 4096K, 81% used [0x00000000ec400000,0x00000000ec73e218,0x00000000ec800000)
  to   space 4096K, 0% used [0x00000000ec800000,0x00000000ec800000,0x00000000ecc00000)
 ParOldGen       total 68608K, used 16K [0x00000000c0000000, 0x00000000c4300000, 0x00000000eab00000)
  object space 68608K, 0% used [0x00000000c0000000,0x00000000c0004000,0x00000000c4300000)
 Metaspace       used 14711K, committed 15040K, reserved 1064960K
  class space    used 1494K, committed 1664K, reserved 1048576K
}
Event: 2.588 GC heap after
{Heap after GC invocations=2 (full 0):
 PSYoungGen      total 29696K, used 4094K [0x00000000eab00000, 0x00000000ecc00000, 0x0000000100000000)
  eden space 25600K, 0% used [0x00000000eab00000,0x00000000eab00000,0x00000000ec400000)
  from space 4096K, 99% used [0x00000000ec800000,0x00000000ecbffa48,0x00000000ecc00000)
  to   space 4096K, 0% used [0x00000000ec400000,0x00000000ec400000,0x00000000ec800000)
 ParOldGen       total 68608K, used 1459K [0x00000000c0000000, 0x00000000c4300000, 0x00000000eab00000)
  object space 68608K, 2% used [0x00000000c0000000,0x00000000c016cef0,0x00000000c4300000)
 Metaspace       used 14711K, committed 15040K, reserved 1064960K
  class space    used 1494K, committed 1664K, reserved 1048576K
}
Event: 3.171 GC heap before
{Heap before GC invocations=3 (full 0):
 PSYoungGen      total 29696K, used 29694K [0x00000000eab00000, 0x00000000ecc00000, 0x0000000100000000)
  eden space 25600K, 100% used [0x00000000eab00000,0x00000000ec400000,0x00000000ec400000)
  from space 4096K, 99% used [0x00000000ec800000,0x00000000ecbffa48,0x00000000ecc00000)
  to   space 4096K, 0% used [0x00000000ec400000,0x00000000ec400000,0x00000000ec800000)
 ParOldGen       total 68608K, used 1459K [0x00000000c0000000, 0x00000000c4300000, 0x00000000eab00000)
  object space 68608K, 2% used [0x00000000c0000000,0x00000000c016cef0,0x00000000c4300000)
 Metaspace       used 19527K, committed 19840K, reserved 1073152K
  class space    used 1983K, committed 2112K, reserved 1048576K
}
Event: 3.176 GC heap after
{Heap after GC invocations=3 (full 0):
 PSYoungGen      total 29696K, used 4087K [0x00000000eab00000, 0x00000000ecc00000, 0x0000000100000000)
  eden space 25600K, 0% used [0x00000000eab00000,0x00000000eab00000,0x00000000ec400000)
  from space 4096K, 99% used [0x00000000ec400000,0x00000000ec7fddb0,0x00000000ec800000)
  to   space 4096K, 0% used [0x00000000ec800000,0x00000000ec800000,0x00000000ecc00000)
 ParOldGen       total 68608K, used 3812K [0x00000000c0000000, 0x00000000c4300000, 0x00000000eab00000)
  object space 68608K, 5% used [0x00000000c0000000,0x00000000c03b9220,0x00000000c4300000)
 Metaspace       used 19527K, committed 19840K, reserved 1073152K
  class space    used 1983K, committed 2112K, reserved 1048576K
}
Event: 3.391 GC heap before
{Heap before GC invocations=4 (full 0):
 PSYoungGen      total 29696K, used 13056K [0x00000000eab00000, 0x00000000ecc00000, 0x0000000100000000)
  eden space 25600K, 35% used [0x00000000eab00000,0x00000000eb3c2298,0x00000000ec400000)
  from space 4096K, 99% used [0x00000000ec400000,0x00000000ec7fddb0,0x00000000ec800000)
  to   space 4096K, 0% used [0x00000000ec800000,0x00000000ec800000,0x00000000ecc00000)
 ParOldGen       total 68608K, used 3812K [0x00000000c0000000, 0x00000000c4300000, 0x00000000eab00000)
  object space 68608K, 5% used [0x00000000c0000000,0x00000000c03b9220,0x00000000c4300000)
 Metaspace       used 21061K, committed 21504K, reserved 1073152K
  class space    used 2140K, committed 2304K, reserved 1048576K
}
Event: 3.394 GC heap after
{Heap after GC invocations=4 (full 0):
 PSYoungGen      total 29696K, used 4066K [0x00000000eab00000, 0x00000000ecc00000, 0x0000000100000000)
  eden space 25600K, 0% used [0x00000000eab00000,0x00000000eab00000,0x00000000ec400000)
  from space 4096K, 99% used [0x00000000ec800000,0x00000000ecbf8b68,0x00000000ecc00000)
  to   space 4096K, 0% used [0x00000000ec400000,0x00000000ec400000,0x00000000ec800000)
 ParOldGen       total 68608K, used 4164K [0x00000000c0000000, 0x00000000c4300000, 0x00000000eab00000)
  object space 68608K, 6% used [0x00000000c0000000,0x00000000c0411240,0x00000000c4300000)
 Metaspace       used 21061K, committed 21504K, reserved 1073152K
  class space    used 2140K, committed 2304K, reserved 1048576K
}
Event: 3.394 GC heap before
{Heap before GC invocations=5 (full 1):
 PSYoungGen      total 29696K, used 4066K [0x00000000eab00000, 0x00000000ecc00000, 0x0000000100000000)
  eden space 25600K, 0% used [0x00000000eab00000,0x00000000eab00000,0x00000000ec400000)
  from space 4096K, 99% used [0x00000000ec800000,0x00000000ecbf8b68,0x00000000ecc00000)
  to   space 4096K, 0% used [0x00000000ec400000,0x00000000ec400000,0x00000000ec800000)
 ParOldGen       total 68608K, used 4164K [0x00000000c0000000, 0x00000000c4300000, 0x00000000eab00000)
  object space 68608K, 6% used [0x00000000c0000000,0x00000000c0411240,0x00000000c4300000)
 Metaspace       used 21061K, committed 21504K, reserved 1073152K
  class space    used 2140K, committed 2304K, reserved 1048576K
}
Event: 3.415 GC heap after
{Heap after GC invocations=5 (full 1):
 PSYoungGen      total 29696K, used 0K [0x00000000eab00000, 0x00000000ecc00000, 0x0000000100000000)
  eden space 25600K, 0% used [0x00000000eab00000,0x00000000eab00000,0x00000000ec400000)
  from space 4096K, 0% used [0x00000000ec800000,0x00000000ec800000,0x00000000ecc00000)
  to   space 4096K, 0% used [0x00000000ec400000,0x00000000ec400000,0x00000000ec800000)
 ParOldGen       total 68608K, used 8020K [0x00000000c0000000, 0x00000000c4300000, 0x00000000eab00000)
  object space 68608K, 11% used [0x00000000c0000000,0x00000000c07d5138,0x00000000c4300000)
 Metaspace       used 21048K, committed 21504K, reserved 1073152K
  class space    used 2137K, committed 2304K, reserved 1048576K
}
Event: 3.925 GC heap before
{Heap before GC invocations=6 (full 1):
 PSYoungGen      total 29696K, used 25600K [0x00000000eab00000, 0x00000000ecc00000, 0x0000000100000000)
  eden space 25600K, 100% used [0x00000000eab00000,0x00000000ec400000,0x00000000ec400000)
  from space 4096K, 0% used [0x00000000ec800000,0x00000000ec800000,0x00000000ecc00000)
  to   space 4096K, 0% used [0x00000000ec400000,0x00000000ec400000,0x00000000ec800000)
 ParOldGen       total 68608K, used 8020K [0x00000000c0000000, 0x00000000c4300000, 0x00000000eab00000)
  object space 68608K, 11% used [0x00000000c0000000,0x00000000c07d5138,0x00000000c4300000)
 Metaspace       used 24815K, committed 25472K, reserved 1073152K
  class space    used 2571K, committed 2880K, reserved 1048576K
}
Event: 3.927 GC heap after
{Heap after GC invocations=6 (full 1):
 PSYoungGen      total 27648K, used 2122K [0x00000000eab00000, 0x00000000eca80000, 0x0000000100000000)
  eden space 25088K, 0% used [0x00000000eab00000,0x00000000eab00000,0x00000000ec380000)
  from space 2560K, 82% used [0x00000000ec400000,0x00000000ec612a48,0x00000000ec680000)
  to   space 3584K, 0% used [0x00000000ec700000,0x00000000ec700000,0x00000000eca80000)
 ParOldGen       total 68608K, used 8028K [0x00000000c0000000, 0x00000000c4300000, 0x00000000eab00000)
  object space 68608K, 11% used [0x00000000c0000000,0x00000000c07d7138,0x00000000c4300000)
 Metaspace       used 24815K, committed 25472K, reserved 1073152K
  class space    used 2571K, committed 2880K, reserved 1048576K
}
Event: 4.153 GC heap before
{Heap before GC invocations=7 (full 1):
 PSYoungGen      total 27648K, used 27210K [0x00000000eab00000, 0x00000000eca80000, 0x0000000100000000)
  eden space 25088K, 100% used [0x00000000eab00000,0x00000000ec380000,0x00000000ec380000)
  from space 2560K, 82% used [0x00000000ec400000,0x00000000ec612a48,0x00000000ec680000)
  to   space 3584K, 0% used [0x00000000ec700000,0x00000000ec700000,0x00000000eca80000)
 ParOldGen       total 68608K, used 8028K [0x00000000c0000000, 0x00000000c4300000, 0x00000000eab00000)
  object space 68608K, 11% used [0x00000000c0000000,0x00000000c07d7138,0x00000000c4300000)
 Metaspace       used 28179K, committed 28736K, reserved 1081344K
  class space    used 2817K, committed 3072K, reserved 1048576K
}
Event: 4.155 GC heap after
{Heap after GC invocations=7 (full 1):
 PSYoungGen      total 27648K, used 2691K [0x00000000eab00000, 0x00000000eca00000, 0x0000000100000000)
  eden space 24576K, 0% used [0x00000000eab00000,0x00000000eab00000,0x00000000ec300000)
  from space 3072K, 87% used [0x00000000ec700000,0x00000000ec9a0e48,0x00000000eca00000)
  to   space 3072K, 0% used [0x00000000ec400000,0x00000000ec400000,0x00000000ec700000)
 ParOldGen       total 68608K, used 8036K [0x00000000c0000000, 0x00000000c4300000, 0x00000000eab00000)
  object space 68608K, 11% used [0x00000000c0000000,0x00000000c07d9138,0x00000000c4300000)
 Metaspace       used 28179K, committed 28736K, reserved 1081344K
  class space    used 2817K, committed 3072K, reserved 1048576K
}
Event: 4.461 GC heap before
{Heap before GC invocations=8 (full 1):
 PSYoungGen      total 27648K, used 27267K [0x00000000eab00000, 0x00000000eca00000, 0x0000000100000000)
  eden space 24576K, 100% used [0x00000000eab00000,0x00000000ec300000,0x00000000ec300000)
  from space 3072K, 87% used [0x00000000ec700000,0x00000000ec9a0e48,0x00000000eca00000)
  to   space 3072K, 0% used [0x00000000ec400000,0x00000000ec400000,0x00000000ec700000)
 ParOldGen       total 68608K, used 8036K [0x00000000c0000000, 0x00000000c4300000, 0x00000000eab00000)
  object space 68608K, 11% used [0x00000000c0000000,0x00000000c07d9138,0x00000000c4300000)
 Metaspace       used 30876K, committed 31616K, reserved 1081344K
  class space    used 3047K, committed 3392K, reserved 1048576K
}
Event: 4.463 GC heap after
{Heap after GC invocations=8 (full 1):
 PSYoungGen      total 27136K, used 3041K [0x00000000eab00000, 0x00000000eca80000, 0x0000000100000000)
  eden space 24064K, 0% used [0x00000000eab00000,0x00000000eab00000,0x00000000ec280000)
  from space 3072K, 99% used [0x00000000ec400000,0x00000000ec6f86d8,0x00000000ec700000)
  to   space 3584K, 0% used [0x00000000ec700000,0x00000000ec700000,0x00000000eca80000)
 ParOldGen       total 68608K, used 8616K [0x00000000c0000000, 0x00000000c4300000, 0x00000000eab00000)
  object space 68608K, 12% used [0x00000000c0000000,0x00000000c086a098,0x00000000c4300000)
 Metaspace       used 30876K, committed 31616K, reserved 1081344K
  class space    used 3047K, committed 3392K, reserved 1048576K
}
Event: 7.148 GC heap before
{Heap before GC invocations=9 (full 1):
 PSYoungGen      total 27136K, used 27105K [0x00000000eab00000, 0x00000000eca80000, 0x0000000100000000)
  eden space 24064K, 100% used [0x00000000eab00000,0x00000000ec280000,0x00000000ec280000)
  from space 3072K, 99% used [0x00000000ec400000,0x00000000ec6f86d8,0x00000000ec700000)
  to   space 3584K, 0% used [0x00000000ec700000,0x00000000ec700000,0x00000000eca80000)
 ParOldGen       total 68608K, used 8616K [0x00000000c0000000, 0x00000000c4300000, 0x00000000eab00000)
  object space 68608K, 12% used [0x00000000c0000000,0x00000000c086a098,0x00000000c4300000)
 Metaspace       used 34939K, committed 35712K, reserved 1081344K
  class space    used 3555K, committed 3904K, reserved 1048576K
}
Event: 7.150 GC heap after
{Heap after GC invocations=9 (full 1):
 PSYoungGen      total 27136K, used 3580K [0x00000000eab00000, 0x00000000ecb00000, 0x0000000100000000)
  eden space 23552K, 0% used [0x00000000eab00000,0x00000000eab00000,0x00000000ec200000)
  from space 3584K, 99% used [0x00000000ec700000,0x00000000eca7f050,0x00000000eca80000)
  to   space 4608K, 0% used [0x00000000ec200000,0x00000000ec200000,0x00000000ec680000)
 ParOldGen       total 68608K, used 9389K [0x00000000c0000000, 0x00000000c4300000, 0x00000000eab00000)
  object space 68608K, 13% used [0x00000000c0000000,0x00000000c092b4d0,0x00000000c4300000)
 Metaspace       used 34939K, committed 35712K, reserved 1081344K
  class space    used 3555K, committed 3904K, reserved 1048576K
}
Event: 7.161 GC heap before
{Heap before GC invocations=10 (full 1):
 PSYoungGen      total 27136K, used 4487K [0x00000000eab00000, 0x00000000ecb00000, 0x0000000100000000)
  eden space 23552K, 3% used [0x00000000eab00000,0x00000000eabe2df8,0x00000000ec200000)
  from space 3584K, 99% used [0x00000000ec700000,0x00000000eca7f050,0x00000000eca80000)
  to   space 4608K, 0% used [0x00000000ec200000,0x00000000ec200000,0x00000000ec680000)
 ParOldGen       total 68608K, used 9389K [0x00000000c0000000, 0x00000000c4300000, 0x00000000eab00000)
  object space 68608K, 13% used [0x00000000c0000000,0x00000000c092b4d0,0x00000000c4300000)
 Metaspace       used 35082K, committed 35840K, reserved 1081344K
  class space    used 3575K, committed 3904K, reserved 1048576K
}

Deoptimization events (20 events):
Event: 4.663 Thread 0x0000014fad346170 DEOPT PACKING pc=0x0000014f9f4458f4 sp=0x0000001c18afb6b0
Event: 4.663 Thread 0x0000014fad346170 DEOPT UNPACKING pc=0x0000014f979820a3 sp=0x0000001c18afb640 mode 2
Event: 6.997 Thread 0x0000014fad346170 Uncommon trap: trap_request=0xffffff45 fr.pc=0x0000014f9f4fb364 relative=0x0000000000000a84
Event: 6.997 Thread 0x0000014fad346170 Uncommon trap: reason=unstable_if action=reinterpret pc=0x0000014f9f4fb364 method=jdk.internal.org.objectweb.asm.SymbolTable.put(Ljdk/internal/org/objectweb/asm/SymbolTable$Entry;)Ljdk/internal/org/objectweb/asm/SymbolTable$Entry; @ 13 c2
Event: 6.997 Thread 0x0000014fad346170 DEOPT PACKING pc=0x0000014f9f4fb364 sp=0x0000001c18afba90
Event: 6.997 Thread 0x0000014fad346170 DEOPT UNPACKING pc=0x0000014f979820a3 sp=0x0000001c18afb9d8 mode 2
Event: 7.009 Thread 0x0000014fad346170 Uncommon trap: trap_request=0xffffff76 fr.pc=0x0000014f9f5407e0 relative=0x0000000000000620
Event: 7.009 Thread 0x0000014fad346170 Uncommon trap: reason=predicate action=maybe_recompile pc=0x0000014f9f5407e0 method=java.util.TreeMap.getEntryUsingComparator(Ljava/lang/Object;)Ljava/util/TreeMap$Entry; @ 19 c2
Event: 7.009 Thread 0x0000014fad346170 DEOPT PACKING pc=0x0000014f9f5407e0 sp=0x0000001c18afc750
Event: 7.009 Thread 0x0000014fad346170 DEOPT UNPACKING pc=0x0000014f979820a3 sp=0x0000001c18afc670 mode 2
Event: 7.053 Thread 0x0000014f934dace0 Uncommon trap: trap_request=0xffffff76 fr.pc=0x0000014f9f53dc0c relative=0x000000000000064c
Event: 7.053 Thread 0x0000014f934dace0 Uncommon trap: reason=predicate action=maybe_recompile pc=0x0000014f9f53dc0c method=java.util.TreeMap.getEntryUsingComparator(Ljava/lang/Object;)Ljava/util/TreeMap$Entry; @ 19 c2
Event: 7.053 Thread 0x0000014f934dace0 DEOPT PACKING pc=0x0000014f9f53dc0c sp=0x0000001c172fe2b0
Event: 7.053 Thread 0x0000014f934dace0 DEOPT UNPACKING pc=0x0000014f979820a3 sp=0x0000001c172fe260 mode 2
Event: 7.075 Thread 0x0000014f934dace0 DEOPT PACKING pc=0x0000014f9851029e sp=0x0000001c172f79e0
Event: 7.075 Thread 0x0000014f934dace0 DEOPT UNPACKING pc=0x0000014f97982843 sp=0x0000001c172f6ed0 mode 0
Event: 7.097 Thread 0x0000014f934dace0 Uncommon trap: trap_request=0xffffff45 fr.pc=0x0000014f9f52aa38 relative=0x00000000000014d8
Event: 7.097 Thread 0x0000014f934dace0 Uncommon trap: reason=unstable_if action=reinterpret pc=0x0000014f9f52aa38 method=java.util.Properties.loadConvert([CIILjava/lang/StringBuilder;)Ljava/lang/String; @ 477 c2
Event: 7.097 Thread 0x0000014f934dace0 DEOPT PACKING pc=0x0000014f9f52aa38 sp=0x0000001c172f93e0
Event: 7.097 Thread 0x0000014f934dace0 DEOPT UNPACKING pc=0x0000014f979820a3 sp=0x0000001c172f93d0 mode 2

Classes unloaded (7 events):
Event: 3.396 Thread 0x0000014faad30c20 Unloading class 0x000000010020c400 'java/lang/invoke/LambdaForm$MH+0x000000010020c400'
Event: 3.396 Thread 0x0000014faad30c20 Unloading class 0x000000010020c000 'java/lang/invoke/LambdaForm$MH+0x000000010020c000'
Event: 3.396 Thread 0x0000014faad30c20 Unloading class 0x000000010020bc00 'java/lang/invoke/LambdaForm$MH+0x000000010020bc00'
Event: 3.397 Thread 0x0000014faad30c20 Unloading class 0x000000010020b800 'java/lang/invoke/LambdaForm$MH+0x000000010020b800'
Event: 3.397 Thread 0x0000014faad30c20 Unloading class 0x000000010020b000 'java/lang/invoke/LambdaForm$BMH+0x000000010020b000'
Event: 3.397 Thread 0x0000014faad30c20 Unloading class 0x000000010020ac00 'java/lang/invoke/LambdaForm$DMH+0x000000010020ac00'
Event: 3.397 Thread 0x0000014faad30c20 Unloading class 0x0000000100208400 'java/lang/invoke/LambdaForm$DMH+0x0000000100208400'

Classes redefined (0 events):
No events

Internal exceptions (20 events):
Event: 3.794 Thread 0x0000014fad346170 Exception <a 'java/lang/NoSuchMethodError'{0x00000000ebc42428}: 'java.lang.Object java.lang.invoke.Invokers$Holder.invoke_MT(java.lang.Object, java.lang.Object, java.lang.Object, java.lang.Object, java.lang.Object, java.lang.Object, java.lang.Object, java.lang.Object, java.lang.Object)'> (0x00000000ebc42428) 
thrown [s\src\hotspot\share\interpreter\linkResolver.cpp, line 759]
Event: 3.802 Thread 0x0000014fad346170 Exception <a 'java/lang/NoSuchMethodError'{0x00000000ebcd1cc0}: 'java.lang.Object java.lang.invoke.DirectMethodHandle$Holder.newInvokeSpecial(java.lang.Object, java.lang.Object, java.lang.Object, java.lang.Object, java.lang.Object, java.lang.Object, java.lang.Object)'> (0x00000000ebcd1cc0) 
thrown [s\src\hotspot\share\interpreter\linkResolver.cpp, line 759]
Event: 3.809 Thread 0x0000014fad346170 Exception <a 'java/lang/NoSuchMethodError'{0x00000000ebd265c8}: 'java.lang.Object java.lang.invoke.DirectMethodHandle$Holder.invokeSpecial(java.lang.Object, java.lang.Object, java.lang.Object, java.lang.Object, java.lang.Object, java.lang.Object, java.lang.Object, java.lang.Object, java.lang.Object, java.lang.Object, java.lang.Object, java.lang.Object, java.lang.Object)'> (0x00000000ebd265c8) 
thrown [s\src\hotspot\share\interpreter\linkResolver.cpp, line 759]
Event: 3.809 Thread 0x0000014fad346170 Exception <a 'java/lang/NoSuchMethodError'{0x00000000ebd2c0f8}: 'java.lang.Object java.lang.invoke.Invokers$Holder.invoker(java.lang.Object, java.lang.Object, java.lang.Object, java.lang.Object, java.lang.Object, java.lang.Object, java.lang.Object, java.lang.Object, java.lang.Object, java.lang.Object, java.lang.Object, java.lang.Object, java.lang.Object)'> (0x00000000ebd2c0f8) 
thrown [s\src\hotspot\share\interpreter\linkResolver.cpp, line 759]
Event: 3.810 Thread 0x0000014fad346170 Exception <a 'java/lang/NoSuchMethodError'{0x00000000ebd32df8}: 'java.lang.Object java.lang.invoke.DirectMethodHandle$Holder.invokeSpecial(java.lang.Object, java.lang.Object, java.lang.Object, java.lang.Object, java.lang.Object, java.lang.Object, java.lang.Object, java.lang.Object, java.lang.Object, java.lang.Object, java.lang.Object, java.lang.Object, java.lang.Object, java.lang.Object)'> (0x00000000ebd32df8) 
thrown [s\src\hotspot\share\interpreter\linkResolver.cpp, line 759]
Event: 3.815 Thread 0x0000014fad346170 Exception <a 'java/lang/NoSuchMethodError'{0x00000000ebd870a8}: static Lorg/eclipse/m2e/core/internal/lifecyclemapping/model/PluginExecutionMetadata;.<clinit>()V> (0x00000000ebd870a8) 
thrown [s\src\hotspot\share\prims\jni.cpp, line 1107]
Event: 3.819 Thread 0x0000014fad346170 Exception <a 'java/lang/NoSuchMethodError'{0x00000000ebdd8e20}: static Lorg/eclipse/m2e/core/internal/lifecyclemapping/model/PluginExecutionFilter;.<clinit>()V> (0x00000000ebdd8e20) 
thrown [s\src\hotspot\share\prims\jni.cpp, line 1107]
Event: 3.855 Thread 0x0000014fad9246d0 Exception <a 'java/io/FileNotFoundException'{0x00000000eabaf4d0}> (0x00000000eabaf4d0) 
thrown [s\src\hotspot\share\prims\jni.cpp, line 516]
Event: 4.278 Thread 0x0000014fad346170 Exception <a 'java/lang/ClassNotFoundException'{0x00000000ebcfb810}: com/sun/org/apache/xerces/internal/impl/msg/spi/DOMMessagesProvider> (0x00000000ebcfb810) 
thrown [s\src\hotspot\share\classfile\systemDictionary.cpp, line 256]
Event: 4.280 Thread 0x0000014fad346170 Exception <a 'java/lang/ClassNotFoundException'{0x00000000ebd17490}: com/sun/org/apache/xerces/internal/impl/msg/spi/XMLSerializerMessagesProvider> (0x00000000ebd17490) 
thrown [s\src\hotspot\share\classfile\systemDictionary.cpp, line 256]
Event: 4.281 Thread 0x0000014fad346170 Exception <a 'java/lang/ClassNotFoundException'{0x00000000ebd24768}: com/sun/org/apache/xerces/internal/impl/msg/spi/XMLMessagesProvider> (0x00000000ebd24768) 
thrown [s\src\hotspot\share\classfile\systemDictionary.cpp, line 256]
Event: 4.331 Thread 0x0000014fad346170 Exception <a 'sun/nio/fs/WindowsException'{0x00000000ec00dc18}> (0x00000000ec00dc18) 
thrown [s\src\hotspot\share\prims\jni.cpp, line 516]
Event: 4.371 Thread 0x0000014fad346170 Exception <a 'java/lang/NoSuchMethodError'{0x00000000ec207270}: 'java.lang.Object java.lang.invoke.DirectMethodHandle$Holder.invokeStaticInit(java.lang.Object, int, int, int, int)'> (0x00000000ec207270) 
thrown [s\src\hotspot\share\interpreter\linkResolver.cpp, line 759]
Event: 4.478 Thread 0x0000014fad346170 Exception <a 'java/lang/NoSuchMethodError'{0x00000000eab31890}: 'java.lang.Object java.lang.invoke.DirectMethodHandle$Holder.invokeStaticInit(java.lang.Object, java.lang.Object, int, int, int, int)'> (0x00000000eab31890) 
thrown [s\src\hotspot\share\interpreter\linkResolver.cpp, line 759]
Event: 4.538 Thread 0x0000014fad346170 Exception <a 'java/lang/ClassNotFoundException'{0x00000000eae198d8}: com/sun/org/apache/xml/internal/serializer/spi/XMLEntitiesProvider> (0x00000000eae198d8) 
thrown [s\src\hotspot\share\classfile\systemDictionary.cpp, line 256]
Event: 4.621 Thread 0x0000014fad346170 Exception <a 'java/io/FileNotFoundException'{0x00000000eb181cf0}> (0x00000000eb181cf0) 
thrown [s\src\hotspot\share\prims\jni.cpp, line 516]
Event: 7.002 Thread 0x0000014fad346170 Exception <a 'java/lang/UnsatisfiedLinkError'{0x00000000eb70b960}: The specified procedure could not be found.
> (0x00000000eb70b960) 
thrown [s\src\hotspot\share\prims\jni.cpp, line 535]
Event: 7.007 Thread 0x0000014fad346170 Exception <a 'java/io/FileNotFoundException'{0x00000000eb72e8d8}> (0x00000000eb72e8d8) 
thrown [s\src\hotspot\share\prims\jni.cpp, line 516]
Event: 7.017 Thread 0x0000014fad346170 Exception <a 'java/io/FileNotFoundException'{0x00000000eb836cd8}> (0x00000000eb836cd8) 
thrown [s\src\hotspot\share\prims\jni.cpp, line 516]
Event: 7.032 Thread 0x0000014fad346170 Exception <a 'java/lang/UnsatisfiedLinkError'{0x00000000eb940388}: The specified procedure could not be found.
> (0x00000000eb940388) 
thrown [s\src\hotspot\share\prims\jni.cpp, line 535]

VM Operations (20 events):
Event: 4.360 Executing VM operation: HandshakeAllThreads done
Event: 4.412 Executing VM operation: HandshakeAllThreads
Event: 4.413 Executing VM operation: HandshakeAllThreads done
Event: 4.461 Executing VM operation: ParallelGCFailedAllocation
Event: 4.463 Executing VM operation: ParallelGCFailedAllocation done
Event: 4.565 Executing VM operation: HandshakeAllThreads
Event: 4.565 Executing VM operation: HandshakeAllThreads done
Event: 5.566 Executing VM operation: Cleanup
Event: 5.960 Executing VM operation: Cleanup done
Event: 5.969 Executing VM operation: HandshakeAllThreads
Event: 5.969 Executing VM operation: HandshakeAllThreads done
Event: 6.988 Executing VM operation: HandshakeAllThreads
Event: 6.988 Executing VM operation: HandshakeAllThreads done
Event: 7.053 Executing VM operation: HandshakeAllThreads
Event: 7.053 Executing VM operation: HandshakeAllThreads done
Event: 7.053 Executing VM operation: Cleanup
Event: 7.053 Executing VM operation: Cleanup done
Event: 7.147 Executing VM operation: ParallelGCFailedAllocation
Event: 7.150 Executing VM operation: ParallelGCFailedAllocation done
Event: 7.160 Executing VM operation: CollectForMetadataAllocation

Events (20 events):
Event: 7.016 loading class javax/crypto/spec/PBEKeySpec done
Event: 7.028 loading class java/lang/annotation/Documented
Event: 7.028 loading class java/lang/annotation/Documented done
Event: 7.030 loading class java/lang/Class$AnnotationData
Event: 7.030 loading class java/lang/Class$AnnotationData done
Event: 7.031 loading class jdk/internal/reflect/UnsafeBooleanFieldAccessorImpl
Event: 7.031 loading class jdk/internal/reflect/UnsafeBooleanFieldAccessorImpl done
Event: 7.052 loading class java/util/concurrent/Executors$DefaultThreadFactory
Event: 7.052 loading class java/util/concurrent/Executors$DefaultThreadFactory done
Event: 7.071 loading class javax/xml/parsers/FactoryConfigurationError
Event: 7.071 loading class javax/xml/parsers/FactoryConfigurationError done
Event: 7.120 loading class java/util/function/BiPredicate
Event: 7.120 loading class java/util/function/BiPredicate done
Event: 7.126 loading class java/util/concurrent/atomic/AtomicReferenceArray
Event: 7.126 loading class java/util/concurrent/atomic/AtomicReferenceArray done
Event: 7.126 loading class java/lang/invoke/VarHandleReferences$Array
Event: 7.126 loading class java/lang/invoke/VarHandleReferences$Array done
Event: 7.144 Thread 0x0000014fad925540 Thread added: 0x0000014fad925540
Event: 7.158 loading class java/util/concurrent/CompletableFuture
Event: 7.159 loading class java/util/concurrent/CompletableFuture done


Dynamic libraries:
0x00007ff78d2f0000 - 0x00007ff78d2fe000 	c:\Users\SOHAIL AHMAD\.antigravity\extensions\redhat.java-1.12.0-win32-x64\jre\17.0.4.1-win32-x86_64\bin\java.exe
0x00007ffca1740000 - 0x00007ffca19a7000 	C:\WINDOWS\SYSTEM32\ntdll.dll
0x00007ffca03a0000 - 0x00007ffca0469000 	C:\WINDOWS\System32\KERNEL32.DLL
0x00007ffc9edf0000 - 0x00007ffc9f1e1000 	C:\WINDOWS\System32\KERNELBASE.dll
0x00007ffc9e890000 - 0x00007ffc9e9db000 	C:\WINDOWS\System32\ucrtbase.dll
0x00007ffc8abf0000 - 0x00007ffc8ac08000 	c:\Users\SOHAIL AHMAD\.antigravity\extensions\redhat.java-1.12.0-win32-x64\jre\17.0.4.1-win32-x86_64\bin\jli.dll
0x00007ffc8ab30000 - 0x00007ffc8ab49000 	c:\Users\SOHAIL AHMAD\.antigravity\extensions\redhat.java-1.12.0-win32-x64\jre\17.0.4.1-win32-x86_64\bin\VCRUNTIME140.dll
0x00007ffca0eb0000 - 0x00007ffca1075000 	C:\WINDOWS\System32\USER32.dll
0x00007ffc81a70000 - 0x00007ffc81d03000 	C:\WINDOWS\WinSxS\amd64_microsoft.windows.common-controls_6595b64144ccf1df_6.0.26100.8037_none_3e092faae333b53b\COMCTL32.dll
0x00007ffc9f400000 - 0x00007ffc9f427000 	C:\WINDOWS\System32\win32u.dll
0x00007ffca1170000 - 0x00007ffca1219000 	C:\WINDOWS\System32\msvcrt.dll
0x00007ffca0300000 - 0x00007ffca032b000 	C:\WINDOWS\System32\GDI32.dll
0x00007ffc9e9e0000 - 0x00007ffc9eb0b000 	C:\WINDOWS\System32\gdi32full.dll
0x00007ffc9f430000 - 0x00007ffc9f4d3000 	C:\WINDOWS\System32\msvcp_win.dll
0x00007ffca1090000 - 0x00007ffca10c1000 	C:\WINDOWS\System32\IMM32.DLL
0x00007ffc94020000 - 0x00007ffc9402c000 	c:\Users\SOHAIL AHMAD\.antigravity\extensions\redhat.java-1.12.0-win32-x64\jre\17.0.4.1-win32-x86_64\bin\vcruntime140_1.dll
0x00007ffc6d960000 - 0x00007ffc6d9f1000 	c:\Users\SOHAIL AHMAD\.antigravity\extensions\redhat.java-1.12.0-win32-x64\jre\17.0.4.1-win32-x86_64\bin\msvcp140.dll
0x00007ffbd6a30000 - 0x00007ffbd7676000 	c:\Users\SOHAIL AHMAD\.antigravity\extensions\redhat.java-1.12.0-win32-x64\jre\17.0.4.1-win32-x86_64\bin\server\jvm.dll
0x00007ffca1220000 - 0x00007ffca12db000 	C:\WINDOWS\System32\ADVAPI32.dll
0x00007ffca12f0000 - 0x00007ffca1397000 	C:\WINDOWS\System32\sechost.dll
0x00007ffca01e0000 - 0x00007ffca02f8000 	C:\WINDOWS\System32\RPCRT4.dll
0x00007ffca10d0000 - 0x00007ffca10d8000 	C:\WINDOWS\System32\PSAPI.DLL
0x00007ffc94330000 - 0x00007ffc9433a000 	C:\WINDOWS\SYSTEM32\WSOCK32.dll
0x00007ffc93ce0000 - 0x00007ffc93ceb000 	C:\WINDOWS\SYSTEM32\VERSION.dll
0x00007ffc94550000 - 0x00007ffc94585000 	C:\WINDOWS\SYSTEM32\WINMM.dll
0x00007ffca1540000 - 0x00007ffca15b4000 	C:\WINDOWS\System32\WS2_32.dll
0x00007ffc9cdb0000 - 0x00007ffc9cdcb000 	C:\WINDOWS\SYSTEM32\kernel.appcore.dll
0x00007ffc932e0000 - 0x00007ffc932ea000 	c:\Users\SOHAIL AHMAD\.antigravity\extensions\redhat.java-1.12.0-win32-x64\jre\17.0.4.1-win32-x86_64\bin\jimage.dll
0x00007ffc87330000 - 0x00007ffc87572000 	C:\WINDOWS\SYSTEM32\DBGHELP.DLL
0x00007ffc9fd50000 - 0x00007ffca00d2000 	C:\WINDOWS\System32\combase.dll
0x00007ffca0660000 - 0x00007ffca0737000 	C:\WINDOWS\System32\OLEAUT32.dll
0x00007ffc7e1c0000 - 0x00007ffc7e1fb000 	C:\WINDOWS\SYSTEM32\dbgcore.DLL
0x00007ffc9ed40000 - 0x00007ffc9ede5000 	C:\WINDOWS\System32\bcryptPrimitives.dll
0x00007ffc8e100000 - 0x00007ffc8e10e000 	c:\Users\SOHAIL AHMAD\.antigravity\extensions\redhat.java-1.12.0-win32-x64\jre\17.0.4.1-win32-x86_64\bin\instrument.dll
0x00007ffc8a320000 - 0x00007ffc8a345000 	c:\Users\SOHAIL AHMAD\.antigravity\extensions\redhat.java-1.12.0-win32-x64\jre\17.0.4.1-win32-x86_64\bin\java.dll
0x00007ffc8a300000 - 0x00007ffc8a318000 	c:\Users\SOHAIL AHMAD\.antigravity\extensions\redhat.java-1.12.0-win32-x64\jre\17.0.4.1-win32-x86_64\bin\zip.dll
0x00007ffca0740000 - 0x00007ffca0e9f000 	C:\WINDOWS\System32\SHELL32.dll
0x00007ffc9eb10000 - 0x00007ffc9ec7a000 	C:\WINDOWS\System32\wintypes.dll
0x00007ffc9e020000 - 0x00007ffc9e884000 	C:\WINDOWS\System32\windows.storage.dll
0x00007ffca00e0000 - 0x00007ffca01d7000 	C:\WINDOWS\System32\SHCORE.dll
0x00007ffca0330000 - 0x00007ffca0397000 	C:\WINDOWS\System32\shlwapi.dll
0x00007ffc9df40000 - 0x00007ffc9df69000 	C:\WINDOWS\SYSTEM32\profapi.dll
0x00007ffc89270000 - 0x00007ffc89289000 	C:\Users\SOHAIL AHMAD\.antigravity\extensions\redhat.java-1.12.0-win32-x64\jre\17.0.4.1-win32-x86_64\bin\net.dll
0x00007ffc94420000 - 0x00007ffc94547000 	C:\WINDOWS\SYSTEM32\WINHTTP.dll
0x00007ffc9d320000 - 0x00007ffc9d38b000 	C:\WINDOWS\system32\mswsock.dll
0x00007ffc89030000 - 0x00007ffc89045000 	C:\Users\SOHAIL AHMAD\.antigravity\extensions\redhat.java-1.12.0-win32-x64\jre\17.0.4.1-win32-x86_64\bin\nio.dll
0x00007ffc8de50000 - 0x00007ffc8de60000 	c:\Users\SOHAIL AHMAD\.antigravity\extensions\redhat.java-1.12.0-win32-x64\jre\17.0.4.1-win32-x86_64\bin\verify.dll
0x00007ffc88a70000 - 0x00007ffc88aae000 	C:\Users\SOHAIL AHMAD\AppData\Roaming\Antigravity\User\globalStorage\redhat.java\1.12.0\config_win\org.eclipse.equinox.launcher\org.eclipse.equinox.launcher.win32.win32.x86_64_1.2.600.v20220720-1916\eclipse_11700.dll
0x00007ffca13a0000 - 0x00007ffca1535000 	C:\WINDOWS\System32\ole32.dll
0x00007ffc9d600000 - 0x00007ffc9d61b000 	C:\WINDOWS\SYSTEM32\CRYPTSP.dll
0x00007ffc9cd10000 - 0x00007ffc9cd49000 	C:\WINDOWS\system32\rsaenh.dll
0x00007ffc9d3d0000 - 0x00007ffc9d402000 	C:\WINDOWS\SYSTEM32\USERENV.dll
0x00007ffc9df10000 - 0x00007ffc9df3a000 	C:\WINDOWS\SYSTEM32\bcrypt.dll
0x00007ffc9d620000 - 0x00007ffc9d62c000 	C:\WINDOWS\SYSTEM32\CRYPTBASE.dll
0x00007ffc9c730000 - 0x00007ffc9c763000 	C:\WINDOWS\SYSTEM32\IPHLPAPI.DLL
0x00007ffc9faf0000 - 0x00007ffc9fafa000 	C:\WINDOWS\System32\NSI.dll
0x00007ffc98b60000 - 0x00007ffc98b7d000 	C:\WINDOWS\SYSTEM32\dhcpcsvc6.DLL
0x00007ffc98b30000 - 0x00007ffc98b53000 	C:\WINDOWS\SYSTEM32\dhcpcsvc.DLL
0x00007ffc9c770000 - 0x00007ffc9c89a000 	C:\WINDOWS\SYSTEM32\DNSAPI.dll
0x00007ffc88880000 - 0x00007ffc888c0000 	C:\Users\SOHAIL AHMAD\AppData\Local\Temp\jna-1494489537\jna14933939573170485210.dll

dbghelp: loaded successfully - version: 4.0.5 - missing functions: none
symbol engine: initialized successfully - sym options: 0x614 - pdb path: .;c:\Users\SOHAIL AHMAD\.antigravity\extensions\redhat.java-1.12.0-win32-x64\jre\17.0.4.1-win32-x86_64\bin;C:\WINDOWS\SYSTEM32;C:\WINDOWS\WinSxS\amd64_microsoft.windows.common-controls_6595b64144ccf1df_6.0.26100.8037_none_3e092faae333b53b;c:\Users\SOHAIL AHMAD\.antigravity\extensions\redhat.java-1.12.0-win32-x64\jre\17.0.4.1-win32-x86_64\bin\server;C:\Users\SOHAIL AHMAD\AppData\Roaming\Antigravity\User\globalStorage\redhat.java\1.12.0\config_win\org.eclipse.equinox.launcher\org.eclipse.equinox.launcher.win32.win32.x86_64_1.2.600.v20220720-1916;C:\Users\SOHAIL AHMAD\AppData\Local\Temp\jna-1494489537

VM Arguments:
jvm_args: --add-modules=ALL-SYSTEM --add-opens=java.base/java.util=ALL-UNNAMED --add-opens=java.base/java.lang=ALL-UNNAMED --add-opens=java.base/sun.nio.fs=ALL-UNNAMED -Declipse.application=org.eclipse.jdt.ls.core.id1 -Dosgi.bundles.defaultStartLevel=4 -Declipse.product=org.eclipse.jdt.ls.core.product -Djava.import.generatesMetadataFilesAtProjectRoot=false -Dfile.encoding=utf8 -XX:+UseParallelGC -XX:GCTimeRatio=4 -XX:AdaptiveSizePolicyWeight=90 -Dsun.zip.disableMemoryMapping=true -Xmx1G -Xms100m -Xlog:disable -javaagent:c:\Users\SOHAIL AHMAD\.antigravity\extensions\redhat.java-1.12.0-win32-x64\lombok\lombok-1.18.24.jar -XX:+HeapDumpOnOutOfMemoryError -XX:HeapDumpPath=c:\Users\SOHAIL AHMAD\AppData\Roaming\Antigravity\User\workspaceStorage\e93f37d5df380cb2e825645f6b524362\redhat.java 
java_command: c:\Users\SOHAIL AHMAD\.antigravity\extensions\redhat.java-1.12.0-win32-x64\server\plugins\org.eclipse.equinox.launcher_1.6.400.v20210924-0641.jar -configuration c:\Users\SOHAIL AHMAD\AppData\Roaming\Antigravity\User\globalStorage\redhat.java\1.12.0\config_win -data c:\Users\SOHAIL AHMAD\AppData\Roaming\Antigravity\User\workspaceStorage\e93f37d5df380cb2e825645f6b524362\redhat.java\jdt_ws
java_class_path (initial): c:\Users\SOHAIL AHMAD\.antigravity\extensions\redhat.java-1.12.0-win32-x64\server\plugins\org.eclipse.equinox.launcher_1.6.400.v20210924-0641.jar
Launcher Type: SUN_STANDARD

[Global flags]
    uintx AdaptiveSizePolicyWeight                 = 90                                        {product} {command line}
     intx CICompilerCount                          = 4                                         {product} {ergonomic}
    uintx GCTimeRatio                              = 4                                         {product} {command line}
     bool HeapDumpOnOutOfMemoryError               = true                                   {manageable} {command line}
    ccstr HeapDumpPath                             = c:\Users\SOHAIL AHMAD\AppData\Roaming\Antigravity\User\workspaceStorage\e93f37d5df380cb2e825645f6b524362\redhat.java         {manageable} {command line}
   size_t InitialHeapSize                          = 104857600                                 {product} {command line}
   size_t MaxHeapSize                              = 1073741824                                {product} {command line}
   size_t MaxNewSize                               = 357564416                                 {product} {ergonomic}
   size_t MinHeapDeltaBytes                        = 524288                                    {product} {ergonomic}
   size_t MinHeapSize                              = 104857600                                 {product} {command line}
   size_t NewSize                                  = 34603008                                  {product} {ergonomic}
    uintx NonNMethodCodeHeapSize                   = 5839372                                {pd product} {ergonomic}
    uintx NonProfiledCodeHeapSize                  = 122909434                              {pd product} {ergonomic}
   size_t OldSize                                  = 70254592                                  {product} {ergonomic}
    uintx ProfiledCodeHeapSize                     = 122909434                              {pd product} {ergonomic}
    uintx ReservedCodeCacheSize                    = 251658240                              {pd product} {ergonomic}
     bool SegmentedCodeCache                       = true                                      {product} {ergonomic}
   size_t SoftMaxHeapSize                          = 1073741824                             {manageable} {ergonomic}
     bool UseCompressedClassPointers               = true                           {product lp64_product} {ergonomic}
     bool UseCompressedOops                        = true                           {product lp64_product} {ergonomic}
     bool UseLargePagesIndividualAllocation        = false                                  {pd product} {ergonomic}
     bool UseParallelGC                            = true                                      {product} {command line}

Logging:
Log output configuration:
 #0: stdout all=off uptime,level,tags
 #1: stderr all=off uptime,level,tags

Environment Variables:
PATH=C:\Program Files\Common Files\Oracle\Java\javapath;C:\Python313\Scripts\;C:\Python313\;C:\Program Files\Python312\Scripts\;C:\Program Files\Python312\;C:\WINDOWS\system32;C:\WINDOWS;C:\WINDOWS\System32\Wbem;C:\WINDOWS\System32\WindowsPowerShell\v1.0\;C:\WINDOWS\System32\OpenSSH\;C:\Program Files\Git\cmd;C:\mingw64\bin;C:\php8.3;C:\ProgramData\ComposerSetup\bin;C:\ProgramData\chocolatey\bin;C:\nvm;C:\nvm4w\nodejs;C:\Program Files\cursor\resources\app\bin;C:\Users\SOHAIL AHMAD\AppData\Local\Microsoft\WindowsApps;C:\Users\SOHAIL AHMAD\AppData\Local\Programs\Microsoft VS Code\bin;C:\php8.3;C:\mingw64\bin;C:\Users\SOHAIL AHMAD\AppData\Roaming\Composer\vendor\bin;C:\Users\SOHAIL AHMAD\AppData\Roaming\npm;C:\nvm;C:\nvm4w\nodejs;C:\Program Files\MongoDB\Server\8.2\bin;C:\Program Files\MongoDB\mongosh-2.5.8-win32-x64\bin;C:\Users\SOHAIL AHMAD\AppData\Local\Programs\Antigravity\bin
USERNAME=SOHAIL AHMAD
OS=Windows_NT
PROCESSOR_IDENTIFIER=AMD64 Family 23 Model 160 Stepping 0, AuthenticAMD
TMP=C:\Users\SOHAIL~1\AppData\Local\Temp
TEMP=C:\Users\SOHAIL~1\AppData\Local\Temp



---------------  S Y S T E M  ---------------

OS:
 Windows 11 , 64 bit Build 26100 (10.0.26100.7920)
OS uptime: 0 days 20:43 hours
Hyper-V role detected

CPU: total 8 (initial active 8) (8 cores per cpu, 2 threads per core) family 23 model 160 stepping 0 microcode 0x8a00006, cx8, cmov, fxsr, ht, mmx, 3dnowpref, sse, sse2, sse3, ssse3, sse4a, sse4.1, sse4.2, popcnt, lzcnt, tsc, tscinvbit, avx, avx2, aes, clmul, bmi1, bmi2, adx, sha, fma, vzeroupper, clflush, clflushopt, hv

Memory: 4k page, system-wide physical 5965M (524M free)
TotalPageFile size 24397M (AvailPageFile size 11M)
current process WorkingSet (physical memory assigned to process): 156M, peak: 160M
current process commit charge ("private bytes"): 256M, peak: 264M

vm_info: OpenJDK 64-Bit Server VM (17.0.4.1+1) for windows-amd64 JRE (17.0.4.1+1), built on Aug 17 2022 07:42:43 by "temurin" with MS VC++ 16.7 (VS2019)

END.
