#
# There is insufficient memory for the Java Runtime Environment to continue.
# Native memory allocation (malloc) failed to allocate 2035280 bytes for Chunk::new
# Possible reasons:
#   The system is out of physical RAM or swap space
#   The process is running with CompressedOops enabled, and the Java Heap may be blocking the growth of the native heap
# Possible solutions:
#   Reduce memory load on the system
#   Increase physical memory or swap space
#   Check if swap backing store is full
#   Decrease Java heap size (-Xmx/-Xms)
#   Decrease number of Java threads
#   Decrease Java thread stack sizes (-Xss)
#   Set larger code cache with -XX:ReservedCodeCacheSize=
#   JVM is running with Unscaled Compressed Oops mode in which the Java heap is
#     placed in the first 4GB address space. The Java Heap base address is the
#     maximum limit for the native heap growth. Please use -XX:HeapBaseMinAddress
#     to set the Java Heap base and to place the Java Heap above 4GB virtual address.
# This output file may be truncated or incomplete.
#
#  Out of Memory Error (arena.cpp:189), pid=20160, tid=7200
#
# JRE version: OpenJDK Runtime Environment Temurin-17.0.4.1+1 (17.0.4.1+1) (build 17.0.4.1+1)
# Java VM: OpenJDK 64-Bit Server VM Temurin-17.0.4.1+1 (17.0.4.1+1, mixed mode, tiered, compressed oops, compressed class ptrs, parallel gc, windows-amd64)
# No core dump will be written. Minidumps are not enabled by default on client versions of Windows
#

---------------  S U M M A R Y ------------

Command Line: --add-modules=ALL-SYSTEM --add-opens=java.base/java.util=ALL-UNNAMED --add-opens=java.base/java.lang=ALL-UNNAMED --add-opens=java.base/sun.nio.fs=ALL-UNNAMED -Declipse.application=org.eclipse.jdt.ls.core.id1 -Dosgi.bundles.defaultStartLevel=4 -Declipse.product=org.eclipse.jdt.ls.core.product -Djava.import.generatesMetadataFilesAtProjectRoot=false -Dfile.encoding=utf8 -XX:+UseParallelGC -XX:GCTimeRatio=4 -XX:AdaptiveSizePolicyWeight=90 -Dsun.zip.disableMemoryMapping=true -Xmx1G -Xms100m -Xlog:disable -javaagent:c:\Users\SOHAIL AHMAD\.antigravity\extensions\redhat.java-1.12.0-win32-x64\lombok\lombok-1.18.24.jar -XX:+HeapDumpOnOutOfMemoryError -XX:HeapDumpPath=c:\Users\SOHAIL AHMAD\AppData\Roaming\Antigravity\User\workspaceStorage\e93f37d5df380cb2e825645f6b524362\redhat.java c:\Users\SOHAIL AHMAD\.antigravity\extensions\redhat.java-1.12.0-win32-x64\server\plugins\org.eclipse.equinox.launcher_1.6.400.v20210924-0641.jar -configuration c:\Users\SOHAIL AHMAD\AppData\Roaming\Antigravity\User\globalStorage\redhat.java\1.12.0\config_win -data c:\Users\SOHAIL AHMAD\AppData\Roaming\Antigravity\User\workspaceStorage\e93f37d5df380cb2e825645f6b524362\redhat.java\jdt_ws

Host: AMD Ryzen 3 7320U with Radeon Graphics         , 8 cores, 5G,  Windows 11 , 64 bit Build 26100 (10.0.26100.7920)
Time: Thu Mar 19 19:24:44 2026 India Standard Time elapsed time: 15.357389 seconds (0d 0h 0m 15s)

---------------  T H R E A D  ---------------

Current thread (0x000001ed81992be0):  JavaThread "C2 CompilerThread1" daemon [_thread_in_native, id=7200, stack(0x000000de9b900000,0x000000de9ba00000)]


Current CompileTask:
C2:  15357 11361       4       lombok.eclipse.EclipseAST::buildStatement (57 bytes)

Stack: [0x000000de9b900000,0x000000de9ba00000]
Native frames: (J=compiled Java code, j=interpreted, Vv=VM code, C=native code)
V  [jvm.dll+0x67731a]
V  [jvm.dll+0x832284]
V  [jvm.dll+0x833a2e]
V  [jvm.dll+0x834093]
V  [jvm.dll+0x245775]
V  [jvm.dll+0xabd7b]
V  [jvm.dll+0xac30c]
V  [jvm.dll+0x363a97]
V  [jvm.dll+0x1bbf38]
V  [jvm.dll+0x2187d9]
V  [jvm.dll+0x217aa1]
V  [jvm.dll+0x1a3f8d]
V  [jvm.dll+0x227498]
V  [jvm.dll+0x2255e5]
V  [jvm.dll+0x7e7e9b]
V  [jvm.dll+0x7e240a]
V  [jvm.dll+0x6761a5]
C  [ucrtbase.dll+0x37b0]
C  [KERNEL32.DLL+0x2e8d7]
C  [ntdll.dll+0x8c48c]


---------------  P R O C E S S  ---------------

Threads class SMR info:
_java_thread_list=0x000001ed966f64a0, length=28, elements={
0x000001ede87d3490, 0x000001edfe5a64e0, 0x000001edfe5a9a20, 0x000001ed80034f00,
0x000001ed800357c0, 0x000001ed80062720, 0x000001ed80066300, 0x000001ed800922a0,
0x000001edfe5acfb0, 0x000001edfe5ad4c0, 0x000001ed8021cc20, 0x000001ed803a2fb0,
0x000001ed816f4c70, 0x000001ed81838320, 0x000001ed8195b290, 0x000001ed81c96830,
0x000001ed81992be0, 0x000001ed8210d060, 0x000001ed820d1bf0, 0x000001ed820d2a60,
0x000001ed820cf0a0, 0x000001ed820d20c0, 0x000001ed820d2590, 0x000001ed820cf570,
0x000001ed820cff10, 0x000001ed820d03e0, 0x000001ed820d08b0, 0x000001ed85de2880
}

Java Threads: ( => current thread )
  0x000001ede87d3490 JavaThread "main" [_thread_blocked, id=17008, stack(0x000000de9aa00000,0x000000de9ab00000)]
  0x000001edfe5a64e0 JavaThread "Reference Handler" daemon [_thread_blocked, id=10584, stack(0x000000de9ad00000,0x000000de9ae00000)]
  0x000001edfe5a9a20 JavaThread "Finalizer" daemon [_thread_blocked, id=7808, stack(0x000000de9ae00000,0x000000de9af00000)]
  0x000001ed80034f00 JavaThread "Signal Dispatcher" daemon [_thread_blocked, id=7964, stack(0x000000de9af00000,0x000000de9b000000)]
  0x000001ed800357c0 JavaThread "Attach Listener" daemon [_thread_blocked, id=3604, stack(0x000000de9b000000,0x000000de9b100000)]
  0x000001ed80062720 JavaThread "Service Thread" daemon [_thread_blocked, id=19036, stack(0x000000de9b100000,0x000000de9b200000)]
  0x000001ed80066300 JavaThread "Monitor Deflation Thread" daemon [_thread_blocked, id=17936, stack(0x000000de9b200000,0x000000de9b300000)]
  0x000001ed800922a0 JavaThread "C2 CompilerThread0" daemon [_thread_in_native, id=4308, stack(0x000000de9b300000,0x000000de9b400000)]
  0x000001edfe5acfb0 JavaThread "C1 CompilerThread0" daemon [_thread_blocked, id=22336, stack(0x000000de9b400000,0x000000de9b500000)]
  0x000001edfe5ad4c0 JavaThread "Sweeper thread" daemon [_thread_blocked, id=20068, stack(0x000000de9b500000,0x000000de9b600000)]
  0x000001ed8021cc20 JavaThread "Common-Cleaner" daemon [_thread_blocked, id=12924, stack(0x000000de9b600000,0x000000de9b700000)]
  0x000001ed803a2fb0 JavaThread "Notification Thread" daemon [_thread_blocked, id=6324, stack(0x000000de9b700000,0x000000de9b800000)]
  0x000001ed816f4c70 JavaThread "Active Thread: Equinox Container: 499aed2d-1e03-443e-99a5-402f357fe004" [_thread_blocked, id=3164, stack(0x000000de9c000000,0x000000de9c100000)]
  0x000001ed81838320 JavaThread "Framework Event Dispatcher: Equinox Container: 499aed2d-1e03-443e-99a5-402f357fe004" daemon [_thread_blocked, id=10724, stack(0x000000de9c100000,0x000000de9c200000)]
  0x000001ed8195b290 JavaThread "Start Level: Equinox Container: 499aed2d-1e03-443e-99a5-402f357fe004" daemon [_thread_blocked, id=14448, stack(0x000000de9c200000,0x000000de9c300000)]
  0x000001ed81c96830 JavaThread "SCR Component Actor" daemon [_thread_blocked, id=19288, stack(0x000000de9c300000,0x000000de9c400000)]
=>0x000001ed81992be0 JavaThread "C2 CompilerThread1" daemon [_thread_in_native, id=7200, stack(0x000000de9b900000,0x000000de9ba00000)]
  0x000001ed8210d060 JavaThread "Worker-JM" [_thread_blocked, id=24444, stack(0x000000de9ba00000,0x000000de9bb00000)]
  0x000001ed820d1bf0 JavaThread "Worker-0: Publish Diagnostics" [_thread_in_Java, id=20740, stack(0x000000de9c700000,0x000000de9c800000)]
  0x000001ed820d2a60 JavaThread "Worker-1" [_thread_blocked, id=17412, stack(0x000000de9c800000,0x000000de9c900000)]
  0x000001ed820cf0a0 JavaThread "Java indexing" daemon [_thread_blocked, id=12584, stack(0x000000de9c900000,0x000000de9ca00000)]
  0x000001ed820d20c0 JavaThread "JNA Cleaner" daemon [_thread_blocked, id=10168, stack(0x000000de9ca00000,0x000000de9cb00000)]
  0x000001ed820d2590 JavaThread "pool-2-thread-1" [_thread_blocked, id=9848, stack(0x000000de9cd00000,0x000000de9ce00000)]
  0x000001ed820cf570 JavaThread "pool-1-thread-1" [_thread_in_native, id=22156, stack(0x000000de9ce00000,0x000000de9cf00000)]
  0x000001ed820cff10 JavaThread "Worker-2" [_thread_blocked, id=20124, stack(0x000000de9cf00000,0x000000de9d000000)]
  0x000001ed820d03e0 JavaThread "Worker-3" [_thread_blocked, id=11988, stack(0x000000de9d000000,0x000000de9d100000)]
  0x000001ed820d08b0 JavaThread "ForkJoinPool.commonPool-worker-1" daemon [_thread_blocked, id=6260, stack(0x000000de9d100000,0x000000de9d200000)]
  0x000001ed85de2880 JavaThread "SCR Component Registry" daemon [_thread_blocked, id=17436, stack(0x000000de9c600000,0x000000de9c700000)]

Other Threads:
  0x000001ed80021c30 VMThread "VM Thread" [stack: 0x000000de9ac00000,0x000000de9ad00000] [id=17336]
  0x000001ed80318b40 WatcherThread [stack: 0x000000de9b800000,0x000000de9b900000] [id=6040]
  0x000001ede87ea880 GCTaskThread "GC Thread#0" [stack: 0x000000de9ab00000,0x000000de9ac00000] [id=23556]
  0x000001ed816c2030 GCTaskThread "GC Thread#1" [stack: 0x000000de9bb00000,0x000000de9bc00000] [id=9396]
  0x000001ed816c26f0 GCTaskThread "GC Thread#2" [stack: 0x000000de9bc00000,0x000000de9bd00000] [id=8368]
  0x000001ed8189f930 GCTaskThread "GC Thread#3" [stack: 0x000000de9bd00000,0x000000de9be00000] [id=6120]
  0x000001ed8189fbe0 GCTaskThread "GC Thread#4" [stack: 0x000000de9be00000,0x000000de9bf00000] [id=20728]
  0x000001ed818a02a0 GCTaskThread "GC Thread#5" [stack: 0x000000de9bf00000,0x000000de9c000000] [id=5824]
  0x000001ed81b13cc0 GCTaskThread "GC Thread#6" [stack: 0x000000de9c400000,0x000000de9c500000] [id=6128]
  0x000001ed81c3b380 GCTaskThread "GC Thread#7" [stack: 0x000000de9c500000,0x000000de9c600000] [id=11196]

Threads with active compile tasks:
C2 CompilerThread0    15377 11480       4       org.eclipse.jdt.internal.compiler.lookup.BinaryTypeBinding::createMethod (1719 bytes)
C1 CompilerThread0    15377 11772       2       java.lang.String::encodeASCII (151 bytes)
C2 CompilerThread1    15377 11361       4       lombok.eclipse.EclipseAST::buildStatement (57 bytes)

VM state: not at safepoint (normal execution)

VM Mutex/Monitor currently owned by a thread: None

Heap address: 0x00000000c0000000, size: 1024 MB, Compressed Oops mode: 32-bit

CDS archive(s) not mapped
Compressed class space mapped at: 0x0000000100000000-0x0000000140000000, reserved size: 1073741824
Narrow klass base: 0x0000000000000000, Narrow klass shift: 3, Narrow klass range: 0x140000000

GC Precious Log:
 CPUs: 8 total, 8 available
 Memory: 5965M
 Large Page Support: Disabled
 NUMA Support: Disabled
 Compressed Oops: Enabled (32-bit)
 Alignments: Space 512K, Generation 512K, Heap 2M
 Heap Min Capacity: 100M
 Heap Initial Capacity: 100M
 Heap Max Capacity: 1G
 Pre-touch: Disabled
 Parallel Workers: 8

Heap:
 PSYoungGen      total 8704K, used 7346K [0x00000000eab00000, 0x00000000eb500000, 0x0000000100000000)
  eden space 7168K, 84% used [0x00000000eab00000,0x00000000eb0ea218,0x00000000eb200000)
  from space 1536K, 84% used [0x00000000eb280000,0x00000000eb3c2910,0x00000000eb400000)
  to   space 1024K, 0% used [0x00000000eb400000,0x00000000eb400000,0x00000000eb500000)
 ParOldGen       total 78848K, used 71803K [0x00000000c0000000, 0x00000000c4d00000, 0x00000000eab00000)
  object space 78848K, 91% used [0x00000000c0000000,0x00000000c461ecd0,0x00000000c4d00000)
 Metaspace       used 67270K, committed 68416K, reserved 1114112K
  class space    used 6801K, committed 7296K, reserved 1048576K

Card table byte_map: [0x000001edfbe20000,0x000001edfc030000] _byte_map_base: 0x000001edfb820000

Marking Bits: (ParMarkBitMap*) 0x00007ffbd75b2cc0
 Begin Bits: [0x000001edfc190000, 0x000001edfd190000)
 End Bits:   [0x000001edfd190000, 0x000001edfe190000)

Polling page: 0x000001ede88a0000

Metaspace:

Usage:
  Non-class:     59.05 MB used.
      Class:      6.64 MB used.
       Both:     65.69 MB used.

Virtual space:
  Non-class space:       64.00 MB reserved,      59.69 MB ( 93%) committed,  8 nodes.
      Class space:        1.00 GB reserved,       7.12 MB ( <1%) committed,  1 nodes.
             Both:        1.06 GB reserved,      66.81 MB (  6%) committed. 

Chunk freelists:
   Non-Class:  3.92 MB
       Class:  796.00 KB
        Both:  4.70 MB

MaxMetaspaceSize: unlimited
CompressedClassSpaceSize: 1.00 GB
Initial GC threshold: 21.00 MB
Current GC threshold: 101.81 MB
CDS: off
MetaspaceReclaimPolicy: balanced
 - commit_granule_bytes: 65536.
 - commit_granule_words: 8192.
 - virtual_space_node_default_size: 1048576.
 - enlarge_chunks_in_place: 1.
 - new_chunks_are_fully_committed: 0.
 - uncommit_free_chunks: 1.
 - use_allocation_guard: 0.
 - handle_deallocations: 1.


Internal statistics:

num_allocs_failed_limit: 9.
num_arena_births: 770.
num_arena_deaths: 14.
num_vsnodes_births: 9.
num_vsnodes_deaths: 0.
num_space_committed: 1069.
num_space_uncommitted: 0.
num_chunks_returned_to_freelist: 23.
num_chunks_taken_from_freelist: 3451.
num_chunk_merges: 13.
num_chunk_splits: 2211.
num_chunks_enlarged: 1351.
num_purges: 2.
num_inconsistent_stats: 0.

CodeHeap 'non-profiled nmethods': size=120000Kb used=5542Kb max_used=5542Kb free=114457Kb
 bounds [0x000001edf4700000, 0x000001edf4c70000, 0x000001edfbc30000]
CodeHeap 'profiled nmethods': size=120000Kb used=21152Kb max_used=21152Kb free=98847Kb
 bounds [0x000001eded1d0000, 0x000001edee680000, 0x000001edf4700000]
CodeHeap 'non-nmethods': size=5760Kb used=1342Kb max_used=1396Kb free=4417Kb
 bounds [0x000001edecc30000, 0x000001edecea0000, 0x000001eded1d0000]
 total_blobs=10698 nmethods=10018 adapters=593
 compilation: enabled
              stopped_count=0, restarted_count=0
 full_count=0

Compilation events (20 events):
Event: 14.337 Thread 0x000001edfe5acfb0 nmethod 11751 0x000001edee66b690 code [0x000001edee66b840, 0x000001edee66baa8]
Event: 14.337 Thread 0x000001edfe5acfb0 11752       2       org.eclipse.jdt.internal.compiler.lookup.BoundSet::hasCaptureBound (74 bytes)
Event: 14.337 Thread 0x000001edfe5acfb0 nmethod 11752 0x000001edee66bc90 code [0x000001edee66be80, 0x000001edee66c208]
Event: 14.337 Thread 0x000001edfe5acfb0 11753       2       org.eclipse.jdt.internal.compiler.lookup.BoundSet::lowerBounds (37 bytes)
Event: 14.337 Thread 0x000001edfe5acfb0 nmethod 11753 0x000001edee66c410 code [0x000001edee66c5c0, 0x000001edee66c7b8]
Event: 14.337 Thread 0x000001edfe5acfb0 11755       2       org.eclipse.jdt.internal.compiler.lookup.Scope::isMalformedPair (94 bytes)
Event: 14.337 Thread 0x000001edfe5acfb0 nmethod 11755 0x000001edee66c910 code [0x000001edee66cb00, 0x000001edee66cdc8]
Event: 14.338 Thread 0x000001edfe5acfb0 11754       1       org.eclipse.jdt.internal.compiler.lookup.MethodBinding::isParameterizedGeneric (2 bytes)
Event: 14.338 Thread 0x000001edfe5acfb0 nmethod 11754 0x000001edf4c69490 code [0x000001edf4c69620, 0x000001edf4c696f8]
Event: 14.339 Thread 0x000001edfe5acfb0 11758       2       org.eclipse.jdt.internal.compiler.lookup.BlockScope::problemReporter (8 bytes)
Event: 14.340 Thread 0x000001edfe5acfb0 nmethod 11758 0x000001edee66cf90 code [0x000001edee66d140, 0x000001edee66d398]
Event: 14.340 Thread 0x000001edfe5acfb0 11759       2       org.eclipse.jdt.internal.compiler.parser.Parser::consumeNestedType (84 bytes)
Event: 14.340 Thread 0x000001edfe5acfb0 nmethod 11759 0x000001edee66d590 code [0x000001edee66d760, 0x000001edee66dbb8]
Event: 14.340 Thread 0x000001edfe5acfb0 11760       2       org.eclipse.jdt.internal.compiler.ast.NullAnnotationMatching$SearchContradictions::<init> (5 bytes)
Event: 14.340 Thread 0x000001edfe5acfb0 nmethod 11760 0x000001edee66dd90 code [0x000001edee66df20, 0x000001edee66e018]
Event: 14.340 Thread 0x000001edfe5acfb0 11761       1       org.eclipse.jdt.internal.compiler.ast.AllocationExpression::setExpectedType (6 bytes)
Event: 14.340 Thread 0x000001edfe5acfb0 nmethod 11761 0x000001edf4c69790 code [0x000001edf4c69920, 0x000001edf4c699f8]
Event: 14.341 Thread 0x000001edfe5acfb0 11762       2       org.eclipse.jdt.internal.compiler.lookup.BoundSet::typeArgumentEqualityConstraints (192 bytes)
Event: 14.342 Thread 0x000001edfe5acfb0 nmethod 11762 0x000001edee66e110 code [0x000001edee66e380, 0x000001edee66eb68]
Event: 14.342 Thread 0x000001edfe5acfb0 11764       2       org.eclipse.jdt.internal.compiler.lookup.InferenceContext18::createBoundsForFunctionalInterfaceParameterizationInference (229 bytes)

GC Heap History (20 events):
Event: 13.910 GC heap before
{Heap before GC invocations=97 (full 4):
 PSYoungGen      total 8704K, used 8319K [0x00000000eab00000, 0x00000000eb480000, 0x0000000100000000)
  eden space 7680K, 100% used [0x00000000eab00000,0x00000000eb280000,0x00000000eb280000)
  from space 1024K, 62% used [0x00000000eb280000,0x00000000eb31ff18,0x00000000eb380000)
  to   space 1024K, 0% used [0x00000000eb380000,0x00000000eb380000,0x00000000eb480000)
 ParOldGen       total 78848K, used 64988K [0x00000000c0000000, 0x00000000c4d00000, 0x00000000eab00000)
  object space 78848K, 82% used [0x00000000c0000000,0x00000000c3f77258,0x00000000c4d00000)
 Metaspace       used 66972K, committed 68096K, reserved 1114112K
  class space    used 6797K, committed 7296K, reserved 1048576K
}
Event: 13.911 GC heap after
{Heap after GC invocations=97 (full 4):
 PSYoungGen      total 8192K, used 1017K [0x00000000eab00000, 0x00000000eb580000, 0x0000000100000000)
  eden space 7168K, 0% used [0x00000000eab00000,0x00000000eab00000,0x00000000eb200000)
  from space 1024K, 99% used [0x00000000eb380000,0x00000000eb47e410,0x00000000eb480000)
  to   space 1536K, 0% used [0x00000000eb200000,0x00000000eb200000,0x00000000eb380000)
 ParOldGen       total 78848K, used 65052K [0x00000000c0000000, 0x00000000c4d00000, 0x00000000eab00000)
  object space 78848K, 82% used [0x00000000c0000000,0x00000000c3f87258,0x00000000c4d00000)
 Metaspace       used 66972K, committed 68096K, reserved 1114112K
  class space    used 6797K, committed 7296K, reserved 1048576K
}
Event: 13.943 GC heap before
{Heap before GC invocations=98 (full 4):
 PSYoungGen      total 8192K, used 8185K [0x00000000eab00000, 0x00000000eb580000, 0x0000000100000000)
  eden space 7168K, 100% used [0x00000000eab00000,0x00000000eb200000,0x00000000eb200000)
  from space 1024K, 99% used [0x00000000eb380000,0x00000000eb47e410,0x00000000eb480000)
  to   space 1536K, 0% used [0x00000000eb200000,0x00000000eb200000,0x00000000eb380000)
 ParOldGen       total 78848K, used 65052K [0x00000000c0000000, 0x00000000c4d00000, 0x00000000eab00000)
  object space 78848K, 82% used [0x00000000c0000000,0x00000000c3f87258,0x00000000c4d00000)
 Metaspace       used 67027K, committed 68160K, reserved 1114112K
  class space    used 6799K, committed 7296K, reserved 1048576K
}
Event: 13.944 GC heap after
{Heap after GC invocations=98 (full 4):
 PSYoungGen      total 8704K, used 1518K [0x00000000eab00000, 0x00000000eb700000, 0x0000000100000000)
  eden space 7168K, 0% used [0x00000000eab00000,0x00000000eab00000,0x00000000eb200000)
  from space 1536K, 98% used [0x00000000eb200000,0x00000000eb37bb00,0x00000000eb380000)
  to   space 2560K, 0% used [0x00000000eb480000,0x00000000eb480000,0x00000000eb700000)
 ParOldGen       total 78848K, used 65497K [0x00000000c0000000, 0x00000000c4d00000, 0x00000000eab00000)
  object space 78848K, 83% used [0x00000000c0000000,0x00000000c3ff6468,0x00000000c4d00000)
 Metaspace       used 67027K, committed 68160K, reserved 1114112K
  class space    used 6799K, committed 7296K, reserved 1048576K
}
Event: 13.968 GC heap before
{Heap before GC invocations=99 (full 4):
 PSYoungGen      total 8704K, used 8686K [0x00000000eab00000, 0x00000000eb700000, 0x0000000100000000)
  eden space 7168K, 100% used [0x00000000eab00000,0x00000000eb200000,0x00000000eb200000)
  from space 1536K, 98% used [0x00000000eb200000,0x00000000eb37bb00,0x00000000eb380000)
  to   space 2560K, 0% used [0x00000000eb480000,0x00000000eb480000,0x00000000eb700000)
 ParOldGen       total 78848K, used 65497K [0x00000000c0000000, 0x00000000c4d00000, 0x00000000eab00000)
  object space 78848K, 83% used [0x00000000c0000000,0x00000000c3ff6468,0x00000000c4d00000)
 Metaspace       used 67045K, committed 68160K, reserved 1114112K
  class space    used 6799K, committed 7296K, reserved 1048576K
}
Event: 13.970 GC heap after
{Heap after GC invocations=99 (full 4):
 PSYoungGen      total 8704K, used 1092K [0x00000000eab00000, 0x00000000eb600000, 0x0000000100000000)
  eden space 7168K, 0% used [0x00000000eab00000,0x00000000eab00000,0x00000000eb200000)
  from space 1536K, 71% used [0x00000000eb480000,0x00000000eb591210,0x00000000eb600000)
  to   space 1536K, 0% used [0x00000000eb200000,0x00000000eb200000,0x00000000eb380000)
 ParOldGen       total 78848K, used 66061K [0x00000000c0000000, 0x00000000c4d00000, 0x00000000eab00000)
  object space 78848K, 83% used [0x00000000c0000000,0x00000000c40836a8,0x00000000c4d00000)
 Metaspace       used 67045K, committed 68160K, reserved 1114112K
  class space    used 6799K, committed 7296K, reserved 1048576K
}
Event: 14.043 GC heap before
{Heap before GC invocations=100 (full 4):
 PSYoungGen      total 8704K, used 8260K [0x00000000eab00000, 0x00000000eb600000, 0x0000000100000000)
  eden space 7168K, 100% used [0x00000000eab00000,0x00000000eb200000,0x00000000eb200000)
  from space 1536K, 71% used [0x00000000eb480000,0x00000000eb591210,0x00000000eb600000)
  to   space 1536K, 0% used [0x00000000eb200000,0x00000000eb200000,0x00000000eb380000)
 ParOldGen       total 78848K, used 66061K [0x00000000c0000000, 0x00000000c4d00000, 0x00000000eab00000)
  object space 78848K, 83% used [0x00000000c0000000,0x00000000c40836a8,0x00000000c4d00000)
 Metaspace       used 67078K, committed 68224K, reserved 1114112K
  class space    used 6799K, committed 7296K, reserved 1048576K
}
Event: 14.044 GC heap after
{Heap after GC invocations=100 (full 4):
 PSYoungGen      total 8704K, used 1434K [0x00000000eab00000, 0x00000000eb500000, 0x0000000100000000)
  eden space 7168K, 0% used [0x00000000eab00000,0x00000000eab00000,0x00000000eb200000)
  from space 1536K, 93% used [0x00000000eb200000,0x00000000eb366900,0x00000000eb380000)
  to   space 1536K, 0% used [0x00000000eb380000,0x00000000eb380000,0x00000000eb500000)
 ParOldGen       total 78848K, used 67014K [0x00000000c0000000, 0x00000000c4d00000, 0x00000000eab00000)
  object space 78848K, 84% used [0x00000000c0000000,0x00000000c41718f8,0x00000000c4d00000)
 Metaspace       used 67078K, committed 68224K, reserved 1114112K
  class space    used 6799K, committed 7296K, reserved 1048576K
}
Event: 14.109 GC heap before
{Heap before GC invocations=101 (full 4):
 PSYoungGen      total 8704K, used 8602K [0x00000000eab00000, 0x00000000eb500000, 0x0000000100000000)
  eden space 7168K, 100% used [0x00000000eab00000,0x00000000eb200000,0x00000000eb200000)
  from space 1536K, 93% used [0x00000000eb200000,0x00000000eb366900,0x00000000eb380000)
  to   space 1536K, 0% used [0x00000000eb380000,0x00000000eb380000,0x00000000eb500000)
 ParOldGen       total 78848K, used 67014K [0x00000000c0000000, 0x00000000c4d00000, 0x00000000eab00000)
  object space 78848K, 84% used [0x00000000c0000000,0x00000000c41718f8,0x00000000c4d00000)
 Metaspace       used 67132K, committed 68288K, reserved 1114112K
  class space    used 6799K, committed 7296K, reserved 1048576K
}
Event: 14.111 GC heap after
{Heap after GC invocations=101 (full 4):
 PSYoungGen      total 8192K, used 772K [0x00000000eab00000, 0x00000000eb480000, 0x0000000100000000)
  eden space 7168K, 0% used [0x00000000eab00000,0x00000000eab00000,0x00000000eb200000)
  from space 1024K, 75% used [0x00000000eb380000,0x00000000eb441210,0x00000000eb480000)
  to   space 1024K, 0% used [0x00000000eb280000,0x00000000eb280000,0x00000000eb380000)
 ParOldGen       total 78848K, used 68327K [0x00000000c0000000, 0x00000000c4d00000, 0x00000000eab00000)
  object space 78848K, 86% used [0x00000000c0000000,0x00000000c42b9f20,0x00000000c4d00000)
 Metaspace       used 67132K, committed 68288K, reserved 1114112K
  class space    used 6799K, committed 7296K, reserved 1048576K
}
Event: 14.130 GC heap before
{Heap before GC invocations=102 (full 4):
 PSYoungGen      total 8192K, used 7940K [0x00000000eab00000, 0x00000000eb480000, 0x0000000100000000)
  eden space 7168K, 100% used [0x00000000eab00000,0x00000000eb200000,0x00000000eb200000)
  from space 1024K, 75% used [0x00000000eb380000,0x00000000eb441210,0x00000000eb480000)
  to   space 1024K, 0% used [0x00000000eb280000,0x00000000eb280000,0x00000000eb380000)
 ParOldGen       total 78848K, used 68327K [0x00000000c0000000, 0x00000000c4d00000, 0x00000000eab00000)
  object space 78848K, 86% used [0x00000000c0000000,0x00000000c42b9f20,0x00000000c4d00000)
 Metaspace       used 67135K, committed 68288K, reserved 1114112K
  class space    used 6799K, committed 7296K, reserved 1048576K
}
Event: 14.132 GC heap after
{Heap after GC invocations=102 (full 4):
 PSYoungGen      total 7680K, used 320K [0x00000000eab00000, 0x00000000eb400000, 0x0000000100000000)
  eden space 7168K, 0% used [0x00000000eab00000,0x00000000eab00000,0x00000000eb200000)
  from space 512K, 62% used [0x00000000eb280000,0x00000000eb2d0000,0x00000000eb300000)
  to   space 1024K, 0% used [0x00000000eb300000,0x00000000eb300000,0x00000000eb400000)
 ParOldGen       total 78848K, used 69029K [0x00000000c0000000, 0x00000000c4d00000, 0x00000000eab00000)
  object space 78848K, 87% used [0x00000000c0000000,0x00000000c43696b8,0x00000000c4d00000)
 Metaspace       used 67135K, committed 68288K, reserved 1114112K
  class space    used 6799K, committed 7296K, reserved 1048576K
}
Event: 14.173 GC heap before
{Heap before GC invocations=103 (full 4):
 PSYoungGen      total 7680K, used 7488K [0x00000000eab00000, 0x00000000eb400000, 0x0000000100000000)
  eden space 7168K, 100% used [0x00000000eab00000,0x00000000eb200000,0x00000000eb200000)
  from space 512K, 62% used [0x00000000eb280000,0x00000000eb2d0000,0x00000000eb300000)
  to   space 1024K, 0% used [0x00000000eb300000,0x00000000eb300000,0x00000000eb400000)
 ParOldGen       total 78848K, used 69029K [0x00000000c0000000, 0x00000000c4d00000, 0x00000000eab00000)
  object space 78848K, 87% used [0x00000000c0000000,0x00000000c43696b8,0x00000000c4d00000)
 Metaspace       used 67156K, committed 68288K, reserved 1114112K
  class space    used 6800K, committed 7296K, reserved 1048576K
}
Event: 14.174 GC heap after
{Heap after GC invocations=103 (full 4):
 PSYoungGen      total 8192K, used 640K [0x00000000eab00000, 0x00000000eb400000, 0x0000000100000000)
  eden space 7168K, 0% used [0x00000000eab00000,0x00000000eab00000,0x00000000eb200000)
  from space 1024K, 62% used [0x00000000eb300000,0x00000000eb3a0000,0x00000000eb400000)
  to   space 1024K, 0% used [0x00000000eb200000,0x00000000eb200000,0x00000000eb300000)
 ParOldGen       total 78848K, used 69277K [0x00000000c0000000, 0x00000000c4d00000, 0x00000000eab00000)
  object space 78848K, 87% used [0x00000000c0000000,0x00000000c43a76b8,0x00000000c4d00000)
 Metaspace       used 67156K, committed 68288K, reserved 1114112K
  class space    used 6800K, committed 7296K, reserved 1048576K
}
Event: 14.232 GC heap before
{Heap before GC invocations=104 (full 4):
 PSYoungGen      total 8192K, used 7808K [0x00000000eab00000, 0x00000000eb400000, 0x0000000100000000)
  eden space 7168K, 100% used [0x00000000eab00000,0x00000000eb200000,0x00000000eb200000)
  from space 1024K, 62% used [0x00000000eb300000,0x00000000eb3a0000,0x00000000eb400000)
  to   space 1024K, 0% used [0x00000000eb200000,0x00000000eb200000,0x00000000eb300000)
 ParOldGen       total 78848K, used 69277K [0x00000000c0000000, 0x00000000c4d00000, 0x00000000eab00000)
  object space 78848K, 87% used [0x00000000c0000000,0x00000000c43a76b8,0x00000000c4d00000)
 Metaspace       used 67205K, committed 68352K, reserved 1114112K
  class space    used 6801K, committed 7296K, reserved 1048576K
}
Event: 14.235 GC heap after
{Heap after GC invocations=104 (full 4):
 PSYoungGen      total 8192K, used 1024K [0x00000000eab00000, 0x00000000eb700000, 0x0000000100000000)
  eden space 7168K, 0% used [0x00000000eab00000,0x00000000eab00000,0x00000000eb200000)
  from space 1024K, 100% used [0x00000000eb200000,0x00000000eb300000,0x00000000eb300000)
  to   space 2560K, 0% used [0x00000000eb480000,0x00000000eb480000,0x00000000eb700000)
 ParOldGen       total 78848K, used 70228K [0x00000000c0000000, 0x00000000c4d00000, 0x00000000eab00000)
  object space 78848K, 89% used [0x00000000c0000000,0x00000000c44951f8,0x00000000c4d00000)
 Metaspace       used 67205K, committed 68352K, reserved 1114112K
  class space    used 6801K, committed 7296K, reserved 1048576K
}
Event: 14.255 GC heap before
{Heap before GC invocations=105 (full 4):
 PSYoungGen      total 8192K, used 8192K [0x00000000eab00000, 0x00000000eb700000, 0x0000000100000000)
  eden space 7168K, 100% used [0x00000000eab00000,0x00000000eb200000,0x00000000eb200000)
  from space 1024K, 100% used [0x00000000eb200000,0x00000000eb300000,0x00000000eb300000)
  to   space 2560K, 0% used [0x00000000eb480000,0x00000000eb480000,0x00000000eb700000)
 ParOldGen       total 78848K, used 70228K [0x00000000c0000000, 0x00000000c4d00000, 0x00000000eab00000)
  object space 78848K, 89% used [0x00000000c0000000,0x00000000c44951f8,0x00000000c4d00000)
 Metaspace       used 67219K, committed 68352K, reserved 1114112K
  class space    used 6801K, committed 7296K, reserved 1048576K
}
Event: 14.257 GC heap after
{Heap after GC invocations=105 (full 4):
 PSYoungGen      total 8192K, used 640K [0x00000000eab00000, 0x00000000eb580000, 0x0000000100000000)
  eden space 7168K, 0% used [0x00000000eab00000,0x00000000eab00000,0x00000000eb200000)
  from space 1024K, 62% used [0x00000000eb480000,0x00000000eb520000,0x00000000eb580000)
  to   space 1536K, 0% used [0x00000000eb280000,0x00000000eb280000,0x00000000eb400000)
 ParOldGen       total 78848K, used 71275K [0x00000000c0000000, 0x00000000c4d00000, 0x00000000eab00000)
  object space 78848K, 90% used [0x00000000c0000000,0x00000000c459acd0,0x00000000c4d00000)
 Metaspace       used 67219K, committed 68352K, reserved 1114112K
  class space    used 6801K, committed 7296K, reserved 1048576K
}
Event: 14.309 GC heap before
{Heap before GC invocations=106 (full 4):
 PSYoungGen      total 8192K, used 7808K [0x00000000eab00000, 0x00000000eb580000, 0x0000000100000000)
  eden space 7168K, 100% used [0x00000000eab00000,0x00000000eb200000,0x00000000eb200000)
  from space 1024K, 62% used [0x00000000eb480000,0x00000000eb520000,0x00000000eb580000)
  to   space 1536K, 0% used [0x00000000eb280000,0x00000000eb280000,0x00000000eb400000)
 ParOldGen       total 78848K, used 71275K [0x00000000c0000000, 0x00000000c4d00000, 0x00000000eab00000)
  object space 78848K, 90% used [0x00000000c0000000,0x00000000c459acd0,0x00000000c4d00000)
 Metaspace       used 67246K, committed 68352K, reserved 1114112K
  class space    used 6801K, committed 7296K, reserved 1048576K
}
Event: 14.310 GC heap after
{Heap after GC invocations=106 (full 4):
 PSYoungGen      total 8704K, used 1290K [0x00000000eab00000, 0x00000000eb500000, 0x0000000100000000)
  eden space 7168K, 0% used [0x00000000eab00000,0x00000000eab00000,0x00000000eb200000)
  from space 1536K, 84% used [0x00000000eb280000,0x00000000eb3c2910,0x00000000eb400000)
  to   space 1024K, 0% used [0x00000000eb400000,0x00000000eb400000,0x00000000eb500000)
 ParOldGen       total 78848K, used 71803K [0x00000000c0000000, 0x00000000c4d00000, 0x00000000eab00000)
  object space 78848K, 91% used [0x00000000c0000000,0x00000000c461ecd0,0x00000000c4d00000)
 Metaspace       used 67246K, committed 68352K, reserved 1114112K
  class space    used 6801K, committed 7296K, reserved 1048576K
}

Deoptimization events (20 events):
Event: 14.215 Thread 0x000001ed820d1bf0 Uncommon trap: trap_request=0xffffff45 fr.pc=0x000001edf4b9c67c relative=0x0000000000000afc
Event: 14.215 Thread 0x000001ed820d1bf0 Uncommon trap: reason=unstable_if action=reinterpret pc=0x000001edf4b9c67c method=org.eclipse.jdt.internal.compiler.codegen.ConstantPool.literalIndex([C)I @ 119 c2
Event: 14.215 Thread 0x000001ed820d1bf0 DEOPT PACKING pc=0x000001edf4b9c67c sp=0x000000de9c7fe270
Event: 14.215 Thread 0x000001ed820d1bf0 DEOPT UNPACKING pc=0x000001edecc820a3 sp=0x000000de9c7fe220 mode 2
Event: 14.219 Thread 0x000001ed820d1bf0 Uncommon trap: trap_request=0xffffffde fr.pc=0x000001edf4846d34 relative=0x0000000000000c94
Event: 14.219 Thread 0x000001ed820d1bf0 Uncommon trap: reason=class_check action=maybe_recompile pc=0x000001edf4846d34 method=java.util.concurrent.ConcurrentHashMap.putVal(Ljava/lang/Object;Ljava/lang/Object;Z)Ljava/lang/Object; @ 159 c2
Event: 14.219 Thread 0x000001ed820d1bf0 DEOPT PACKING pc=0x000001edf4846d34 sp=0x000000de9c7fe520
Event: 14.219 Thread 0x000001ed820d1bf0 DEOPT UNPACKING pc=0x000001edecc820a3 sp=0x000000de9c7fe4a0 mode 2
Event: 14.219 Thread 0x000001ed820d1bf0 Uncommon trap: trap_request=0xffffffde fr.pc=0x000001edf4846d34 relative=0x0000000000000c94
Event: 14.219 Thread 0x000001ed820d1bf0 Uncommon trap: reason=class_check action=maybe_recompile pc=0x000001edf4846d34 method=java.util.concurrent.ConcurrentHashMap.putVal(Ljava/lang/Object;Ljava/lang/Object;Z)Ljava/lang/Object; @ 159 c2
Event: 14.219 Thread 0x000001ed820d1bf0 DEOPT PACKING pc=0x000001edf4846d34 sp=0x000000de9c7fe520
Event: 14.219 Thread 0x000001ed820d1bf0 DEOPT UNPACKING pc=0x000001edecc820a3 sp=0x000000de9c7fe4a0 mode 2
Event: 14.238 Thread 0x000001ed820d1bf0 DEOPT PACKING pc=0x000001ededcf9530 sp=0x000000de9c7fd420
Event: 14.238 Thread 0x000001ed820d1bf0 DEOPT UNPACKING pc=0x000001edecc82843 sp=0x000000de9c7fc928 mode 0
Event: 14.242 Thread 0x000001ed820d1bf0 DEOPT PACKING pc=0x000001ededcf9530 sp=0x000000de9c7fd420
Event: 14.242 Thread 0x000001ed820d1bf0 DEOPT UNPACKING pc=0x000001edecc82843 sp=0x000000de9c7fc928 mode 0
Event: 14.304 Thread 0x000001ed820d1bf0 DEOPT PACKING pc=0x000001ededcf9530 sp=0x000000de9c7fd2f0
Event: 14.304 Thread 0x000001ed820d1bf0 DEOPT UNPACKING pc=0x000001edecc82843 sp=0x000000de9c7fc7f8 mode 0
Event: 14.315 Thread 0x000001ed820d1bf0 DEOPT PACKING pc=0x000001ededf3907d sp=0x000000de9c7fd3c0
Event: 14.315 Thread 0x000001ed820d1bf0 DEOPT UNPACKING pc=0x000001edecc82843 sp=0x000000de9c7fc8d0 mode 0

Classes unloaded (7 events):
Event: 2.061 Thread 0x000001ed80021c30 Unloading class 0x0000000100211400 'java/lang/invoke/LambdaForm$MH+0x0000000100211400'
Event: 2.061 Thread 0x000001ed80021c30 Unloading class 0x0000000100211000 'java/lang/invoke/LambdaForm$MH+0x0000000100211000'
Event: 2.061 Thread 0x000001ed80021c30 Unloading class 0x0000000100210c00 'java/lang/invoke/LambdaForm$MH+0x0000000100210c00'
Event: 2.061 Thread 0x000001ed80021c30 Unloading class 0x0000000100210800 'java/lang/invoke/LambdaForm$MH+0x0000000100210800'
Event: 2.061 Thread 0x000001ed80021c30 Unloading class 0x0000000100210000 'java/lang/invoke/LambdaForm$BMH+0x0000000100210000'
Event: 2.061 Thread 0x000001ed80021c30 Unloading class 0x000000010020fc00 'java/lang/invoke/LambdaForm$DMH+0x000000010020fc00'
Event: 2.061 Thread 0x000001ed80021c30 Unloading class 0x000000010020c400 'java/lang/invoke/LambdaForm$DMH+0x000000010020c400'

Classes redefined (0 events):
No events

Internal exceptions (20 events):
Event: 11.431 Thread 0x000001ed820d08b0 Exception <a 'java/lang/NoSuchMethodError'{0x00000000eac3e038}: 'java.lang.Object java.lang.invoke.DirectMethodHandle$Holder.invokeSpecial(java.lang.Object, java.lang.Object, int, java.lang.Object, java.lang.Object)'> (0x00000000eac3e038) 
thrown [s\src\hotspot\share\interpreter\linkResolver.cpp, line 759]
Event: 11.431 Thread 0x000001ed820d08b0 Exception <a 'java/lang/NoSuchMethodError'{0x00000000eac41ce0}: 'java.lang.Object java.lang.invoke.DelegatingMethodHandle$Holder.delegate(java.lang.Object, int, java.lang.Object, java.lang.Object)'> (0x00000000eac41ce0) 
thrown [s\src\hotspot\share\interpreter\linkResolver.cpp, line 759]
Event: 11.434 Thread 0x000001ed820d08b0 Exception <a 'java/lang/NoSuchMethodError'{0x00000000eac576e8}: 'int java.lang.invoke.Invokers$Holder.linkToTargetMethod(java.lang.Object, java.lang.Object, java.lang.Object)'> (0x00000000eac576e8) 
thrown [s\src\hotspot\share\interpreter\linkResolver.cpp, line 759]
Event: 11.473 Thread 0x000001ed820d08b0 Exception <a 'java/io/FileNotFoundException'{0x00000000eafe9d68}> (0x00000000eafe9d68) 
thrown [s\src\hotspot\share\prims\jni.cpp, line 516]
Event: 11.474 Thread 0x000001ed820d08b0 Exception <a 'java/io/FileNotFoundException'{0x00000000eafeb3e8}> (0x00000000eafeb3e8) 
thrown [s\src\hotspot\share\prims\jni.cpp, line 516]
Event: 11.491 Thread 0x000001ed820d08b0 Implicit null exception at 0x000001edf4ba76c6 to 0x000001edf4ba7d30
Event: 11.646 Thread 0x000001ed820d08b0 Implicit null exception at 0x000001edf48096cd to 0x000001edf480a24c
Event: 11.677 Thread 0x000001ed820d08b0 Exception <a 'sun/nio/fs/WindowsException'{0x00000000eb445648}> (0x00000000eb445648) 
thrown [s\src\hotspot\share\prims\jni.cpp, line 516]
Event: 11.757 Thread 0x000001ed820cf570 Implicit null exception at 0x000001edf49fdcdf to 0x000001edf49fdf3c
Event: 11.798 Thread 0x000001ed820cf570 Exception <a 'java/io/FileNotFoundException'{0x00000000eb2b6448}> (0x00000000eb2b6448) 
thrown [s\src\hotspot\share\prims\jni.cpp, line 516]
Event: 11.933 Thread 0x000001ed820cf570 Exception <a 'java/lang/reflect/InvocationTargetException'{0x00000000eac16f50}> (0x00000000eac16f50) 
thrown [s\src\hotspot\share\runtime\reflection.cpp, line 1121]
Event: 11.963 Thread 0x000001ed820cf570 Exception <a 'java/lang/ClassNotFoundException'{0x00000000eaecabe8}: sun/util/logging/resources/spi/loggingProvider> (0x00000000eaecabe8) 
thrown [s\src\hotspot\share\classfile\systemDictionary.cpp, line 256]
Event: 11.980 Thread 0x000001ed820cf570 Exception <a 'java/lang/reflect/InvocationTargetException'{0x00000000eabfe238}> (0x00000000eabfe238) 
thrown [s\src\hotspot\share\runtime\reflection.cpp, line 1121]
Event: 11.997 Thread 0x000001ed820cf570 Exception <a 'java/lang/reflect/InvocationTargetException'{0x00000000eb350038}> (0x00000000eb350038) 
thrown [s\src\hotspot\share\runtime\reflection.cpp, line 1121]
Event: 12.258 Thread 0x000001ed820cff10 Exception <a 'java/lang/NoSuchMethodError'{0x00000000eb0111e8}: 'int java.lang.invoke.DirectMethodHandle$Holder.invokeStatic(java.lang.Object, java.lang.Object, java.lang.Object, int)'> (0x00000000eb0111e8) 
thrown [s\src\hotspot\share\interpreter\linkResolver.cpp, line 759]
Event: 12.441 Thread 0x000001ed820cff10 Exception <a 'java/io/FileNotFoundException'{0x00000000eb066948}> (0x00000000eb066948) 
thrown [s\src\hotspot\share\prims\jni.cpp, line 516]
Event: 12.655 Thread 0x000001ed820cf570 Exception <a 'java/lang/reflect/InvocationTargetException'{0x00000000ead46468}> (0x00000000ead46468) 
thrown [s\src\hotspot\share\runtime\reflection.cpp, line 1121]
Event: 13.078 Thread 0x000001ed820cf570 Implicit null exception at 0x000001edf4b908a6 to 0x000001edf4b918e4
Event: 13.256 Thread 0x000001ed820d03e0 Exception <a 'java/io/FileNotFoundException'{0x00000000eb17b6b0}> (0x00000000eb17b6b0) 
thrown [s\src\hotspot\share\prims\jni.cpp, line 516]
Event: 13.290 Thread 0x000001ed820d03e0 Exception <a 'java/lang/NoSuchMethodError'{0x00000000eb27deb0}: 'void java.lang.invoke.DirectMethodHandle$Holder.invokeSpecial(java.lang.Object, java.lang.Object, java.lang.Object, java.lang.Object, java.lang.Object)'> (0x00000000eb27deb0) 
thrown [s\src\hotspot\share\interpreter\linkResolver.cpp, line 759]

VM Operations (20 events):
Event: 13.944 Executing VM operation: ParallelGCFailedAllocation done
Event: 13.968 Executing VM operation: ParallelGCFailedAllocation
Event: 13.970 Executing VM operation: ParallelGCFailedAllocation done
Event: 14.043 Executing VM operation: ParallelGCFailedAllocation
Event: 14.044 Executing VM operation: ParallelGCFailedAllocation done
Event: 14.109 Executing VM operation: ParallelGCFailedAllocation
Event: 14.111 Executing VM operation: ParallelGCFailedAllocation done
Event: 14.130 Executing VM operation: ParallelGCFailedAllocation
Event: 14.132 Executing VM operation: ParallelGCFailedAllocation done
Event: 14.173 Executing VM operation: ParallelGCFailedAllocation
Event: 14.175 Executing VM operation: ParallelGCFailedAllocation done
Event: 14.232 Executing VM operation: ParallelGCFailedAllocation
Event: 14.235 Executing VM operation: ParallelGCFailedAllocation done
Event: 14.250 Executing VM operation: HandshakeAllThreads
Event: 14.251 Executing VM operation: HandshakeAllThreads done
Event: 14.255 Executing VM operation: ParallelGCFailedAllocation
Event: 14.257 Executing VM operation: ParallelGCFailedAllocation done
Event: 14.309 Executing VM operation: ParallelGCFailedAllocation
Event: 14.311 Executing VM operation: ParallelGCFailedAllocation done
Event: 15.326 Executing VM operation: Cleanup

Events (20 events):
Event: 13.129 loading class com/sun/org/apache/xerces/internal/xni/parser/XMLParseException done
Event: 13.207 loading class java/util/Collections$SynchronizedRandomAccessList
Event: 13.207 loading class java/util/Collections$SynchronizedList
Event: 13.207 loading class java/util/Collections$SynchronizedList done
Event: 13.207 loading class java/util/Collections$SynchronizedRandomAccessList done
Event: 13.213 loading class java/util/concurrent/CompletableFuture$Signaller
Event: 13.214 loading class java/util/concurrent/CompletableFuture$Signaller done
Event: 13.220 loading class java/util/concurrent/CompletionException
Event: 13.220 loading class java/util/concurrent/CompletionException done
Event: 13.222 loading class java/text/NumberFormat$Field
Event: 13.222 loading class java/text/NumberFormat$Field done
Event: 13.242 loading class java/util/Hashtable$KeySet
Event: 13.242 loading class java/util/Hashtable$KeySet done
Event: 13.268 loading class java/util/concurrent/ConcurrentHashMap$TreeBin
Event: 13.268 loading class java/util/concurrent/ConcurrentHashMap$TreeBin done
Event: 13.272 Thread 0x000001ed85de2880 Thread added: 0x000001ed85de2880
Event: 14.251 Thread 0x000001edfe5ad4c0 flushing nmethod 0x000001edf4809210
Event: 14.254 Thread 0x000001edfe5ad4c0 flushing nmethod 0x000001edf4bdac10
Event: 14.255 Thread 0x000001edfe5ad4c0 flushing nmethod 0x000001eded1ebf10
Event: 14.265 Thread 0x000001edfe5ad4c0 flushing nmethod 0x000001eded988690


Dynamic libraries:
0x00007ff78d2f0000 - 0x00007ff78d2fe000 	c:\Users\SOHAIL AHMAD\.antigravity\extensions\redhat.java-1.12.0-win32-x64\jre\17.0.4.1-win32-x86_64\bin\java.exe
0x00007ffca1740000 - 0x00007ffca19a7000 	C:\WINDOWS\SYSTEM32\ntdll.dll
0x00007ffca03a0000 - 0x00007ffca0469000 	C:\WINDOWS\System32\KERNEL32.DLL
0x00007ffc9edf0000 - 0x00007ffc9f1e1000 	C:\WINDOWS\System32\KERNELBASE.dll
0x00007ffc9e890000 - 0x00007ffc9e9db000 	C:\WINDOWS\System32\ucrtbase.dll
0x00007ffc8abf0000 - 0x00007ffc8ac08000 	c:\Users\SOHAIL AHMAD\.antigravity\extensions\redhat.java-1.12.0-win32-x64\jre\17.0.4.1-win32-x86_64\bin\jli.dll
0x00007ffca0eb0000 - 0x00007ffca1075000 	C:\WINDOWS\System32\USER32.dll
0x00007ffc9f400000 - 0x00007ffc9f427000 	C:\WINDOWS\System32\win32u.dll
0x00007ffca0300000 - 0x00007ffca032b000 	C:\WINDOWS\System32\GDI32.dll
0x00007ffc8ab30000 - 0x00007ffc8ab49000 	c:\Users\SOHAIL AHMAD\.antigravity\extensions\redhat.java-1.12.0-win32-x64\jre\17.0.4.1-win32-x86_64\bin\VCRUNTIME140.dll
0x00007ffc9e9e0000 - 0x00007ffc9eb0b000 	C:\WINDOWS\System32\gdi32full.dll
0x00007ffc9f430000 - 0x00007ffc9f4d3000 	C:\WINDOWS\System32\msvcp_win.dll
0x00007ffc81a70000 - 0x00007ffc81d03000 	C:\WINDOWS\WinSxS\amd64_microsoft.windows.common-controls_6595b64144ccf1df_6.0.26100.8037_none_3e092faae333b53b\COMCTL32.dll
0x00007ffca1170000 - 0x00007ffca1219000 	C:\WINDOWS\System32\msvcrt.dll
0x00007ffca1090000 - 0x00007ffca10c1000 	C:\WINDOWS\System32\IMM32.DLL
0x00007ffc94020000 - 0x00007ffc9402c000 	c:\Users\SOHAIL AHMAD\.antigravity\extensions\redhat.java-1.12.0-win32-x64\jre\17.0.4.1-win32-x86_64\bin\vcruntime140_1.dll
0x00007ffc6d960000 - 0x00007ffc6d9f1000 	c:\Users\SOHAIL AHMAD\.antigravity\extensions\redhat.java-1.12.0-win32-x64\jre\17.0.4.1-win32-x86_64\bin\msvcp140.dll
0x00007ffbd6a30000 - 0x00007ffbd7676000 	c:\Users\SOHAIL AHMAD\.antigravity\extensions\redhat.java-1.12.0-win32-x64\jre\17.0.4.1-win32-x86_64\bin\server\jvm.dll
0x00007ffca1220000 - 0x00007ffca12db000 	C:\WINDOWS\System32\ADVAPI32.dll
0x00007ffca12f0000 - 0x00007ffca1397000 	C:\WINDOWS\System32\sechost.dll
0x00007ffca01e0000 - 0x00007ffca02f8000 	C:\WINDOWS\System32\RPCRT4.dll
0x00007ffca10d0000 - 0x00007ffca10d8000 	C:\WINDOWS\System32\PSAPI.DLL
0x00007ffc94550000 - 0x00007ffc94585000 	C:\WINDOWS\SYSTEM32\WINMM.dll
0x00007ffc94330000 - 0x00007ffc9433a000 	C:\WINDOWS\SYSTEM32\WSOCK32.dll
0x00007ffc93ce0000 - 0x00007ffc93ceb000 	C:\WINDOWS\SYSTEM32\VERSION.dll
0x00007ffca1540000 - 0x00007ffca15b4000 	C:\WINDOWS\System32\WS2_32.dll
0x00007ffc9cdb0000 - 0x00007ffc9cdcb000 	C:\WINDOWS\SYSTEM32\kernel.appcore.dll
0x00007ffc932e0000 - 0x00007ffc932ea000 	c:\Users\SOHAIL AHMAD\.antigravity\extensions\redhat.java-1.12.0-win32-x64\jre\17.0.4.1-win32-x86_64\bin\jimage.dll
0x00007ffc87330000 - 0x00007ffc87572000 	C:\WINDOWS\SYSTEM32\DBGHELP.DLL
0x00007ffc9fd50000 - 0x00007ffca00d2000 	C:\WINDOWS\System32\combase.dll
0x00007ffca0660000 - 0x00007ffca0737000 	C:\WINDOWS\System32\OLEAUT32.dll
0x00007ffc7e1c0000 - 0x00007ffc7e1fb000 	C:\WINDOWS\SYSTEM32\dbgcore.DLL
0x00007ffc9ed40000 - 0x00007ffc9ede5000 	C:\WINDOWS\System32\bcryptPrimitives.dll
0x00007ffc8e100000 - 0x00007ffc8e10e000 	c:\Users\SOHAIL AHMAD\.antigravity\extensions\redhat.java-1.12.0-win32-x64\jre\17.0.4.1-win32-x86_64\bin\instrument.dll
0x00007ffc8a320000 - 0x00007ffc8a345000 	c:\Users\SOHAIL AHMAD\.antigravity\extensions\redhat.java-1.12.0-win32-x64\jre\17.0.4.1-win32-x86_64\bin\java.dll
0x00007ffc8a300000 - 0x00007ffc8a318000 	c:\Users\SOHAIL AHMAD\.antigravity\extensions\redhat.java-1.12.0-win32-x64\jre\17.0.4.1-win32-x86_64\bin\zip.dll
0x00007ffca0740000 - 0x00007ffca0e9f000 	C:\WINDOWS\System32\SHELL32.dll
0x00007ffc9eb10000 - 0x00007ffc9ec7a000 	C:\WINDOWS\System32\wintypes.dll
0x00007ffc9e020000 - 0x00007ffc9e884000 	C:\WINDOWS\System32\windows.storage.dll
0x00007ffca00e0000 - 0x00007ffca01d7000 	C:\WINDOWS\System32\SHCORE.dll
0x00007ffca0330000 - 0x00007ffca0397000 	C:\WINDOWS\System32\shlwapi.dll
0x00007ffc9df40000 - 0x00007ffc9df69000 	C:\WINDOWS\SYSTEM32\profapi.dll
0x00007ffc89270000 - 0x00007ffc89289000 	C:\Users\SOHAIL AHMAD\.antigravity\extensions\redhat.java-1.12.0-win32-x64\jre\17.0.4.1-win32-x86_64\bin\net.dll
0x00007ffc94420000 - 0x00007ffc94547000 	C:\WINDOWS\SYSTEM32\WINHTTP.dll
0x00007ffc9d320000 - 0x00007ffc9d38b000 	C:\WINDOWS\system32\mswsock.dll
0x00007ffc89030000 - 0x00007ffc89045000 	C:\Users\SOHAIL AHMAD\.antigravity\extensions\redhat.java-1.12.0-win32-x64\jre\17.0.4.1-win32-x86_64\bin\nio.dll
0x00007ffc8de50000 - 0x00007ffc8de60000 	c:\Users\SOHAIL AHMAD\.antigravity\extensions\redhat.java-1.12.0-win32-x64\jre\17.0.4.1-win32-x86_64\bin\verify.dll
0x00007ffc88a70000 - 0x00007ffc88aae000 	C:\Users\SOHAIL AHMAD\AppData\Roaming\Antigravity\User\globalStorage\redhat.java\1.12.0\config_win\org.eclipse.equinox.launcher\org.eclipse.equinox.launcher.win32.win32.x86_64_1.2.600.v20220720-1916\eclipse_11700.dll
0x00007ffca13a0000 - 0x00007ffca1535000 	C:\WINDOWS\System32\ole32.dll
0x00007ffc9d600000 - 0x00007ffc9d61b000 	C:\WINDOWS\SYSTEM32\CRYPTSP.dll
0x00007ffc9cd10000 - 0x00007ffc9cd49000 	C:\WINDOWS\system32\rsaenh.dll
0x00007ffc9d3d0000 - 0x00007ffc9d402000 	C:\WINDOWS\SYSTEM32\USERENV.dll
0x00007ffc9df10000 - 0x00007ffc9df3a000 	C:\WINDOWS\SYSTEM32\bcrypt.dll
0x00007ffc9d620000 - 0x00007ffc9d62c000 	C:\WINDOWS\SYSTEM32\CRYPTBASE.dll
0x00007ffc9c730000 - 0x00007ffc9c763000 	C:\WINDOWS\SYSTEM32\IPHLPAPI.DLL
0x00007ffc9faf0000 - 0x00007ffc9fafa000 	C:\WINDOWS\System32\NSI.dll
0x00007ffc98b60000 - 0x00007ffc98b7d000 	C:\WINDOWS\SYSTEM32\dhcpcsvc6.DLL
0x00007ffc98b30000 - 0x00007ffc98b53000 	C:\WINDOWS\SYSTEM32\dhcpcsvc.DLL
0x00007ffc9c770000 - 0x00007ffc9c89a000 	C:\WINDOWS\SYSTEM32\DNSAPI.dll
0x00007ffc88880000 - 0x00007ffc888c0000 	C:\Users\SOHAIL AHMAD\AppData\Local\Temp\jna-1494489537\jna12238368703302404948.dll
0x00007ffc9ced0000 - 0x00007ffc9cf06000 	C:\WINDOWS\SYSTEM32\ntmarta.dll

dbghelp: loaded successfully - version: 4.0.5 - missing functions: none
symbol engine: initialized successfully - sym options: 0x614 - pdb path: .;c:\Users\SOHAIL AHMAD\.antigravity\extensions\redhat.java-1.12.0-win32-x64\jre\17.0.4.1-win32-x86_64\bin;C:\WINDOWS\SYSTEM32;C:\WINDOWS\WinSxS\amd64_microsoft.windows.common-controls_6595b64144ccf1df_6.0.26100.8037_none_3e092faae333b53b;c:\Users\SOHAIL AHMAD\.antigravity\extensions\redhat.java-1.12.0-win32-x64\jre\17.0.4.1-win32-x86_64\bin\server;C:\Users\SOHAIL AHMAD\AppData\Roaming\Antigravity\User\globalStorage\redhat.java\1.12.0\config_win\org.eclipse.equinox.launcher\org.eclipse.equinox.launcher.win32.win32.x86_64_1.2.600.v20220720-1916;C:\Users\SOHAIL AHMAD\AppData\Local\Temp\jna-1494489537

VM Arguments:
jvm_args: --add-modules=ALL-SYSTEM --add-opens=java.base/java.util=ALL-UNNAMED --add-opens=java.base/java.lang=ALL-UNNAMED --add-opens=java.base/sun.nio.fs=ALL-UNNAMED -Declipse.application=org.eclipse.jdt.ls.core.id1 -Dosgi.bundles.defaultStartLevel=4 -Declipse.product=org.eclipse.jdt.ls.core.product -Djava.import.generatesMetadataFilesAtProjectRoot=false -Dfile.encoding=utf8 -XX:+UseParallelGC -XX:GCTimeRatio=4 -XX:AdaptiveSizePolicyWeight=90 -Dsun.zip.disableMemoryMapping=true -Xmx1G -Xms100m -Xlog:disable -javaagent:c:\Users\SOHAIL AHMAD\.antigravity\extensions\redhat.java-1.12.0-win32-x64\lombok\lombok-1.18.24.jar -XX:+HeapDumpOnOutOfMemoryError -XX:HeapDumpPath=c:\Users\SOHAIL AHMAD\AppData\Roaming\Antigravity\User\workspaceStorage\e93f37d5df380cb2e825645f6b524362\redhat.java 
java_command: c:\Users\SOHAIL AHMAD\.antigravity\extensions\redhat.java-1.12.0-win32-x64\server\plugins\org.eclipse.equinox.launcher_1.6.400.v20210924-0641.jar -configuration c:\Users\SOHAIL AHMAD\AppData\Roaming\Antigravity\User\globalStorage\redhat.java\1.12.0\config_win -data c:\Users\SOHAIL AHMAD\AppData\Roaming\Antigravity\User\workspaceStorage\e93f37d5df380cb2e825645f6b524362\redhat.java\jdt_ws
java_class_path (initial): c:\Users\SOHAIL AHMAD\.antigravity\extensions\redhat.java-1.12.0-win32-x64\server\plugins\org.eclipse.equinox.launcher_1.6.400.v20210924-0641.jar
Launcher Type: SUN_STANDARD

[Global flags]
    uintx AdaptiveSizePolicyWeight                 = 90                                        {product} {command line}
     intx CICompilerCount                          = 4                                         {product} {ergonomic}
    uintx GCTimeRatio                              = 4                                         {product} {command line}
     bool HeapDumpOnOutOfMemoryError               = true                                   {manageable} {command line}
    ccstr HeapDumpPath                             = c:\Users\SOHAIL AHMAD\AppData\Roaming\Antigravity\User\workspaceStorage\e93f37d5df380cb2e825645f6b524362\redhat.java         {manageable} {command line}
   size_t InitialHeapSize                          = 104857600                                 {product} {command line}
   size_t MaxHeapSize                              = 1073741824                                {product} {command line}
   size_t MaxNewSize                               = 357564416                                 {product} {ergonomic}
   size_t MinHeapDeltaBytes                        = 524288                                    {product} {ergonomic}
   size_t MinHeapSize                              = 104857600                                 {product} {command line}
   size_t NewSize                                  = 34603008                                  {product} {ergonomic}
    uintx NonNMethodCodeHeapSize                   = 5839372                                {pd product} {ergonomic}
    uintx NonProfiledCodeHeapSize                  = 122909434                              {pd product} {ergonomic}
   size_t OldSize                                  = 70254592                                  {product} {ergonomic}
    uintx ProfiledCodeHeapSize                     = 122909434                              {pd product} {ergonomic}
    uintx ReservedCodeCacheSize                    = 251658240                              {pd product} {ergonomic}
     bool SegmentedCodeCache                       = true                                      {product} {ergonomic}
   size_t SoftMaxHeapSize                          = 1073741824                             {manageable} {ergonomic}
     bool UseCompressedClassPointers               = true                           {product lp64_product} {ergonomic}
     bool UseCompressedOops                        = true                           {product lp64_product} {ergonomic}
     bool UseLargePagesIndividualAllocation        = false                                  {pd product} {ergonomic}
     bool UseParallelGC                            = true                                      {product} {command line}

Logging:
Log output configuration:
 #0: stdout all=off uptime,level,tags
 #1: stderr all=off uptime,level,tags

Environment Variables:
PATH=C:\Program Files\Common Files\Oracle\Java\javapath;C:\Python313\Scripts\;C:\Python313\;C:\Program Files\Python312\Scripts\;C:\Program Files\Python312\;C:\WINDOWS\system32;C:\WINDOWS;C:\WINDOWS\System32\Wbem;C:\WINDOWS\System32\WindowsPowerShell\v1.0\;C:\WINDOWS\System32\OpenSSH\;C:\Program Files\Git\cmd;C:\mingw64\bin;C:\php8.3;C:\ProgramData\ComposerSetup\bin;C:\ProgramData\chocolatey\bin;C:\nvm;C:\nvm4w\nodejs;C:\Program Files\cursor\resources\app\bin;C:\Users\SOHAIL AHMAD\AppData\Local\Microsoft\WindowsApps;C:\Users\SOHAIL AHMAD\AppData\Local\Programs\Microsoft VS Code\bin;C:\php8.3;C:\mingw64\bin;C:\Users\SOHAIL AHMAD\AppData\Roaming\Composer\vendor\bin;C:\Users\SOHAIL AHMAD\AppData\Roaming\npm;C:\nvm;C:\nvm4w\nodejs;C:\Program Files\MongoDB\Server\8.2\bin;C:\Program Files\MongoDB\mongosh-2.5.8-win32-x64\bin;C:\Users\SOHAIL AHMAD\AppData\Local\Programs\Antigravity\bin
USERNAME=SOHAIL AHMAD
OS=Windows_NT
PROCESSOR_IDENTIFIER=AMD64 Family 23 Model 160 Stepping 0, AuthenticAMD
TMP=C:\Users\SOHAIL~1\AppData\Local\Temp
TEMP=C:\Users\SOHAIL~1\AppData\Local\Temp



---------------  S Y S T E M  ---------------

OS:
 Windows 11 , 64 bit Build 26100 (10.0.26100.7920)
OS uptime: 0 days 20:44 hours
Hyper-V role detected

CPU: total 8 (initial active 8) (8 cores per cpu, 2 threads per core) family 23 model 160 stepping 0 microcode 0x8a00006, cx8, cmov, fxsr, ht, mmx, 3dnowpref, sse, sse2, sse3, ssse3, sse4a, sse4.1, sse4.2, popcnt, lzcnt, tsc, tscinvbit, avx, avx2, aes, clmul, bmi1, bmi2, adx, sha, fma, vzeroupper, clflush, clflushopt, hv

Memory: 4k page, system-wide physical 5965M (385M free)
TotalPageFile size 24397M (AvailPageFile size 9M)
current process WorkingSet (physical memory assigned to process): 307M, peak: 308M
current process commit charge ("private bytes"): 352M, peak: 355M

vm_info: OpenJDK 64-Bit Server VM (17.0.4.1+1) for windows-amd64 JRE (17.0.4.1+1), built on Aug 17 2022 07:42:43 by "temurin" with MS VC++ 16.7 (VS2019)

END.
