#
# There is insufficient memory for the Java Runtime Environment to continue.
# Native memory allocation (malloc) failed to allocate 2012928 bytes for Chunk::new
# Possible reasons:
#   The system is out of physical RAM or swap space
#   The process is running with CompressedOops enabled, and the Java Heap may be blocking the growth of the native heap
# Possible solutions:
#   Reduce memory load on the system
#   Increase physical memory or swap space
#   Check if swap backing store is full
#   Decrease Java heap size (-Xmx/-Xms)
#   Decrease number of Java threads
#   Decrease Java thread stack sizes (-Xss)
#   Set larger code cache with -XX:ReservedCodeCacheSize=
#   JVM is running with Unscaled Compressed Oops mode in which the Java heap is
#     placed in the first 4GB address space. The Java Heap base address is the
#     maximum limit for the native heap growth. Please use -XX:HeapBaseMinAddress
#     to set the Java Heap base and to place the Java Heap above 4GB virtual address.
# This output file may be truncated or incomplete.
#
#  Out of Memory Error (arena.cpp:189), pid=8592, tid=3176
#
# JRE version: OpenJDK Runtime Environment Temurin-17.0.4.1+1 (17.0.4.1+1) (build 17.0.4.1+1)
# Java VM: OpenJDK 64-Bit Server VM Temurin-17.0.4.1+1 (17.0.4.1+1, mixed mode, tiered, compressed oops, compressed class ptrs, parallel gc, windows-amd64)
# No core dump will be written. Minidumps are not enabled by default on client versions of Windows
#

---------------  S U M M A R Y ------------

Command Line: --add-modules=ALL-SYSTEM --add-opens=java.base/java.util=ALL-UNNAMED --add-opens=java.base/java.lang=ALL-UNNAMED --add-opens=java.base/sun.nio.fs=ALL-UNNAMED -Declipse.application=org.eclipse.jdt.ls.core.id1 -Dosgi.bundles.defaultStartLevel=4 -Declipse.product=org.eclipse.jdt.ls.core.product -Djava.import.generatesMetadataFilesAtProjectRoot=false -Dfile.encoding=utf8 -XX:+UseParallelGC -XX:GCTimeRatio=4 -XX:AdaptiveSizePolicyWeight=90 -Dsun.zip.disableMemoryMapping=true -Xmx1G -Xms100m -Xlog:disable -javaagent:c:\Users\SOHAIL AHMAD\.antigravity\extensions\redhat.java-1.12.0-win32-x64\lombok\lombok-1.18.24.jar c:\Users\SOHAIL AHMAD\.antigravity\extensions\redhat.java-1.12.0-win32-x64\server\plugins\org.eclipse.equinox.launcher_1.6.400.v20210924-0641.jar -configuration c:\Users\SOHAIL AHMAD\AppData\Roaming\Antigravity\User\globalStorage\redhat.java\1.12.0\config_ss_win -data c:\Users\SOHAIL AHMAD\AppData\Roaming\Antigravity\User\workspaceStorage\e93f37d5df380cb2e825645f6b524362\redhat.java\ss_ws

Host: AMD Ryzen 3 7320U with Radeon Graphics         , 8 cores, 5G,  Windows 11 , 64 bit Build 26100 (10.0.26100.7920)
Time: Thu Mar 19 19:24:20 2026 India Standard Time elapsed time: 15.610317 seconds (0d 0h 0m 15s)

---------------  T H R E A D  ---------------

Current thread (0x000001bc6e6f72a0):  JavaThread "C2 CompilerThread1" daemon [_thread_in_native, id=3176, stack(0x0000004fa4a00000,0x0000004fa4b00000)]


Current CompileTask:
C2:  15610 4321 %     4       org.objectweb.asm.SymbolTable::<init> @ 98 (536 bytes)

Stack: [0x0000004fa4a00000,0x0000004fa4b00000]
Native frames: (J=compiled Java code, j=interpreted, Vv=VM code, C=native code)
V  [jvm.dll+0x67731a]
V  [jvm.dll+0x832284]
V  [jvm.dll+0x833a2e]
V  [jvm.dll+0x834093]
V  [jvm.dll+0x245775]
V  [jvm.dll+0xabd7b]
V  [jvm.dll+0xac30c]
V  [jvm.dll+0x363a97]
V  [jvm.dll+0x1bbf38]
V  [jvm.dll+0x2187d9]
V  [jvm.dll+0x217aa1]
V  [jvm.dll+0x1a3f8d]
V  [jvm.dll+0x227498]
V  [jvm.dll+0x2255e5]
V  [jvm.dll+0x7e7e9b]
V  [jvm.dll+0x7e240a]
V  [jvm.dll+0x6761a5]
C  [ucrtbase.dll+0x37b0]
C  [KERNEL32.DLL+0x2e8d7]
C  [ntdll.dll+0x8c48c]


---------------  P R O C E S S  ---------------

Threads class SMR info:
_java_thread_list=0x000001bc6a6cd020, length=24, elements={
0x000001bc549f2fb0, 0x000001bc68874c50, 0x000001bc68878af0, 0x000001bc6a31dda0,
0x000001bc6a31e660, 0x000001bc6a320230, 0x000001bc6a321e00, 0x000001bc6a359ab0,
0x000001bc6a35ab50, 0x000001bc6a35b450, 0x000001bc6a4613a0, 0x000001bc6a47d010,
0x000001bc6b9ae3e0, 0x000001bc6c5124d0, 0x000001bc6c4a91b0, 0x000001bc6ba6b330,
0x000001bc6c6e3e00, 0x000001bc6ca016a0, 0x000001bc6ca01b70, 0x000001bc6c9ff020,
0x000001bc6c9fe1b0, 0x000001bc6c9fe680, 0x000001bc6e6f72a0, 0x000001bc6a5841d0
}

Java Threads: ( => current thread )
  0x000001bc549f2fb0 JavaThread "main" [_thread_blocked, id=18404, stack(0x0000004fa3000000,0x0000004fa3100000)]
  0x000001bc68874c50 JavaThread "Reference Handler" daemon [_thread_blocked, id=18568, stack(0x0000004fa3300000,0x0000004fa3400000)]
  0x000001bc68878af0 JavaThread "Finalizer" daemon [_thread_blocked, id=3088, stack(0x0000004fa3400000,0x0000004fa3500000)]
  0x000001bc6a31dda0 JavaThread "Signal Dispatcher" daemon [_thread_blocked, id=23472, stack(0x0000004fa3500000,0x0000004fa3600000)]
  0x000001bc6a31e660 JavaThread "Attach Listener" daemon [_thread_blocked, id=17152, stack(0x0000004fa3600000,0x0000004fa3700000)]
  0x000001bc6a320230 JavaThread "Service Thread" daemon [_thread_blocked, id=8788, stack(0x0000004fa3700000,0x0000004fa3800000)]
  0x000001bc6a321e00 JavaThread "Monitor Deflation Thread" daemon [_thread_blocked, id=22916, stack(0x0000004fa3800000,0x0000004fa3900000)]
  0x000001bc6a359ab0 JavaThread "C2 CompilerThread0" daemon [_thread_in_native, id=1068, stack(0x0000004fa3900000,0x0000004fa3a00000)]
  0x000001bc6a35ab50 JavaThread "C1 CompilerThread0" daemon [_thread_in_vm, id=6644, stack(0x0000004fa3a00000,0x0000004fa3b00000)]
  0x000001bc6a35b450 JavaThread "Sweeper thread" daemon [_thread_blocked, id=2268, stack(0x0000004fa3b00000,0x0000004fa3c00000)]
  0x000001bc6a4613a0 JavaThread "Common-Cleaner" daemon [_thread_blocked, id=13708, stack(0x0000004fa3c00000,0x0000004fa3d00000)]
  0x000001bc6a47d010 JavaThread "Notification Thread" daemon [_thread_blocked, id=12592, stack(0x0000004fa3d00000,0x0000004fa3e00000)]
  0x000001bc6b9ae3e0 JavaThread "Active Thread: Equinox Container: 07bd4607-9473-4682-8ef9-abfde746868f" [_thread_blocked, id=11180, stack(0x0000004fa4500000,0x0000004fa4600000)]
  0x000001bc6c5124d0 JavaThread "Framework Event Dispatcher: Equinox Container: 07bd4607-9473-4682-8ef9-abfde746868f" daemon [_thread_blocked, id=18348, stack(0x0000004fa4600000,0x0000004fa4700000)]
  0x000001bc6c4a91b0 JavaThread "Start Level: Equinox Container: 07bd4607-9473-4682-8ef9-abfde746868f" daemon [_thread_blocked, id=3636, stack(0x0000004fa4700000,0x0000004fa4800000)]
  0x000001bc6ba6b330 JavaThread "SCR Component Actor" daemon [_thread_blocked, id=10048, stack(0x0000004fa4800000,0x0000004fa4900000)]
  0x000001bc6c6e3e00 JavaThread "Worker-JM" [_thread_blocked, id=6060, stack(0x0000004fa4b00000,0x0000004fa4c00000)]
  0x000001bc6ca016a0 JavaThread "Worker-0" [_thread_blocked, id=3904, stack(0x0000004fa4e00000,0x0000004fa4f00000)]
  0x000001bc6ca01b70 JavaThread "Worker-1" [_thread_blocked, id=15040, stack(0x0000004fa4f00000,0x0000004fa5000000)]
  0x000001bc6c9ff020 JavaThread "JNA Cleaner" daemon [_thread_blocked, id=12976, stack(0x0000004fa4d00000,0x0000004fa4e00000)]
  0x000001bc6c9fe1b0 JavaThread "pool-2-thread-1" [_thread_blocked, id=23080, stack(0x0000004fa5100000,0x0000004fa5200000)]
  0x000001bc6c9fe680 JavaThread "pool-1-thread-1" [_thread_in_Java, id=22908, stack(0x0000004fa5200000,0x0000004fa5300000)]
=>0x000001bc6e6f72a0 JavaThread "C2 CompilerThread1" daemon [_thread_in_native, id=3176, stack(0x0000004fa4a00000,0x0000004fa4b00000)]
  0x000001bc6a5841d0 JavaThread "C2 CompilerThread2" daemon [_thread_in_native, id=22408, stack(0x0000004fa5300000,0x0000004fa5400000)]

Other Threads:
  0x000001bc6a300c20 VMThread "VM Thread" [stack: 0x0000004fa3200000,0x0000004fa3300000] [id=17052]
  0x000001bc6a666810 WatcherThread [stack: 0x0000004fa3e00000,0x0000004fa3f00000] [id=20648]
  0x000001bc54a0a230 GCTaskThread "GC Thread#0" [stack: 0x0000004fa3100000,0x0000004fa3200000] [id=848]
  0x000001bc6b8b5110 GCTaskThread "GC Thread#1" [stack: 0x0000004fa3f00000,0x0000004fa4000000] [id=16872]
  0x000001bc6b7d62e0 GCTaskThread "GC Thread#2" [stack: 0x0000004fa4000000,0x0000004fa4100000] [id=16052]
  0x000001bc6b7d6590 GCTaskThread "GC Thread#3" [stack: 0x0000004fa4100000,0x0000004fa4200000] [id=18700]
  0x000001bc6b7d6840 GCTaskThread "GC Thread#4" [stack: 0x0000004fa4200000,0x0000004fa4300000] [id=10472]
  0x000001bc6b7d6af0 GCTaskThread "GC Thread#5" [stack: 0x0000004fa4300000,0x0000004fa4400000] [id=5368]
  0x000001bc6c4fdf10 GCTaskThread "GC Thread#6" [stack: 0x0000004fa4400000,0x0000004fa4500000] [id=22480]
  0x000001bc6b49fa60 GCTaskThread "GC Thread#7" [stack: 0x0000004fa4900000,0x0000004fa4a00000] [id=2492]

Threads with active compile tasks:
C2 CompilerThread0    16634 4327 %     4       org.objectweb.asm.ClassReader::readCode @ 92 (5109 bytes)
C1 CompilerThread0    16635 4444       2       sun.nio.fs.WindowsUriSupport::fromUri (312 bytes)
C2 CompilerThread1    16635 4321 %     4       org.objectweb.asm.SymbolTable::<init> @ 98 (536 bytes)
C2 CompilerThread2    16635 4343       4       lombok.patcher.PatchScript$MethodPatcher::visitMethod (158 bytes)

VM state: not at safepoint (normal execution)

VM Mutex/Monitor currently owned by a thread: None

Heap address: 0x00000000c0000000, size: 1024 MB, Compressed Oops mode: 32-bit

CDS archive(s) not mapped
Compressed class space mapped at: 0x0000000100000000-0x0000000140000000, reserved size: 1073741824
Narrow klass base: 0x0000000000000000, Narrow klass shift: 3, Narrow klass range: 0x140000000

GC Precious Log:
 CPUs: 8 total, 8 available
 Memory: 5965M
 Large Page Support: Disabled
 NUMA Support: Disabled
 Compressed Oops: Enabled (32-bit)
 Alignments: Space 512K, Generation 512K, Heap 2M
 Heap Min Capacity: 100M
 Heap Initial Capacity: 100M
 Heap Max Capacity: 1G
 Pre-touch: Disabled
 Parallel Workers: 8

Heap:
 PSYoungGen      total 22016K, used 12330K [0x00000000eab00000, 0x00000000ec380000, 0x0000000100000000)
  eden space 20992K, 53% used [0x00000000eab00000,0x00000000eb610b60,0x00000000ebf80000)
  from space 1024K, 97% used [0x00000000ec280000,0x00000000ec37a090,0x00000000ec380000)
  to   space 2048K, 0% used [0x00000000ebf80000,0x00000000ebf80000,0x00000000ec180000)
 ParOldGen       total 68608K, used 35370K [0x00000000c0000000, 0x00000000c4300000, 0x00000000eab00000)
  object space 68608K, 51% used [0x00000000c0000000,0x00000000c228a870,0x00000000c4300000)
 Metaspace       used 41627K, committed 42304K, reserved 1089536K
  class space    used 4219K, committed 4544K, reserved 1048576K

Card table byte_map: [0x000001bc543d0000,0x000001bc545e0000] _byte_map_base: 0x000001bc53dd0000

Marking Bits: (ParMarkBitMap*) 0x00007ffbd75b2cc0
 Begin Bits: [0x000001bc66680000, 0x000001bc67680000)
 End Bits:   [0x000001bc67680000, 0x000001bc68680000)

Polling page: 0x000001bc541c0000

Metaspace:

Usage:
  Non-class:     36.53 MB used.
      Class:      4.12 MB used.
       Both:     40.65 MB used.

Virtual space:
  Non-class space:       40.00 MB reserved,      36.88 MB ( 92%) committed,  5 nodes.
      Class space:        1.00 GB reserved,       4.44 MB ( <1%) committed,  1 nodes.
             Both:        1.04 GB reserved,      41.31 MB (  4%) committed. 

Chunk freelists:
   Non-Class:  2.47 MB
       Class:  3.53 MB
        Both:  6.00 MB

MaxMetaspaceSize: unlimited
CompressedClassSpaceSize: 1.00 GB
Initial GC threshold: 21.00 MB
Current GC threshold: 58.38 MB
CDS: off
MetaspaceReclaimPolicy: balanced
 - commit_granule_bytes: 65536.
 - commit_granule_words: 8192.
 - virtual_space_node_default_size: 1048576.
 - enlarge_chunks_in_place: 1.
 - new_chunks_are_fully_committed: 0.
 - uncommit_free_chunks: 1.
 - use_allocation_guard: 0.
 - handle_deallocations: 1.


Internal statistics:

num_allocs_failed_limit: 6.
num_arena_births: 290.
num_arena_deaths: 14.
num_vsnodes_births: 6.
num_vsnodes_deaths: 0.
num_space_committed: 661.
num_space_uncommitted: 0.
num_chunks_returned_to_freelist: 20.
num_chunks_taken_from_freelist: 1595.
num_chunk_merges: 10.
num_chunk_splits: 1091.
num_chunks_enlarged: 776.
num_purges: 2.
num_inconsistent_stats: 0.

CodeHeap 'non-profiled nmethods': size=120000Kb used=2043Kb max_used=2043Kb free=117957Kb
 bounds [0x000001bc5f150000, 0x000001bc5f3c0000, 0x000001bc66680000]
CodeHeap 'profiled nmethods': size=120000Kb used=9524Kb max_used=9524Kb free=110475Kb
 bounds [0x000001bc57c20000, 0x000001bc58570000, 0x000001bc5f150000]
CodeHeap 'non-nmethods': size=5760Kb used=1279Kb max_used=1300Kb free=4480Kb
 bounds [0x000001bc57680000, 0x000001bc578f0000, 0x000001bc57c20000]
 total_blobs=4990 nmethods=4386 adapters=518
 compilation: enabled
              stopped_count=0, restarted_count=0
 full_count=0

Compilation events (20 events):
Event: 13.588 Thread 0x000001bc6a35ab50 4424       1       org.eclipse.lsp4j.DidOpenTextDocumentParams::getTextDocument (5 bytes)
Event: 13.588 Thread 0x000001bc6a35ab50 nmethod 4424 0x000001bc5f34d590 code [0x000001bc5f34d720, 0x000001bc5f34d7f8]
Event: 13.590 Thread 0x000001bc6a35ab50 4425       1       org.eclipse.core.internal.jobs.InternalJob::internalSetRule (6 bytes)
Event: 13.590 Thread 0x000001bc6a35ab50 nmethod 4425 0x000001bc5f34d890 code [0x000001bc5f34da20, 0x000001bc5f34daf8]
Event: 13.592 Thread 0x000001bc6a35ab50 4426       2       org.eclipse.core.internal.filesystem.FileStoreUtil::countCharButNotAtEnd (34 bytes)
Event: 13.592 Thread 0x000001bc6a35ab50 nmethod 4426 0x000001bc58563790 code [0x000001bc58563940, 0x000001bc58563c98]
Event: 13.592 Thread 0x000001bc6a35ab50 4427   !   2       org.eclipse.jdt.internal.core.JavaModelManager::getPerWorkingCopyInfo (142 bytes)
Event: 13.593 Thread 0x000001bc6a35ab50 nmethod 4427 0x000001bc58563f10 code [0x000001bc58564100, 0x000001bc58564618]
Event: 13.593 Thread 0x000001bc6a35ab50 4429       2       org.eclipse.core.internal.preferences.EclipsePreferences::nodeExists (128 bytes)
Event: 13.595 Thread 0x000001bc6a35ab50 nmethod 4429 0x000001bc58564a10 code [0x000001bc58564d00, 0x000001bc58565918]
Event: 13.595 Thread 0x000001bc6a35ab50 4428       1       org.eclipse.core.internal.content.ContentTypeMatcher::getContext (5 bytes)
Event: 13.595 Thread 0x000001bc6a35ab50 nmethod 4428 0x000001bc5f34db90 code [0x000001bc5f34dd20, 0x000001bc5f34ddf8]
Event: 13.597 Thread 0x000001bc6a35ab50 4430       2       org.eclipse.jdt.internal.core.CompilationUnit::isPrimary (14 bytes)
Event: 13.597 Thread 0x000001bc6a35ab50 nmethod 4430 0x000001bc58566090 code [0x000001bc58566220, 0x000001bc58566378]
Event: 13.600 Thread 0x000001bc6a35ab50 4431   !   2       jdk.internal.reflect.NativeMethodAccessorImpl::invoke (137 bytes)
Event: 13.601 Thread 0x000001bc6a35ab50 nmethod 4431 0x000001bc58566410 code [0x000001bc58566600, 0x000001bc58566a88]
Event: 13.604 Thread 0x000001bc6a35ab50 4434       2       org.eclipse.jdt.internal.compiler.parser.Scanner::getVanguardParser (97 bytes)
Event: 13.605 Thread 0x000001bc6a35ab50 nmethod 4434 0x000001bc58566e90 code [0x000001bc585670a0, 0x000001bc58567538]
Event: 13.605 Thread 0x000001bc6a35ab50 4435       2       org.eclipse.jdt.internal.compiler.parser.Parser::consumeNonTypeUseName (93 bytes)
Event: 13.605 Thread 0x000001bc6a35ab50 nmethod 4435 0x000001bc58567810 code [0x000001bc585679e0, 0x000001bc58567de8]

GC Heap History (20 events):
Event: 7.394 GC heap before
{Heap before GC invocations=15 (full 1):
 PSYoungGen      total 25088K, used 24480K [0x00000000eab00000, 0x00000000ec780000, 0x0000000100000000)
  eden space 22016K, 100% used [0x00000000eab00000,0x00000000ec080000,0x00000000ec080000)
  from space 3072K, 80% used [0x00000000ec180000,0x00000000ec3e8020,0x00000000ec480000)
  to   space 3072K, 0% used [0x00000000ec480000,0x00000000ec480000,0x00000000ec780000)
 ParOldGen       total 68608K, used 23390K [0x00000000c0000000, 0x00000000c4300000, 0x00000000eab00000)
  object space 68608K, 34% used [0x00000000c0000000,0x00000000c16d78f8,0x00000000c4300000)
 Metaspace       used 34835K, committed 35392K, reserved 1081344K
  class space    used 3520K, committed 3776K, reserved 1048576K
}
Event: 7.397 GC heap after
{Heap after GC invocations=15 (full 1):
 PSYoungGen      total 24064K, used 2048K [0x00000000eab00000, 0x00000000ec680000, 0x0000000100000000)
  eden space 22016K, 0% used [0x00000000eab00000,0x00000000eab00000,0x00000000ec080000)
  from space 2048K, 100% used [0x00000000ec480000,0x00000000ec680000,0x00000000ec680000)
  to   space 2560K, 0% used [0x00000000ec180000,0x00000000ec180000,0x00000000ec400000)
 ParOldGen       total 68608K, used 25739K [0x00000000c0000000, 0x00000000c4300000, 0x00000000eab00000)
  object space 68608K, 37% used [0x00000000c0000000,0x00000000c1922d60,0x00000000c4300000)
 Metaspace       used 34835K, committed 35392K, reserved 1081344K
  class space    used 3520K, committed 3776K, reserved 1048576K
}
Event: 7.439 GC heap before
{Heap before GC invocations=16 (full 1):
 PSYoungGen      total 24064K, used 24064K [0x00000000eab00000, 0x00000000ec680000, 0x0000000100000000)
  eden space 22016K, 100% used [0x00000000eab00000,0x00000000ec080000,0x00000000ec080000)
  from space 2048K, 100% used [0x00000000ec480000,0x00000000ec680000,0x00000000ec680000)
  to   space 2560K, 0% used [0x00000000ec180000,0x00000000ec180000,0x00000000ec400000)
 ParOldGen       total 68608K, used 25739K [0x00000000c0000000, 0x00000000c4300000, 0x00000000eab00000)
  object space 68608K, 37% used [0x00000000c0000000,0x00000000c1922d60,0x00000000c4300000)
 Metaspace       used 34835K, committed 35392K, reserved 1081344K
  class space    used 3520K, committed 3776K, reserved 1048576K
}
Event: 7.442 GC heap after
{Heap after GC invocations=16 (full 1):
 PSYoungGen      total 24576K, used 2272K [0x00000000eab00000, 0x00000000ec580000, 0x0000000100000000)
  eden space 22016K, 0% used [0x00000000eab00000,0x00000000eab00000,0x00000000ec080000)
  from space 2560K, 88% used [0x00000000ec180000,0x00000000ec3b8010,0x00000000ec400000)
  to   space 1536K, 0% used [0x00000000ec400000,0x00000000ec400000,0x00000000ec580000)
 ParOldGen       total 68608K, used 27723K [0x00000000c0000000, 0x00000000c4300000, 0x00000000eab00000)
  object space 68608K, 40% used [0x00000000c0000000,0x00000000c1b12d60,0x00000000c4300000)
 Metaspace       used 34835K, committed 35392K, reserved 1081344K
  class space    used 3520K, committed 3776K, reserved 1048576K
}
Event: 7.489 GC heap before
{Heap before GC invocations=17 (full 1):
 PSYoungGen      total 24576K, used 24288K [0x00000000eab00000, 0x00000000ec580000, 0x0000000100000000)
  eden space 22016K, 100% used [0x00000000eab00000,0x00000000ec080000,0x00000000ec080000)
  from space 2560K, 88% used [0x00000000ec180000,0x00000000ec3b8010,0x00000000ec400000)
  to   space 1536K, 0% used [0x00000000ec400000,0x00000000ec400000,0x00000000ec580000)
 ParOldGen       total 68608K, used 27723K [0x00000000c0000000, 0x00000000c4300000, 0x00000000eab00000)
  object space 68608K, 40% used [0x00000000c0000000,0x00000000c1b12d60,0x00000000c4300000)
 Metaspace       used 34835K, committed 35392K, reserved 1081344K
  class space    used 3520K, committed 3776K, reserved 1048576K
}
Event: 7.492 GC heap after
{Heap after GC invocations=17 (full 1):
 PSYoungGen      total 22528K, used 1536K [0x00000000eab00000, 0x00000000ec980000, 0x0000000100000000)
  eden space 20992K, 0% used [0x00000000eab00000,0x00000000eab00000,0x00000000ebf80000)
  from space 1536K, 100% used [0x00000000ec400000,0x00000000ec580000,0x00000000ec580000)
  to   space 4608K, 0% used [0x00000000ebf80000,0x00000000ebf80000,0x00000000ec400000)
 ParOldGen       total 68608K, used 30147K [0x00000000c0000000, 0x00000000c4300000, 0x00000000eab00000)
  object space 68608K, 43% used [0x00000000c0000000,0x00000000c1d70d70,0x00000000c4300000)
 Metaspace       used 34835K, committed 35392K, reserved 1081344K
  class space    used 3520K, committed 3776K, reserved 1048576K
}
Event: 9.950 GC heap before
{Heap before GC invocations=18 (full 1):
 PSYoungGen      total 22528K, used 6297K [0x00000000eab00000, 0x00000000ec980000, 0x0000000100000000)
  eden space 20992K, 22% used [0x00000000eab00000,0x00000000eafa6718,0x00000000ebf80000)
  from space 1536K, 100% used [0x00000000ec400000,0x00000000ec580000,0x00000000ec580000)
  to   space 4608K, 0% used [0x00000000ebf80000,0x00000000ebf80000,0x00000000ec400000)
 ParOldGen       total 68608K, used 30147K [0x00000000c0000000, 0x00000000c4300000, 0x00000000eab00000)
  object space 68608K, 43% used [0x00000000c0000000,0x00000000c1d70d70,0x00000000c4300000)
 Metaspace       used 35259K, committed 35840K, reserved 1089536K
  class space    used 3559K, committed 3840K, reserved 1048576K
}
Event: 9.953 GC heap after
{Heap after GC invocations=18 (full 1):
 PSYoungGen      total 22528K, used 1484K [0x00000000eab00000, 0x00000000ec580000, 0x0000000100000000)
  eden space 20992K, 0% used [0x00000000eab00000,0x00000000eab00000,0x00000000ebf80000)
  from space 1536K, 96% used [0x00000000ebf80000,0x00000000ec0f32b8,0x00000000ec100000)
  to   space 2560K, 0% used [0x00000000ec300000,0x00000000ec300000,0x00000000ec580000)
 ParOldGen       total 68608K, used 31712K [0x00000000c0000000, 0x00000000c4300000, 0x00000000eab00000)
  object space 68608K, 46% used [0x00000000c0000000,0x00000000c1ef80c8,0x00000000c4300000)
 Metaspace       used 35259K, committed 35840K, reserved 1089536K
  class space    used 3559K, committed 3840K, reserved 1048576K
}
Event: 9.953 GC heap before
{Heap before GC invocations=19 (full 2):
 PSYoungGen      total 22528K, used 1484K [0x00000000eab00000, 0x00000000ec580000, 0x0000000100000000)
  eden space 20992K, 0% used [0x00000000eab00000,0x00000000eab00000,0x00000000ebf80000)
  from space 1536K, 96% used [0x00000000ebf80000,0x00000000ec0f32b8,0x00000000ec100000)
  to   space 2560K, 0% used [0x00000000ec300000,0x00000000ec300000,0x00000000ec580000)
 ParOldGen       total 68608K, used 31712K [0x00000000c0000000, 0x00000000c4300000, 0x00000000eab00000)
  object space 68608K, 46% used [0x00000000c0000000,0x00000000c1ef80c8,0x00000000c4300000)
 Metaspace       used 35259K, committed 35840K, reserved 1089536K
  class space    used 3559K, committed 3840K, reserved 1048576K
}
Event: 9.992 GC heap after
{Heap after GC invocations=19 (full 2):
 PSYoungGen      total 22528K, used 0K [0x00000000eab00000, 0x00000000ec580000, 0x0000000100000000)
  eden space 20992K, 0% used [0x00000000eab00000,0x00000000eab00000,0x00000000ebf80000)
  from space 1536K, 0% used [0x00000000ebf80000,0x00000000ebf80000,0x00000000ec100000)
  to   space 2560K, 0% used [0x00000000ec300000,0x00000000ec300000,0x00000000ec580000)
 ParOldGen       total 68608K, used 32275K [0x00000000c0000000, 0x00000000c4300000, 0x00000000eab00000)
  object space 68608K, 47% used [0x00000000c0000000,0x00000000c1f84d30,0x00000000c4300000)
 Metaspace       used 35259K, committed 35840K, reserved 1089536K
  class space    used 3559K, committed 3840K, reserved 1048576K
}
Event: 10.597 GC heap before
{Heap before GC invocations=20 (full 2):
 PSYoungGen      total 22528K, used 20957K [0x00000000eab00000, 0x00000000ec580000, 0x0000000100000000)
  eden space 20992K, 99% used [0x00000000eab00000,0x00000000ebf777e8,0x00000000ebf80000)
  from space 1536K, 0% used [0x00000000ebf80000,0x00000000ebf80000,0x00000000ec100000)
  to   space 2560K, 0% used [0x00000000ec300000,0x00000000ec300000,0x00000000ec580000)
 ParOldGen       total 68608K, used 32275K [0x00000000c0000000, 0x00000000c4300000, 0x00000000eab00000)
  object space 68608K, 47% used [0x00000000c0000000,0x00000000c1f84d30,0x00000000c4300000)
 Metaspace       used 37285K, committed 37888K, reserved 1089536K
  class space    used 3834K, committed 4096K, reserved 1048576K
}
Event: 10.599 GC heap after
{Heap after GC invocations=20 (full 2):
 PSYoungGen      total 22016K, used 694K [0x00000000eab00000, 0x00000000ec400000, 0x0000000100000000)
  eden space 20992K, 0% used [0x00000000eab00000,0x00000000eab00000,0x00000000ebf80000)
  from space 1024K, 67% used [0x00000000ec300000,0x00000000ec3ada20,0x00000000ec400000)
  to   space 1536K, 0% used [0x00000000ec100000,0x00000000ec100000,0x00000000ec280000)
 ParOldGen       total 68608K, used 32283K [0x00000000c0000000, 0x00000000c4300000, 0x00000000eab00000)
  object space 68608K, 47% used [0x00000000c0000000,0x00000000c1f86d30,0x00000000c4300000)
 Metaspace       used 37285K, committed 37888K, reserved 1089536K
  class space    used 3834K, committed 4096K, reserved 1048576K
}
Event: 11.355 GC heap before
{Heap before GC invocations=21 (full 2):
 PSYoungGen      total 22016K, used 21643K [0x00000000eab00000, 0x00000000ec400000, 0x0000000100000000)
  eden space 20992K, 99% used [0x00000000eab00000,0x00000000ebf75530,0x00000000ebf80000)
  from space 1024K, 67% used [0x00000000ec300000,0x00000000ec3ada20,0x00000000ec400000)
  to   space 1536K, 0% used [0x00000000ec100000,0x00000000ec100000,0x00000000ec280000)
 ParOldGen       total 68608K, used 32283K [0x00000000c0000000, 0x00000000c4300000, 0x00000000eab00000)
  object space 68608K, 47% used [0x00000000c0000000,0x00000000c1f86d30,0x00000000c4300000)
 Metaspace       used 38737K, committed 39296K, reserved 1089536K
  class space    used 3976K, committed 4224K, reserved 1048576K
}
Event: 11.356 GC heap after
{Heap after GC invocations=21 (full 2):
 PSYoungGen      total 22528K, used 480K [0x00000000eab00000, 0x00000000ec380000, 0x0000000100000000)
  eden space 20992K, 0% used [0x00000000eab00000,0x00000000eab00000,0x00000000ebf80000)
  from space 1536K, 31% used [0x00000000ec100000,0x00000000ec178000,0x00000000ec280000)
  to   space 1024K, 0% used [0x00000000ec280000,0x00000000ec280000,0x00000000ec380000)
 ParOldGen       total 68608K, used 32904K [0x00000000c0000000, 0x00000000c4300000, 0x00000000eab00000)
  object space 68608K, 47% used [0x00000000c0000000,0x00000000c20222d8,0x00000000c4300000)
 Metaspace       used 38737K, committed 39296K, reserved 1089536K
  class space    used 3976K, committed 4224K, reserved 1048576K
}
Event: 11.805 GC heap before
{Heap before GC invocations=22 (full 2):
 PSYoungGen      total 22528K, used 21472K [0x00000000eab00000, 0x00000000ec380000, 0x0000000100000000)
  eden space 20992K, 100% used [0x00000000eab00000,0x00000000ebf80000,0x00000000ebf80000)
  from space 1536K, 31% used [0x00000000ec100000,0x00000000ec178000,0x00000000ec280000)
  to   space 1024K, 0% used [0x00000000ec280000,0x00000000ec280000,0x00000000ec380000)
 ParOldGen       total 68608K, used 32904K [0x00000000c0000000, 0x00000000c4300000, 0x00000000eab00000)
  object space 68608K, 47% used [0x00000000c0000000,0x00000000c20222d8,0x00000000c4300000)
 Metaspace       used 39950K, committed 40576K, reserved 1089536K
  class space    used 4075K, committed 4352K, reserved 1048576K
}
Event: 11.806 GC heap after
{Heap after GC invocations=22 (full 2):
 PSYoungGen      total 21504K, used 448K [0x00000000eab00000, 0x00000000ec300000, 0x0000000100000000)
  eden space 20992K, 0% used [0x00000000eab00000,0x00000000eab00000,0x00000000ebf80000)
  from space 512K, 87% used [0x00000000ec280000,0x00000000ec2f0000,0x00000000ec300000)
  to   space 512K, 0% used [0x00000000ec200000,0x00000000ec200000,0x00000000ec280000)
 ParOldGen       total 68608K, used 33296K [0x00000000c0000000, 0x00000000c4300000, 0x00000000eab00000)
  object space 68608K, 48% used [0x00000000c0000000,0x00000000c20842d8,0x00000000c4300000)
 Metaspace       used 39950K, committed 40576K, reserved 1089536K
  class space    used 4075K, committed 4352K, reserved 1048576K
}
Event: 12.064 GC heap before
{Heap before GC invocations=23 (full 2):
 PSYoungGen      total 21504K, used 21440K [0x00000000eab00000, 0x00000000ec300000, 0x0000000100000000)
  eden space 20992K, 100% used [0x00000000eab00000,0x00000000ebf80000,0x00000000ebf80000)
  from space 512K, 87% used [0x00000000ec280000,0x00000000ec2f0000,0x00000000ec300000)
  to   space 512K, 0% used [0x00000000ec200000,0x00000000ec200000,0x00000000ec280000)
 ParOldGen       total 68608K, used 33296K [0x00000000c0000000, 0x00000000c4300000, 0x00000000eab00000)
  object space 68608K, 48% used [0x00000000c0000000,0x00000000c20842d8,0x00000000c4300000)
 Metaspace       used 40457K, committed 41088K, reserved 1089536K
  class space    used 4102K, committed 4352K, reserved 1048576K
}
Event: 12.066 GC heap after
{Heap after GC invocations=23 (full 2):
 PSYoungGen      total 21504K, used 497K [0x00000000eab00000, 0x00000000ec380000, 0x0000000100000000)
  eden space 20992K, 0% used [0x00000000eab00000,0x00000000eab00000,0x00000000ebf80000)
  from space 512K, 97% used [0x00000000ec200000,0x00000000ec27c700,0x00000000ec280000)
  to   space 1024K, 0% used [0x00000000ec280000,0x00000000ec280000,0x00000000ec380000)
 ParOldGen       total 68608K, used 34525K [0x00000000c0000000, 0x00000000c4300000, 0x00000000eab00000)
  object space 68608K, 50% used [0x00000000c0000000,0x00000000c21b77b0,0x00000000c4300000)
 Metaspace       used 40457K, committed 41088K, reserved 1089536K
  class space    used 4102K, committed 4352K, reserved 1048576K
}
Event: 13.173 GC heap before
{Heap before GC invocations=24 (full 2):
 PSYoungGen      total 21504K, used 21489K [0x00000000eab00000, 0x00000000ec380000, 0x0000000100000000)
  eden space 20992K, 100% used [0x00000000eab00000,0x00000000ebf80000,0x00000000ebf80000)
  from space 512K, 97% used [0x00000000ec200000,0x00000000ec27c700,0x00000000ec280000)
  to   space 1024K, 0% used [0x00000000ec280000,0x00000000ec280000,0x00000000ec380000)
 ParOldGen       total 68608K, used 34525K [0x00000000c0000000, 0x00000000c4300000, 0x00000000eab00000)
  object space 68608K, 50% used [0x00000000c0000000,0x00000000c21b77b0,0x00000000c4300000)
 Metaspace       used 40480K, committed 41088K, reserved 1089536K
  class space    used 4102K, committed 4352K, reserved 1048576K
}
Event: 13.174 GC heap after
{Heap after GC invocations=24 (full 2):
 PSYoungGen      total 22016K, used 1000K [0x00000000eab00000, 0x00000000ec380000, 0x0000000100000000)
  eden space 20992K, 0% used [0x00000000eab00000,0x00000000eab00000,0x00000000ebf80000)
  from space 1024K, 97% used [0x00000000ec280000,0x00000000ec37a090,0x00000000ec380000)
  to   space 2048K, 0% used [0x00000000ebf80000,0x00000000ebf80000,0x00000000ec180000)
 ParOldGen       total 68608K, used 35370K [0x00000000c0000000, 0x00000000c4300000, 0x00000000eab00000)
  object space 68608K, 51% used [0x00000000c0000000,0x00000000c228a870,0x00000000c4300000)
 Metaspace       used 40480K, committed 41088K, reserved 1089536K
  class space    used 4102K, committed 4352K, reserved 1048576K
}

Deoptimization events (20 events):
Event: 12.069 Thread 0x000001bc6c9fe680 DEOPT PACKING pc=0x000001bc5f24ae44 sp=0x0000004fa52f8d00
Event: 12.069 Thread 0x000001bc6c9fe680 DEOPT UNPACKING pc=0x000001bc576d20a3 sp=0x0000004fa52f8d08 mode 2
Event: 12.083 Thread 0x000001bc6c9fe680 DEOPT PACKING pc=0x000001bc580ab21b sp=0x0000004fa52f8ef0
Event: 12.083 Thread 0x000001bc6c9fe680 DEOPT UNPACKING pc=0x000001bc576d2843 sp=0x0000004fa52f83f0 mode 0
Event: 12.088 Thread 0x000001bc6c9fe680 DEOPT PACKING pc=0x000001bc580ab21b sp=0x0000004fa52f8ef0
Event: 12.088 Thread 0x000001bc6c9fe680 DEOPT UNPACKING pc=0x000001bc576d2843 sp=0x0000004fa52f83f0 mode 0
Event: 12.105 Thread 0x000001bc6c9fe680 Uncommon trap: trap_request=0xffffff45 fr.pc=0x000001bc5f345e0c relative=0x0000000000000eac
Event: 12.105 Thread 0x000001bc6c9fe680 Uncommon trap: reason=unstable_if action=reinterpret pc=0x000001bc5f345e0c method=org.objectweb.asm.MethodWriter.putMethodInfo(Lorg/objectweb/asm/ByteVector;)V @ 374 c2
Event: 12.105 Thread 0x000001bc6c9fe680 DEOPT PACKING pc=0x000001bc5f345e0c sp=0x0000004fa52f8f70
Event: 12.105 Thread 0x000001bc6c9fe680 DEOPT UNPACKING pc=0x000001bc576d20a3 sp=0x0000004fa52f8f28 mode 2
Event: 13.445 Thread 0x000001bc6c9fe680 Uncommon trap: trap_request=0xffffff45 fr.pc=0x000001bc5f31ed24 relative=0x0000000000000884
Event: 13.446 Thread 0x000001bc6c9fe680 Uncommon trap: reason=unstable_if action=reinterpret pc=0x000001bc5f31ed24 method=lombok.core.configuration.FileSystemSourceCache.parseIfNeccesary(Llombok/core/configuration/ConfigurationFile;Llombok/core/configuration/ConfigurationParser;)Llombok/core/co
Event: 13.446 Thread 0x000001bc6c9fe680 DEOPT PACKING pc=0x000001bc5f31ed24 sp=0x0000004fa52fdd10
Event: 13.446 Thread 0x000001bc6c9fe680 DEOPT UNPACKING pc=0x000001bc576d20a3 sp=0x0000004fa52fdcb8 mode 2
Event: 13.480 Thread 0x000001bc6c9fe680 DEOPT PACKING pc=0x000001bc583ddc03 sp=0x0000004fa52fe190
Event: 13.480 Thread 0x000001bc6c9fe680 DEOPT UNPACKING pc=0x000001bc576d2843 sp=0x0000004fa52fd6e8 mode 0
Event: 13.542 Thread 0x000001bc6c9fe680 DEOPT PACKING pc=0x000001bc583ddc03 sp=0x0000004fa52fe190
Event: 13.542 Thread 0x000001bc6c9fe680 DEOPT UNPACKING pc=0x000001bc576d2843 sp=0x0000004fa52fd6e8 mode 0
Event: 13.590 Thread 0x000001bc6c9fe680 DEOPT PACKING pc=0x000001bc583ddc03 sp=0x0000004fa52fe190
Event: 13.590 Thread 0x000001bc6c9fe680 DEOPT UNPACKING pc=0x000001bc576d2843 sp=0x0000004fa52fd6e8 mode 0

Classes unloaded (7 events):
Event: 3.837 Thread 0x000001bc6a300c20 Unloading class 0x0000000100210800 'java/lang/invoke/LambdaForm$MH+0x0000000100210800'
Event: 3.837 Thread 0x000001bc6a300c20 Unloading class 0x0000000100210400 'java/lang/invoke/LambdaForm$MH+0x0000000100210400'
Event: 3.837 Thread 0x000001bc6a300c20 Unloading class 0x0000000100210000 'java/lang/invoke/LambdaForm$MH+0x0000000100210000'
Event: 3.837 Thread 0x000001bc6a300c20 Unloading class 0x000000010020fc00 'java/lang/invoke/LambdaForm$MH+0x000000010020fc00'
Event: 3.837 Thread 0x000001bc6a300c20 Unloading class 0x000000010020f400 'java/lang/invoke/LambdaForm$BMH+0x000000010020f400'
Event: 3.837 Thread 0x000001bc6a300c20 Unloading class 0x000000010020f000 'java/lang/invoke/LambdaForm$DMH+0x000000010020f000'
Event: 3.837 Thread 0x000001bc6a300c20 Unloading class 0x000000010020c400 'java/lang/invoke/LambdaForm$DMH+0x000000010020c400'

Classes redefined (0 events):
No events

Internal exceptions (20 events):
Event: 5.692 Thread 0x000001bc6c4a91b0 Exception <a 'java/io/FileNotFoundException'{0x00000000eb0c3388}> (0x00000000eb0c3388) 
thrown [s\src\hotspot\share\prims\jni.cpp, line 516]
Event: 6.093 Thread 0x000001bc6c4a91b0 Exception <a 'java/lang/UnsatisfiedLinkError'{0x00000000eb4205f8}: The specified procedure could not be found.
> (0x00000000eb4205f8) 
thrown [s\src\hotspot\share\prims\jni.cpp, line 535]
Event: 6.104 Thread 0x000001bc6c4a91b0 Exception <a 'java/io/FileNotFoundException'{0x00000000eb443610}> (0x00000000eb443610) 
thrown [s\src\hotspot\share\prims\jni.cpp, line 516]
Event: 6.119 Thread 0x000001bc6c4a91b0 Exception <a 'java/io/FileNotFoundException'{0x00000000eb4b5cb8}> (0x00000000eb4b5cb8) 
thrown [s\src\hotspot\share\prims\jni.cpp, line 516]
Event: 6.138 Thread 0x000001bc6c4a91b0 Exception <a 'java/lang/UnsatisfiedLinkError'{0x00000000eb540b10}: The specified procedure could not be found.
> (0x00000000eb540b10) 
thrown [s\src\hotspot\share\prims\jni.cpp, line 535]
Event: 6.249 Thread 0x000001bc549f2fb0 Exception <a 'java/lang/NoSuchMethodError'{0x00000000eb7db048}: 'void java.lang.invoke.DirectMethodHandle$Holder.invokeStatic(java.lang.Object, java.lang.Object, java.lang.Object, java.lang.Object)'> (0x00000000eb7db048) 
thrown [s\src\hotspot\share\interpreter\linkResolver.cpp, line 759]
Event: 6.522 Thread 0x000001bc549f2fb0 Exception <a 'java/lang/NoSuchMethodError'{0x00000000ebf30e38}: 'void java.lang.invoke.DirectMethodHandle$Holder.invokeSpecial(java.lang.Object, java.lang.Object, java.lang.Object, java.lang.Object, java.lang.Object, java.lang.Object)'> (0x00000000ebf30e38) 
thrown [s\src\hotspot\share\interpreter\linkResolver.cpp, line 759]
Event: 6.524 Thread 0x000001bc549f2fb0 Exception <a 'java/lang/NoSuchMethodError'{0x00000000ebf384f0}: 'java.lang.Object java.lang.invoke.DirectMethodHandle$Holder.newInvokeSpecial(java.lang.Object, java.lang.Object, java.lang.Object, java.lang.Object, java.lang.Object)'> (0x00000000ebf384f0) 
thrown [s\src\hotspot\share\interpreter\linkResolver.cpp, line 759]
Event: 6.662 Thread 0x000001bc6c9fe680 Exception <a 'java/io/FileNotFoundException'{0x00000000eabb5070}> (0x00000000eabb5070) 
thrown [s\src\hotspot\share\prims\jni.cpp, line 516]
Event: 6.733 Thread 0x000001bc6c9fe680 Exception <a 'java/lang/NoSuchMethodError'{0x00000000eafdd1d0}: 'int java.lang.invoke.DirectMethodHandle$Holder.invokeVirtual(java.lang.Object, java.lang.Object)'> (0x00000000eafdd1d0) 
thrown [s\src\hotspot\share\interpreter\linkResolver.cpp, line 759]
Event: 6.943 Thread 0x000001bc6ca01b70 Exception <a 'java/lang/NoSuchMethodError'{0x00000000ebe1c598}: 'java.lang.Object java.lang.invoke.Invokers$Holder.invoke_MT(java.lang.Object, java.lang.Object, java.lang.Object)'> (0x00000000ebe1c598) 
thrown [s\src\hotspot\share\interpreter\linkResolver.cpp, line 759]
Event: 7.187 Thread 0x000001bc6ca01b70 Exception <a 'java/io/FileNotFoundException'{0x00000000ebf61120}> (0x00000000ebf61120) 
thrown [s\src\hotspot\share\prims\jni.cpp, line 516]
Event: 7.188 Thread 0x000001bc6ca01b70 Exception <a 'java/io/FileNotFoundException'{0x00000000ebf62a70}> (0x00000000ebf62a70) 
thrown [s\src\hotspot\share\prims\jni.cpp, line 516]
Event: 7.190 Thread 0x000001bc6ca01b70 Exception <a 'java/lang/NoSuchMethodError'{0x00000000ebf6ec48}: 'void java.lang.invoke.DirectMethodHandle$Holder.invokeStaticInit(java.lang.Object, java.lang.Object, java.lang.Object)'> (0x00000000ebf6ec48) 
thrown [s\src\hotspot\share\interpreter\linkResolver.cpp, line 759]
Event: 7.512 Thread 0x000001bc6ca01b70 Exception <a 'java/lang/NoSuchMethodError'{0x00000000eacd1ec8}: 'java.lang.Object java.lang.invoke.DirectMethodHandle$Holder.newInvokeSpecial(java.lang.Object, java.lang.Object, java.lang.Object, int, java.lang.Object)'> (0x00000000eacd1ec8) 
thrown [s\src\hotspot\share\interpreter\linkResolver.cpp, line 759]
Event: 7.513 Thread 0x000001bc6ca01b70 Exception <a 'java/lang/NoSuchMethodError'{0x00000000eacd6078}: 'java.lang.Object java.lang.invoke.DirectMethodHandle$Holder.invokeSpecial(java.lang.Object, java.lang.Object, java.lang.Object, java.lang.Object, int, java.lang.Object)'> (0x00000000eacd6078) 
thrown [s\src\hotspot\share\interpreter\linkResolver.cpp, line 759]
Event: 9.994 Thread 0x000001bc6c9fe680 Exception <a 'java/lang/NoSuchMethodError'{0x00000000eab02a40}: 'java.lang.Object java.lang.invoke.DirectMethodHandle$Holder.invokeInterface(java.lang.Object, java.lang.Object, java.lang.Object)'> (0x00000000eab02a40) 
thrown [s\src\hotspot\share\interpreter\linkResolver.cpp, line 759]
Event: 10.076 Thread 0x000001bc6c9fe680 Implicit null exception at 0x000001bc5f240d48 to 0x000001bc5f240e08
Event: 11.106 Thread 0x000001bc6c9fe680 Implicit null exception at 0x000001bc5f272dc7 to 0x000001bc5f273a5c
Event: 11.965 Thread 0x000001bc6c9fe680 Implicit null exception at 0x000001bc5f32ebf5 to 0x000001bc5f32ef2c

VM Operations (20 events):
Event: 9.992 Executing VM operation: CollectForMetadataAllocation done
Event: 10.117 Executing VM operation: HandshakeAllThreads
Event: 10.117 Executing VM operation: HandshakeAllThreads done
Event: 10.212 Executing VM operation: HandshakeAllThreads
Event: 10.212 Executing VM operation: HandshakeAllThreads done
Event: 10.596 Executing VM operation: ParallelGCFailedAllocation
Event: 10.599 Executing VM operation: ParallelGCFailedAllocation done
Event: 11.355 Executing VM operation: ParallelGCFailedAllocation
Event: 11.356 Executing VM operation: ParallelGCFailedAllocation done
Event: 11.542 Executing VM operation: HandshakeAllThreads
Event: 11.542 Executing VM operation: HandshakeAllThreads done
Event: 11.805 Executing VM operation: ParallelGCFailedAllocation
Event: 11.806 Executing VM operation: ParallelGCFailedAllocation done
Event: 12.064 Executing VM operation: ParallelGCFailedAllocation
Event: 12.066 Executing VM operation: ParallelGCFailedAllocation done
Event: 12.129 Executing VM operation: ParallelGCFailedAllocation
Event: 13.175 Executing VM operation: ParallelGCFailedAllocation done
Event: 13.420 Executing VM operation: HandshakeAllThreads
Event: 13.420 Executing VM operation: HandshakeAllThreads done
Event: 14.425 Executing VM operation: Cleanup

Events (20 events):
Event: 10.021 loading class sun/nio/cs/ThreadLocalCoders$2
Event: 10.021 loading class sun/nio/cs/ThreadLocalCoders$2 done
Event: 10.054 loading class java/lang/ExceptionInInitializerError
Event: 10.054 loading class java/lang/ExceptionInInitializerError done
Event: 10.721 loading class java/util/Vector$1
Event: 10.721 loading class java/util/Vector$1 done
Event: 11.107 loading class java/util/Collections$UnmodifiableSortedSet
Event: 11.107 loading class java/util/Collections$UnmodifiableSortedSet done
Event: 11.174 loading class java/util/regex/Pattern$Caret
Event: 11.174 loading class java/util/regex/Pattern$Caret done
Event: 11.434 loading class java/util/regex/Pattern$LazyLoop
Event: 11.434 loading class java/util/regex/Pattern$LazyLoop done
Event: 11.434 loading class java/util/regex/Pattern$Pos
Event: 11.434 loading class java/util/regex/Pattern$Pos done
Event: 11.563 loading class java/util/Hashtable$ValueCollection
Event: 11.563 loading class java/util/Hashtable$ValueCollection done
Event: 11.569 loading class java/util/WeakHashMap$KeyIterator
Event: 11.569 loading class java/util/WeakHashMap$KeyIterator done
Event: 12.058 Thread 0x000001bc6e6f72a0 Thread added: 0x000001bc6e6f72a0
Event: 13.175 Thread 0x000001bc6a5841d0 Thread added: 0x000001bc6a5841d0


Dynamic libraries:
0x00007ff78d2f0000 - 0x00007ff78d2fe000 	c:\Users\SOHAIL AHMAD\.antigravity\extensions\redhat.java-1.12.0-win32-x64\jre\17.0.4.1-win32-x86_64\bin\java.exe
0x00007ffca1740000 - 0x00007ffca19a7000 	C:\WINDOWS\SYSTEM32\ntdll.dll
0x00007ffca03a0000 - 0x00007ffca0469000 	C:\WINDOWS\System32\KERNEL32.DLL
0x00007ffc9edf0000 - 0x00007ffc9f1e1000 	C:\WINDOWS\System32\KERNELBASE.dll
0x00007ffc9e890000 - 0x00007ffc9e9db000 	C:\WINDOWS\System32\ucrtbase.dll
0x00007ffc8abf0000 - 0x00007ffc8ac08000 	c:\Users\SOHAIL AHMAD\.antigravity\extensions\redhat.java-1.12.0-win32-x64\jre\17.0.4.1-win32-x86_64\bin\jli.dll
0x00007ffc8ab30000 - 0x00007ffc8ab49000 	c:\Users\SOHAIL AHMAD\.antigravity\extensions\redhat.java-1.12.0-win32-x64\jre\17.0.4.1-win32-x86_64\bin\VCRUNTIME140.dll
0x00007ffca0eb0000 - 0x00007ffca1075000 	C:\WINDOWS\System32\USER32.dll
0x00007ffc81a70000 - 0x00007ffc81d03000 	C:\WINDOWS\WinSxS\amd64_microsoft.windows.common-controls_6595b64144ccf1df_6.0.26100.8037_none_3e092faae333b53b\COMCTL32.dll
0x00007ffc9f400000 - 0x00007ffc9f427000 	C:\WINDOWS\System32\win32u.dll
0x00007ffca1170000 - 0x00007ffca1219000 	C:\WINDOWS\System32\msvcrt.dll
0x00007ffca0300000 - 0x00007ffca032b000 	C:\WINDOWS\System32\GDI32.dll
0x00007ffc9e9e0000 - 0x00007ffc9eb0b000 	C:\WINDOWS\System32\gdi32full.dll
0x00007ffc9f430000 - 0x00007ffc9f4d3000 	C:\WINDOWS\System32\msvcp_win.dll
0x00007ffca1090000 - 0x00007ffca10c1000 	C:\WINDOWS\System32\IMM32.DLL
0x00007ffc94020000 - 0x00007ffc9402c000 	c:\Users\SOHAIL AHMAD\.antigravity\extensions\redhat.java-1.12.0-win32-x64\jre\17.0.4.1-win32-x86_64\bin\vcruntime140_1.dll
0x00007ffc6d960000 - 0x00007ffc6d9f1000 	c:\Users\SOHAIL AHMAD\.antigravity\extensions\redhat.java-1.12.0-win32-x64\jre\17.0.4.1-win32-x86_64\bin\msvcp140.dll
0x00007ffbd6a30000 - 0x00007ffbd7676000 	c:\Users\SOHAIL AHMAD\.antigravity\extensions\redhat.java-1.12.0-win32-x64\jre\17.0.4.1-win32-x86_64\bin\server\jvm.dll
0x00007ffca1220000 - 0x00007ffca12db000 	C:\WINDOWS\System32\ADVAPI32.dll
0x00007ffca12f0000 - 0x00007ffca1397000 	C:\WINDOWS\System32\sechost.dll
0x00007ffca01e0000 - 0x00007ffca02f8000 	C:\WINDOWS\System32\RPCRT4.dll
0x00007ffca10d0000 - 0x00007ffca10d8000 	C:\WINDOWS\System32\PSAPI.DLL
0x00007ffc94330000 - 0x00007ffc9433a000 	C:\WINDOWS\SYSTEM32\WSOCK32.dll
0x00007ffca1540000 - 0x00007ffca15b4000 	C:\WINDOWS\System32\WS2_32.dll
0x00007ffc94550000 - 0x00007ffc94585000 	C:\WINDOWS\SYSTEM32\WINMM.dll
0x00007ffc93ce0000 - 0x00007ffc93ceb000 	C:\WINDOWS\SYSTEM32\VERSION.dll
0x00007ffc9cdb0000 - 0x00007ffc9cdcb000 	C:\WINDOWS\SYSTEM32\kernel.appcore.dll
0x00007ffc932e0000 - 0x00007ffc932ea000 	c:\Users\SOHAIL AHMAD\.antigravity\extensions\redhat.java-1.12.0-win32-x64\jre\17.0.4.1-win32-x86_64\bin\jimage.dll
0x00007ffc87330000 - 0x00007ffc87572000 	C:\WINDOWS\SYSTEM32\DBGHELP.DLL
0x00007ffc9fd50000 - 0x00007ffca00d2000 	C:\WINDOWS\System32\combase.dll
0x00007ffca0660000 - 0x00007ffca0737000 	C:\WINDOWS\System32\OLEAUT32.dll
0x00007ffc7e1c0000 - 0x00007ffc7e1fb000 	C:\WINDOWS\SYSTEM32\dbgcore.DLL
0x00007ffc9ed40000 - 0x00007ffc9ede5000 	C:\WINDOWS\System32\bcryptPrimitives.dll
0x00007ffc8e100000 - 0x00007ffc8e10e000 	c:\Users\SOHAIL AHMAD\.antigravity\extensions\redhat.java-1.12.0-win32-x64\jre\17.0.4.1-win32-x86_64\bin\instrument.dll
0x00007ffc8a320000 - 0x00007ffc8a345000 	c:\Users\SOHAIL AHMAD\.antigravity\extensions\redhat.java-1.12.0-win32-x64\jre\17.0.4.1-win32-x86_64\bin\java.dll
0x00007ffc8a300000 - 0x00007ffc8a318000 	c:\Users\SOHAIL AHMAD\.antigravity\extensions\redhat.java-1.12.0-win32-x64\jre\17.0.4.1-win32-x86_64\bin\zip.dll
0x00007ffca0740000 - 0x00007ffca0e9f000 	C:\WINDOWS\System32\SHELL32.dll
0x00007ffc9eb10000 - 0x00007ffc9ec7a000 	C:\WINDOWS\System32\wintypes.dll
0x00007ffc9e020000 - 0x00007ffc9e884000 	C:\WINDOWS\System32\windows.storage.dll
0x00007ffca00e0000 - 0x00007ffca01d7000 	C:\WINDOWS\System32\SHCORE.dll
0x00007ffca0330000 - 0x00007ffca0397000 	C:\WINDOWS\System32\shlwapi.dll
0x00007ffc9df40000 - 0x00007ffc9df69000 	C:\WINDOWS\SYSTEM32\profapi.dll
0x00007ffc89270000 - 0x00007ffc89289000 	C:\Users\SOHAIL AHMAD\.antigravity\extensions\redhat.java-1.12.0-win32-x64\jre\17.0.4.1-win32-x86_64\bin\net.dll
0x00007ffc94420000 - 0x00007ffc94547000 	C:\WINDOWS\SYSTEM32\WINHTTP.dll
0x00007ffc9d320000 - 0x00007ffc9d38b000 	C:\WINDOWS\system32\mswsock.dll
0x00007ffc89030000 - 0x00007ffc89045000 	C:\Users\SOHAIL AHMAD\.antigravity\extensions\redhat.java-1.12.0-win32-x64\jre\17.0.4.1-win32-x86_64\bin\nio.dll
0x00007ffc8de50000 - 0x00007ffc8de60000 	c:\Users\SOHAIL AHMAD\.antigravity\extensions\redhat.java-1.12.0-win32-x64\jre\17.0.4.1-win32-x86_64\bin\verify.dll
0x00007ffc88a70000 - 0x00007ffc88aae000 	C:\Users\SOHAIL AHMAD\AppData\Roaming\Antigravity\User\globalStorage\redhat.java\1.12.0\config_ss_win\org.eclipse.equinox.launcher\org.eclipse.equinox.launcher.win32.win32.x86_64_1.2.600.v20220720-1916\eclipse_11700.dll
0x00007ffca13a0000 - 0x00007ffca1535000 	C:\WINDOWS\System32\ole32.dll
0x00007ffc9d600000 - 0x00007ffc9d61b000 	C:\WINDOWS\SYSTEM32\CRYPTSP.dll
0x00007ffc9cd10000 - 0x00007ffc9cd49000 	C:\WINDOWS\system32\rsaenh.dll
0x00007ffc9d3d0000 - 0x00007ffc9d402000 	C:\WINDOWS\SYSTEM32\USERENV.dll
0x00007ffc9df10000 - 0x00007ffc9df3a000 	C:\WINDOWS\SYSTEM32\bcrypt.dll
0x00007ffc9d620000 - 0x00007ffc9d62c000 	C:\WINDOWS\SYSTEM32\CRYPTBASE.dll
0x00007ffc9c730000 - 0x00007ffc9c763000 	C:\WINDOWS\SYSTEM32\IPHLPAPI.DLL
0x00007ffc9faf0000 - 0x00007ffc9fafa000 	C:\WINDOWS\System32\NSI.dll
0x00007ffc98b60000 - 0x00007ffc98b7d000 	C:\WINDOWS\SYSTEM32\dhcpcsvc6.DLL
0x00007ffc98b30000 - 0x00007ffc98b53000 	C:\WINDOWS\SYSTEM32\dhcpcsvc.DLL
0x00007ffc9c770000 - 0x00007ffc9c89a000 	C:\WINDOWS\SYSTEM32\DNSAPI.dll
0x00007ffc74590000 - 0x00007ffc745d0000 	C:\Users\SOHAIL AHMAD\AppData\Local\Temp\jna-1494489537\jna8964884884506517206.dll

dbghelp: loaded successfully - version: 4.0.5 - missing functions: none
symbol engine: initialized successfully - sym options: 0x614 - pdb path: .;c:\Users\SOHAIL AHMAD\.antigravity\extensions\redhat.java-1.12.0-win32-x64\jre\17.0.4.1-win32-x86_64\bin;C:\WINDOWS\SYSTEM32;C:\WINDOWS\WinSxS\amd64_microsoft.windows.common-controls_6595b64144ccf1df_6.0.26100.8037_none_3e092faae333b53b;c:\Users\SOHAIL AHMAD\.antigravity\extensions\redhat.java-1.12.0-win32-x64\jre\17.0.4.1-win32-x86_64\bin\server;C:\Users\SOHAIL AHMAD\AppData\Roaming\Antigravity\User\globalStorage\redhat.java\1.12.0\config_ss_win\org.eclipse.equinox.launcher\org.eclipse.equinox.launcher.win32.win32.x86_64_1.2.600.v20220720-1916;C:\Users\SOHAIL AHMAD\AppData\Local\Temp\jna-1494489537

VM Arguments:
jvm_args: --add-modules=ALL-SYSTEM --add-opens=java.base/java.util=ALL-UNNAMED --add-opens=java.base/java.lang=ALL-UNNAMED --add-opens=java.base/sun.nio.fs=ALL-UNNAMED -Declipse.application=org.eclipse.jdt.ls.core.id1 -Dosgi.bundles.defaultStartLevel=4 -Declipse.product=org.eclipse.jdt.ls.core.product -Djava.import.generatesMetadataFilesAtProjectRoot=false -Dfile.encoding=utf8 -XX:+UseParallelGC -XX:GCTimeRatio=4 -XX:AdaptiveSizePolicyWeight=90 -Dsun.zip.disableMemoryMapping=true -Xmx1G -Xms100m -Xlog:disable -javaagent:c:\Users\SOHAIL AHMAD\.antigravity\extensions\redhat.java-1.12.0-win32-x64\lombok\lombok-1.18.24.jar 
java_command: c:\Users\SOHAIL AHMAD\.antigravity\extensions\redhat.java-1.12.0-win32-x64\server\plugins\org.eclipse.equinox.launcher_1.6.400.v20210924-0641.jar -configuration c:\Users\SOHAIL AHMAD\AppData\Roaming\Antigravity\User\globalStorage\redhat.java\1.12.0\config_ss_win -data c:\Users\SOHAIL AHMAD\AppData\Roaming\Antigravity\User\workspaceStorage\e93f37d5df380cb2e825645f6b524362\redhat.java\ss_ws
java_class_path (initial): c:\Users\SOHAIL AHMAD\.antigravity\extensions\redhat.java-1.12.0-win32-x64\server\plugins\org.eclipse.equinox.launcher_1.6.400.v20210924-0641.jar
Launcher Type: SUN_STANDARD

[Global flags]
    uintx AdaptiveSizePolicyWeight                 = 90                                        {product} {command line}
     intx CICompilerCount                          = 4                                         {product} {ergonomic}
    uintx GCTimeRatio                              = 4                                         {product} {command line}
   size_t InitialHeapSize                          = 104857600                                 {product} {command line}
   size_t MaxHeapSize                              = 1073741824                                {product} {command line}
   size_t MaxNewSize                               = 357564416                                 {product} {ergonomic}
   size_t MinHeapDeltaBytes                        = 524288                                    {product} {ergonomic}
   size_t MinHeapSize                              = 104857600                                 {product} {command line}
   size_t NewSize                                  = 34603008                                  {product} {ergonomic}
    uintx NonNMethodCodeHeapSize                   = 5839372                                {pd product} {ergonomic}
    uintx NonProfiledCodeHeapSize                  = 122909434                              {pd product} {ergonomic}
   size_t OldSize                                  = 70254592                                  {product} {ergonomic}
    uintx ProfiledCodeHeapSize                     = 122909434                              {pd product} {ergonomic}
    uintx ReservedCodeCacheSize                    = 251658240                              {pd product} {ergonomic}
     bool SegmentedCodeCache                       = true                                      {product} {ergonomic}
   size_t SoftMaxHeapSize                          = 1073741824                             {manageable} {ergonomic}
     bool UseCompressedClassPointers               = true                           {product lp64_product} {ergonomic}
     bool UseCompressedOops                        = true                           {product lp64_product} {ergonomic}
     bool UseLargePagesIndividualAllocation        = false                                  {pd product} {ergonomic}
     bool UseParallelGC                            = true                                      {product} {command line}

Logging:
Log output configuration:
 #0: stdout all=off uptime,level,tags
 #1: stderr all=off uptime,level,tags

Environment Variables:
PATH=C:\Program Files\Common Files\Oracle\Java\javapath;C:\Python313\Scripts\;C:\Python313\;C:\Program Files\Python312\Scripts\;C:\Program Files\Python312\;C:\WINDOWS\system32;C:\WINDOWS;C:\WINDOWS\System32\Wbem;C:\WINDOWS\System32\WindowsPowerShell\v1.0\;C:\WINDOWS\System32\OpenSSH\;C:\Program Files\Git\cmd;C:\mingw64\bin;C:\php8.3;C:\ProgramData\ComposerSetup\bin;C:\ProgramData\chocolatey\bin;C:\nvm;C:\nvm4w\nodejs;C:\Program Files\cursor\resources\app\bin;C:\Users\SOHAIL AHMAD\AppData\Local\Microsoft\WindowsApps;C:\Users\SOHAIL AHMAD\AppData\Local\Programs\Microsoft VS Code\bin;C:\php8.3;C:\mingw64\bin;C:\Users\SOHAIL AHMAD\AppData\Roaming\Composer\vendor\bin;C:\Users\SOHAIL AHMAD\AppData\Roaming\npm;C:\nvm;C:\nvm4w\nodejs;C:\Program Files\MongoDB\Server\8.2\bin;C:\Program Files\MongoDB\mongosh-2.5.8-win32-x64\bin;C:\Users\SOHAIL AHMAD\AppData\Local\Programs\Antigravity\bin
USERNAME=SOHAIL AHMAD
OS=Windows_NT
PROCESSOR_IDENTIFIER=AMD64 Family 23 Model 160 Stepping 0, AuthenticAMD
TMP=C:\Users\SOHAIL~1\AppData\Local\Temp
TEMP=C:\Users\SOHAIL~1\AppData\Local\Temp



---------------  S Y S T E M  ---------------

OS:
 Windows 11 , 64 bit Build 26100 (10.0.26100.7920)
OS uptime: 0 days 20:43 hours
Hyper-V role detected

CPU: total 8 (initial active 8) (8 cores per cpu, 2 threads per core) family 23 model 160 stepping 0 microcode 0x8a00006, cx8, cmov, fxsr, ht, mmx, 3dnowpref, sse, sse2, sse3, ssse3, sse4a, sse4.1, sse4.2, popcnt, lzcnt, tsc, tscinvbit, avx, avx2, aes, clmul, bmi1, bmi2, adx, sha, fma, vzeroupper, clflush, clflushopt, hv

Memory: 4k page, system-wide physical 5965M (509M free)
TotalPageFile size 24397M (AvailPageFile size 18M)
current process WorkingSet (physical memory assigned to process): 211M, peak: 217M
current process commit charge ("private bytes"): 289M, peak: 292M

vm_info: OpenJDK 64-Bit Server VM (17.0.4.1+1) for windows-amd64 JRE (17.0.4.1+1), built on Aug 17 2022 07:42:43 by "temurin" with MS VC++ 16.7 (VS2019)

END.
