#
# There is insufficient memory for the Java Runtime Environment to continue.
# Native memory allocation (malloc) failed to allocate 2541984 bytes for Chunk::new
# Possible reasons:
#   The system is out of physical RAM or swap space
#   The process is running with CompressedOops enabled, and the Java Heap may be blocking the growth of the native heap
# Possible solutions:
#   Reduce memory load on the system
#   Increase physical memory or swap space
#   Check if swap backing store is full
#   Decrease Java heap size (-Xmx/-Xms)
#   Decrease number of Java threads
#   Decrease Java thread stack sizes (-Xss)
#   Set larger code cache with -XX:ReservedCodeCacheSize=
#   JVM is running with Unscaled Compressed Oops mode in which the Java heap is
#     placed in the first 4GB address space. The Java Heap base address is the
#     maximum limit for the native heap growth. Please use -XX:HeapBaseMinAddress
#     to set the Java Heap base and to place the Java Heap above 4GB virtual address.
# This output file may be truncated or incomplete.
#
#  Out of Memory Error (arena.cpp:189), pid=200, tid=21156
#
# JRE version: OpenJDK Runtime Environment Temurin-17.0.4.1+1 (17.0.4.1+1) (build 17.0.4.1+1)
# Java VM: OpenJDK 64-Bit Server VM Temurin-17.0.4.1+1 (17.0.4.1+1, mixed mode, tiered, compressed oops, compressed class ptrs, parallel gc, windows-amd64)
# No core dump will be written. Minidumps are not enabled by default on client versions of Windows
#

---------------  S U M M A R Y ------------

Command Line: --add-modules=ALL-SYSTEM --add-opens=java.base/java.util=ALL-UNNAMED --add-opens=java.base/java.lang=ALL-UNNAMED --add-opens=java.base/sun.nio.fs=ALL-UNNAMED -Declipse.application=org.eclipse.jdt.ls.core.id1 -Dosgi.bundles.defaultStartLevel=4 -Declipse.product=org.eclipse.jdt.ls.core.product -Djava.import.generatesMetadataFilesAtProjectRoot=false -Dfile.encoding=utf8 -XX:+UseParallelGC -XX:GCTimeRatio=4 -XX:AdaptiveSizePolicyWeight=90 -Dsun.zip.disableMemoryMapping=true -Xmx1G -Xms100m -Xlog:disable -javaagent:c:\Users\SOHAIL AHMAD\.antigravity\extensions\redhat.java-1.12.0-win32-x64\lombok\lombok-1.18.24.jar -XX:+HeapDumpOnOutOfMemoryError -XX:HeapDumpPath=c:\Users\SOHAIL AHMAD\AppData\Roaming\Antigravity\User\workspaceStorage\e93f37d5df380cb2e825645f6b524362\redhat.java c:\Users\SOHAIL AHMAD\.antigravity\extensions\redhat.java-1.12.0-win32-x64\server\plugins\org.eclipse.equinox.launcher_1.6.400.v20210924-0641.jar -configuration c:\Users\SOHAIL AHMAD\AppData\Roaming\Antigravity\User\globalStorage\redhat.java\1.12.0\config_win -data c:\Users\SOHAIL AHMAD\AppData\Roaming\Antigravity\User\workspaceStorage\e93f37d5df380cb2e825645f6b524362\redhat.java\jdt_ws

Host: AMD Ryzen 3 7320U with Radeon Graphics         , 8 cores, 5G,  Windows 11 , 64 bit Build 26100 (10.0.26100.7920)
Time: Thu Mar 19 19:22:08 2026 India Standard Time elapsed time: 11.834037 seconds (0d 0h 0m 11s)

---------------  T H R E A D  ---------------

Current thread (0x00000214f2689930):  JavaThread "C2 CompilerThread0" daemon [_thread_in_native, id=21156, stack(0x000000ca53200000,0x000000ca53300000)]


Current CompileTask:
C2:  11834 2896       4       org.objectweb.asm.ClassReader::readMethod (1066 bytes)

Stack: [0x000000ca53200000,0x000000ca53300000]
Native frames: (J=compiled Java code, j=interpreted, Vv=VM code, C=native code)
V  [jvm.dll+0x67731a]
V  [jvm.dll+0x832284]
V  [jvm.dll+0x833a2e]
V  [jvm.dll+0x834093]
V  [jvm.dll+0x245775]
V  [jvm.dll+0xabd7b]
V  [jvm.dll+0xac30c]
V  [jvm.dll+0x363a97]
V  [jvm.dll+0x1bbf38]
V  [jvm.dll+0x2187d9]
V  [jvm.dll+0x217aa1]
V  [jvm.dll+0x1a3f8d]
V  [jvm.dll+0x227498]
V  [jvm.dll+0x2255e5]
V  [jvm.dll+0x7e7e9b]
V  [jvm.dll+0x7e240a]
V  [jvm.dll+0x6761a5]
C  [ucrtbase.dll+0x37b0]
C  [KERNEL32.DLL+0x2e8d7]
C  [ntdll.dll+0x8c48c]


---------------  P R O C E S S  ---------------

Threads class SMR info:
_java_thread_list=0x00000214f4cc46f0, length=23, elements={
0x00000214dafc6050, 0x00000214f0ba4850, 0x00000214f0ba6840, 0x00000214f2681270,
0x00000214f2681b30, 0x00000214f26867a0, 0x00000214f2689070, 0x00000214f2689930,
0x00000214f26ef3a0, 0x00000214f0baea90, 0x00000214f2767fa0, 0x00000214f368d200,
0x00000214f3dc70c0, 0x00000214f4965a70, 0x00000214f4966920, 0x00000214f3da5660,
0x00000214f4aa29b0, 0x00000214f3b46010, 0x00000214f3c15dc0, 0x00000214f3c16290,
0x00000214f3c15420, 0x00000214f3c158f0, 0x00000214f4df3ae0
}

Java Threads: ( => current thread )
  0x00000214dafc6050 JavaThread "main" [_thread_blocked, id=11736, stack(0x000000ca52800000,0x000000ca52900000)]
  0x00000214f0ba4850 JavaThread "Reference Handler" daemon [_thread_blocked, id=9400, stack(0x000000ca52c00000,0x000000ca52d00000)]
  0x00000214f0ba6840 JavaThread "Finalizer" daemon [_thread_blocked, id=11836, stack(0x000000ca52d00000,0x000000ca52e00000)]
  0x00000214f2681270 JavaThread "Signal Dispatcher" daemon [_thread_blocked, id=15308, stack(0x000000ca52e00000,0x000000ca52f00000)]
  0x00000214f2681b30 JavaThread "Attach Listener" daemon [_thread_blocked, id=18012, stack(0x000000ca52f00000,0x000000ca53000000)]
  0x00000214f26867a0 JavaThread "Service Thread" daemon [_thread_blocked, id=15176, stack(0x000000ca53000000,0x000000ca53100000)]
  0x00000214f2689070 JavaThread "Monitor Deflation Thread" daemon [_thread_blocked, id=22356, stack(0x000000ca53100000,0x000000ca53200000)]
=>0x00000214f2689930 JavaThread "C2 CompilerThread0" daemon [_thread_in_native, id=21156, stack(0x000000ca53200000,0x000000ca53300000)]
  0x00000214f26ef3a0 JavaThread "C1 CompilerThread0" daemon [_thread_blocked, id=2404, stack(0x000000ca53300000,0x000000ca53400000)]
  0x00000214f0baea90 JavaThread "Sweeper thread" daemon [_thread_blocked, id=23216, stack(0x000000ca53400000,0x000000ca53500000)]
  0x00000214f2767fa0 JavaThread "Common-Cleaner" daemon [_thread_blocked, id=10676, stack(0x000000ca53500000,0x000000ca53600000)]
  0x00000214f368d200 JavaThread "Notification Thread" daemon [_thread_blocked, id=19304, stack(0x000000ca53700000,0x000000ca53800000)]
  0x00000214f3dc70c0 JavaThread "Active Thread: Equinox Container: f998bcb5-a974-4919-ad1f-daa77f678cc1" [_thread_blocked, id=912, stack(0x000000ca53e00000,0x000000ca53f00000)]
  0x00000214f4965a70 JavaThread "Framework Event Dispatcher: Equinox Container: f998bcb5-a974-4919-ad1f-daa77f678cc1" daemon [_thread_blocked, id=12156, stack(0x000000ca53f00000,0x000000ca54000000)]
  0x00000214f4966920 JavaThread "Start Level: Equinox Container: f998bcb5-a974-4919-ad1f-daa77f678cc1" daemon [_thread_in_Java, id=3300, stack(0x000000ca54000000,0x000000ca54100000)]
  0x00000214f3da5660 JavaThread "SCR Component Actor" daemon [_thread_blocked, id=23352, stack(0x000000ca53600000,0x000000ca53700000)]
  0x00000214f4aa29b0 JavaThread "SCR Component Registry" daemon [_thread_blocked, id=22876, stack(0x000000ca54300000,0x000000ca54400000)]
  0x00000214f3b46010 JavaThread "Worker-JM" [_thread_blocked, id=22416, stack(0x000000ca54400000,0x000000ca54500000)]
  0x00000214f3c15dc0 JavaThread "Worker-0" [_thread_blocked, id=1704, stack(0x000000ca54500000,0x000000ca54600000)]
  0x00000214f3c16290 JavaThread "Worker-1: Repository registry initialization" [_thread_in_vm, id=20044, stack(0x000000ca54600000,0x000000ca54700000)]
  0x00000214f3c15420 JavaThread "Worker-2" [_thread_blocked, id=24000, stack(0x000000ca54700000,0x000000ca54800000)]
  0x00000214f3c158f0 JavaThread "Java indexing" daemon [_thread_blocked, id=17028, stack(0x000000ca54800000,0x000000ca54900000)]
  0x00000214f4df3ae0 JavaThread "C2 CompilerThread1" daemon [_thread_in_native, id=21276, stack(0x000000ca54900000,0x000000ca54a00000)]

Other Threads:
  0x00000214f2650c20 VMThread "VM Thread" [stack: 0x000000ca52b00000,0x000000ca52c00000] [id=23048]
  0x00000214f29bba60 WatcherThread [stack: 0x000000ca53800000,0x000000ca53900000] [id=21552]
  0x00000214dafdaf40 GCTaskThread "GC Thread#0" [stack: 0x000000ca52a00000,0x000000ca52b00000] [id=5860]
  0x00000214f4800080 GCTaskThread "GC Thread#1" [stack: 0x000000ca53900000,0x000000ca53a00000] [id=11508]
  0x00000214f4800330 GCTaskThread "GC Thread#2" [stack: 0x000000ca53a00000,0x000000ca53b00000] [id=17416]
  0x00000214f48005e0 GCTaskThread "GC Thread#3" [stack: 0x000000ca53b00000,0x000000ca53c00000] [id=19636]
  0x00000214f4800ca0 GCTaskThread "GC Thread#4" [stack: 0x000000ca53c00000,0x000000ca53d00000] [id=22580]
  0x00000214f3a386f0 GCTaskThread "GC Thread#5" [stack: 0x000000ca53d00000,0x000000ca53e00000] [id=23000]
  0x00000214f4a80f10 GCTaskThread "GC Thread#6" [stack: 0x000000ca54100000,0x000000ca54200000] [id=16300]
  0x00000214f4aaf7d0 GCTaskThread "GC Thread#7" [stack: 0x000000ca54200000,0x000000ca54300000] [id=14040]

Threads with active compile tasks:
C2 CompilerThread0    11868 2896       4       org.objectweb.asm.ClassReader::readMethod (1066 bytes)
C2 CompilerThread1    11868 3209       4       org.eclipse.osgi.storage.bundlefile.ZipBundleFile::getZipEntry (87 bytes)

VM state: not at safepoint (normal execution)

VM Mutex/Monitor currently owned by a thread: None

Heap address: 0x00000000c0000000, size: 1024 MB, Compressed Oops mode: 32-bit

CDS archive(s) not mapped
Compressed class space mapped at: 0x0000000100000000-0x0000000140000000, reserved size: 1073741824
Narrow klass base: 0x0000000000000000, Narrow klass shift: 3, Narrow klass range: 0x140000000

GC Precious Log:
 CPUs: 8 total, 8 available
 Memory: 5965M
 Large Page Support: Disabled
 NUMA Support: Disabled
 Compressed Oops: Enabled (32-bit)
 Alignments: Space 512K, Generation 512K, Heap 2M
 Heap Min Capacity: 100M
 Heap Initial Capacity: 100M
 Heap Max Capacity: 1G
 Pre-touch: Disabled
 Parallel Workers: 8

Heap:
 PSYoungGen      total 27648K, used 18317K [0x00000000eab00000, 0x00000000ec980000, 0x0000000100000000)
  eden space 24064K, 61% used [0x00000000eab00000,0x00000000eb9874e8,0x00000000ec280000)
  from space 3584K, 96% used [0x00000000ec300000,0x00000000ec65c290,0x00000000ec680000)
  to   space 3072K, 0% used [0x00000000ec680000,0x00000000ec680000,0x00000000ec980000)
 ParOldGen       total 68608K, used 8062K [0x00000000c0000000, 0x00000000c4300000, 0x00000000eab00000)
  object space 68608K, 11% used [0x00000000c0000000,0x00000000c07dfad0,0x00000000c4300000)
 Metaspace       used 33292K, committed 34048K, reserved 1081344K
  class space    used 3367K, committed 3712K, reserved 1048576K

Card table byte_map: [0x00000214ee420000,0x00000214ee630000] _byte_map_base: 0x00000214ede20000

Marking Bits: (ParMarkBitMap*) 0x00007ffbc84b2cc0
 Begin Bits: [0x00000214ee790000, 0x00000214ef790000)
 End Bits:   [0x00000214ef790000, 0x00000214f0790000)

Polling page: 0x00000214db090000

Metaspace:

Usage:
  Non-class:     29.22 MB used.
      Class:      3.29 MB used.
       Both:     32.51 MB used.

Virtual space:
  Non-class space:       32.00 MB reserved,      29.62 MB ( 93%) committed,  4 nodes.
      Class space:        1.00 GB reserved,       3.62 MB ( <1%) committed,  1 nodes.
             Both:        1.03 GB reserved,      33.25 MB (  3%) committed. 

Chunk freelists:
   Non-Class:  1.92 MB
       Class:  416.00 KB
        Both:  2.33 MB

MaxMetaspaceSize: unlimited
CompressedClassSpaceSize: 1.00 GB
Initial GC threshold: 21.00 MB
Current GC threshold: 35.00 MB
CDS: off
MetaspaceReclaimPolicy: balanced
 - commit_granule_bytes: 65536.
 - commit_granule_words: 8192.
 - virtual_space_node_default_size: 1048576.
 - enlarge_chunks_in_place: 1.
 - new_chunks_are_fully_committed: 0.
 - uncommit_free_chunks: 1.
 - use_allocation_guard: 0.
 - handle_deallocations: 1.


Internal statistics:

num_allocs_failed_limit: 3.
num_arena_births: 478.
num_arena_deaths: 14.
num_vsnodes_births: 5.
num_vsnodes_deaths: 0.
num_space_committed: 532.
num_space_uncommitted: 0.
num_chunks_returned_to_freelist: 17.
num_chunks_taken_from_freelist: 1516.
num_chunk_merges: 7.
num_chunk_splits: 974.
num_chunks_enlarged: 595.
num_purges: 2.
num_inconsistent_stats: 0.

CodeHeap 'non-profiled nmethods': size=120000Kb used=1212Kb max_used=1212Kb free=118787Kb
 bounds [0x00000214e6d10000, 0x00000214e6f80000, 0x00000214ee240000]
CodeHeap 'profiled nmethods': size=120000Kb used=6348Kb max_used=6348Kb free=113651Kb
 bounds [0x00000214df7e0000, 0x00000214dfe20000, 0x00000214e6d10000]
CodeHeap 'non-nmethods': size=5760Kb used=1249Kb max_used=1269Kb free=4510Kb
 bounds [0x00000214df240000, 0x00000214df4b0000, 0x00000214df7e0000]
 total_blobs=3765 nmethods=3199 adapters=480
 compilation: enabled
              stopped_count=0, restarted_count=0
 full_count=0

Compilation events (20 events):
Event: 10.777 Thread 0x00000214f26ef3a0 3205       2       com.sun.org.apache.xerces.internal.dom.DeferredDocumentImpl::getLastChild (7 bytes)
Event: 10.777 Thread 0x00000214f26ef3a0 nmethod 3205 0x00000214dfe0cb10 code [0x00000214dfe0cca0, 0x00000214dfe0cdc8]
Event: 10.781 Thread 0x00000214f4df3ae0 nmethod 3177 0x00000214e6e37090 code [0x00000214e6e372a0, 0x00000214e6e37b60]
Event: 10.781 Thread 0x00000214f4df3ae0 3166       4       java.util.TreeMap::fixAfterInsertion (267 bytes)
Event: 10.792 Thread 0x00000214f4df3ae0 nmethod 3166 0x00000214e6e38210 code [0x00000214e6e383a0, 0x00000214e6e388b8]
Event: 10.792 Thread 0x00000214f4df3ae0 3125       4       java.lang.StringLatin1::compareToCI (108 bytes)
Event: 10.797 Thread 0x00000214f4df3ae0 nmethod 3125 0x00000214e6e38c10 code [0x00000214e6e38da0, 0x00000214e6e39218]
Event: 10.797 Thread 0x00000214f4df3ae0 2978       4       java.lang.AbstractStringBuilder::appendChars (130 bytes)
Event: 10.802 Thread 0x00000214f4df3ae0 nmethod 2978 0x00000214e6e39590 code [0x00000214e6e39700, 0x00000214e6e399d8]
Event: 10.802 Thread 0x00000214f4df3ae0 3168       4       java.util.TreeMap::getEntry (77 bytes)
Event: 10.811 Thread 0x00000214f4df3ae0 nmethod 3168 0x00000214e6e39b10 code [0x00000214e6e39cc0, 0x00000214e6e3a398]
Event: 10.812 Thread 0x00000214f4df3ae0 3121       4       java.lang.CharacterDataLatin1::toUpperCase (53 bytes)
Event: 10.812 Thread 0x00000214f4df3ae0 nmethod 3121 0x00000214e6e3a990 code [0x00000214e6e3ab00, 0x00000214e6e3abf8]
Event: 10.812 Thread 0x00000214f4df3ae0 3129       4       java.lang.String$CaseInsensitiveComparator::compare (13 bytes)
Event: 10.814 Thread 0x00000214f26ef3a0 3207       3       java.lang.ThreadLocal$ThreadLocalMap::getEntryAfterMiss (59 bytes)
Event: 10.814 Thread 0x00000214f26ef3a0 nmethod 3207 0x00000214dfe0ce90 code [0x00000214dfe0d080, 0x00000214dfe0d688]
Event: 10.818 Thread 0x00000214f4df3ae0 nmethod 3129 0x00000214e6e3ad10 code [0x00000214e6e3aec0, 0x00000214e6e3b3f8]
Event: 10.818 Thread 0x00000214f4df3ae0 3130       4       java.lang.String$CaseInsensitiveComparator::compare (68 bytes)
Event: 11.827 Thread 0x00000214f4df3ae0 nmethod 3130 0x00000214e6e3bc90 code [0x00000214e6e3be40, 0x00000214e6e3c318]
Event: 11.827 Thread 0x00000214f4df3ae0 3208       4       org.eclipse.osgi.storage.bundlefile.ZipBundleFile::findEntry (62 bytes)

GC Heap History (16 events):
Event: 1.254 GC heap before
{Heap before GC invocations=1 (full 0):
 PSYoungGen      total 29696K, used 25600K [0x00000000eab00000, 0x00000000ecc00000, 0x0000000100000000)
  eden space 25600K, 100% used [0x00000000eab00000,0x00000000ec400000,0x00000000ec400000)
  from space 4096K, 0% used [0x00000000ec800000,0x00000000ec800000,0x00000000ecc00000)
  to   space 4096K, 0% used [0x00000000ec400000,0x00000000ec400000,0x00000000ec800000)
 ParOldGen       total 68608K, used 0K [0x00000000c0000000, 0x00000000c4300000, 0x00000000eab00000)
  object space 68608K, 0% used [0x00000000c0000000,0x00000000c0000000,0x00000000c4300000)
 Metaspace       used 10763K, committed 10944K, reserved 1064960K
  class space    used 1080K, committed 1152K, reserved 1048576K
}
Event: 1.259 GC heap after
{Heap after GC invocations=1 (full 0):
 PSYoungGen      total 29696K, used 3313K [0x00000000eab00000, 0x00000000ecc00000, 0x0000000100000000)
  eden space 25600K, 0% used [0x00000000eab00000,0x00000000eab00000,0x00000000ec400000)
  from space 4096K, 80% used [0x00000000ec400000,0x00000000ec73c680,0x00000000ec800000)
  to   space 4096K, 0% used [0x00000000ec800000,0x00000000ec800000,0x00000000ecc00000)
 ParOldGen       total 68608K, used 16K [0x00000000c0000000, 0x00000000c4300000, 0x00000000eab00000)
  object space 68608K, 0% used [0x00000000c0000000,0x00000000c0004000,0x00000000c4300000)
 Metaspace       used 10763K, committed 10944K, reserved 1064960K
  class space    used 1080K, committed 1152K, reserved 1048576K
}
Event: 5.469 GC heap before
{Heap before GC invocations=2 (full 0):
 PSYoungGen      total 29696K, used 28913K [0x00000000eab00000, 0x00000000ecc00000, 0x0000000100000000)
  eden space 25600K, 100% used [0x00000000eab00000,0x00000000ec400000,0x00000000ec400000)
  from space 4096K, 80% used [0x00000000ec400000,0x00000000ec73c680,0x00000000ec800000)
  to   space 4096K, 0% used [0x00000000ec800000,0x00000000ec800000,0x00000000ecc00000)
 ParOldGen       total 68608K, used 16K [0x00000000c0000000, 0x00000000c4300000, 0x00000000eab00000)
  object space 68608K, 0% used [0x00000000c0000000,0x00000000c0004000,0x00000000c4300000)
 Metaspace       used 14703K, committed 15040K, reserved 1064960K
  class space    used 1494K, committed 1664K, reserved 1048576K
}
Event: 5.479 GC heap after
{Heap after GC invocations=2 (full 0):
 PSYoungGen      total 29696K, used 4087K [0x00000000eab00000, 0x00000000ecc00000, 0x0000000100000000)
  eden space 25600K, 0% used [0x00000000eab00000,0x00000000eab00000,0x00000000ec400000)
  from space 4096K, 99% used [0x00000000ec800000,0x00000000ecbfded0,0x00000000ecc00000)
  to   space 4096K, 0% used [0x00000000ec400000,0x00000000ec400000,0x00000000ec800000)
 ParOldGen       total 68608K, used 1470K [0x00000000c0000000, 0x00000000c4300000, 0x00000000eab00000)
  object space 68608K, 2% used [0x00000000c0000000,0x00000000c016fb38,0x00000000c4300000)
 Metaspace       used 14703K, committed 15040K, reserved 1064960K
  class space    used 1494K, committed 1664K, reserved 1048576K
}
Event: 6.847 GC heap before
{Heap before GC invocations=3 (full 0):
 PSYoungGen      total 29696K, used 29687K [0x00000000eab00000, 0x00000000ecc00000, 0x0000000100000000)
  eden space 25600K, 100% used [0x00000000eab00000,0x00000000ec400000,0x00000000ec400000)
  from space 4096K, 99% used [0x00000000ec800000,0x00000000ecbfded0,0x00000000ecc00000)
  to   space 4096K, 0% used [0x00000000ec400000,0x00000000ec400000,0x00000000ec800000)
 ParOldGen       total 68608K, used 1470K [0x00000000c0000000, 0x00000000c4300000, 0x00000000eab00000)
  object space 68608K, 2% used [0x00000000c0000000,0x00000000c016fb38,0x00000000c4300000)
 Metaspace       used 19532K, committed 19904K, reserved 1073152K
  class space    used 1985K, committed 2176K, reserved 1048576K
}
Event: 6.853 GC heap after
{Heap after GC invocations=3 (full 0):
 PSYoungGen      total 29696K, used 4090K [0x00000000eab00000, 0x00000000ecc00000, 0x0000000100000000)
  eden space 25600K, 0% used [0x00000000eab00000,0x00000000eab00000,0x00000000ec400000)
  from space 4096K, 99% used [0x00000000ec400000,0x00000000ec7fe9b8,0x00000000ec800000)
  to   space 4096K, 0% used [0x00000000ec800000,0x00000000ec800000,0x00000000ecc00000)
 ParOldGen       total 68608K, used 3752K [0x00000000c0000000, 0x00000000c4300000, 0x00000000eab00000)
  object space 68608K, 5% used [0x00000000c0000000,0x00000000c03aa1a8,0x00000000c4300000)
 Metaspace       used 19532K, committed 19904K, reserved 1073152K
  class space    used 1985K, committed 2176K, reserved 1048576K
}
Event: 7.196 GC heap before
{Heap before GC invocations=4 (full 0):
 PSYoungGen      total 29696K, used 13496K [0x00000000eab00000, 0x00000000ecc00000, 0x0000000100000000)
  eden space 25600K, 36% used [0x00000000eab00000,0x00000000eb42f8e0,0x00000000ec400000)
  from space 4096K, 99% used [0x00000000ec400000,0x00000000ec7fe9b8,0x00000000ec800000)
  to   space 4096K, 0% used [0x00000000ec800000,0x00000000ec800000,0x00000000ecc00000)
 ParOldGen       total 68608K, used 3752K [0x00000000c0000000, 0x00000000c4300000, 0x00000000eab00000)
  object space 68608K, 5% used [0x00000000c0000000,0x00000000c03aa1a8,0x00000000c4300000)
 Metaspace       used 21082K, committed 21504K, reserved 1073152K
  class space    used 2147K, committed 2368K, reserved 1048576K
}
Event: 7.199 GC heap after
{Heap after GC invocations=4 (full 0):
 PSYoungGen      total 29696K, used 4080K [0x00000000eab00000, 0x00000000ecc00000, 0x0000000100000000)
  eden space 25600K, 0% used [0x00000000eab00000,0x00000000eab00000,0x00000000ec400000)
  from space 4096K, 99% used [0x00000000ec800000,0x00000000ecbfc1f8,0x00000000ecc00000)
  to   space 4096K, 0% used [0x00000000ec400000,0x00000000ec400000,0x00000000ec800000)
 ParOldGen       total 68608K, used 4218K [0x00000000c0000000, 0x00000000c4300000, 0x00000000eab00000)
  object space 68608K, 6% used [0x00000000c0000000,0x00000000c041ea08,0x00000000c4300000)
 Metaspace       used 21082K, committed 21504K, reserved 1073152K
  class space    used 2147K, committed 2368K, reserved 1048576K
}
Event: 7.199 GC heap before
{Heap before GC invocations=5 (full 1):
 PSYoungGen      total 29696K, used 4080K [0x00000000eab00000, 0x00000000ecc00000, 0x0000000100000000)
  eden space 25600K, 0% used [0x00000000eab00000,0x00000000eab00000,0x00000000ec400000)
  from space 4096K, 99% used [0x00000000ec800000,0x00000000ecbfc1f8,0x00000000ecc00000)
  to   space 4096K, 0% used [0x00000000ec400000,0x00000000ec400000,0x00000000ec800000)
 ParOldGen       total 68608K, used 4218K [0x00000000c0000000, 0x00000000c4300000, 0x00000000eab00000)
  object space 68608K, 6% used [0x00000000c0000000,0x00000000c041ea08,0x00000000c4300000)
 Metaspace       used 21082K, committed 21504K, reserved 1073152K
  class space    used 2147K, committed 2368K, reserved 1048576K
}
Event: 7.224 GC heap after
{Heap after GC invocations=5 (full 1):
 PSYoungGen      total 29696K, used 0K [0x00000000eab00000, 0x00000000ecc00000, 0x0000000100000000)
  eden space 25600K, 0% used [0x00000000eab00000,0x00000000eab00000,0x00000000ec400000)
  from space 4096K, 0% used [0x00000000ec800000,0x00000000ec800000,0x00000000ecc00000)
  to   space 4096K, 0% used [0x00000000ec400000,0x00000000ec400000,0x00000000ec800000)
 ParOldGen       total 68608K, used 8038K [0x00000000c0000000, 0x00000000c4300000, 0x00000000eab00000)
  object space 68608K, 11% used [0x00000000c0000000,0x00000000c07d9ad0,0x00000000c4300000)
 Metaspace       used 21069K, committed 21504K, reserved 1073152K
  class space    used 2143K, committed 2368K, reserved 1048576K
}
Event: 7.910 GC heap before
{Heap before GC invocations=6 (full 1):
 PSYoungGen      total 29696K, used 25600K [0x00000000eab00000, 0x00000000ecc00000, 0x0000000100000000)
  eden space 25600K, 100% used [0x00000000eab00000,0x00000000ec400000,0x00000000ec400000)
  from space 4096K, 0% used [0x00000000ec800000,0x00000000ec800000,0x00000000ecc00000)
  to   space 4096K, 0% used [0x00000000ec400000,0x00000000ec400000,0x00000000ec800000)
 ParOldGen       total 68608K, used 8038K [0x00000000c0000000, 0x00000000c4300000, 0x00000000eab00000)
  object space 68608K, 11% used [0x00000000c0000000,0x00000000c07d9ad0,0x00000000c4300000)
 Metaspace       used 24840K, committed 25472K, reserved 1073152K
  class space    used 2578K, committed 2880K, reserved 1048576K
}
Event: 7.912 GC heap after
{Heap after GC invocations=6 (full 1):
 PSYoungGen      total 27648K, used 2142K [0x00000000eab00000, 0x00000000eca80000, 0x0000000100000000)
  eden space 25088K, 0% used [0x00000000eab00000,0x00000000eab00000,0x00000000ec380000)
  from space 2560K, 83% used [0x00000000ec400000,0x00000000ec617b08,0x00000000ec680000)
  to   space 3584K, 0% used [0x00000000ec700000,0x00000000ec700000,0x00000000eca80000)
 ParOldGen       total 68608K, used 8046K [0x00000000c0000000, 0x00000000c4300000, 0x00000000eab00000)
  object space 68608K, 11% used [0x00000000c0000000,0x00000000c07dbad0,0x00000000c4300000)
 Metaspace       used 24840K, committed 25472K, reserved 1073152K
  class space    used 2578K, committed 2880K, reserved 1048576K
}
Event: 8.177 GC heap before
{Heap before GC invocations=7 (full 1):
 PSYoungGen      total 27648K, used 27211K [0x00000000eab00000, 0x00000000eca80000, 0x0000000100000000)
  eden space 25088K, 99% used [0x00000000eab00000,0x00000000ec37b468,0x00000000ec380000)
  from space 2560K, 83% used [0x00000000ec400000,0x00000000ec617b08,0x00000000ec680000)
  to   space 3584K, 0% used [0x00000000ec700000,0x00000000ec700000,0x00000000eca80000)
 ParOldGen       total 68608K, used 8046K [0x00000000c0000000, 0x00000000c4300000, 0x00000000eab00000)
  object space 68608K, 11% used [0x00000000c0000000,0x00000000c07dbad0,0x00000000c4300000)
 Metaspace       used 28162K, committed 28736K, reserved 1081344K
  class space    used 2819K, committed 3072K, reserved 1048576K
}
Event: 8.179 GC heap after
{Heap after GC invocations=7 (full 1):
 PSYoungGen      total 27648K, used 2929K [0x00000000eab00000, 0x00000000eca00000, 0x0000000100000000)
  eden space 24576K, 0% used [0x00000000eab00000,0x00000000eab00000,0x00000000ec300000)
  from space 3072K, 95% used [0x00000000ec700000,0x00000000ec9dc430,0x00000000eca00000)
  to   space 3584K, 0% used [0x00000000ec300000,0x00000000ec300000,0x00000000ec680000)
 ParOldGen       total 68608K, used 8054K [0x00000000c0000000, 0x00000000c4300000, 0x00000000eab00000)
  object space 68608K, 11% used [0x00000000c0000000,0x00000000c07ddad0,0x00000000c4300000)
 Metaspace       used 28162K, committed 28736K, reserved 1081344K
  class space    used 2819K, committed 3072K, reserved 1048576K
}
Event: 10.545 GC heap before
{Heap before GC invocations=8 (full 1):
 PSYoungGen      total 27648K, used 27505K [0x00000000eab00000, 0x00000000eca00000, 0x0000000100000000)
  eden space 24576K, 100% used [0x00000000eab00000,0x00000000ec300000,0x00000000ec300000)
  from space 3072K, 95% used [0x00000000ec700000,0x00000000ec9dc430,0x00000000eca00000)
  to   space 3584K, 0% used [0x00000000ec300000,0x00000000ec300000,0x00000000ec680000)
 ParOldGen       total 68608K, used 8054K [0x00000000c0000000, 0x00000000c4300000, 0x00000000eab00000)
  object space 68608K, 11% used [0x00000000c0000000,0x00000000c07ddad0,0x00000000c4300000)
 Metaspace       used 30718K, committed 31360K, reserved 1081344K
  class space    used 3036K, committed 3328K, reserved 1048576K
}
Event: 10.548 GC heap after
{Heap after GC invocations=8 (full 1):
 PSYoungGen      total 27648K, used 3440K [0x00000000eab00000, 0x00000000ec980000, 0x0000000100000000)
  eden space 24064K, 0% used [0x00000000eab00000,0x00000000eab00000,0x00000000ec280000)
  from space 3584K, 96% used [0x00000000ec300000,0x00000000ec65c290,0x00000000ec680000)
  to   space 3072K, 0% used [0x00000000ec680000,0x00000000ec680000,0x00000000ec980000)
 ParOldGen       total 68608K, used 8062K [0x00000000c0000000, 0x00000000c4300000, 0x00000000eab00000)
  object space 68608K, 11% used [0x00000000c0000000,0x00000000c07dfad0,0x00000000c4300000)
 Metaspace       used 30718K, committed 31360K, reserved 1081344K
  class space    used 3036K, committed 3328K, reserved 1048576K
}

Deoptimization events (20 events):
Event: 8.419 Thread 0x00000214f4966920 Uncommon trap: trap_request=0xffffffc6 fr.pc=0x00000214e6e060bc relative=0x00000000000009fc
Event: 8.419 Thread 0x00000214f4966920 Uncommon trap: reason=bimorphic_or_optimized_type_check action=maybe_recompile pc=0x00000214e6e060bc method=java.util.HashMap.putVal(ILjava/lang/Object;Ljava/lang/Object;ZZ)Ljava/lang/Object; @ 56 c2
Event: 8.419 Thread 0x00000214f4966920 DEOPT PACKING pc=0x00000214e6e060bc sp=0x000000ca540fd8e0
Event: 8.419 Thread 0x00000214f4966920 DEOPT UNPACKING pc=0x00000214df2920a3 sp=0x000000ca540fd838 mode 2
Event: 10.712 Thread 0x00000214f3c16290 Uncommon trap: trap_request=0xffffff45 fr.pc=0x00000214e6e18fb4 relative=0x0000000000000a54
Event: 10.712 Thread 0x00000214f3c16290 Uncommon trap: reason=unstable_if action=reinterpret pc=0x00000214e6e18fb4 method=java.util.Properties$LineReader.readLine()I @ 256 c2
Event: 10.712 Thread 0x00000214f3c16290 DEOPT PACKING pc=0x00000214e6e18fb4 sp=0x000000ca546fdef0
Event: 10.712 Thread 0x00000214f3c16290 DEOPT UNPACKING pc=0x00000214df2920a3 sp=0x000000ca546fde58 mode 2
Event: 10.808 Thread 0x00000214f4966920 Uncommon trap: trap_request=0xffffffde fr.pc=0x00000214e6e19f20 relative=0x00000000000001e0
Event: 10.808 Thread 0x00000214f4966920 Uncommon trap: reason=class_check action=maybe_recompile pc=0x00000214e6e19f20 method=java.io.ObjectInputStream$PeekInputStream.read()I @ 23 c2
Event: 10.808 Thread 0x00000214f4966920 DEOPT PACKING pc=0x00000214e6e19f20 sp=0x000000ca540fdea0
Event: 10.808 Thread 0x00000214f4966920 DEOPT UNPACKING pc=0x00000214df2920a3 sp=0x000000ca540fdde0 mode 2
Event: 10.808 Thread 0x00000214f4966920 Uncommon trap: trap_request=0xffffffde fr.pc=0x00000214e6e19f20 relative=0x00000000000001e0
Event: 10.808 Thread 0x00000214f4966920 Uncommon trap: reason=class_check action=maybe_recompile pc=0x00000214e6e19f20 method=java.io.ObjectInputStream$PeekInputStream.read()I @ 23 c2
Event: 10.808 Thread 0x00000214f4966920 DEOPT PACKING pc=0x00000214e6e19f20 sp=0x000000ca540fdea0
Event: 10.808 Thread 0x00000214f4966920 DEOPT UNPACKING pc=0x00000214df2920a3 sp=0x000000ca540fdde0 mode 2
Event: 10.808 Thread 0x00000214f4966920 Uncommon trap: trap_request=0xffffffde fr.pc=0x00000214e6e19f20 relative=0x00000000000001e0
Event: 10.808 Thread 0x00000214f4966920 Uncommon trap: reason=class_check action=maybe_recompile pc=0x00000214e6e19f20 method=java.io.ObjectInputStream$PeekInputStream.read()I @ 23 c2
Event: 10.808 Thread 0x00000214f4966920 DEOPT PACKING pc=0x00000214e6e19f20 sp=0x000000ca540fdea0
Event: 10.808 Thread 0x00000214f4966920 DEOPT UNPACKING pc=0x00000214df2920a3 sp=0x000000ca540fdde0 mode 2

Classes unloaded (7 events):
Event: 7.203 Thread 0x00000214f2650c20 Unloading class 0x0000000100211400 'java/lang/invoke/LambdaForm$MH+0x0000000100211400'
Event: 7.203 Thread 0x00000214f2650c20 Unloading class 0x0000000100211000 'java/lang/invoke/LambdaForm$MH+0x0000000100211000'
Event: 7.203 Thread 0x00000214f2650c20 Unloading class 0x0000000100210c00 'java/lang/invoke/LambdaForm$MH+0x0000000100210c00'
Event: 7.203 Thread 0x00000214f2650c20 Unloading class 0x0000000100210400 'java/lang/invoke/LambdaForm$MH+0x0000000100210400'
Event: 7.203 Thread 0x00000214f2650c20 Unloading class 0x0000000100210000 'java/lang/invoke/LambdaForm$BMH+0x0000000100210000'
Event: 7.203 Thread 0x00000214f2650c20 Unloading class 0x000000010020fc00 'java/lang/invoke/LambdaForm$DMH+0x000000010020fc00'
Event: 7.203 Thread 0x00000214f2650c20 Unloading class 0x000000010020c400 'java/lang/invoke/LambdaForm$DMH+0x000000010020c400'

Classes redefined (0 events):
No events

Internal exceptions (20 events):
Event: 7.733 Thread 0x00000214f4966920 Exception <a 'java/lang/NoSuchMethodError'{0x00000000ebb1ef38}: 'int java.lang.invoke.DirectMethodHandle$Holder.invokeStaticInit(java.lang.Object, double, double)'> (0x00000000ebb1ef38) 
thrown [s\src\hotspot\share\interpreter\linkResolver.cpp, line 759]
Event: 7.734 Thread 0x00000214f4966920 Exception <a 'java/lang/NoSuchMethodError'{0x00000000ebb24288}: 'int java.lang.invoke.DirectMethodHandle$Holder.invokeStatic(java.lang.Object, long)'> (0x00000000ebb24288) 
thrown [s\src\hotspot\share\interpreter\linkResolver.cpp, line 759]
Event: 7.738 Thread 0x00000214f4966920 Exception <a 'java/lang/NoSuchMethodError'{0x00000000ebb4cf60}: 'int java.lang.invoke.Invokers$Holder.linkToTargetMethod(java.lang.Object, java.lang.Object)'> (0x00000000ebb4cf60) 
thrown [s\src\hotspot\share\interpreter\linkResolver.cpp, line 759]
Event: 7.748 Thread 0x00000214f4966920 Exception <a 'java/lang/NoSuchMethodError'{0x00000000ebbb1760}: 'java.lang.Object java.lang.invoke.DirectMethodHandle$Holder.invokeSpecial(java.lang.Object, java.lang.Object, java.lang.Object, java.lang.Object, java.lang.Object, java.lang.Object, java.lang.Object, java.lang.Object, java.lang.Object, java.lang.Object)'> (0x00000000ebbb1760) 
thrown [s\src\hotspot\share\interpreter\linkResolver.cpp, line 759]
Event: 7.749 Thread 0x00000214f4966920 Exception <a 'java/lang/NoSuchMethodError'{0x00000000ebbb69b0}: 'java.lang.Object java.lang.invoke.Invokers$Holder.invoke_MT(java.lang.Object, java.lang.Object, java.lang.Object, java.lang.Object, java.lang.Object, java.lang.Object, java.lang.Object, java.lang.Object, java.lang.Object, java.lang.Object)'> (0x00000000ebbb69b0) 
thrown [s\src\hotspot\share\interpreter\linkResolver.cpp, line 759]
Event: 7.758 Thread 0x00000214f4966920 Exception <a 'java/lang/NoSuchMethodError'{0x00000000ebc128b0}: 'java.lang.Object java.lang.invoke.DirectMethodHandle$Holder.invokeSpecial(java.lang.Object, java.lang.Object, java.lang.Object, java.lang.Object, java.lang.Object, java.lang.Object, java.lang.Object, java.lang.Object, java.lang.Object)'> (0x00000000ebc128b0) 
thrown [s\src\hotspot\share\interpreter\linkResolver.cpp, line 759]
Event: 7.758 Thread 0x00000214f4966920 Exception <a 'java/lang/NoSuchMethodError'{0x00000000ebc181c8}: 'java.lang.Object java.lang.invoke.Invokers$Holder.invoke_MT(java.lang.Object, java.lang.Object, java.lang.Object, java.lang.Object, java.lang.Object, java.lang.Object, java.lang.Object, java.lang.Object, java.lang.Object)'> (0x00000000ebc181c8) 
thrown [s\src\hotspot\share\interpreter\linkResolver.cpp, line 759]
Event: 7.770 Thread 0x00000214f4966920 Exception <a 'java/lang/NoSuchMethodError'{0x00000000ebca7a80}: 'java.lang.Object java.lang.invoke.DirectMethodHandle$Holder.newInvokeSpecial(java.lang.Object, java.lang.Object, java.lang.Object, java.lang.Object, java.lang.Object, java.lang.Object, java.lang.Object)'> (0x00000000ebca7a80) 
thrown [s\src\hotspot\share\interpreter\linkResolver.cpp, line 759]
Event: 7.780 Thread 0x00000214f4966920 Exception <a 'java/lang/NoSuchMethodError'{0x00000000ebcfc628}: 'java.lang.Object java.lang.invoke.DirectMethodHandle$Holder.invokeSpecial(java.lang.Object, java.lang.Object, java.lang.Object, java.lang.Object, java.lang.Object, java.lang.Object, java.lang.Object, java.lang.Object, java.lang.Object, java.lang.Object, java.lang.Object, java.lang.Object, java.lang.Object)'> (0x00000000ebcfc628) 
thrown [s\src\hotspot\share\interpreter\linkResolver.cpp, line 759]
Event: 7.781 Thread 0x00000214f4966920 Exception <a 'java/lang/NoSuchMethodError'{0x00000000ebd02158}: 'java.lang.Object java.lang.invoke.Invokers$Holder.invoker(java.lang.Object, java.lang.Object, java.lang.Object, java.lang.Object, java.lang.Object, java.lang.Object, java.lang.Object, java.lang.Object, java.lang.Object, java.lang.Object, java.lang.Object, java.lang.Object, java.lang.Object)'> (0x00000000ebd02158) 
thrown [s\src\hotspot\share\interpreter\linkResolver.cpp, line 759]
Event: 7.781 Thread 0x00000214f4966920 Exception <a 'java/lang/NoSuchMethodError'{0x00000000ebd08e58}: 'java.lang.Object java.lang.invoke.DirectMethodHandle$Holder.invokeSpecial(java.lang.Object, java.lang.Object, java.lang.Object, java.lang.Object, java.lang.Object, java.lang.Object, java.lang.Object, java.lang.Object, java.lang.Object, java.lang.Object, java.lang.Object, java.lang.Object, java.lang.Object, java.lang.Object)'> (0x00000000ebd08e58) 
thrown [s\src\hotspot\share\interpreter\linkResolver.cpp, line 759]
Event: 7.788 Thread 0x00000214f4966920 Exception <a 'java/lang/NoSuchMethodError'{0x00000000ebd60798}: static Lorg/eclipse/m2e/core/internal/lifecyclemapping/model/PluginExecutionMetadata;.<clinit>()V> (0x00000000ebd60798) 
thrown [s\src\hotspot\share\prims\jni.cpp, line 1107]
Event: 7.794 Thread 0x00000214f4966920 Exception <a 'java/lang/NoSuchMethodError'{0x00000000ebdb22b8}: static Lorg/eclipse/m2e/core/internal/lifecyclemapping/model/PluginExecutionFilter;.<clinit>()V> (0x00000000ebdb22b8) 
thrown [s\src\hotspot\share\prims\jni.cpp, line 1107]
Event: 7.844 Thread 0x00000214f3c15dc0 Exception <a 'java/io/FileNotFoundException'{0x00000000eac13108}> (0x00000000eac13108) 
thrown [s\src\hotspot\share\prims\jni.cpp, line 516]
Event: 8.339 Thread 0x00000214f4966920 Exception <a 'java/lang/ClassNotFoundException'{0x00000000ebcfb978}: com/sun/org/apache/xerces/internal/impl/msg/spi/DOMMessagesProvider> (0x00000000ebcfb978) 
thrown [s\src\hotspot\share\classfile\systemDictionary.cpp, line 256]
Event: 8.344 Thread 0x00000214f4966920 Exception <a 'java/lang/ClassNotFoundException'{0x00000000ebd1e750}: com/sun/org/apache/xerces/internal/impl/msg/spi/XMLSerializerMessagesProvider> (0x00000000ebd1e750) 
thrown [s\src\hotspot\share\classfile\systemDictionary.cpp, line 256]
Event: 8.345 Thread 0x00000214f4966920 Exception <a 'java/lang/ClassNotFoundException'{0x00000000ebd2ba28}: com/sun/org/apache/xerces/internal/impl/msg/spi/XMLMessagesProvider> (0x00000000ebd2ba28) 
thrown [s\src\hotspot\share\classfile\systemDictionary.cpp, line 256]
Event: 8.438 Thread 0x00000214f4966920 Exception <a 'java/lang/NoSuchMethodError'{0x00000000ec126dc8}: 'java.lang.Object java.lang.invoke.DirectMethodHandle$Holder.invokeStaticInit(java.lang.Object, int, int, int, int)'> (0x00000000ec126dc8) 
thrown [s\src\hotspot\share\interpreter\linkResolver.cpp, line 759]
Event: 8.531 Thread 0x00000214f4966920 Exception <a 'java/lang/NoSuchMethodError'{0x00000000ec2507e8}: 'java.lang.Object java.lang.invoke.DirectMethodHandle$Holder.invokeStaticInit(java.lang.Object, java.lang.Object, int, int, int, int)'> (0x00000000ec2507e8) 
thrown [s\src\hotspot\share\interpreter\linkResolver.cpp, line 759]
Event: 10.641 Thread 0x00000214f4966920 Exception <a 'java/lang/ClassNotFoundException'{0x00000000eafd5fb8}: com/sun/org/apache/xml/internal/serializer/spi/XMLEntitiesProvider> (0x00000000eafd5fb8) 
thrown [s\src\hotspot\share\classfile\systemDictionary.cpp, line 256]

VM Operations (20 events):
Event: 7.705 Executing VM operation: HandshakeAllThreads
Event: 7.705 Executing VM operation: HandshakeAllThreads done
Event: 7.910 Executing VM operation: ParallelGCFailedAllocation
Event: 7.912 Executing VM operation: ParallelGCFailedAllocation done
Event: 8.177 Executing VM operation: ParallelGCFailedAllocation
Event: 8.179 Executing VM operation: ParallelGCFailedAllocation done
Event: 8.418 Executing VM operation: HandshakeAllThreads
Event: 8.418 Executing VM operation: HandshakeAllThreads done
Event: 8.516 Executing VM operation: HandshakeAllThreads
Event: 8.516 Executing VM operation: HandshakeAllThreads done
Event: 9.516 Executing VM operation: Cleanup
Event: 9.517 Executing VM operation: Cleanup done
Event: 10.544 Executing VM operation: ParallelGCFailedAllocation
Event: 10.548 Executing VM operation: ParallelGCFailedAllocation done
Event: 10.579 Executing VM operation: HandshakeAllThreads
Event: 10.579 Executing VM operation: HandshakeAllThreads done
Event: 10.693 Executing VM operation: HandshakeAllThreads
Event: 10.694 Executing VM operation: HandshakeAllThreads done
Event: 11.693 Executing VM operation: Cleanup
Event: 11.693 Executing VM operation: Cleanup done

Events (20 events):
Event: 10.738 loading class sun/nio/cs/KOI8_R
Event: 10.738 loading class sun/nio/cs/KOI8_R done
Event: 10.760 loading class com/sun/org/apache/xml/internal/serializer/NamespaceMappings
Event: 10.760 loading class com/sun/org/apache/xml/internal/serializer/NamespaceMappings done
Event: 10.761 loading class com/sun/org/apache/xml/internal/serializer/NamespaceMappings$MappingRecord
Event: 10.761 loading class com/sun/org/apache/xml/internal/serializer/NamespaceMappings$MappingRecord done
Event: 10.762 loading class javax/xml/transform/stream/StreamSource
Event: 10.762 loading class javax/xml/transform/stream/StreamSource done
Event: 10.762 loading class javax/xml/transform/sax/SAXSource
Event: 10.762 loading class javax/xml/transform/sax/SAXSource done
Event: 10.762 loading class javax/xml/transform/stax/StAXSource
Event: 10.762 loading class javax/xml/transform/stax/StAXSource done
Event: 10.762 loading class com/sun/org/apache/xalan/internal/xsltc/trax/DOM2TO
Event: 10.762 loading class com/sun/org/apache/xalan/internal/xsltc/trax/DOM2TO done
Event: 10.769 loading class com/sun/org/apache/xml/internal/serializer/WriterToUTF8Buffered
Event: 10.769 loading class com/sun/org/apache/xml/internal/serializer/WriterChain
Event: 10.769 loading class com/sun/org/apache/xml/internal/serializer/WriterChain done
Event: 10.769 loading class com/sun/org/apache/xml/internal/serializer/WriterToUTF8Buffered done
Event: 10.769 loading class com/sun/org/apache/xml/internal/serializer/WriterToASCI
Event: 10.769 loading class com/sun/org/apache/xml/internal/serializer/WriterToASCI done


Dynamic libraries:
0x00007ff7bce00000 - 0x00007ff7bce0e000 	c:\Users\SOHAIL AHMAD\.antigravity\extensions\redhat.java-1.12.0-win32-x64\jre\17.0.4.1-win32-x86_64\bin\java.exe
0x00007ffca1740000 - 0x00007ffca19a7000 	C:\WINDOWS\SYSTEM32\ntdll.dll
0x00007ffca03a0000 - 0x00007ffca0469000 	C:\WINDOWS\System32\KERNEL32.DLL
0x00007ffc9edf0000 - 0x00007ffc9f1e1000 	C:\WINDOWS\System32\KERNELBASE.dll
0x00007ffc9e890000 - 0x00007ffc9e9db000 	C:\WINDOWS\System32\ucrtbase.dll
0x00007ffc89270000 - 0x00007ffc89288000 	c:\Users\SOHAIL AHMAD\.antigravity\extensions\redhat.java-1.12.0-win32-x64\jre\17.0.4.1-win32-x86_64\bin\jli.dll
0x00007ffca0eb0000 - 0x00007ffca1075000 	C:\WINDOWS\System32\USER32.dll
0x00007ffc9f400000 - 0x00007ffc9f427000 	C:\WINDOWS\System32\win32u.dll
0x00007ffca0300000 - 0x00007ffca032b000 	C:\WINDOWS\System32\GDI32.dll
0x00007ffc9e9e0000 - 0x00007ffc9eb0b000 	C:\WINDOWS\System32\gdi32full.dll
0x00007ffc9f430000 - 0x00007ffc9f4d3000 	C:\WINDOWS\System32\msvcp_win.dll
0x00007ffc89030000 - 0x00007ffc89049000 	c:\Users\SOHAIL AHMAD\.antigravity\extensions\redhat.java-1.12.0-win32-x64\jre\17.0.4.1-win32-x86_64\bin\VCRUNTIME140.dll
0x00007ffc81a70000 - 0x00007ffc81d03000 	C:\WINDOWS\WinSxS\amd64_microsoft.windows.common-controls_6595b64144ccf1df_6.0.26100.8037_none_3e092faae333b53b\COMCTL32.dll
0x00007ffca1170000 - 0x00007ffca1219000 	C:\WINDOWS\System32\msvcrt.dll
0x00007ffca1090000 - 0x00007ffca10c1000 	C:\WINDOWS\System32\IMM32.DLL
0x00007ffc932e0000 - 0x00007ffc932ec000 	c:\Users\SOHAIL AHMAD\.antigravity\extensions\redhat.java-1.12.0-win32-x64\jre\17.0.4.1-win32-x86_64\bin\vcruntime140_1.dll
0x00007ffc5c2f0000 - 0x00007ffc5c381000 	c:\Users\SOHAIL AHMAD\.antigravity\extensions\redhat.java-1.12.0-win32-x64\jre\17.0.4.1-win32-x86_64\bin\msvcp140.dll
0x00007ffbc7930000 - 0x00007ffbc8576000 	c:\Users\SOHAIL AHMAD\.antigravity\extensions\redhat.java-1.12.0-win32-x64\jre\17.0.4.1-win32-x86_64\bin\server\jvm.dll
0x00007ffca1220000 - 0x00007ffca12db000 	C:\WINDOWS\System32\ADVAPI32.dll
0x00007ffca12f0000 - 0x00007ffca1397000 	C:\WINDOWS\System32\sechost.dll
0x00007ffca01e0000 - 0x00007ffca02f8000 	C:\WINDOWS\System32\RPCRT4.dll
0x00007ffca10d0000 - 0x00007ffca10d8000 	C:\WINDOWS\System32\PSAPI.DLL
0x00007ffc94330000 - 0x00007ffc9433a000 	C:\WINDOWS\SYSTEM32\WSOCK32.dll
0x00007ffc94550000 - 0x00007ffc94585000 	C:\WINDOWS\SYSTEM32\WINMM.dll
0x00007ffca1540000 - 0x00007ffca15b4000 	C:\WINDOWS\System32\WS2_32.dll
0x00007ffc93ce0000 - 0x00007ffc93ceb000 	C:\WINDOWS\SYSTEM32\VERSION.dll
0x00007ffc9cdb0000 - 0x00007ffc9cdcb000 	C:\WINDOWS\SYSTEM32\kernel.appcore.dll
0x00007ffc8e100000 - 0x00007ffc8e10a000 	c:\Users\SOHAIL AHMAD\.antigravity\extensions\redhat.java-1.12.0-win32-x64\jre\17.0.4.1-win32-x86_64\bin\jimage.dll
0x00007ffc87330000 - 0x00007ffc87572000 	C:\WINDOWS\SYSTEM32\DBGHELP.DLL
0x00007ffc9fd50000 - 0x00007ffca00d2000 	C:\WINDOWS\System32\combase.dll
0x00007ffca0660000 - 0x00007ffca0737000 	C:\WINDOWS\System32\OLEAUT32.dll
0x00007ffc7e1c0000 - 0x00007ffc7e1fb000 	C:\WINDOWS\SYSTEM32\dbgcore.DLL
0x00007ffc9ed40000 - 0x00007ffc9ede5000 	C:\WINDOWS\System32\bcryptPrimitives.dll
0x00007ffc8de50000 - 0x00007ffc8de5e000 	c:\Users\SOHAIL AHMAD\.antigravity\extensions\redhat.java-1.12.0-win32-x64\jre\17.0.4.1-win32-x86_64\bin\instrument.dll
0x00007ffc745a0000 - 0x00007ffc745c5000 	c:\Users\SOHAIL AHMAD\.antigravity\extensions\redhat.java-1.12.0-win32-x64\jre\17.0.4.1-win32-x86_64\bin\java.dll
0x00007ffc88bc0000 - 0x00007ffc88bd8000 	c:\Users\SOHAIL AHMAD\.antigravity\extensions\redhat.java-1.12.0-win32-x64\jre\17.0.4.1-win32-x86_64\bin\zip.dll
0x00007ffca0740000 - 0x00007ffca0e9f000 	C:\WINDOWS\System32\SHELL32.dll
0x00007ffc9eb10000 - 0x00007ffc9ec7a000 	C:\WINDOWS\System32\wintypes.dll
0x00007ffc9e020000 - 0x00007ffc9e884000 	C:\WINDOWS\System32\windows.storage.dll
0x00007ffca00e0000 - 0x00007ffca01d7000 	C:\WINDOWS\System32\SHCORE.dll
0x00007ffca0330000 - 0x00007ffca0397000 	C:\WINDOWS\System32\shlwapi.dll
0x00007ffc9df40000 - 0x00007ffc9df69000 	C:\WINDOWS\SYSTEM32\profapi.dll
0x00007ffc89010000 - 0x00007ffc89029000 	C:\Users\SOHAIL AHMAD\.antigravity\extensions\redhat.java-1.12.0-win32-x64\jre\17.0.4.1-win32-x86_64\bin\net.dll
0x00007ffc94420000 - 0x00007ffc94547000 	C:\WINDOWS\SYSTEM32\WINHTTP.dll
0x00007ffc9d320000 - 0x00007ffc9d38b000 	C:\WINDOWS\system32\mswsock.dll
0x00007ffc731d0000 - 0x00007ffc731e5000 	C:\Users\SOHAIL AHMAD\.antigravity\extensions\redhat.java-1.12.0-win32-x64\jre\17.0.4.1-win32-x86_64\bin\nio.dll
0x00007ffc8b8e0000 - 0x00007ffc8b8f0000 	c:\Users\SOHAIL AHMAD\.antigravity\extensions\redhat.java-1.12.0-win32-x64\jre\17.0.4.1-win32-x86_64\bin\verify.dll
0x00007ffc66d50000 - 0x00007ffc66d8e000 	C:\Users\SOHAIL AHMAD\AppData\Roaming\Antigravity\User\globalStorage\redhat.java\1.12.0\config_win\org.eclipse.equinox.launcher\org.eclipse.equinox.launcher.win32.win32.x86_64_1.2.600.v20220720-1916\eclipse_11700.dll
0x00007ffca13a0000 - 0x00007ffca1535000 	C:\WINDOWS\System32\ole32.dll
0x00007ffc9d600000 - 0x00007ffc9d61b000 	C:\WINDOWS\SYSTEM32\CRYPTSP.dll
0x00007ffc9cd10000 - 0x00007ffc9cd49000 	C:\WINDOWS\system32\rsaenh.dll
0x00007ffc9d3d0000 - 0x00007ffc9d402000 	C:\WINDOWS\SYSTEM32\USERENV.dll
0x00007ffc9df10000 - 0x00007ffc9df3a000 	C:\WINDOWS\SYSTEM32\bcrypt.dll
0x00007ffc9d620000 - 0x00007ffc9d62c000 	C:\WINDOWS\SYSTEM32\CRYPTBASE.dll
0x00007ffc9c730000 - 0x00007ffc9c763000 	C:\WINDOWS\SYSTEM32\IPHLPAPI.DLL
0x00007ffc9faf0000 - 0x00007ffc9fafa000 	C:\WINDOWS\System32\NSI.dll
0x00007ffc98b60000 - 0x00007ffc98b7d000 	C:\WINDOWS\SYSTEM32\dhcpcsvc6.DLL
0x00007ffc98b30000 - 0x00007ffc98b53000 	C:\WINDOWS\SYSTEM32\dhcpcsvc.DLL
0x00007ffc9c770000 - 0x00007ffc9c89a000 	C:\WINDOWS\SYSTEM32\DNSAPI.dll

dbghelp: loaded successfully - version: 4.0.5 - missing functions: none
symbol engine: initialized successfully - sym options: 0x614 - pdb path: .;c:\Users\SOHAIL AHMAD\.antigravity\extensions\redhat.java-1.12.0-win32-x64\jre\17.0.4.1-win32-x86_64\bin;C:\WINDOWS\SYSTEM32;C:\WINDOWS\WinSxS\amd64_microsoft.windows.common-controls_6595b64144ccf1df_6.0.26100.8037_none_3e092faae333b53b;c:\Users\SOHAIL AHMAD\.antigravity\extensions\redhat.java-1.12.0-win32-x64\jre\17.0.4.1-win32-x86_64\bin\server;C:\Users\SOHAIL AHMAD\AppData\Roaming\Antigravity\User\globalStorage\redhat.java\1.12.0\config_win\org.eclipse.equinox.launcher\org.eclipse.equinox.launcher.win32.win32.x86_64_1.2.600.v20220720-1916

VM Arguments:
jvm_args: --add-modules=ALL-SYSTEM --add-opens=java.base/java.util=ALL-UNNAMED --add-opens=java.base/java.lang=ALL-UNNAMED --add-opens=java.base/sun.nio.fs=ALL-UNNAMED -Declipse.application=org.eclipse.jdt.ls.core.id1 -Dosgi.bundles.defaultStartLevel=4 -Declipse.product=org.eclipse.jdt.ls.core.product -Djava.import.generatesMetadataFilesAtProjectRoot=false -Dfile.encoding=utf8 -XX:+UseParallelGC -XX:GCTimeRatio=4 -XX:AdaptiveSizePolicyWeight=90 -Dsun.zip.disableMemoryMapping=true -Xmx1G -Xms100m -Xlog:disable -javaagent:c:\Users\SOHAIL AHMAD\.antigravity\extensions\redhat.java-1.12.0-win32-x64\lombok\lombok-1.18.24.jar -XX:+HeapDumpOnOutOfMemoryError -XX:HeapDumpPath=c:\Users\SOHAIL AHMAD\AppData\Roaming\Antigravity\User\workspaceStorage\e93f37d5df380cb2e825645f6b524362\redhat.java 
java_command: c:\Users\SOHAIL AHMAD\.antigravity\extensions\redhat.java-1.12.0-win32-x64\server\plugins\org.eclipse.equinox.launcher_1.6.400.v20210924-0641.jar -configuration c:\Users\SOHAIL AHMAD\AppData\Roaming\Antigravity\User\globalStorage\redhat.java\1.12.0\config_win -data c:\Users\SOHAIL AHMAD\AppData\Roaming\Antigravity\User\workspaceStorage\e93f37d5df380cb2e825645f6b524362\redhat.java\jdt_ws
java_class_path (initial): c:\Users\SOHAIL AHMAD\.antigravity\extensions\redhat.java-1.12.0-win32-x64\server\plugins\org.eclipse.equinox.launcher_1.6.400.v20210924-0641.jar
Launcher Type: SUN_STANDARD

[Global flags]
    uintx AdaptiveSizePolicyWeight                 = 90                                        {product} {command line}
     intx CICompilerCount                          = 4                                         {product} {ergonomic}
    uintx GCTimeRatio                              = 4                                         {product} {command line}
     bool HeapDumpOnOutOfMemoryError               = true                                   {manageable} {command line}
    ccstr HeapDumpPath                             = c:\Users\SOHAIL AHMAD\AppData\Roaming\Antigravity\User\workspaceStorage\e93f37d5df380cb2e825645f6b524362\redhat.java         {manageable} {command line}
   size_t InitialHeapSize                          = 104857600                                 {product} {command line}
   size_t MaxHeapSize                              = 1073741824                                {product} {command line}
   size_t MaxNewSize                               = 357564416                                 {product} {ergonomic}
   size_t MinHeapDeltaBytes                        = 524288                                    {product} {ergonomic}
   size_t MinHeapSize                              = 104857600                                 {product} {command line}
   size_t NewSize                                  = 34603008                                  {product} {ergonomic}
    uintx NonNMethodCodeHeapSize                   = 5839372                                {pd product} {ergonomic}
    uintx NonProfiledCodeHeapSize                  = 122909434                              {pd product} {ergonomic}
   size_t OldSize                                  = 70254592                                  {product} {ergonomic}
    uintx ProfiledCodeHeapSize                     = 122909434                              {pd product} {ergonomic}
    uintx ReservedCodeCacheSize                    = 251658240                              {pd product} {ergonomic}
     bool SegmentedCodeCache                       = true                                      {product} {ergonomic}
   size_t SoftMaxHeapSize                          = 1073741824                             {manageable} {ergonomic}
     bool UseCompressedClassPointers               = true                           {product lp64_product} {ergonomic}
     bool UseCompressedOops                        = true                           {product lp64_product} {ergonomic}
     bool UseLargePagesIndividualAllocation        = false                                  {pd product} {ergonomic}
     bool UseParallelGC                            = true                                      {product} {command line}

Logging:
Log output configuration:
 #0: stdout all=off uptime,level,tags
 #1: stderr all=off uptime,level,tags

Environment Variables:
PATH=C:\Program Files\Common Files\Oracle\Java\javapath;C:\Python313\Scripts\;C:\Python313\;C:\Program Files\Python312\Scripts\;C:\Program Files\Python312\;C:\WINDOWS\system32;C:\WINDOWS;C:\WINDOWS\System32\Wbem;C:\WINDOWS\System32\WindowsPowerShell\v1.0\;C:\WINDOWS\System32\OpenSSH\;C:\Program Files\Git\cmd;C:\mingw64\bin;C:\php8.3;C:\ProgramData\ComposerSetup\bin;C:\ProgramData\chocolatey\bin;C:\nvm;C:\nvm4w\nodejs;C:\Program Files\cursor\resources\app\bin;C:\Users\SOHAIL AHMAD\AppData\Local\Microsoft\WindowsApps;C:\Users\SOHAIL AHMAD\AppData\Local\Programs\Microsoft VS Code\bin;C:\php8.3;C:\mingw64\bin;C:\Users\SOHAIL AHMAD\AppData\Roaming\Composer\vendor\bin;C:\Users\SOHAIL AHMAD\AppData\Roaming\npm;C:\nvm;C:\nvm4w\nodejs;C:\Program Files\MongoDB\Server\8.2\bin;C:\Program Files\MongoDB\mongosh-2.5.8-win32-x64\bin;C:\Users\SOHAIL AHMAD\AppData\Local\Programs\Antigravity\bin
USERNAME=SOHAIL AHMAD
OS=Windows_NT
PROCESSOR_IDENTIFIER=AMD64 Family 23 Model 160 Stepping 0, AuthenticAMD
TMP=C:\Users\SOHAIL~1\AppData\Local\Temp
TEMP=C:\Users\SOHAIL~1\AppData\Local\Temp



---------------  S Y S T E M  ---------------

OS:
 Windows 11 , 64 bit Build 26100 (10.0.26100.7920)
OS uptime: 0 days 20:41 hours
Hyper-V role detected

CPU: total 8 (initial active 8) (8 cores per cpu, 2 threads per core) family 23 model 160 stepping 0 microcode 0x8a00006, cx8, cmov, fxsr, ht, mmx, 3dnowpref, sse, sse2, sse3, ssse3, sse4a, sse4.1, sse4.2, popcnt, lzcnt, tsc, tscinvbit, avx, avx2, aes, clmul, bmi1, bmi2, adx, sha, fma, vzeroupper, clflush, clflushopt, hv

Memory: 4k page, system-wide physical 5965M (594M free)
TotalPageFile size 24397M (AvailPageFile size 9M)
current process WorkingSet (physical memory assigned to process): 146M, peak: 158M
current process commit charge ("private bytes"): 252M, peak: 263M

vm_info: OpenJDK 64-Bit Server VM (17.0.4.1+1) for windows-amd64 JRE (17.0.4.1+1), built on Aug 17 2022 07:42:43 by "temurin" with MS VC++ 16.7 (VS2019)

END.
