#
# There is insufficient memory for the Java Runtime Environment to continue.
# Native memory allocation (malloc) failed to allocate 1373136 bytes for Chunk::new
# Possible reasons:
#   The system is out of physical RAM or swap space
#   The process is running with CompressedOops enabled, and the Java Heap may be blocking the growth of the native heap
# Possible solutions:
#   Reduce memory load on the system
#   Increase physical memory or swap space
#   Check if swap backing store is full
#   Decrease Java heap size (-Xmx/-Xms)
#   Decrease number of Java threads
#   Decrease Java thread stack sizes (-Xss)
#   Set larger code cache with -XX:ReservedCodeCacheSize=
#   JVM is running with Unscaled Compressed Oops mode in which the Java heap is
#     placed in the first 4GB address space. The Java Heap base address is the
#     maximum limit for the native heap growth. Please use -XX:HeapBaseMinAddress
#     to set the Java Heap base and to place the Java Heap above 4GB virtual address.
# This output file may be truncated or incomplete.
#
#  Out of Memory Error (arena.cpp:189), pid=21752, tid=1044
#
# JRE version: OpenJDK Runtime Environment Temurin-17.0.4.1+1 (17.0.4.1+1) (build 17.0.4.1+1)
# Java VM: OpenJDK 64-Bit Server VM Temurin-17.0.4.1+1 (17.0.4.1+1, mixed mode, tiered, compressed oops, compressed class ptrs, parallel gc, windows-amd64)
# No core dump will be written. Minidumps are not enabled by default on client versions of Windows
#

---------------  S U M M A R Y ------------

Command Line: --add-modules=ALL-SYSTEM --add-opens=java.base/java.util=ALL-UNNAMED --add-opens=java.base/java.lang=ALL-UNNAMED --add-opens=java.base/sun.nio.fs=ALL-UNNAMED -Declipse.application=org.eclipse.jdt.ls.core.id1 -Dosgi.bundles.defaultStartLevel=4 -Declipse.product=org.eclipse.jdt.ls.core.product -Djava.import.generatesMetadataFilesAtProjectRoot=false -Dfile.encoding=utf8 -XX:+UseParallelGC -XX:GCTimeRatio=4 -XX:AdaptiveSizePolicyWeight=90 -Dsun.zip.disableMemoryMapping=true -Xmx1G -Xms100m -Xlog:disable -javaagent:c:\Users\SOHAIL AHMAD\.antigravity\extensions\redhat.java-1.12.0-win32-x64\lombok\lombok-1.18.24.jar c:\Users\SOHAIL AHMAD\.antigravity\extensions\redhat.java-1.12.0-win32-x64\server\plugins\org.eclipse.equinox.launcher_1.6.400.v20210924-0641.jar -configuration c:\Users\SOHAIL AHMAD\AppData\Roaming\Antigravity\User\globalStorage\redhat.java\1.12.0\config_ss_win -data c:\Users\SOHAIL AHMAD\AppData\Roaming\Antigravity\User\workspaceStorage\e93f37d5df380cb2e825645f6b524362\redhat.java\ss_ws

Host: AMD Ryzen 3 7320U with Radeon Graphics         , 8 cores, 5G,  Windows 11 , 64 bit Build 26100 (10.0.26100.7920)
Time: Thu Mar 19 19:22:37 2026 India Standard Time elapsed time: 20.323130 seconds (0d 0h 0m 20s)

---------------  T H R E A D  ---------------

Current thread (0x0000029602f63020):  JavaThread "C2 CompilerThread0" daemon [_thread_in_native, id=1044, stack(0x0000009c68a00000,0x0000009c68b00000)]


Current CompileTask:
C2:  20323 2767       4       jdk.internal.org.objectweb.asm.Frame::execute (2318 bytes)

Stack: [0x0000009c68a00000,0x0000009c68b00000]
Native frames: (J=compiled Java code, j=interpreted, Vv=VM code, C=native code)
V  [jvm.dll+0x67731a]
V  [jvm.dll+0x832284]
V  [jvm.dll+0x833a2e]
V  [jvm.dll+0x834093]
V  [jvm.dll+0x245775]
V  [jvm.dll+0xabd7b]
V  [jvm.dll+0xac30c]
V  [jvm.dll+0x363a42]
V  [jvm.dll+0x32e011]
V  [jvm.dll+0x32d4ba]
V  [jvm.dll+0x218681]
V  [jvm.dll+0x217aa1]
V  [jvm.dll+0x1a3f8d]
V  [jvm.dll+0x227498]
V  [jvm.dll+0x2255e5]
V  [jvm.dll+0x7e7e9b]
V  [jvm.dll+0x7e240a]
V  [jvm.dll+0x6761a5]
C  [ucrtbase.dll+0x37b0]
C  [KERNEL32.DLL+0x2e8d7]
C  [ntdll.dll+0x8c48c]


---------------  P R O C E S S  ---------------

Threads class SMR info:
_java_thread_list=0x0000029607195430, length=22, elements={
0x000002966d544650, 0x000002967f3c7c10, 0x000002967f3cb470, 0x0000029602f31a60,
0x0000029602f32320, 0x0000029602f32be0, 0x0000029602f354b0, 0x0000029602f63020,
0x0000029602fca700, 0x0000029602fd57a0, 0x00000296030ab2b0, 0x0000029603257d90,
0x00000296046392a0, 0x0000029605111ac0, 0x00000296052277f0, 0x00000296050c4cd0,
0x0000029604369070, 0x0000029605402a80, 0x0000029605402f50, 0x00000296054038f0,
0x0000029605404290, 0x0000029605400da0
}

Java Threads: ( => current thread )
  0x000002966d544650 JavaThread "main" [_thread_blocked, id=14992, stack(0x0000009c68100000,0x0000009c68200000)]
  0x000002967f3c7c10 JavaThread "Reference Handler" daemon [_thread_blocked, id=2804, stack(0x0000009c68400000,0x0000009c68500000)]
  0x000002967f3cb470 JavaThread "Finalizer" daemon [_thread_blocked, id=22600, stack(0x0000009c68500000,0x0000009c68600000)]
  0x0000029602f31a60 JavaThread "Signal Dispatcher" daemon [_thread_blocked, id=20844, stack(0x0000009c68600000,0x0000009c68700000)]
  0x0000029602f32320 JavaThread "Attach Listener" daemon [_thread_blocked, id=14968, stack(0x0000009c68700000,0x0000009c68800000)]
  0x0000029602f32be0 JavaThread "Service Thread" daemon [_thread_blocked, id=16156, stack(0x0000009c68800000,0x0000009c68900000)]
  0x0000029602f354b0 JavaThread "Monitor Deflation Thread" daemon [_thread_blocked, id=21368, stack(0x0000009c68900000,0x0000009c68a00000)]
=>0x0000029602f63020 JavaThread "C2 CompilerThread0" daemon [_thread_in_native, id=1044, stack(0x0000009c68a00000,0x0000009c68b00000)]
  0x0000029602fca700 JavaThread "C1 CompilerThread0" daemon [_thread_blocked, id=2448, stack(0x0000009c68b00000,0x0000009c68c00000)]
  0x0000029602fd57a0 JavaThread "Sweeper thread" daemon [_thread_blocked, id=24440, stack(0x0000009c68c00000,0x0000009c68d00000)]
  0x00000296030ab2b0 JavaThread "Common-Cleaner" daemon [_thread_blocked, id=14868, stack(0x0000009c68d00000,0x0000009c68e00000)]
  0x0000029603257d90 JavaThread "Notification Thread" daemon [_thread_blocked, id=21728, stack(0x0000009c68e00000,0x0000009c68f00000)]
  0x00000296046392a0 JavaThread "Active Thread: Equinox Container: a3210cce-6e65-4a27-af3e-c19247247084" [_thread_blocked, id=5756, stack(0x0000009c69600000,0x0000009c69700000)]
  0x0000029605111ac0 JavaThread "Framework Event Dispatcher: Equinox Container: a3210cce-6e65-4a27-af3e-c19247247084" daemon [_thread_blocked, id=17864, stack(0x0000009c69700000,0x0000009c69800000)]
  0x00000296052277f0 JavaThread "Start Level: Equinox Container: a3210cce-6e65-4a27-af3e-c19247247084" daemon [_thread_blocked, id=21656, stack(0x0000009c69800000,0x0000009c69900000)]
  0x00000296050c4cd0 JavaThread "SCR Component Actor" daemon [_thread_blocked, id=24352, stack(0x0000009c69500000,0x0000009c69600000)]
  0x0000029604369070 JavaThread "Worker-JM" [_thread_blocked, id=860, stack(0x0000009c69c00000,0x0000009c69d00000)]
  0x0000029605402a80 JavaThread "Worker-0: Initialize Workspace" [_thread_in_vm, id=21212, stack(0x0000009c69e00000,0x0000009c69f00000)]
  0x0000029605402f50 JavaThread "Worker-1" [_thread_blocked, id=7540, stack(0x0000009c69f00000,0x0000009c6a000000)]
  0x00000296054038f0 JavaThread "JNA Cleaner" daemon [_thread_blocked, id=1028, stack(0x0000009c69b00000,0x0000009c69c00000)]
  0x0000029605404290 JavaThread "pool-2-thread-1" [_thread_blocked, id=11936, stack(0x0000009c6a100000,0x0000009c6a200000)]
  0x0000029605400da0 JavaThread "pool-1-thread-1" [_thread_in_native, id=18420, stack(0x0000009c6a200000,0x0000009c6a300000)]

Other Threads:
  0x000002967f2702a0 VMThread "VM Thread" [stack: 0x0000009c68300000,0x0000009c68400000] [id=16880]
  0x0000029603258260 WatcherThread [stack: 0x0000009c68f00000,0x0000009c69000000] [id=23728]
  0x000002966d55b8d0 GCTaskThread "GC Thread#0" [stack: 0x0000009c68200000,0x0000009c68300000] [id=12444]
  0x000002960419f040 GCTaskThread "GC Thread#1" [stack: 0x0000009c69000000,0x0000009c69100000] [id=16872]
  0x00000296041a1bf0 GCTaskThread "GC Thread#2" [stack: 0x0000009c69100000,0x0000009c69200000] [id=16052]
  0x00000296041a1ea0 GCTaskThread "GC Thread#3" [stack: 0x0000009c69200000,0x0000009c69300000] [id=18700]
  0x00000296041a2150 GCTaskThread "GC Thread#4" [stack: 0x0000009c69300000,0x0000009c69400000] [id=10472]
  0x00000296041a2400 GCTaskThread "GC Thread#5" [stack: 0x0000009c69400000,0x0000009c69500000] [id=5368]
  0x0000029605055b60 GCTaskThread "GC Thread#6" [stack: 0x0000009c69900000,0x0000009c69a00000] [id=19800]
  0x00000296050558b0 GCTaskThread "GC Thread#7" [stack: 0x0000009c69a00000,0x0000009c69b00000] [id=11180]

Threads with active compile tasks:
C2 CompilerThread0    20339 2767       4       jdk.internal.org.objectweb.asm.Frame::execute (2318 bytes)
C1 CompilerThread0    20339 2906   !   3       org.eclipse.osgi.internal.loader.SystemBundleLoader::findLocalClass (12 bytes)

VM state: not at safepoint (normal execution)

VM Mutex/Monitor currently owned by a thread:  ([mutex/lock_event])
[0x000002966d542060] CodeCache_lock - owner thread: 0x0000029602fca700
[0x000002966d5409e0] MethodCompileQueue_lock - owner thread: 0x0000029602fca700

Heap address: 0x00000000c0000000, size: 1024 MB, Compressed Oops mode: 32-bit

CDS archive(s) not mapped
Compressed class space mapped at: 0x0000000100000000-0x0000000140000000, reserved size: 1073741824
Narrow klass base: 0x0000000000000000, Narrow klass shift: 3, Narrow klass range: 0x140000000

GC Precious Log:
 CPUs: 8 total, 8 available
 Memory: 5965M
 Large Page Support: Disabled
 NUMA Support: Disabled
 Compressed Oops: Enabled (32-bit)
 Alignments: Space 512K, Generation 512K, Heap 2M
 Heap Min Capacity: 100M
 Heap Initial Capacity: 100M
 Heap Max Capacity: 1G
 Pre-touch: Disabled
 Parallel Workers: 8

Heap:
 PSYoungGen      total 26112K, used 7927K [0x00000000eab00000, 0x00000000ec900000, 0x0000000100000000)
  eden space 24064K, 24% used [0x00000000eab00000,0x00000000eb0c3150,0x00000000ec280000)
  from space 2048K, 98% used [0x00000000ec580000,0x00000000ec77ac90,0x00000000ec780000)
  to   space 1536K, 0% used [0x00000000ec780000,0x00000000ec780000,0x00000000ec900000)
 ParOldGen       total 68608K, used 16838K [0x00000000c0000000, 0x00000000c4300000, 0x00000000eab00000)
  object space 68608K, 24% used [0x00000000c0000000,0x00000000c1071a38,0x00000000c4300000)
 Metaspace       used 32959K, committed 33600K, reserved 1081344K
  class space    used 3323K, committed 3584K, reserved 1048576K

Card table byte_map: [0x000002966cef0000,0x000002966d100000] _byte_map_base: 0x000002966c8f0000

Marking Bits: (ParMarkBitMap*) 0x00007ffbc84b2cc0
 Begin Bits: [0x0000029600000000, 0x0000029601000000)
 End Bits:   [0x0000029601000000, 0x0000029602000000)

Polling page: 0x000002966b450000

Metaspace:

Usage:
  Non-class:     28.94 MB used.
      Class:      3.25 MB used.
       Both:     32.19 MB used.

Virtual space:
  Non-class space:       32.00 MB reserved,      29.31 MB ( 92%) committed,  4 nodes.
      Class space:        1.00 GB reserved,       3.50 MB ( <1%) committed,  1 nodes.
             Both:        1.03 GB reserved,      32.81 MB (  3%) committed. 

Chunk freelists:
   Non-Class:  2.55 MB
       Class:  520.00 KB
        Both:  3.05 MB

MaxMetaspaceSize: unlimited
CompressedClassSpaceSize: 1.00 GB
Initial GC threshold: 21.00 MB
Current GC threshold: 35.00 MB
CDS: off
MetaspaceReclaimPolicy: balanced
 - commit_granule_bytes: 65536.
 - commit_granule_words: 8192.
 - virtual_space_node_default_size: 1048576.
 - enlarge_chunks_in_place: 1.
 - new_chunks_are_fully_committed: 0.
 - uncommit_free_chunks: 1.
 - use_allocation_guard: 0.
 - handle_deallocations: 1.


Internal statistics:

num_allocs_failed_limit: 3.
num_arena_births: 238.
num_arena_deaths: 14.
num_vsnodes_births: 5.
num_vsnodes_deaths: 0.
num_space_committed: 525.
num_space_uncommitted: 0.
num_chunks_returned_to_freelist: 17.
num_chunks_taken_from_freelist: 1182.
num_chunk_merges: 7.
num_chunk_splits: 797.
num_chunks_enlarged: 570.
num_purges: 2.
num_inconsistent_stats: 0.

CodeHeap 'non-profiled nmethods': size=120000Kb used=1188Kb max_used=1188Kb free=118811Kb
 bounds [0x0000029677ca0000, 0x0000029677f10000, 0x000002967f1d0000]
CodeHeap 'profiled nmethods': size=120000Kb used=5857Kb max_used=5857Kb free=114142Kb
 bounds [0x0000029670770000, 0x0000029670d30000, 0x0000029677ca0000]
CodeHeap 'non-nmethods': size=5760Kb used=1247Kb max_used=1286Kb free=4512Kb
 bounds [0x00000296701d0000, 0x0000029670440000, 0x0000029670770000]
 total_blobs=3457 nmethods=2895 adapters=476
 compilation: enabled
              stopped_count=0, restarted_count=0
 full_count=0

Compilation events (20 events):
Event: 19.281 Thread 0x0000029602fca700 2885       3       com.google.gson.reflect.TypeToken::get (9 bytes)
Event: 19.281 Thread 0x0000029602fca700 nmethod 2885 0x0000029670d1ce10 code [0x0000029670d1cfc0, 0x0000029670d1d148]
Event: 19.282 Thread 0x0000029602fca700 2886       3       org.eclipse.osgi.internal.log.EquinoxLogWriter::isLoggable (65 bytes)
Event: 19.283 Thread 0x0000029602fca700 nmethod 2886 0x0000029670d1d210 code [0x0000029670d1d420, 0x0000029670d1d938]
Event: 19.283 Thread 0x0000029602fca700 2887       3       org.eclipse.osgi.internal.log.ExtendedLogReaderServiceFactory::getCount (29 bytes)
Event: 19.284 Thread 0x0000029602fca700 nmethod 2887 0x0000029670d1da90 code [0x0000029670d1dc60, 0x0000029670d1e0b8]
Event: 19.286 Thread 0x0000029602fca700 2888       1       com.google.gson.internal.$Gson$Types$ParameterizedTypeImpl::getRawType (5 bytes)
Event: 19.286 Thread 0x0000029602fca700 nmethod 2888 0x0000029677dc8990 code [0x0000029677dc8b20, 0x0000029677dc8bf8]
Event: 19.290 Thread 0x0000029602fca700 2889       3       java.util.Collections::emptySet (4 bytes)
Event: 19.291 Thread 0x0000029602fca700 nmethod 2889 0x0000029670d1e210 code [0x0000029670d1e3a0, 0x0000029670d1e498]
Event: 19.291 Thread 0x0000029602fca700 2890       3       java.util.Collections$SingletonList::get (41 bytes)
Event: 19.292 Thread 0x0000029602fca700 nmethod 2890 0x0000029670d1e510 code [0x0000029670d1e760, 0x0000029670d1ee68]
Event: 19.293 Thread 0x0000029602fca700 2891       3       java.lang.reflect.Field::setAccessible (21 bytes)
Event: 19.293 Thread 0x0000029602fca700 nmethod 2891 0x0000029670d1f190 code [0x0000029670d1f3a0, 0x0000029670d1f9c8]
Event: 19.293 Thread 0x0000029602fca700 2892       3       java.lang.reflect.Field::checkCanSetAccessible (10 bytes)
Event: 19.293 Thread 0x0000029602fca700 nmethod 2892 0x0000029670d1fc10 code [0x0000029670d1fdc0, 0x0000029670d1ff68]
Event: 19.295 Thread 0x0000029602fca700 2893       3       java.lang.reflect.Field::getGenericType (20 bytes)
Event: 19.296 Thread 0x0000029602fca700 nmethod 2893 0x0000029670d20090 code [0x0000029670d20360, 0x0000029670d215c8]
Event: 19.296 Thread 0x0000029602fca700 2894       3       com.google.gson.internal.bind.ReflectiveTypeAdapterFactory::getFieldNames (124 bytes)
Event: 19.297 Thread 0x0000029602fca700 nmethod 2894 0x0000029670d21c90 code [0x0000029670d21fe0, 0x0000029670d23718]

GC Heap History (16 events):
Event: 2.663 GC heap before
{Heap before GC invocations=1 (full 0):
 PSYoungGen      total 29696K, used 25600K [0x00000000eab00000, 0x00000000ecc00000, 0x0000000100000000)
  eden space 25600K, 100% used [0x00000000eab00000,0x00000000ec400000,0x00000000ec400000)
  from space 4096K, 0% used [0x00000000ec800000,0x00000000ec800000,0x00000000ecc00000)
  to   space 4096K, 0% used [0x00000000ec400000,0x00000000ec400000,0x00000000ec800000)
 ParOldGen       total 68608K, used 0K [0x00000000c0000000, 0x00000000c4300000, 0x00000000eab00000)
  object space 68608K, 0% used [0x00000000c0000000,0x00000000c0000000,0x00000000c4300000)
 Metaspace       used 10805K, committed 11008K, reserved 1064960K
  class space    used 1084K, committed 1152K, reserved 1048576K
}
Event: 2.674 GC heap after
{Heap after GC invocations=1 (full 0):
 PSYoungGen      total 29696K, used 3249K [0x00000000eab00000, 0x00000000ecc00000, 0x0000000100000000)
  eden space 25600K, 0% used [0x00000000eab00000,0x00000000eab00000,0x00000000ec400000)
  from space 4096K, 79% used [0x00000000ec400000,0x00000000ec72c6a0,0x00000000ec800000)
  to   space 4096K, 0% used [0x00000000ec800000,0x00000000ec800000,0x00000000ecc00000)
 ParOldGen       total 68608K, used 16K [0x00000000c0000000, 0x00000000c4300000, 0x00000000eab00000)
  object space 68608K, 0% used [0x00000000c0000000,0x00000000c0004000,0x00000000c4300000)
 Metaspace       used 10805K, committed 11008K, reserved 1064960K
  class space    used 1084K, committed 1152K, reserved 1048576K
}
Event: 5.949 GC heap before
{Heap before GC invocations=2 (full 0):
 PSYoungGen      total 29696K, used 28849K [0x00000000eab00000, 0x00000000ecc00000, 0x0000000100000000)
  eden space 25600K, 100% used [0x00000000eab00000,0x00000000ec400000,0x00000000ec400000)
  from space 4096K, 79% used [0x00000000ec400000,0x00000000ec72c6a0,0x00000000ec800000)
  to   space 4096K, 0% used [0x00000000ec800000,0x00000000ec800000,0x00000000ecc00000)
 ParOldGen       total 68608K, used 16K [0x00000000c0000000, 0x00000000c4300000, 0x00000000eab00000)
  object space 68608K, 0% used [0x00000000c0000000,0x00000000c0004000,0x00000000c4300000)
 Metaspace       used 15163K, committed 15424K, reserved 1064960K
  class space    used 1550K, committed 1664K, reserved 1048576K
}
Event: 5.957 GC heap after
{Heap after GC invocations=2 (full 0):
 PSYoungGen      total 29696K, used 4094K [0x00000000eab00000, 0x00000000ecc00000, 0x0000000100000000)
  eden space 25600K, 0% used [0x00000000eab00000,0x00000000eab00000,0x00000000ec400000)
  from space 4096K, 99% used [0x00000000ec800000,0x00000000ecbffa48,0x00000000ecc00000)
  to   space 4096K, 0% used [0x00000000ec400000,0x00000000ec400000,0x00000000ec800000)
 ParOldGen       total 68608K, used 678K [0x00000000c0000000, 0x00000000c4300000, 0x00000000eab00000)
  object space 68608K, 0% used [0x00000000c0000000,0x00000000c00a9820,0x00000000c4300000)
 Metaspace       used 15163K, committed 15424K, reserved 1064960K
  class space    used 1550K, committed 1664K, reserved 1048576K
}
Event: 10.176 GC heap before
{Heap before GC invocations=3 (full 0):
 PSYoungGen      total 29696K, used 29694K [0x00000000eab00000, 0x00000000ecc00000, 0x0000000100000000)
  eden space 25600K, 100% used [0x00000000eab00000,0x00000000ec400000,0x00000000ec400000)
  from space 4096K, 99% used [0x00000000ec800000,0x00000000ecbffa48,0x00000000ecc00000)
  to   space 4096K, 0% used [0x00000000ec400000,0x00000000ec400000,0x00000000ec800000)
 ParOldGen       total 68608K, used 678K [0x00000000c0000000, 0x00000000c4300000, 0x00000000eab00000)
  object space 68608K, 0% used [0x00000000c0000000,0x00000000c00a9820,0x00000000c4300000)
 Metaspace       used 19997K, committed 20352K, reserved 1073152K
  class space    used 2033K, committed 2176K, reserved 1048576K
}
Event: 10.183 GC heap after
{Heap after GC invocations=3 (full 0):
 PSYoungGen      total 29696K, used 4090K [0x00000000eab00000, 0x00000000ecc00000, 0x0000000100000000)
  eden space 25600K, 0% used [0x00000000eab00000,0x00000000eab00000,0x00000000ec400000)
  from space 4096K, 99% used [0x00000000ec400000,0x00000000ec7fe960,0x00000000ec800000)
  to   space 4096K, 0% used [0x00000000ec800000,0x00000000ec800000,0x00000000ecc00000)
 ParOldGen       total 68608K, used 3743K [0x00000000c0000000, 0x00000000c4300000, 0x00000000eab00000)
  object space 68608K, 5% used [0x00000000c0000000,0x00000000c03a7fc0,0x00000000c4300000)
 Metaspace       used 19997K, committed 20352K, reserved 1073152K
  class space    used 2033K, committed 2176K, reserved 1048576K
}
Event: 10.566 GC heap before
{Heap before GC invocations=4 (full 0):
 PSYoungGen      total 29696K, used 24340K [0x00000000eab00000, 0x00000000ecc00000, 0x0000000100000000)
  eden space 25600K, 79% used [0x00000000eab00000,0x00000000ebec67f0,0x00000000ec400000)
  from space 4096K, 99% used [0x00000000ec400000,0x00000000ec7fe960,0x00000000ec800000)
  to   space 4096K, 0% used [0x00000000ec800000,0x00000000ec800000,0x00000000ecc00000)
 ParOldGen       total 68608K, used 3743K [0x00000000c0000000, 0x00000000c4300000, 0x00000000eab00000)
  object space 68608K, 5% used [0x00000000c0000000,0x00000000c03a7fc0,0x00000000c4300000)
 Metaspace       used 21123K, committed 21504K, reserved 1073152K
  class space    used 2147K, committed 2304K, reserved 1048576K
}
Event: 10.575 GC heap after
{Heap after GC invocations=4 (full 0):
 PSYoungGen      total 29696K, used 4082K [0x00000000eab00000, 0x00000000ecc00000, 0x0000000100000000)
  eden space 25600K, 0% used [0x00000000eab00000,0x00000000eab00000,0x00000000ec400000)
  from space 4096K, 99% used [0x00000000ec800000,0x00000000ecbfc800,0x00000000ecc00000)
  to   space 4096K, 0% used [0x00000000ec400000,0x00000000ec400000,0x00000000ec800000)
 ParOldGen       total 68608K, used 12816K [0x00000000c0000000, 0x00000000c4300000, 0x00000000eab00000)
  object space 68608K, 18% used [0x00000000c0000000,0x00000000c0c84370,0x00000000c4300000)
 Metaspace       used 21123K, committed 21504K, reserved 1073152K
  class space    used 2147K, committed 2304K, reserved 1048576K
}
Event: 10.576 GC heap before
{Heap before GC invocations=5 (full 1):
 PSYoungGen      total 29696K, used 4082K [0x00000000eab00000, 0x00000000ecc00000, 0x0000000100000000)
  eden space 25600K, 0% used [0x00000000eab00000,0x00000000eab00000,0x00000000ec400000)
  from space 4096K, 99% used [0x00000000ec800000,0x00000000ecbfc800,0x00000000ecc00000)
  to   space 4096K, 0% used [0x00000000ec400000,0x00000000ec400000,0x00000000ec800000)
 ParOldGen       total 68608K, used 12816K [0x00000000c0000000, 0x00000000c4300000, 0x00000000eab00000)
  object space 68608K, 18% used [0x00000000c0000000,0x00000000c0c84370,0x00000000c4300000)
 Metaspace       used 21123K, committed 21504K, reserved 1073152K
  class space    used 2147K, committed 2304K, reserved 1048576K
}
Event: 10.613 GC heap after
{Heap after GC invocations=5 (full 1):
 PSYoungGen      total 29696K, used 0K [0x00000000eab00000, 0x00000000ecc00000, 0x0000000100000000)
  eden space 25600K, 0% used [0x00000000eab00000,0x00000000eab00000,0x00000000ec400000)
  from space 4096K, 0% used [0x00000000ec800000,0x00000000ec800000,0x00000000ecc00000)
  to   space 4096K, 0% used [0x00000000ec400000,0x00000000ec400000,0x00000000ec800000)
 ParOldGen       total 68608K, used 16622K [0x00000000c0000000, 0x00000000c4300000, 0x00000000eab00000)
  object space 68608K, 24% used [0x00000000c0000000,0x00000000c103ba08,0x00000000c4300000)
 Metaspace       used 21110K, committed 21504K, reserved 1073152K
  class space    used 2144K, committed 2304K, reserved 1048576K
}
Event: 11.021 GC heap before
{Heap before GC invocations=6 (full 1):
 PSYoungGen      total 29696K, used 25559K [0x00000000eab00000, 0x00000000ecc00000, 0x0000000100000000)
  eden space 25600K, 99% used [0x00000000eab00000,0x00000000ec3f5fb0,0x00000000ec400000)
  from space 4096K, 0% used [0x00000000ec800000,0x00000000ec800000,0x00000000ecc00000)
  to   space 4096K, 0% used [0x00000000ec400000,0x00000000ec400000,0x00000000ec800000)
 ParOldGen       total 68608K, used 16622K [0x00000000c0000000, 0x00000000c4300000, 0x00000000eab00000)
  object space 68608K, 24% used [0x00000000c0000000,0x00000000c103ba08,0x00000000c4300000)
 Metaspace       used 24700K, committed 25152K, reserved 1073152K
  class space    used 2412K, committed 2624K, reserved 1048576K
}
Event: 11.022 GC heap after
{Heap after GC invocations=6 (full 1):
 PSYoungGen      total 29184K, used 320K [0x00000000eab00000, 0x00000000ecd80000, 0x0000000100000000)
  eden space 25088K, 0% used [0x00000000eab00000,0x00000000eab00000,0x00000000ec380000)
  from space 4096K, 7% used [0x00000000ec400000,0x00000000ec450000,0x00000000ec800000)
  to   space 5120K, 0% used [0x00000000ec880000,0x00000000ec880000,0x00000000ecd80000)
 ParOldGen       total 68608K, used 16622K [0x00000000c0000000, 0x00000000c4300000, 0x00000000eab00000)
  object space 68608K, 24% used [0x00000000c0000000,0x00000000c103ba08,0x00000000c4300000)
 Metaspace       used 24700K, committed 25152K, reserved 1073152K
  class space    used 2412K, committed 2624K, reserved 1048576K
}
Event: 15.676 GC heap before
{Heap before GC invocations=7 (full 1):
 PSYoungGen      total 29184K, used 25408K [0x00000000eab00000, 0x00000000ecd80000, 0x0000000100000000)
  eden space 25088K, 100% used [0x00000000eab00000,0x00000000ec380000,0x00000000ec380000)
  from space 4096K, 7% used [0x00000000ec400000,0x00000000ec450000,0x00000000ec800000)
  to   space 5120K, 0% used [0x00000000ec880000,0x00000000ec880000,0x00000000ecd80000)
 ParOldGen       total 68608K, used 16622K [0x00000000c0000000, 0x00000000c4300000, 0x00000000eab00000)
  object space 68608K, 24% used [0x00000000c0000000,0x00000000c103ba08,0x00000000c4300000)
 Metaspace       used 27574K, committed 28032K, reserved 1081344K
  class space    used 2664K, committed 2880K, reserved 1048576K
}
Event: 15.678 GC heap after
{Heap after GC invocations=7 (full 1):
 PSYoungGen      total 25600K, used 1023K [0x00000000eab00000, 0x00000000ec980000, 0x0000000100000000)
  eden space 24576K, 0% used [0x00000000eab00000,0x00000000eab00000,0x00000000ec300000)
  from space 1024K, 99% used [0x00000000ec880000,0x00000000ec97fde8,0x00000000ec980000)
  to   space 2048K, 0% used [0x00000000ec580000,0x00000000ec580000,0x00000000ec780000)
 ParOldGen       total 68608K, used 16630K [0x00000000c0000000, 0x00000000c4300000, 0x00000000eab00000)
  object space 68608K, 24% used [0x00000000c0000000,0x00000000c103da08,0x00000000c4300000)
 Metaspace       used 27574K, committed 28032K, reserved 1081344K
  class space    used 2664K, committed 2880K, reserved 1048576K
}
Event: 18.115 GC heap before
{Heap before GC invocations=8 (full 1):
 PSYoungGen      total 25600K, used 25599K [0x00000000eab00000, 0x00000000ec980000, 0x0000000100000000)
  eden space 24576K, 100% used [0x00000000eab00000,0x00000000ec300000,0x00000000ec300000)
  from space 1024K, 99% used [0x00000000ec880000,0x00000000ec97fde8,0x00000000ec980000)
  to   space 2048K, 0% used [0x00000000ec580000,0x00000000ec580000,0x00000000ec780000)
 ParOldGen       total 68608K, used 16630K [0x00000000c0000000, 0x00000000c4300000, 0x00000000eab00000)
  object space 68608K, 24% used [0x00000000c0000000,0x00000000c103da08,0x00000000c4300000)
 Metaspace       used 31878K, committed 32384K, reserved 1081344K
  class space    used 3217K, committed 3392K, reserved 1048576K
}
Event: 18.118 GC heap after
{Heap after GC invocations=8 (full 1):
 PSYoungGen      total 26112K, used 2027K [0x00000000eab00000, 0x00000000ec900000, 0x0000000100000000)
  eden space 24064K, 0% used [0x00000000eab00000,0x00000000eab00000,0x00000000ec280000)
  from space 2048K, 98% used [0x00000000ec580000,0x00000000ec77ac90,0x00000000ec780000)
  to   space 1536K, 0% used [0x00000000ec780000,0x00000000ec780000,0x00000000ec900000)
 ParOldGen       total 68608K, used 16838K [0x00000000c0000000, 0x00000000c4300000, 0x00000000eab00000)
  object space 68608K, 24% used [0x00000000c0000000,0x00000000c1071a38,0x00000000c4300000)
 Metaspace       used 31878K, committed 32384K, reserved 1081344K
  class space    used 3217K, committed 3392K, reserved 1048576K
}

Deoptimization events (20 events):
Event: 16.332 Thread 0x00000296052277f0 Uncommon trap: trap_request=0xffffff45 fr.pc=0x0000029677cd3ea8 relative=0x0000000000000628
Event: 16.332 Thread 0x00000296052277f0 Uncommon trap: reason=unstable_if action=reinterpret pc=0x0000029677cd3ea8 method=java.lang.String.replace(Ljava/lang/CharSequence;Ljava/lang/CharSequence;)Ljava/lang/String; @ 42 c2
Event: 16.332 Thread 0x00000296052277f0 DEOPT PACKING pc=0x0000029677cd3ea8 sp=0x0000009c698fb850
Event: 16.333 Thread 0x00000296052277f0 DEOPT UNPACKING pc=0x00000296702220a3 sp=0x0000009c698fb7d0 mode 2
Event: 17.614 Thread 0x00000296052277f0 Uncommon trap: trap_request=0xffffff45 fr.pc=0x0000029677d96260 relative=0x0000000000000a80
Event: 17.614 Thread 0x00000296052277f0 Uncommon trap: reason=unstable_if action=reinterpret pc=0x0000029677d96260 method=jdk.internal.org.objectweb.asm.SymbolTable.put(Ljdk/internal/org/objectweb/asm/SymbolTable$Entry;)Ljdk/internal/org/objectweb/asm/SymbolTable$Entry; @ 13 c2
Event: 17.614 Thread 0x00000296052277f0 DEOPT PACKING pc=0x0000029677d96260 sp=0x0000009c698fbd10
Event: 17.614 Thread 0x00000296052277f0 DEOPT UNPACKING pc=0x00000296702220a3 sp=0x0000009c698fbc58 mode 2
Event: 17.642 Thread 0x00000296052277f0 Uncommon trap: trap_request=0xffffff76 fr.pc=0x0000029677da0604 relative=0x0000000000000644
Event: 17.642 Thread 0x00000296052277f0 Uncommon trap: reason=predicate action=maybe_recompile pc=0x0000029677da0604 method=java.util.TreeMap.getEntryUsingComparator(Ljava/lang/Object;)Ljava/util/TreeMap$Entry; @ 19 c2
Event: 17.642 Thread 0x00000296052277f0 DEOPT PACKING pc=0x0000029677da0604 sp=0x0000009c698fc8e0
Event: 17.642 Thread 0x00000296052277f0 DEOPT UNPACKING pc=0x00000296702220a3 sp=0x0000009c698fc800 mode 2
Event: 17.711 Thread 0x000002966d544650 Uncommon trap: trap_request=0xffffff76 fr.pc=0x0000029677d9f184 relative=0x0000000000000644
Event: 17.711 Thread 0x000002966d544650 Uncommon trap: reason=predicate action=maybe_recompile pc=0x0000029677d9f184 method=java.util.TreeMap.getEntryUsingComparator(Ljava/lang/Object;)Ljava/util/TreeMap$Entry; @ 19 c2
Event: 17.711 Thread 0x000002966d544650 DEOPT PACKING pc=0x0000029677d9f184 sp=0x0000009c681fded0
Event: 17.711 Thread 0x000002966d544650 DEOPT UNPACKING pc=0x00000296702220a3 sp=0x0000009c681fde80 mode 2
Event: 17.998 Thread 0x000002966d544650 Uncommon trap: trap_request=0xffffff45 fr.pc=0x0000029677da2734 relative=0x0000000000000114
Event: 17.998 Thread 0x000002966d544650 Uncommon trap: reason=unstable_if action=reinterpret pc=0x0000029677da2734 method=jdk.internal.org.objectweb.asm.SymbolTable.put(Ljdk/internal/org/objectweb/asm/SymbolTable$Entry;)Ljdk/internal/org/objectweb/asm/SymbolTable$Entry; @ 13 c2
Event: 17.998 Thread 0x000002966d544650 DEOPT PACKING pc=0x0000029677da2734 sp=0x0000009c681fd670
Event: 17.998 Thread 0x000002966d544650 DEOPT UNPACKING pc=0x00000296702220a3 sp=0x0000009c681fd5d0 mode 2

Classes unloaded (7 events):
Event: 10.582 Thread 0x000002967f2702a0 Unloading class 0x000000010021a800 'java/lang/invoke/LambdaForm$MH+0x000000010021a800'
Event: 10.582 Thread 0x000002967f2702a0 Unloading class 0x000000010021a400 'java/lang/invoke/LambdaForm$MH+0x000000010021a400'
Event: 10.582 Thread 0x000002967f2702a0 Unloading class 0x000000010021a000 'java/lang/invoke/LambdaForm$MH+0x000000010021a000'
Event: 10.582 Thread 0x000002967f2702a0 Unloading class 0x0000000100219c00 'java/lang/invoke/LambdaForm$MH+0x0000000100219c00'
Event: 10.582 Thread 0x000002967f2702a0 Unloading class 0x0000000100219400 'java/lang/invoke/LambdaForm$BMH+0x0000000100219400'
Event: 10.582 Thread 0x000002967f2702a0 Unloading class 0x0000000100219000 'java/lang/invoke/LambdaForm$DMH+0x0000000100219000'
Event: 10.582 Thread 0x000002967f2702a0 Unloading class 0x0000000100214400 'java/lang/invoke/LambdaForm$DMH+0x0000000100214400'

Classes redefined (0 events):
No events

Internal exceptions (20 events):
Event: 9.929 Thread 0x00000296052277f0 Exception <a 'java/lang/NoSuchMethodError'{0x00000000ebe99b28}: 'java.lang.Object java.lang.invoke.Invokers$Holder.invokeExact_MT(java.lang.Object, java.lang.Object, java.lang.Object, java.lang.Object)'> (0x00000000ebe99b28) 
thrown [s\src\hotspot\share\interpreter\linkResolver.cpp, line 759]
Event: 10.489 Thread 0x00000296052277f0 Exception <a 'java/lang/NoSuchMethodError'{0x00000000ebc58058}: 'int java.lang.invoke.DirectMethodHandle$Holder.invokeStaticInit(java.lang.Object, java.lang.Object, java.lang.Object)'> (0x00000000ebc58058) 
thrown [s\src\hotspot\share\interpreter\linkResolver.cpp, line 759]
Event: 10.505 Thread 0x00000296052277f0 Exception <a 'java/lang/IncompatibleClassChangeError'{0x00000000ebcbff00}: Found class java.lang.Object, but interface was expected> (0x00000000ebcbff00) 
thrown [s\src\hotspot\share\interpreter\linkResolver.cpp, line 826]
Event: 10.558 Thread 0x0000029605402a80 Exception <a 'java/io/FileNotFoundException'{0x00000000ebe1f738}> (0x00000000ebe1f738) 
thrown [s\src\hotspot\share\prims\jni.cpp, line 516]
Event: 11.339 Thread 0x00000296052277f0 Exception <a 'java/lang/ClassNotFoundException'{0x00000000ebec36c0}: com/sun/org/apache/xerces/internal/impl/msg/spi/DOMMessagesProvider> (0x00000000ebec36c0) 
thrown [s\src\hotspot\share\classfile\systemDictionary.cpp, line 256]
Event: 11.345 Thread 0x00000296052277f0 Exception <a 'java/lang/ClassNotFoundException'{0x00000000ebeea100}: com/sun/org/apache/xerces/internal/impl/msg/spi/XMLSerializerMessagesProvider> (0x00000000ebeea100) 
thrown [s\src\hotspot\share\classfile\systemDictionary.cpp, line 256]
Event: 11.347 Thread 0x00000296052277f0 Exception <a 'java/lang/ClassNotFoundException'{0x00000000ebef73d8}: com/sun/org/apache/xerces/internal/impl/msg/spi/XMLMessagesProvider> (0x00000000ebef73d8) 
thrown [s\src\hotspot\share\classfile\systemDictionary.cpp, line 256]
Event: 15.553 Thread 0x00000296052277f0 Exception <a 'java/lang/NoSuchMethodError'{0x00000000ec1b5040}: 'java.lang.Object java.lang.invoke.DirectMethodHandle$Holder.invokeStaticInit(java.lang.Object, int, int, int, int)'> (0x00000000ec1b5040) 
thrown [s\src\hotspot\share\interpreter\linkResolver.cpp, line 759]
Event: 15.660 Thread 0x00000296052277f0 Exception <a 'java/lang/NoSuchMethodError'{0x00000000ec30bac0}: 'java.lang.Object java.lang.invoke.DirectMethodHandle$Holder.invokeStaticInit(java.lang.Object, java.lang.Object, int, int, int, int)'> (0x00000000ec30bac0) 
thrown [s\src\hotspot\share\interpreter\linkResolver.cpp, line 759]
Event: 15.714 Thread 0x00000296052277f0 Implicit null exception at 0x0000029677d5d478 to 0x0000029677d5e0ec
Event: 15.811 Thread 0x00000296052277f0 Exception <a 'java/lang/ClassNotFoundException'{0x00000000ead7f028}: com/sun/org/apache/xml/internal/serializer/spi/XMLEntitiesProvider> (0x00000000ead7f028) 
thrown [s\src\hotspot\share\classfile\systemDictionary.cpp, line 256]
Event: 16.173 Thread 0x00000296052277f0 Exception <a 'java/io/FileNotFoundException'{0x00000000eb0ddad0}> (0x00000000eb0ddad0) 
thrown [s\src\hotspot\share\prims\jni.cpp, line 516]
Event: 17.623 Thread 0x00000296052277f0 Exception <a 'java/lang/UnsatisfiedLinkError'{0x00000000eb43a218}: The specified procedure could not be found.
> (0x00000000eb43a218) 
thrown [s\src\hotspot\share\prims\jni.cpp, line 535]
Event: 17.631 Thread 0x00000296052277f0 Exception <a 'java/io/FileNotFoundException'{0x00000000eb45d230}> (0x00000000eb45d230) 
thrown [s\src\hotspot\share\prims\jni.cpp, line 516]
Event: 17.658 Thread 0x00000296052277f0 Exception <a 'java/io/FileNotFoundException'{0x00000000eb4cfb40}> (0x00000000eb4cfb40) 
thrown [s\src\hotspot\share\prims\jni.cpp, line 516]
Event: 17.688 Thread 0x00000296052277f0 Exception <a 'java/lang/UnsatisfiedLinkError'{0x00000000eb55a988}: The specified procedure could not be found.
> (0x00000000eb55a988) 
thrown [s\src\hotspot\share\prims\jni.cpp, line 535]
Event: 17.790 Thread 0x000002966d544650 Exception <a 'java/lang/NoSuchMethodError'{0x00000000eb81a0b0}: 'void java.lang.invoke.DirectMethodHandle$Holder.invokeStatic(java.lang.Object, java.lang.Object, java.lang.Object, java.lang.Object)'> (0x00000000eb81a0b0) 
thrown [s\src\hotspot\share\interpreter\linkResolver.cpp, line 759]
Event: 17.980 Thread 0x000002966d544650 Exception <a 'java/lang/NoSuchMethodError'{0x00000000ebf70458}: 'void java.lang.invoke.DirectMethodHandle$Holder.invokeSpecial(java.lang.Object, java.lang.Object, java.lang.Object, java.lang.Object, java.lang.Object, java.lang.Object)'> (0x00000000ebf70458) 
thrown [s\src\hotspot\share\interpreter\linkResolver.cpp, line 759]
Event: 17.981 Thread 0x000002966d544650 Exception <a 'java/lang/NoSuchMethodError'{0x00000000ebf77b10}: 'java.lang.Object java.lang.invoke.DirectMethodHandle$Holder.newInvokeSpecial(java.lang.Object, java.lang.Object, java.lang.Object, java.lang.Object, java.lang.Object)'> (0x00000000ebf77b10) 
thrown [s\src\hotspot\share\interpreter\linkResolver.cpp, line 759]
Event: 18.176 Thread 0x0000029605400da0 Exception <a 'java/io/FileNotFoundException'{0x00000000eabffc70}> (0x00000000eabffc70) 
thrown [s\src\hotspot\share\prims\jni.cpp, line 516]

VM Operations (20 events):
Event: 12.461 Executing VM operation: HandshakeAllThreads
Event: 12.501 Executing VM operation: HandshakeAllThreads done
Event: 12.501 Executing VM operation: Cleanup
Event: 12.501 Executing VM operation: Cleanup done
Event: 14.502 Executing VM operation: Cleanup
Event: 14.542 Executing VM operation: Cleanup done
Event: 15.676 Executing VM operation: ParallelGCFailedAllocation
Event: 15.678 Executing VM operation: ParallelGCFailedAllocation done
Event: 15.947 Executing VM operation: HandshakeAllThreads
Event: 15.947 Executing VM operation: HandshakeAllThreads done
Event: 16.573 Executing VM operation: HandshakeAllThreads
Event: 16.573 Executing VM operation: HandshakeAllThreads done
Event: 17.579 Executing VM operation: Cleanup
Event: 17.611 Executing VM operation: Cleanup done
Event: 18.115 Executing VM operation: ParallelGCFailedAllocation
Event: 18.118 Executing VM operation: ParallelGCFailedAllocation done
Event: 19.121 Executing VM operation: Cleanup
Event: 19.233 Executing VM operation: Cleanup done
Event: 20.243 Executing VM operation: Cleanup
Event: 20.244 Executing VM operation: Cleanup done

Events (20 events):
Event: 19.250 loading class java/lang/invoke/VarHandleInts$FieldStaticReadOnly done
Event: 19.250 loading class java/lang/invoke/VarHandleInts$FieldStaticReadWrite done
Event: 19.250 loading class java/util/concurrent/ForkJoinPool$DefaultForkJoinWorkerThreadFactory
Event: 19.250 loading class java/util/concurrent/ForkJoinPool$ForkJoinWorkerThreadFactory
Event: 19.250 loading class java/util/concurrent/ForkJoinPool$ForkJoinWorkerThreadFactory done
Event: 19.250 loading class java/util/concurrent/ForkJoinPool$DefaultForkJoinWorkerThreadFactory done
Event: 19.250 loading class java/util/concurrent/ForkJoinPool$1
Event: 19.250 loading class java/util/concurrent/ForkJoinPool$1 done
Event: 19.250 loading class java/util/concurrent/ForkJoinPool$DefaultCommonPoolForkJoinWorkerThreadFactory
Event: 19.250 loading class java/util/concurrent/ForkJoinPool$DefaultCommonPoolForkJoinWorkerThreadFactory done
Event: 19.250 loading class java/util/concurrent/ForkJoinPool$WorkQueue
Event: 19.251 loading class java/util/concurrent/ForkJoinPool$WorkQueue done
Event: 19.251 loading class java/util/concurrent/CompletableFuture$Completion
Event: 19.251 loading class java/util/concurrent/CompletableFuture$AsynchronousCompletionTask
Event: 19.251 loading class java/util/concurrent/CompletableFuture$AsynchronousCompletionTask done
Event: 19.251 loading class java/util/concurrent/ForkJoinTask
Event: 19.252 loading class java/util/concurrent/ForkJoinTask done
Event: 19.252 loading class java/util/concurrent/CompletableFuture$Completion done
Event: 19.287 loading class javax/xml/parsers/FactoryConfigurationError
Event: 19.287 loading class javax/xml/parsers/FactoryConfigurationError done


Dynamic libraries:
0x00007ff7bce00000 - 0x00007ff7bce0e000 	c:\Users\SOHAIL AHMAD\.antigravity\extensions\redhat.java-1.12.0-win32-x64\jre\17.0.4.1-win32-x86_64\bin\java.exe
0x00007ffca1740000 - 0x00007ffca19a7000 	C:\WINDOWS\SYSTEM32\ntdll.dll
0x00007ffca03a0000 - 0x00007ffca0469000 	C:\WINDOWS\System32\KERNEL32.DLL
0x00007ffc9edf0000 - 0x00007ffc9f1e1000 	C:\WINDOWS\System32\KERNELBASE.dll
0x00007ffc9e890000 - 0x00007ffc9e9db000 	C:\WINDOWS\System32\ucrtbase.dll
0x00007ffc89030000 - 0x00007ffc89049000 	c:\Users\SOHAIL AHMAD\.antigravity\extensions\redhat.java-1.12.0-win32-x64\jre\17.0.4.1-win32-x86_64\bin\VCRUNTIME140.dll
0x00007ffc89270000 - 0x00007ffc89288000 	c:\Users\SOHAIL AHMAD\.antigravity\extensions\redhat.java-1.12.0-win32-x64\jre\17.0.4.1-win32-x86_64\bin\jli.dll
0x00007ffca0eb0000 - 0x00007ffca1075000 	C:\WINDOWS\System32\USER32.dll
0x00007ffc81a70000 - 0x00007ffc81d03000 	C:\WINDOWS\WinSxS\amd64_microsoft.windows.common-controls_6595b64144ccf1df_6.0.26100.8037_none_3e092faae333b53b\COMCTL32.dll
0x00007ffc9f400000 - 0x00007ffc9f427000 	C:\WINDOWS\System32\win32u.dll
0x00007ffca1170000 - 0x00007ffca1219000 	C:\WINDOWS\System32\msvcrt.dll
0x00007ffca0300000 - 0x00007ffca032b000 	C:\WINDOWS\System32\GDI32.dll
0x00007ffc9e9e0000 - 0x00007ffc9eb0b000 	C:\WINDOWS\System32\gdi32full.dll
0x00007ffc9f430000 - 0x00007ffc9f4d3000 	C:\WINDOWS\System32\msvcp_win.dll
0x00007ffca1090000 - 0x00007ffca10c1000 	C:\WINDOWS\System32\IMM32.DLL
0x00007ffc932e0000 - 0x00007ffc932ec000 	c:\Users\SOHAIL AHMAD\.antigravity\extensions\redhat.java-1.12.0-win32-x64\jre\17.0.4.1-win32-x86_64\bin\vcruntime140_1.dll
0x00007ffc5c2f0000 - 0x00007ffc5c381000 	c:\Users\SOHAIL AHMAD\.antigravity\extensions\redhat.java-1.12.0-win32-x64\jre\17.0.4.1-win32-x86_64\bin\msvcp140.dll
0x00007ffbc7930000 - 0x00007ffbc8576000 	c:\Users\SOHAIL AHMAD\.antigravity\extensions\redhat.java-1.12.0-win32-x64\jre\17.0.4.1-win32-x86_64\bin\server\jvm.dll
0x00007ffca1220000 - 0x00007ffca12db000 	C:\WINDOWS\System32\ADVAPI32.dll
0x00007ffca12f0000 - 0x00007ffca1397000 	C:\WINDOWS\System32\sechost.dll
0x00007ffca01e0000 - 0x00007ffca02f8000 	C:\WINDOWS\System32\RPCRT4.dll
0x00007ffca10d0000 - 0x00007ffca10d8000 	C:\WINDOWS\System32\PSAPI.DLL
0x00007ffc94550000 - 0x00007ffc94585000 	C:\WINDOWS\SYSTEM32\WINMM.dll
0x00007ffc94330000 - 0x00007ffc9433a000 	C:\WINDOWS\SYSTEM32\WSOCK32.dll
0x00007ffc93ce0000 - 0x00007ffc93ceb000 	C:\WINDOWS\SYSTEM32\VERSION.dll
0x00007ffca1540000 - 0x00007ffca15b4000 	C:\WINDOWS\System32\WS2_32.dll
0x00007ffc9cdb0000 - 0x00007ffc9cdcb000 	C:\WINDOWS\SYSTEM32\kernel.appcore.dll
0x00007ffc8e100000 - 0x00007ffc8e10a000 	c:\Users\SOHAIL AHMAD\.antigravity\extensions\redhat.java-1.12.0-win32-x64\jre\17.0.4.1-win32-x86_64\bin\jimage.dll
0x00007ffc87330000 - 0x00007ffc87572000 	C:\WINDOWS\SYSTEM32\DBGHELP.DLL
0x00007ffc9fd50000 - 0x00007ffca00d2000 	C:\WINDOWS\System32\combase.dll
0x00007ffca0660000 - 0x00007ffca0737000 	C:\WINDOWS\System32\OLEAUT32.dll
0x00007ffc7e1c0000 - 0x00007ffc7e1fb000 	C:\WINDOWS\SYSTEM32\dbgcore.DLL
0x00007ffc9ed40000 - 0x00007ffc9ede5000 	C:\WINDOWS\System32\bcryptPrimitives.dll
0x00007ffc8de50000 - 0x00007ffc8de5e000 	c:\Users\SOHAIL AHMAD\.antigravity\extensions\redhat.java-1.12.0-win32-x64\jre\17.0.4.1-win32-x86_64\bin\instrument.dll
0x00007ffc745a0000 - 0x00007ffc745c5000 	c:\Users\SOHAIL AHMAD\.antigravity\extensions\redhat.java-1.12.0-win32-x64\jre\17.0.4.1-win32-x86_64\bin\java.dll
0x00007ffc88bc0000 - 0x00007ffc88bd8000 	c:\Users\SOHAIL AHMAD\.antigravity\extensions\redhat.java-1.12.0-win32-x64\jre\17.0.4.1-win32-x86_64\bin\zip.dll
0x00007ffca0740000 - 0x00007ffca0e9f000 	C:\WINDOWS\System32\SHELL32.dll
0x00007ffc9eb10000 - 0x00007ffc9ec7a000 	C:\WINDOWS\System32\wintypes.dll
0x00007ffc9e020000 - 0x00007ffc9e884000 	C:\WINDOWS\System32\windows.storage.dll
0x00007ffca00e0000 - 0x00007ffca01d7000 	C:\WINDOWS\System32\SHCORE.dll
0x00007ffca0330000 - 0x00007ffca0397000 	C:\WINDOWS\System32\shlwapi.dll
0x00007ffc9df40000 - 0x00007ffc9df69000 	C:\WINDOWS\SYSTEM32\profapi.dll
0x00007ffc89010000 - 0x00007ffc89029000 	C:\Users\SOHAIL AHMAD\.antigravity\extensions\redhat.java-1.12.0-win32-x64\jre\17.0.4.1-win32-x86_64\bin\net.dll
0x00007ffc94420000 - 0x00007ffc94547000 	C:\WINDOWS\SYSTEM32\WINHTTP.dll
0x00007ffc9d320000 - 0x00007ffc9d38b000 	C:\WINDOWS\system32\mswsock.dll
0x00007ffc731d0000 - 0x00007ffc731e5000 	C:\Users\SOHAIL AHMAD\.antigravity\extensions\redhat.java-1.12.0-win32-x64\jre\17.0.4.1-win32-x86_64\bin\nio.dll
0x00007ffc8b8e0000 - 0x00007ffc8b8f0000 	c:\Users\SOHAIL AHMAD\.antigravity\extensions\redhat.java-1.12.0-win32-x64\jre\17.0.4.1-win32-x86_64\bin\verify.dll
0x00007ffc88a70000 - 0x00007ffc88aae000 	C:\Users\SOHAIL AHMAD\AppData\Roaming\Antigravity\User\globalStorage\redhat.java\1.12.0\config_ss_win\org.eclipse.equinox.launcher\org.eclipse.equinox.launcher.win32.win32.x86_64_1.2.600.v20220720-1916\eclipse_11700.dll
0x00007ffca13a0000 - 0x00007ffca1535000 	C:\WINDOWS\System32\ole32.dll
0x00007ffc9d600000 - 0x00007ffc9d61b000 	C:\WINDOWS\SYSTEM32\CRYPTSP.dll
0x00007ffc9cd10000 - 0x00007ffc9cd49000 	C:\WINDOWS\system32\rsaenh.dll
0x00007ffc9d3d0000 - 0x00007ffc9d402000 	C:\WINDOWS\SYSTEM32\USERENV.dll
0x00007ffc9df10000 - 0x00007ffc9df3a000 	C:\WINDOWS\SYSTEM32\bcrypt.dll
0x00007ffc9d620000 - 0x00007ffc9d62c000 	C:\WINDOWS\SYSTEM32\CRYPTBASE.dll
0x00007ffc9c730000 - 0x00007ffc9c763000 	C:\WINDOWS\SYSTEM32\IPHLPAPI.DLL
0x00007ffc9faf0000 - 0x00007ffc9fafa000 	C:\WINDOWS\System32\NSI.dll
0x00007ffc98b60000 - 0x00007ffc98b7d000 	C:\WINDOWS\SYSTEM32\dhcpcsvc6.DLL
0x00007ffc98b30000 - 0x00007ffc98b53000 	C:\WINDOWS\SYSTEM32\dhcpcsvc.DLL
0x00007ffc9c770000 - 0x00007ffc9c89a000 	C:\WINDOWS\SYSTEM32\DNSAPI.dll
0x00007ffc730a0000 - 0x00007ffc730e0000 	C:\Users\SOHAIL AHMAD\AppData\Local\Temp\jna-1494489537\jna704809519375816909.dll

dbghelp: loaded successfully - version: 4.0.5 - missing functions: none
symbol engine: initialized successfully - sym options: 0x614 - pdb path: .;c:\Users\SOHAIL AHMAD\.antigravity\extensions\redhat.java-1.12.0-win32-x64\jre\17.0.4.1-win32-x86_64\bin;C:\WINDOWS\SYSTEM32;C:\WINDOWS\WinSxS\amd64_microsoft.windows.common-controls_6595b64144ccf1df_6.0.26100.8037_none_3e092faae333b53b;c:\Users\SOHAIL AHMAD\.antigravity\extensions\redhat.java-1.12.0-win32-x64\jre\17.0.4.1-win32-x86_64\bin\server;C:\Users\SOHAIL AHMAD\AppData\Roaming\Antigravity\User\globalStorage\redhat.java\1.12.0\config_ss_win\org.eclipse.equinox.launcher\org.eclipse.equinox.launcher.win32.win32.x86_64_1.2.600.v20220720-1916;C:\Users\SOHAIL AHMAD\AppData\Local\Temp\jna-1494489537

VM Arguments:
jvm_args: --add-modules=ALL-SYSTEM --add-opens=java.base/java.util=ALL-UNNAMED --add-opens=java.base/java.lang=ALL-UNNAMED --add-opens=java.base/sun.nio.fs=ALL-UNNAMED -Declipse.application=org.eclipse.jdt.ls.core.id1 -Dosgi.bundles.defaultStartLevel=4 -Declipse.product=org.eclipse.jdt.ls.core.product -Djava.import.generatesMetadataFilesAtProjectRoot=false -Dfile.encoding=utf8 -XX:+UseParallelGC -XX:GCTimeRatio=4 -XX:AdaptiveSizePolicyWeight=90 -Dsun.zip.disableMemoryMapping=true -Xmx1G -Xms100m -Xlog:disable -javaagent:c:\Users\SOHAIL AHMAD\.antigravity\extensions\redhat.java-1.12.0-win32-x64\lombok\lombok-1.18.24.jar 
java_command: c:\Users\SOHAIL AHMAD\.antigravity\extensions\redhat.java-1.12.0-win32-x64\server\plugins\org.eclipse.equinox.launcher_1.6.400.v20210924-0641.jar -configuration c:\Users\SOHAIL AHMAD\AppData\Roaming\Antigravity\User\globalStorage\redhat.java\1.12.0\config_ss_win -data c:\Users\SOHAIL AHMAD\AppData\Roaming\Antigravity\User\workspaceStorage\e93f37d5df380cb2e825645f6b524362\redhat.java\ss_ws
java_class_path (initial): c:\Users\SOHAIL AHMAD\.antigravity\extensions\redhat.java-1.12.0-win32-x64\server\plugins\org.eclipse.equinox.launcher_1.6.400.v20210924-0641.jar
Launcher Type: SUN_STANDARD

[Global flags]
    uintx AdaptiveSizePolicyWeight                 = 90                                        {product} {command line}
     intx CICompilerCount                          = 4                                         {product} {ergonomic}
    uintx GCTimeRatio                              = 4                                         {product} {command line}
   size_t InitialHeapSize                          = 104857600                                 {product} {command line}
   size_t MaxHeapSize                              = 1073741824                                {product} {command line}
   size_t MaxNewSize                               = 357564416                                 {product} {ergonomic}
   size_t MinHeapDeltaBytes                        = 524288                                    {product} {ergonomic}
   size_t MinHeapSize                              = 104857600                                 {product} {command line}
   size_t NewSize                                  = 34603008                                  {product} {ergonomic}
    uintx NonNMethodCodeHeapSize                   = 5839372                                {pd product} {ergonomic}
    uintx NonProfiledCodeHeapSize                  = 122909434                              {pd product} {ergonomic}
   size_t OldSize                                  = 70254592                                  {product} {ergonomic}
    uintx ProfiledCodeHeapSize                     = 122909434                              {pd product} {ergonomic}
    uintx ReservedCodeCacheSize                    = 251658240                              {pd product} {ergonomic}
     bool SegmentedCodeCache                       = true                                      {product} {ergonomic}
   size_t SoftMaxHeapSize                          = 1073741824                             {manageable} {ergonomic}
     bool UseCompressedClassPointers               = true                           {product lp64_product} {ergonomic}
     bool UseCompressedOops                        = true                           {product lp64_product} {ergonomic}
     bool UseLargePagesIndividualAllocation        = false                                  {pd product} {ergonomic}
     bool UseParallelGC                            = true                                      {product} {command line}

Logging:
Log output configuration:
 #0: stdout all=off uptime,level,tags
 #1: stderr all=off uptime,level,tags

Environment Variables:
PATH=C:\Program Files\Common Files\Oracle\Java\javapath;C:\Python313\Scripts\;C:\Python313\;C:\Program Files\Python312\Scripts\;C:\Program Files\Python312\;C:\WINDOWS\system32;C:\WINDOWS;C:\WINDOWS\System32\Wbem;C:\WINDOWS\System32\WindowsPowerShell\v1.0\;C:\WINDOWS\System32\OpenSSH\;C:\Program Files\Git\cmd;C:\mingw64\bin;C:\php8.3;C:\ProgramData\ComposerSetup\bin;C:\ProgramData\chocolatey\bin;C:\nvm;C:\nvm4w\nodejs;C:\Program Files\cursor\resources\app\bin;C:\Users\SOHAIL AHMAD\AppData\Local\Microsoft\WindowsApps;C:\Users\SOHAIL AHMAD\AppData\Local\Programs\Microsoft VS Code\bin;C:\php8.3;C:\mingw64\bin;C:\Users\SOHAIL AHMAD\AppData\Roaming\Composer\vendor\bin;C:\Users\SOHAIL AHMAD\AppData\Roaming\npm;C:\nvm;C:\nvm4w\nodejs;C:\Program Files\MongoDB\Server\8.2\bin;C:\Program Files\MongoDB\mongosh-2.5.8-win32-x64\bin;C:\Users\SOHAIL AHMAD\AppData\Local\Programs\Antigravity\bin
USERNAME=SOHAIL AHMAD
OS=Windows_NT
PROCESSOR_IDENTIFIER=AMD64 Family 23 Model 160 Stepping 0, AuthenticAMD
TMP=C:\Users\SOHAIL~1\AppData\Local\Temp
TEMP=C:\Users\SOHAIL~1\AppData\Local\Temp



---------------  S Y S T E M  ---------------

OS:
 Windows 11 , 64 bit Build 26100 (10.0.26100.7920)
OS uptime: 0 days 20:42 hours
Hyper-V role detected

CPU: total 8 (initial active 8) (8 cores per cpu, 2 threads per core) family 23 model 160 stepping 0 microcode 0x8a00006, cx8, cmov, fxsr, ht, mmx, 3dnowpref, sse, sse2, sse3, ssse3, sse4a, sse4.1, sse4.2, popcnt, lzcnt, tsc, tscinvbit, avx, avx2, aes, clmul, bmi1, bmi2, adx, sha, fma, vzeroupper, clflush, clflushopt, hv

Memory: 4k page, system-wide physical 5965M (389M free)
TotalPageFile size 24397M (AvailPageFile size 2M)
current process WorkingSet (physical memory assigned to process): 160M, peak: 160M
current process commit charge ("private bytes"): 253M, peak: 254M

vm_info: OpenJDK 64-Bit Server VM (17.0.4.1+1) for windows-amd64 JRE (17.0.4.1+1), built on Aug 17 2022 07:42:43 by "temurin" with MS VC++ 16.7 (VS2019)

END.
