#
# There is insufficient memory for the Java Runtime Environment to continue.
# Native memory allocation (malloc) failed to allocate 2230112 bytes for Chunk::new
# Possible reasons:
#   The system is out of physical RAM or swap space
#   The process is running with CompressedOops enabled, and the Java Heap may be blocking the growth of the native heap
# Possible solutions:
#   Reduce memory load on the system
#   Increase physical memory or swap space
#   Check if swap backing store is full
#   Decrease Java heap size (-Xmx/-Xms)
#   Decrease number of Java threads
#   Decrease Java thread stack sizes (-Xss)
#   Set larger code cache with -XX:ReservedCodeCacheSize=
#   JVM is running with Unscaled Compressed Oops mode in which the Java heap is
#     placed in the first 4GB address space. The Java Heap base address is the
#     maximum limit for the native heap growth. Please use -XX:HeapBaseMinAddress
#     to set the Java Heap base and to place the Java Heap above 4GB virtual address.
# This output file may be truncated or incomplete.
#
#  Out of Memory Error (arena.cpp:189), pid=15756, tid=14868
#
# JRE version: OpenJDK Runtime Environment Temurin-17.0.4.1+1 (17.0.4.1+1) (build 17.0.4.1+1)
# Java VM: OpenJDK 64-Bit Server VM Temurin-17.0.4.1+1 (17.0.4.1+1, mixed mode, tiered, compressed oops, compressed class ptrs, parallel gc, windows-amd64)
# No core dump will be written. Minidumps are not enabled by default on client versions of Windows
#

---------------  S U M M A R Y ------------

Command Line: --add-modules=ALL-SYSTEM --add-opens=java.base/java.util=ALL-UNNAMED --add-opens=java.base/java.lang=ALL-UNNAMED --add-opens=java.base/sun.nio.fs=ALL-UNNAMED -Declipse.application=org.eclipse.jdt.ls.core.id1 -Dosgi.bundles.defaultStartLevel=4 -Declipse.product=org.eclipse.jdt.ls.core.product -Djava.import.generatesMetadataFilesAtProjectRoot=false -Dfile.encoding=utf8 -XX:+UseParallelGC -XX:GCTimeRatio=4 -XX:AdaptiveSizePolicyWeight=90 -Dsun.zip.disableMemoryMapping=true -Xmx1G -Xms100m -Xlog:disable -javaagent:c:\Users\SOHAIL AHMAD\.antigravity\extensions\redhat.java-1.12.0-win32-x64\lombok\lombok-1.18.24.jar -XX:+HeapDumpOnOutOfMemoryError -XX:HeapDumpPath=c:\Users\SOHAIL AHMAD\AppData\Roaming\Antigravity\User\workspaceStorage\e93f37d5df380cb2e825645f6b524362\redhat.java c:\Users\SOHAIL AHMAD\.antigravity\extensions\redhat.java-1.12.0-win32-x64\server\plugins\org.eclipse.equinox.launcher_1.6.400.v20210924-0641.jar -configuration c:\Users\SOHAIL AHMAD\AppData\Roaming\Antigravity\User\globalStorage\redhat.java\1.12.0\config_win -data c:\Users\SOHAIL AHMAD\AppData\Roaming\Antigravity\User\workspaceStorage\e93f37d5df380cb2e825645f6b524362\redhat.java\jdt_ws

Host: AMD Ryzen 3 7320U with Radeon Graphics         , 8 cores, 5G,  Windows 11 , 64 bit Build 26100 (10.0.26100.7920)
Time: Thu Mar 19 19:24:18 2026 India Standard Time elapsed time: 12.073758 seconds (0d 0h 0m 12s)

---------------  T H R E A D  ---------------

Current thread (0x000002587cb17000):  JavaThread "C2 CompilerThread0" daemon [_thread_in_native, id=14868, stack(0x0000006e21a00000,0x0000006e21b00000)]


Current CompileTask:
C2:  12073 6057   !   4       org.eclipse.osgi.internal.loader.classpath.ClasspathManager::defineClass (636 bytes)

Stack: [0x0000006e21a00000,0x0000006e21b00000]
Native frames: (J=compiled Java code, j=interpreted, Vv=VM code, C=native code)
V  [jvm.dll+0x67731a]
V  [jvm.dll+0x832284]
V  [jvm.dll+0x833a2e]
V  [jvm.dll+0x834093]
V  [jvm.dll+0x245775]
V  [jvm.dll+0xabd7b]
V  [jvm.dll+0xac30c]
V  [jvm.dll+0x363a97]
V  [jvm.dll+0x1bbf38]
V  [jvm.dll+0x2187d9]
V  [jvm.dll+0x217aa1]
V  [jvm.dll+0x1a3f8d]
V  [jvm.dll+0x227498]
V  [jvm.dll+0x2255e5]
V  [jvm.dll+0x7e7e9b]
V  [jvm.dll+0x7e240a]
V  [jvm.dll+0x6761a5]
C  [ucrtbase.dll+0x37b0]
C  [KERNEL32.DLL+0x2e8d7]
C  [ntdll.dll+0x8c48c]


---------------  P R O C E S S  ---------------

Threads class SMR info:
_java_thread_list=0x000002587ddcc180, length=37, elements={
0x00000258761f5c50, 0x000002587b0751b0, 0x000002587b0771a0, 0x000002587cb116b0,
0x000002587cb11f70, 0x000002587cb13b40, 0x000002587cb16410, 0x000002587cb17000,
0x000002587cb50e80, 0x000002587b07c4c0, 0x000002587cb8ace0, 0x000002587ce04c00,
0x000002587e239910, 0x000002587e208940, 0x000002587e205f30, 0x000002587edbca20,
0x000002587f2c0010, 0x000002587f3d0110, 0x000002587f3cdf60, 0x000002587f3d0ab0,
0x000002587f3d0f80, 0x000002587f3ce900, 0x000002587f3cfc40, 0x000002587f3d1920,
0x000002587f3ce430, 0x000002587f3cf2a0, 0x000002587f3cf770, 0x000002580ffe4560,
0x000002580ffe2d50, 0x000002580ffe36f0, 0x000002580ffe3220, 0x000002580ffe1ee0,
0x000002580ffe23b0, 0x000002580ffe3bc0, 0x000002580ffe4a30, 0x000002580ffe1070,
0x00000258106b8d70
}

Java Threads: ( => current thread )
  0x00000258761f5c50 JavaThread "main" [_thread_blocked, id=3768, stack(0x0000006e21100000,0x0000006e21200000)]
  0x000002587b0751b0 JavaThread "Reference Handler" daemon [_thread_blocked, id=2448, stack(0x0000006e21400000,0x0000006e21500000)]
  0x000002587b0771a0 JavaThread "Finalizer" daemon [_thread_blocked, id=16880, stack(0x0000006e21500000,0x0000006e21600000)]
  0x000002587cb116b0 JavaThread "Signal Dispatcher" daemon [_thread_blocked, id=14968, stack(0x0000006e21600000,0x0000006e21700000)]
  0x000002587cb11f70 JavaThread "Attach Listener" daemon [_thread_blocked, id=16156, stack(0x0000006e21700000,0x0000006e21800000)]
  0x000002587cb13b40 JavaThread "Service Thread" daemon [_thread_blocked, id=21368, stack(0x0000006e21800000,0x0000006e21900000)]
  0x000002587cb16410 JavaThread "Monitor Deflation Thread" daemon [_thread_blocked, id=24440, stack(0x0000006e21900000,0x0000006e21a00000)]
=>0x000002587cb17000 JavaThread "C2 CompilerThread0" daemon [_thread_in_native, id=14868, stack(0x0000006e21a00000,0x0000006e21b00000)]
  0x000002587cb50e80 JavaThread "C1 CompilerThread0" daemon [_thread_blocked, id=21728, stack(0x0000006e21b00000,0x0000006e21c00000)]
  0x000002587b07c4c0 JavaThread "Sweeper thread" daemon [_thread_blocked, id=23728, stack(0x0000006e21c00000,0x0000006e21d00000)]
  0x000002587cb8ace0 JavaThread "Common-Cleaner" daemon [_thread_blocked, id=17864, stack(0x0000006e21d00000,0x0000006e21e00000)]
  0x000002587ce04c00 JavaThread "Notification Thread" daemon [_thread_blocked, id=860, stack(0x0000006e21f00000,0x0000006e22000000)]
  0x000002587e239910 JavaThread "Active Thread: Equinox Container: 5eeb5f5f-1640-4686-aa46-86742e483258" [_thread_blocked, id=15228, stack(0x0000006e22700000,0x0000006e22800000)]
  0x000002587e208940 JavaThread "Framework Event Dispatcher: Equinox Container: 5eeb5f5f-1640-4686-aa46-86742e483258" daemon [_thread_blocked, id=22116, stack(0x0000006e22800000,0x0000006e22900000)]
  0x000002587e205f30 JavaThread "Start Level: Equinox Container: 5eeb5f5f-1640-4686-aa46-86742e483258" daemon [_thread_blocked, id=13228, stack(0x0000006e22900000,0x0000006e22a00000)]
  0x000002587edbca20 JavaThread "SCR Component Actor" daemon [_thread_blocked, id=14728, stack(0x0000006e22a00000,0x0000006e22b00000)]
  0x000002587f2c0010 JavaThread "Worker-JM" [_thread_blocked, id=17744, stack(0x0000006e22e00000,0x0000006e22f00000)]
  0x000002587f3d0110 JavaThread "Worker-0" [_thread_blocked, id=15284, stack(0x0000006e22f00000,0x0000006e23000000)]
  0x000002587f3cdf60 JavaThread "Worker-1: Initialize workspace" [_thread_blocked, id=21540, stack(0x0000006e22600000,0x0000006e22700000)]
  0x000002587f3d0ab0 JavaThread "Java indexing" daemon [_thread_blocked, id=9552, stack(0x0000006e23000000,0x0000006e23100000)]
  0x000002587f3d0f80 JavaThread "JNA Cleaner" daemon [_thread_blocked, id=8680, stack(0x0000006e23100000,0x0000006e23200000)]
  0x000002587f3ce900 JavaThread "pool-2-thread-1" [_thread_blocked, id=13668, stack(0x0000006e23400000,0x0000006e23500000)]
  0x000002587f3cfc40 JavaThread "pool-1-thread-1" [_thread_blocked, id=7924, stack(0x0000006e23500000,0x0000006e23600000)]
  0x000002587f3d1920 JavaThread "Worker-2" [_thread_blocked, id=18832, stack(0x0000006e23600000,0x0000006e23700000)]
  0x000002587f3ce430 JavaThread "Worker-3: Refreshing workspace" [_thread_blocked, id=18024, stack(0x0000006e23700000,0x0000006e23800000)]
  0x000002587f3cf2a0 JavaThread "Worker-4" [_thread_blocked, id=17272, stack(0x0000006e23800000,0x0000006e23900000)]
  0x000002587f3cf770 JavaThread "ForkJoinPool.commonPool-worker-1" daemon [_thread_in_native, id=17540, stack(0x0000006e23900000,0x0000006e23a00000)]
  0x000002580ffe4560 JavaThread "Compiler Source File Reader" daemon [_thread_blocked, id=18768, stack(0x0000006e22d00000,0x0000006e22e00000)]
  0x000002580ffe2d50 JavaThread "Compiler Source File Reader" daemon [_thread_blocked, id=22180, stack(0x0000006e23a00000,0x0000006e23b00000)]
  0x000002580ffe36f0 JavaThread "Compiler Source File Reader" daemon [_thread_blocked, id=11944, stack(0x0000006e23b00000,0x0000006e23c00000)]
  0x000002580ffe3220 JavaThread "Compiler Source File Reader" daemon [_thread_blocked, id=19308, stack(0x0000006e23c00000,0x0000006e23d00000)]
  0x000002580ffe1ee0 JavaThread "Compiler Source File Reader" daemon [_thread_blocked, id=9648, stack(0x0000006e23d00000,0x0000006e23e00000)]
  0x000002580ffe23b0 JavaThread "Compiler Source File Reader" daemon [_thread_blocked, id=20856, stack(0x0000006e23e00000,0x0000006e23f00000)]
  0x000002580ffe3bc0 JavaThread "Compiler Source File Reader" daemon [_thread_blocked, id=13272, stack(0x0000006e23f00000,0x0000006e24000000)]
  0x000002580ffe4a30 JavaThread "Compiler Source File Reader" daemon [_thread_blocked, id=23264, stack(0x0000006e24000000,0x0000006e24100000)]
  0x000002580ffe1070 JavaThread "Compiler Source File Reader" daemon [_thread_blocked, id=11596, stack(0x0000006e24100000,0x0000006e24200000)]
  0x00000258106b8d70 JavaThread "C2 CompilerThread1" daemon [_thread_in_native, id=4832, stack(0x0000006e24200000,0x0000006e24300000)]

Other Threads:
  0x000002587cb00c20 VMThread "VM Thread" [stack: 0x0000006e21300000,0x0000006e21400000] [id=18876]
  0x000002587ce050d0 WatcherThread [stack: 0x0000006e22000000,0x0000006e22100000] [id=7540]
  0x000002587620ab30 GCTaskThread "GC Thread#0" [stack: 0x0000006e21200000,0x0000006e21300000] [id=13704]
  0x000002587e137b20 GCTaskThread "GC Thread#1" [stack: 0x0000006e22100000,0x0000006e22200000] [id=17216]
  0x000002587dade350 GCTaskThread "GC Thread#2" [stack: 0x0000006e22200000,0x0000006e22300000] [id=24236]
  0x000002587dade600 GCTaskThread "GC Thread#3" [stack: 0x0000006e22300000,0x0000006e22400000] [id=22944]
  0x000002587dade8b0 GCTaskThread "GC Thread#4" [stack: 0x0000006e22400000,0x0000006e22500000] [id=18684]
  0x000002587dadeb60 GCTaskThread "GC Thread#5" [stack: 0x0000006e22500000,0x0000006e22600000] [id=18068]
  0x000002587f1fd750 GCTaskThread "GC Thread#6" [stack: 0x0000006e22b00000,0x0000006e22c00000] [id=9268]
  0x000002587f1d3eb0 GCTaskThread "GC Thread#7" [stack: 0x0000006e22c00000,0x0000006e22d00000] [id=10204]

Threads with active compile tasks:
C2 CompilerThread0    12118 6057   !   4       org.eclipse.osgi.internal.loader.classpath.ClasspathManager::defineClass (636 bytes)
C2 CompilerThread1    12118 6092       4       java.util.WeakHashMap::remove (131 bytes)

VM state: not at safepoint (normal execution)

VM Mutex/Monitor currently owned by a thread: None

Heap address: 0x00000000c0000000, size: 1024 MB, Compressed Oops mode: 32-bit

CDS archive(s) not mapped
Compressed class space mapped at: 0x0000000100000000-0x0000000140000000, reserved size: 1073741824
Narrow klass base: 0x0000000000000000, Narrow klass shift: 3, Narrow klass range: 0x140000000

GC Precious Log:
 CPUs: 8 total, 8 available
 Memory: 5965M
 Large Page Support: Disabled
 NUMA Support: Disabled
 Compressed Oops: Enabled (32-bit)
 Alignments: Space 512K, Generation 512K, Heap 2M
 Heap Min Capacity: 100M
 Heap Initial Capacity: 100M
 Heap Max Capacity: 1G
 Pre-touch: Disabled
 Parallel Workers: 8

Heap:
 PSYoungGen      total 17408K, used 10150K [0x00000000eab00000, 0x00000000ebd80000, 0x0000000100000000)
  eden space 16896K, 58% used [0x00000000eab00000,0x00000000eb499b28,0x00000000ebb80000)
  from space 512K, 62% used [0x00000000ebd00000,0x00000000ebd50000,0x00000000ebd80000)
  to   space 1024K, 0% used [0x00000000ebb80000,0x00000000ebb80000,0x00000000ebc80000)
 ParOldGen       total 68608K, used 43463K [0x00000000c0000000, 0x00000000c4300000, 0x00000000eab00000)
  object space 68608K, 63% used [0x00000000c0000000,0x00000000c2a71e58,0x00000000c4300000)
 Metaspace       used 52571K, committed 53504K, reserved 1097728K
  class space    used 5653K, committed 6080K, reserved 1048576K

Card table byte_map: [0x0000025875ba0000,0x0000025875db0000] _byte_map_base: 0x00000258755a0000

Marking Bits: (ParMarkBitMap*) 0x00007ffbd75b2cc0
 Begin Bits: [0x0000025878e80000, 0x0000025879e80000)
 End Bits:   [0x0000025879e80000, 0x000002587ae80000)

Polling page: 0x0000025874140000

Metaspace:

Usage:
  Non-class:     45.82 MB used.
      Class:      5.52 MB used.
       Both:     51.34 MB used.

Virtual space:
  Non-class space:       48.00 MB reserved,      46.31 MB ( 96%) committed,  6 nodes.
      Class space:        1.00 GB reserved,       5.94 MB ( <1%) committed,  1 nodes.
             Both:        1.05 GB reserved,      52.25 MB (  5%) committed. 

Chunk freelists:
   Non-Class:  1.64 MB
       Class:  1.89 MB
        Both:  3.53 MB

MaxMetaspaceSize: unlimited
CompressedClassSpaceSize: 1.00 GB
Initial GC threshold: 21.00 MB
Current GC threshold: 58.38 MB
CDS: off
MetaspaceReclaimPolicy: balanced
 - commit_granule_bytes: 65536.
 - commit_granule_words: 8192.
 - virtual_space_node_default_size: 1048576.
 - enlarge_chunks_in_place: 1.
 - new_chunks_are_fully_committed: 0.
 - uncommit_free_chunks: 1.
 - use_allocation_guard: 0.
 - handle_deallocations: 1.


Internal statistics:

num_allocs_failed_limit: 8.
num_arena_births: 622.
num_arena_deaths: 14.
num_vsnodes_births: 7.
num_vsnodes_deaths: 0.
num_space_committed: 836.
num_space_uncommitted: 0.
num_chunks_returned_to_freelist: 22.
num_chunks_taken_from_freelist: 2594.
num_chunk_merges: 12.
num_chunk_splits: 1660.
num_chunks_enlarged: 1015.
num_purges: 2.
num_inconsistent_stats: 0.

CodeHeap 'non-profiled nmethods': size=120000Kb used=2651Kb max_used=2651Kb free=117348Kb
 bounds [0x0000025807ad0000, 0x0000025807d70000, 0x000002580f000000]
CodeHeap 'profiled nmethods': size=120000Kb used=12234Kb max_used=12234Kb free=107765Kb
 bounds [0x00000258005a0000, 0x00000258011a0000, 0x0000025807ad0000]
CodeHeap 'non-nmethods': size=5760Kb used=1294Kb max_used=1333Kb free=4465Kb
 bounds [0x0000025800000000, 0x0000025800270000, 0x00000258005a0000]
 total_blobs=6666 nmethods=6041 adapters=539
 compilation: enabled
              stopped_count=0, restarted_count=0
 full_count=0

Compilation events (20 events):
Event: 10.954 Thread 0x000002587cb50e80 6164       3       java.lang.PublicMethods$Key::<init> (24 bytes)
Event: 10.954 Thread 0x000002587cb50e80 nmethod 6164 0x0000025801186110 code [0x00000258011862c0, 0x0000025801186598]
Event: 10.954 Thread 0x000002587cb50e80 6165       3       jdk.internal.org.objectweb.asm.SymbolTable::hash (7 bytes)
Event: 10.954 Thread 0x000002587cb50e80 nmethod 6165 0x0000025801186790 code [0x0000025801186920, 0x0000025801186a18]
Event: 10.975 Thread 0x000002587cb50e80 6167       3       java.io.InputStream::readNBytes (53 bytes)
Event: 10.976 Thread 0x000002587cb50e80 nmethod 6167 0x0000025801186a90 code [0x0000025801186c60, 0x0000025801187118]
Event: 10.987 Thread 0x000002587cb50e80 6168       3       java.util.jar.JarFile::<init> (95 bytes)
Event: 10.988 Thread 0x000002587cb50e80 nmethod 6168 0x0000025801187310 code [0x00000258011875e0, 0x0000025801188528]
Event: 10.998 Thread 0x000002587cb50e80 6169   !   3       java.util.jar.JarFile::getBytes (186 bytes)
Event: 10.999 Thread 0x000002587cb50e80 nmethod 6169 0x0000025801188a10 code [0x0000025801188d80, 0x000002580118a178]
Event: 11.001 Thread 0x000002587cb50e80 6170       3       java.util.jar.JarFile::getManEntry (39 bytes)
Event: 11.002 Thread 0x000002587cb50e80 nmethod 6170 0x000002580118ac10 code [0x000002580118ade0, 0x000002580118b158]
Event: 11.002 Thread 0x000002587cb50e80 6171       3       java.util.Collections$SingletonSet::iterator (8 bytes)
Event: 11.002 Thread 0x000002587cb50e80 nmethod 6171 0x000002580118b290 code [0x000002580118b440, 0x000002580118b6d8]
Event: 11.006 Thread 0x000002587cb50e80 6172   !   3       sun.net.www.protocol.jar.Handler::parseAbsoluteSpec (85 bytes)
Event: 11.007 Thread 0x000002587cb50e80 nmethod 6172 0x000002580118b810 code [0x000002580118bb00, 0x000002580118c838]
Event: 11.025 Thread 0x000002587cb50e80 6173   !   3       jdk.internal.loader.URLClassPath::check (125 bytes)
Event: 11.026 Thread 0x000002587cb50e80 nmethod 6173 0x000002580118cd90 code [0x000002580118d040, 0x000002580118dfc8]
Event: 11.043 Thread 0x000002587cb50e80 6176   !   2       lombok.launch.ShadowClassLoader::getOrMakeJarListing (193 bytes)
Event: 11.044 Thread 0x000002587cb50e80 nmethod 6176 0x000002580118e490 code [0x000002580118e740, 0x000002580118eec8]

GC Heap History (20 events):
Event: 8.220 GC heap before
{Heap before GC invocations=23 (full 2):
 PSYoungGen      total 20992K, used 20960K [0x00000000eab00000, 0x00000000ec200000, 0x0000000100000000)
  eden space 19456K, 100% used [0x00000000eab00000,0x00000000ebe00000,0x00000000ebe00000)
  from space 1536K, 97% used [0x00000000ec080000,0x00000000ec1f8000,0x00000000ec200000)
  to   space 2048K, 0% used [0x00000000ebe00000,0x00000000ebe00000,0x00000000ec000000)
 ParOldGen       total 68608K, used 29474K [0x00000000c0000000, 0x00000000c4300000, 0x00000000eab00000)
  object space 68608K, 42% used [0x00000000c0000000,0x00000000c1cc88d0,0x00000000c4300000)
 Metaspace       used 47049K, committed 48000K, reserved 1097728K
  class space    used 5072K, committed 5504K, reserved 1048576K
}
Event: 8.222 GC heap after
{Heap after GC invocations=23 (full 2):
 PSYoungGen      total 21504K, used 672K [0x00000000eab00000, 0x00000000ec100000, 0x0000000100000000)
  eden space 19456K, 0% used [0x00000000eab00000,0x00000000eab00000,0x00000000ebe00000)
  from space 2048K, 32% used [0x00000000ebe00000,0x00000000ebea8000,0x00000000ec000000)
  to   space 1024K, 0% used [0x00000000ec000000,0x00000000ec000000,0x00000000ec100000)
 ParOldGen       total 68608K, used 30914K [0x00000000c0000000, 0x00000000c4300000, 0x00000000eab00000)
  object space 68608K, 45% used [0x00000000c0000000,0x00000000c1e308d0,0x00000000c4300000)
 Metaspace       used 47049K, committed 48000K, reserved 1097728K
  class space    used 5072K, committed 5504K, reserved 1048576K
}
Event: 8.679 GC heap before
{Heap before GC invocations=24 (full 2):
 PSYoungGen      total 21504K, used 20128K [0x00000000eab00000, 0x00000000ec100000, 0x0000000100000000)
  eden space 19456K, 100% used [0x00000000eab00000,0x00000000ebe00000,0x00000000ebe00000)
  from space 2048K, 32% used [0x00000000ebe00000,0x00000000ebea8000,0x00000000ec000000)
  to   space 1024K, 0% used [0x00000000ec000000,0x00000000ec000000,0x00000000ec100000)
 ParOldGen       total 68608K, used 30914K [0x00000000c0000000, 0x00000000c4300000, 0x00000000eab00000)
  object space 68608K, 45% used [0x00000000c0000000,0x00000000c1e308d0,0x00000000c4300000)
 Metaspace       used 47994K, committed 48896K, reserved 1097728K
  class space    used 5159K, committed 5568K, reserved 1048576K
}
Event: 8.682 GC heap after
{Heap after GC invocations=24 (full 2):
 PSYoungGen      total 19968K, used 1008K [0x00000000eab00000, 0x00000000ec300000, 0x0000000100000000)
  eden space 18944K, 0% used [0x00000000eab00000,0x00000000eab00000,0x00000000ebd80000)
  from space 1024K, 98% used [0x00000000ec000000,0x00000000ec0fc010,0x00000000ec100000)
  to   space 2560K, 0% used [0x00000000ebd80000,0x00000000ebd80000,0x00000000ec000000)
 ParOldGen       total 68608K, used 31790K [0x00000000c0000000, 0x00000000c4300000, 0x00000000eab00000)
  object space 68608K, 46% used [0x00000000c0000000,0x00000000c1f0b880,0x00000000c4300000)
 Metaspace       used 47994K, committed 48896K, reserved 1097728K
  class space    used 5159K, committed 5568K, reserved 1048576K
}
Event: 8.770 GC heap before
{Heap before GC invocations=25 (full 2):
 PSYoungGen      total 19968K, used 19952K [0x00000000eab00000, 0x00000000ec300000, 0x0000000100000000)
  eden space 18944K, 100% used [0x00000000eab00000,0x00000000ebd80000,0x00000000ebd80000)
  from space 1024K, 98% used [0x00000000ec000000,0x00000000ec0fc010,0x00000000ec100000)
  to   space 2560K, 0% used [0x00000000ebd80000,0x00000000ebd80000,0x00000000ec000000)
 ParOldGen       total 68608K, used 31790K [0x00000000c0000000, 0x00000000c4300000, 0x00000000eab00000)
  object space 68608K, 46% used [0x00000000c0000000,0x00000000c1f0b880,0x00000000c4300000)
 Metaspace       used 48028K, committed 48896K, reserved 1097728K
  class space    used 5164K, committed 5568K, reserved 1048576K
}
Event: 8.773 GC heap after
{Heap after GC invocations=25 (full 2):
 PSYoungGen      total 21504K, used 2080K [0x00000000eab00000, 0x00000000ec280000, 0x0000000100000000)
  eden space 18944K, 0% used [0x00000000eab00000,0x00000000eab00000,0x00000000ebd80000)
  from space 2560K, 81% used [0x00000000ebd80000,0x00000000ebf88020,0x00000000ec000000)
  to   space 2560K, 0% used [0x00000000ec000000,0x00000000ec000000,0x00000000ec280000)
 ParOldGen       total 68608K, used 32761K [0x00000000c0000000, 0x00000000c4300000, 0x00000000eab00000)
  object space 68608K, 47% used [0x00000000c0000000,0x00000000c1ffe4e0,0x00000000c4300000)
 Metaspace       used 48028K, committed 48896K, reserved 1097728K
  class space    used 5164K, committed 5568K, reserved 1048576K
}
Event: 8.881 GC heap before
{Heap before GC invocations=26 (full 2):
 PSYoungGen      total 21504K, used 21024K [0x00000000eab00000, 0x00000000ec280000, 0x0000000100000000)
  eden space 18944K, 100% used [0x00000000eab00000,0x00000000ebd80000,0x00000000ebd80000)
  from space 2560K, 81% used [0x00000000ebd80000,0x00000000ebf88020,0x00000000ec000000)
  to   space 2560K, 0% used [0x00000000ec000000,0x00000000ec000000,0x00000000ec280000)
 ParOldGen       total 68608K, used 32761K [0x00000000c0000000, 0x00000000c4300000, 0x00000000eab00000)
  object space 68608K, 47% used [0x00000000c0000000,0x00000000c1ffe4e0,0x00000000c4300000)
 Metaspace       used 48070K, committed 49024K, reserved 1097728K
  class space    used 5164K, committed 5568K, reserved 1048576K
}
Event: 8.884 GC heap after
{Heap after GC invocations=26 (full 2):
 PSYoungGen      total 20992K, used 1824K [0x00000000eab00000, 0x00000000ec200000, 0x0000000100000000)
  eden space 18944K, 0% used [0x00000000eab00000,0x00000000eab00000,0x00000000ebd80000)
  from space 2048K, 89% used [0x00000000ec000000,0x00000000ec1c8000,0x00000000ec200000)
  to   space 2048K, 0% used [0x00000000ebe00000,0x00000000ebe00000,0x00000000ec000000)
 ParOldGen       total 68608K, used 34713K [0x00000000c0000000, 0x00000000c4300000, 0x00000000eab00000)
  object space 68608K, 50% used [0x00000000c0000000,0x00000000c21e6500,0x00000000c4300000)
 Metaspace       used 48070K, committed 49024K, reserved 1097728K
  class space    used 5164K, committed 5568K, reserved 1048576K
}
Event: 9.463 GC heap before
{Heap before GC invocations=27 (full 2):
 PSYoungGen      total 20992K, used 20768K [0x00000000eab00000, 0x00000000ec200000, 0x0000000100000000)
  eden space 18944K, 100% used [0x00000000eab00000,0x00000000ebd80000,0x00000000ebd80000)
  from space 2048K, 89% used [0x00000000ec000000,0x00000000ec1c8000,0x00000000ec200000)
  to   space 2048K, 0% used [0x00000000ebe00000,0x00000000ebe00000,0x00000000ec000000)
 ParOldGen       total 68608K, used 34713K [0x00000000c0000000, 0x00000000c4300000, 0x00000000eab00000)
  object space 68608K, 50% used [0x00000000c0000000,0x00000000c21e6500,0x00000000c4300000)
 Metaspace       used 48816K, committed 49664K, reserved 1097728K
  class space    used 5231K, committed 5632K, reserved 1048576K
}
Event: 9.467 GC heap after
{Heap after GC invocations=27 (full 2):
 PSYoungGen      total 20480K, used 1369K [0x00000000eab00000, 0x00000000ec180000, 0x0000000100000000)
  eden space 18944K, 0% used [0x00000000eab00000,0x00000000eab00000,0x00000000ebd80000)
  from space 1536K, 89% used [0x00000000ebe00000,0x00000000ebf56480,0x00000000ebf80000)
  to   space 2048K, 0% used [0x00000000ebf80000,0x00000000ebf80000,0x00000000ec180000)
 ParOldGen       total 68608K, used 36425K [0x00000000c0000000, 0x00000000c4300000, 0x00000000eab00000)
  object space 68608K, 53% used [0x00000000c0000000,0x00000000c2392500,0x00000000c4300000)
 Metaspace       used 48816K, committed 49664K, reserved 1097728K
  class space    used 5231K, committed 5632K, reserved 1048576K
}
Event: 9.509 GC heap before
{Heap before GC invocations=28 (full 2):
 PSYoungGen      total 20480K, used 20313K [0x00000000eab00000, 0x00000000ec180000, 0x0000000100000000)
  eden space 18944K, 100% used [0x00000000eab00000,0x00000000ebd80000,0x00000000ebd80000)
  from space 1536K, 89% used [0x00000000ebe00000,0x00000000ebf56480,0x00000000ebf80000)
  to   space 2048K, 0% used [0x00000000ebf80000,0x00000000ebf80000,0x00000000ec180000)
 ParOldGen       total 68608K, used 36425K [0x00000000c0000000, 0x00000000c4300000, 0x00000000eab00000)
  object space 68608K, 53% used [0x00000000c0000000,0x00000000c2392500,0x00000000c4300000)
 Metaspace       used 48820K, committed 49664K, reserved 1097728K
  class space    used 5231K, committed 5632K, reserved 1048576K
}
Event: 9.512 GC heap after
{Heap after GC invocations=28 (full 2):
 PSYoungGen      total 18944K, used 2048K [0x00000000eab00000, 0x00000000ec580000, 0x0000000100000000)
  eden space 16896K, 0% used [0x00000000eab00000,0x00000000eab00000,0x00000000ebb80000)
  from space 2048K, 100% used [0x00000000ebf80000,0x00000000ec180000,0x00000000ec180000)
  to   space 4096K, 0% used [0x00000000ebb80000,0x00000000ebb80000,0x00000000ebf80000)
 ParOldGen       total 68608K, used 37662K [0x00000000c0000000, 0x00000000c4300000, 0x00000000eab00000)
  object space 68608K, 54% used [0x00000000c0000000,0x00000000c24c7880,0x00000000c4300000)
 Metaspace       used 48820K, committed 49664K, reserved 1097728K
  class space    used 5231K, committed 5632K, reserved 1048576K
}
Event: 9.558 GC heap before
{Heap before GC invocations=29 (full 2):
 PSYoungGen      total 18944K, used 18944K [0x00000000eab00000, 0x00000000ec580000, 0x0000000100000000)
  eden space 16896K, 100% used [0x00000000eab00000,0x00000000ebb80000,0x00000000ebb80000)
  from space 2048K, 100% used [0x00000000ebf80000,0x00000000ec180000,0x00000000ec180000)
  to   space 4096K, 0% used [0x00000000ebb80000,0x00000000ebb80000,0x00000000ebf80000)
 ParOldGen       total 68608K, used 37662K [0x00000000c0000000, 0x00000000c4300000, 0x00000000eab00000)
  object space 68608K, 54% used [0x00000000c0000000,0x00000000c24c7880,0x00000000c4300000)
 Metaspace       used 48820K, committed 49664K, reserved 1097728K
  class space    used 5231K, committed 5632K, reserved 1048576K
}
Event: 9.561 GC heap after
{Heap after GC invocations=29 (full 2):
 PSYoungGen      total 19456K, used 2048K [0x00000000eab00000, 0x00000000ec080000, 0x0000000100000000)
  eden space 16896K, 0% used [0x00000000eab00000,0x00000000eab00000,0x00000000ebb80000)
  from space 2560K, 80% used [0x00000000ebb80000,0x00000000ebd80010,0x00000000ebe00000)
  to   space 2560K, 0% used [0x00000000ebe00000,0x00000000ebe00000,0x00000000ec080000)
 ParOldGen       total 68608K, used 39638K [0x00000000c0000000, 0x00000000c4300000, 0x00000000eab00000)
  object space 68608K, 57% used [0x00000000c0000000,0x00000000c26b5880,0x00000000c4300000)
 Metaspace       used 48820K, committed 49664K, reserved 1097728K
  class space    used 5231K, committed 5632K, reserved 1048576K
}
Event: 9.636 GC heap before
{Heap before GC invocations=30 (full 2):
 PSYoungGen      total 19456K, used 18944K [0x00000000eab00000, 0x00000000ec080000, 0x0000000100000000)
  eden space 16896K, 100% used [0x00000000eab00000,0x00000000ebb80000,0x00000000ebb80000)
  from space 2560K, 80% used [0x00000000ebb80000,0x00000000ebd80010,0x00000000ebe00000)
  to   space 2560K, 0% used [0x00000000ebe00000,0x00000000ebe00000,0x00000000ec080000)
 ParOldGen       total 68608K, used 39638K [0x00000000c0000000, 0x00000000c4300000, 0x00000000eab00000)
  object space 68608K, 57% used [0x00000000c0000000,0x00000000c26b5880,0x00000000c4300000)
 Metaspace       used 48985K, committed 49792K, reserved 1097728K
  class space    used 5245K, committed 5632K, reserved 1048576K
}
Event: 9.639 GC heap after
{Heap after GC invocations=30 (full 2):
 PSYoungGen      total 18432K, used 1424K [0x00000000eab00000, 0x00000000ebf80000, 0x0000000100000000)
  eden space 16896K, 0% used [0x00000000eab00000,0x00000000eab00000,0x00000000ebb80000)
  from space 1536K, 92% used [0x00000000ebe00000,0x00000000ebf64010,0x00000000ebf80000)
  to   space 2048K, 0% used [0x00000000ebb80000,0x00000000ebb80000,0x00000000ebd80000)
 ParOldGen       total 68608K, used 41566K [0x00000000c0000000, 0x00000000c4300000, 0x00000000eab00000)
  object space 68608K, 60% used [0x00000000c0000000,0x00000000c2897890,0x00000000c4300000)
 Metaspace       used 48985K, committed 49792K, reserved 1097728K
  class space    used 5245K, committed 5632K, reserved 1048576K
}
Event: 10.162 GC heap before
{Heap before GC invocations=31 (full 2):
 PSYoungGen      total 18432K, used 18320K [0x00000000eab00000, 0x00000000ebf80000, 0x0000000100000000)
  eden space 16896K, 100% used [0x00000000eab00000,0x00000000ebb80000,0x00000000ebb80000)
  from space 1536K, 92% used [0x00000000ebe00000,0x00000000ebf64010,0x00000000ebf80000)
  to   space 2048K, 0% used [0x00000000ebb80000,0x00000000ebb80000,0x00000000ebd80000)
 ParOldGen       total 68608K, used 41566K [0x00000000c0000000, 0x00000000c4300000, 0x00000000eab00000)
  object space 68608K, 60% used [0x00000000c0000000,0x00000000c2897890,0x00000000c4300000)
 Metaspace       used 51153K, committed 52096K, reserved 1097728K
  class space    used 5473K, committed 5888K, reserved 1048576K
}
Event: 10.166 GC heap after
{Heap after GC invocations=31 (full 2):
 PSYoungGen      total 17920K, used 886K [0x00000000eab00000, 0x00000000ebe80000, 0x0000000100000000)
  eden space 16896K, 0% used [0x00000000eab00000,0x00000000eab00000,0x00000000ebb80000)
  from space 1024K, 86% used [0x00000000ebb80000,0x00000000ebc5da20,0x00000000ebc80000)
  to   space 1536K, 0% used [0x00000000ebd00000,0x00000000ebd00000,0x00000000ebe80000)
 ParOldGen       total 68608K, used 42766K [0x00000000c0000000, 0x00000000c4300000, 0x00000000eab00000)
  object space 68608K, 62% used [0x00000000c0000000,0x00000000c29c3890,0x00000000c4300000)
 Metaspace       used 51153K, committed 52096K, reserved 1097728K
  class space    used 5473K, committed 5888K, reserved 1048576K
}
Event: 10.852 GC heap before
{Heap before GC invocations=32 (full 2):
 PSYoungGen      total 17920K, used 17782K [0x00000000eab00000, 0x00000000ebe80000, 0x0000000100000000)
  eden space 16896K, 100% used [0x00000000eab00000,0x00000000ebb80000,0x00000000ebb80000)
  from space 1024K, 86% used [0x00000000ebb80000,0x00000000ebc5da20,0x00000000ebc80000)
  to   space 1536K, 0% used [0x00000000ebd00000,0x00000000ebd00000,0x00000000ebe80000)
 ParOldGen       total 68608K, used 42766K [0x00000000c0000000, 0x00000000c4300000, 0x00000000eab00000)
  object space 68608K, 62% used [0x00000000c0000000,0x00000000c29c3890,0x00000000c4300000)
 Metaspace       used 52081K, committed 53056K, reserved 1097728K
  class space    used 5597K, committed 6016K, reserved 1048576K
}
Event: 10.853 GC heap after
{Heap after GC invocations=32 (full 2):
 PSYoungGen      total 17408K, used 320K [0x00000000eab00000, 0x00000000ebd80000, 0x0000000100000000)
  eden space 16896K, 0% used [0x00000000eab00000,0x00000000eab00000,0x00000000ebb80000)
  from space 512K, 62% used [0x00000000ebd00000,0x00000000ebd50000,0x00000000ebd80000)
  to   space 1024K, 0% used [0x00000000ebb80000,0x00000000ebb80000,0x00000000ebc80000)
 ParOldGen       total 68608K, used 43463K [0x00000000c0000000, 0x00000000c4300000, 0x00000000eab00000)
  object space 68608K, 63% used [0x00000000c0000000,0x00000000c2a71e58,0x00000000c4300000)
 Metaspace       used 52081K, committed 53056K, reserved 1097728K
  class space    used 5597K, committed 6016K, reserved 1048576K
}

Deoptimization events (20 events):
Event: 10.269 Thread 0x000002587f3cf770 DEOPT PACKING pc=0x00000258005fea09 sp=0x0000006e239fb1c0
Event: 10.269 Thread 0x000002587f3cf770 DEOPT UNPACKING pc=0x0000025800052843 sp=0x0000006e239fa6b8 mode 0
Event: 10.359 Thread 0x000002587f3cf770 DEOPT PACKING pc=0x00000258005fea09 sp=0x0000006e239f8740
Event: 10.359 Thread 0x000002587f3cf770 DEOPT UNPACKING pc=0x0000025800052843 sp=0x0000006e239f7c38 mode 0
Event: 10.430 Thread 0x000002587f3cf770 DEOPT PACKING pc=0x00000258005fea09 sp=0x0000006e239f8a10
Event: 10.430 Thread 0x000002587f3cf770 DEOPT UNPACKING pc=0x0000025800052843 sp=0x0000006e239f7f08 mode 0
Event: 10.476 Thread 0x000002587f3cf770 Uncommon trap: trap_request=0xffffff45 fr.pc=0x0000025807d26320 relative=0x0000000000000540
Event: 10.476 Thread 0x000002587f3cf770 Uncommon trap: reason=unstable_if action=reinterpret pc=0x0000025807d26320 method=java.util.regex.Pattern.sequence(Ljava/util/regex/Pattern$Node;)Ljava/util/regex/Pattern$Node; @ 12 c2
Event: 10.476 Thread 0x000002587f3cf770 DEOPT PACKING pc=0x0000025807d26320 sp=0x0000006e239fbb90
Event: 10.476 Thread 0x000002587f3cf770 DEOPT UNPACKING pc=0x00000258000520a3 sp=0x0000006e239fbb30 mode 2
Event: 10.499 Thread 0x000002587f3cf770 DEOPT PACKING pc=0x00000258005fea09 sp=0x0000006e239fad00
Event: 10.499 Thread 0x000002587f3cf770 DEOPT UNPACKING pc=0x0000025800052843 sp=0x0000006e239fa1f8 mode 0
Event: 10.651 Thread 0x000002587f3cf770 DEOPT PACKING pc=0x00000258005fea09 sp=0x0000006e239fa900
Event: 10.651 Thread 0x000002587f3cf770 DEOPT UNPACKING pc=0x0000025800052843 sp=0x0000006e239f9df8 mode 0
Event: 10.820 Thread 0x000002587f3cf770 DEOPT PACKING pc=0x00000258005fea09 sp=0x0000006e239fb510
Event: 10.820 Thread 0x000002587f3cf770 DEOPT UNPACKING pc=0x0000025800052843 sp=0x0000006e239faa08 mode 0
Event: 10.913 Thread 0x000002587f3cf770 DEOPT PACKING pc=0x00000258005fea09 sp=0x0000006e239fbd20
Event: 10.913 Thread 0x000002587f3cf770 DEOPT UNPACKING pc=0x0000025800052843 sp=0x0000006e239fb218 mode 0
Event: 10.982 Thread 0x000002587f3cf770 DEOPT PACKING pc=0x00000258005fea09 sp=0x0000006e239fc030
Event: 10.982 Thread 0x000002587f3cf770 DEOPT UNPACKING pc=0x0000025800052843 sp=0x0000006e239fb528 mode 0

Classes unloaded (7 events):
Event: 3.790 Thread 0x000002587cb00c20 Unloading class 0x000000010020c800 'java/lang/invoke/LambdaForm$MH+0x000000010020c800'
Event: 3.790 Thread 0x000002587cb00c20 Unloading class 0x000000010020c400 'java/lang/invoke/LambdaForm$MH+0x000000010020c400'
Event: 3.790 Thread 0x000002587cb00c20 Unloading class 0x000000010020c000 'java/lang/invoke/LambdaForm$MH+0x000000010020c000'
Event: 3.790 Thread 0x000002587cb00c20 Unloading class 0x000000010020b800 'java/lang/invoke/LambdaForm$MH+0x000000010020b800'
Event: 3.790 Thread 0x000002587cb00c20 Unloading class 0x000000010020b400 'java/lang/invoke/LambdaForm$BMH+0x000000010020b400'
Event: 3.790 Thread 0x000002587cb00c20 Unloading class 0x000000010020b000 'java/lang/invoke/LambdaForm$DMH+0x000000010020b000'
Event: 3.790 Thread 0x000002587cb00c20 Unloading class 0x0000000100208800 'java/lang/invoke/LambdaForm$DMH+0x0000000100208800'

Classes redefined (0 events):
No events

Internal exceptions (20 events):
Event: 10.049 Thread 0x000002587f3cf770 Exception <a 'sun/nio/fs/WindowsException'{0x00000000eb94a6e0}> (0x00000000eb94a6e0) 
thrown [s\src\hotspot\share\prims\jni.cpp, line 516]
Event: 10.069 Thread 0x000002587f3cf770 Exception <a 'sun/nio/fs/WindowsException'{0x00000000eb94ee18}> (0x00000000eb94ee18) 
thrown [s\src\hotspot\share\prims\jni.cpp, line 516]
Event: 10.070 Thread 0x000002587f3cf770 Exception <a 'sun/nio/fs/WindowsException'{0x00000000eb94fab8}> (0x00000000eb94fab8) 
thrown [s\src\hotspot\share\prims\jni.cpp, line 516]
Event: 10.075 Thread 0x000002587f3cf770 Exception <a 'sun/nio/fs/WindowsException'{0x00000000eb951790}> (0x00000000eb951790) 
thrown [s\src\hotspot\share\prims\jni.cpp, line 516]
Event: 10.079 Thread 0x000002587f3cf770 Exception <a 'sun/nio/fs/WindowsException'{0x00000000eb9535e8}> (0x00000000eb9535e8) 
thrown [s\src\hotspot\share\prims\jni.cpp, line 516]
Event: 10.093 Thread 0x000002587f3cf770 Exception <a 'sun/nio/fs/WindowsException'{0x00000000eb999ab8}> (0x00000000eb999ab8) 
thrown [s\src\hotspot\share\prims\jni.cpp, line 516]
Event: 10.100 Thread 0x000002587f3cf770 Exception <a 'sun/nio/fs/WindowsException'{0x00000000eb9a0fa8}> (0x00000000eb9a0fa8) 
thrown [s\src\hotspot\share\prims\jni.cpp, line 516]
Event: 10.104 Thread 0x000002587f3cf770 Exception <a 'sun/nio/fs/WindowsException'{0x00000000eb9a8dc8}> (0x00000000eb9a8dc8) 
thrown [s\src\hotspot\share\prims\jni.cpp, line 516]
Event: 10.108 Thread 0x000002587f3cf770 Exception <a 'sun/nio/fs/WindowsException'{0x00000000eb9b93c8}> (0x00000000eb9b93c8) 
thrown [s\src\hotspot\share\prims\jni.cpp, line 516]
Event: 10.111 Thread 0x000002587f3cf770 Exception <a 'sun/nio/fs/WindowsException'{0x00000000eb9c2530}> (0x00000000eb9c2530) 
thrown [s\src\hotspot\share\prims\jni.cpp, line 516]
Event: 10.115 Thread 0x000002587f3cf770 Exception <a 'sun/nio/fs/WindowsException'{0x00000000eb9cd918}> (0x00000000eb9cd918) 
thrown [s\src\hotspot\share\prims\jni.cpp, line 516]
Event: 10.119 Thread 0x000002587f3cf770 Exception <a 'sun/nio/fs/WindowsException'{0x00000000eb9e2620}> (0x00000000eb9e2620) 
thrown [s\src\hotspot\share\prims\jni.cpp, line 516]
Event: 10.123 Thread 0x000002587f3cf770 Exception <a 'sun/nio/fs/WindowsException'{0x00000000eb9ebea0}> (0x00000000eb9ebea0) 
thrown [s\src\hotspot\share\prims\jni.cpp, line 516]
Event: 10.128 Thread 0x000002587f3cf770 Exception <a 'sun/nio/fs/WindowsException'{0x00000000eb9f5198}> (0x00000000eb9f5198) 
thrown [s\src\hotspot\share\prims\jni.cpp, line 516]
Event: 10.134 Thread 0x000002587f3cf770 Exception <a 'sun/nio/fs/WindowsException'{0x00000000eba008a0}> (0x00000000eba008a0) 
thrown [s\src\hotspot\share\prims\jni.cpp, line 516]
Event: 10.137 Thread 0x000002587f3cf770 Exception <a 'sun/nio/fs/WindowsException'{0x00000000eba0adc8}> (0x00000000eba0adc8) 
thrown [s\src\hotspot\share\prims\jni.cpp, line 516]
Event: 10.140 Thread 0x000002587f3cf770 Exception <a 'sun/nio/fs/WindowsException'{0x00000000eba169b0}> (0x00000000eba169b0) 
thrown [s\src\hotspot\share\prims\jni.cpp, line 516]
Event: 10.143 Thread 0x000002587f3cf770 Exception <a 'sun/nio/fs/WindowsException'{0x00000000eba20010}> (0x00000000eba20010) 
thrown [s\src\hotspot\share\prims\jni.cpp, line 516]
Event: 10.146 Thread 0x000002587f3cf770 Exception <a 'sun/nio/fs/WindowsException'{0x00000000eba2a6b8}> (0x00000000eba2a6b8) 
thrown [s\src\hotspot\share\prims\jni.cpp, line 516]
Event: 10.151 Thread 0x000002587f3cf770 Exception <a 'sun/nio/fs/WindowsException'{0x00000000eba3c510}> (0x00000000eba3c510) 
thrown [s\src\hotspot\share\prims\jni.cpp, line 516]

VM Operations (20 events):
Event: 8.770 Executing VM operation: ParallelGCFailedAllocation
Event: 8.773 Executing VM operation: ParallelGCFailedAllocation done
Event: 8.880 Executing VM operation: ParallelGCFailedAllocation
Event: 8.884 Executing VM operation: ParallelGCFailedAllocation done
Event: 9.311 Executing VM operation: HandshakeAllThreads
Event: 9.311 Executing VM operation: HandshakeAllThreads done
Event: 9.463 Executing VM operation: ParallelGCFailedAllocation
Event: 9.467 Executing VM operation: ParallelGCFailedAllocation done
Event: 9.509 Executing VM operation: ParallelGCFailedAllocation
Event: 9.512 Executing VM operation: ParallelGCFailedAllocation done
Event: 9.558 Executing VM operation: ParallelGCFailedAllocation
Event: 9.562 Executing VM operation: ParallelGCFailedAllocation done
Event: 9.635 Executing VM operation: ParallelGCFailedAllocation
Event: 9.639 Executing VM operation: ParallelGCFailedAllocation done
Event: 9.837 Executing VM operation: HandshakeAllThreads
Event: 9.837 Executing VM operation: HandshakeAllThreads done
Event: 10.162 Executing VM operation: ParallelGCFailedAllocation
Event: 10.167 Executing VM operation: ParallelGCFailedAllocation done
Event: 10.851 Executing VM operation: ParallelGCFailedAllocation
Event: 10.853 Executing VM operation: ParallelGCFailedAllocation done

Events (20 events):
Event: 10.157 Thread 0x000002580ffe2d50 Thread added: 0x000002580ffe2d50
Event: 10.157 Thread 0x000002580ffe36f0 Thread added: 0x000002580ffe36f0
Event: 10.157 Thread 0x000002580ffe3220 Thread added: 0x000002580ffe3220
Event: 10.157 Thread 0x000002580ffe1ee0 Thread added: 0x000002580ffe1ee0
Event: 10.157 Thread 0x000002580ffe23b0 Thread added: 0x000002580ffe23b0
Event: 10.157 Thread 0x000002580ffe3bc0 Thread added: 0x000002580ffe3bc0
Event: 10.157 Thread 0x000002580ffe4a30 Thread added: 0x000002580ffe4a30
Event: 10.157 Thread 0x000002580ffe1070 Thread added: 0x000002580ffe1070
Event: 10.173 loading class sun/nio/cs/ThreadLocalCoders
Event: 10.173 loading class sun/nio/cs/ThreadLocalCoders done
Event: 10.173 loading class sun/nio/cs/ThreadLocalCoders$1
Event: 10.173 loading class sun/nio/cs/ThreadLocalCoders$Cache
Event: 10.173 loading class sun/nio/cs/ThreadLocalCoders$Cache done
Event: 10.173 loading class sun/nio/cs/ThreadLocalCoders$1 done
Event: 10.173 loading class sun/nio/cs/ThreadLocalCoders$2
Event: 10.173 loading class sun/nio/cs/ThreadLocalCoders$2 done
Event: 10.544 loading class java/util/Vector$1
Event: 10.545 loading class java/util/Vector$1 done
Event: 11.019 loading class java/util/Collections$UnmodifiableSortedSet
Event: 11.019 loading class java/util/Collections$UnmodifiableSortedSet done


Dynamic libraries:
0x00007ff78d2f0000 - 0x00007ff78d2fe000 	c:\Users\SOHAIL AHMAD\.antigravity\extensions\redhat.java-1.12.0-win32-x64\jre\17.0.4.1-win32-x86_64\bin\java.exe
0x00007ffca1740000 - 0x00007ffca19a7000 	C:\WINDOWS\SYSTEM32\ntdll.dll
0x00007ffca03a0000 - 0x00007ffca0469000 	C:\WINDOWS\System32\KERNEL32.DLL
0x00007ffc9edf0000 - 0x00007ffc9f1e1000 	C:\WINDOWS\System32\KERNELBASE.dll
0x00007ffc9e890000 - 0x00007ffc9e9db000 	C:\WINDOWS\System32\ucrtbase.dll
0x00007ffc8abf0000 - 0x00007ffc8ac08000 	c:\Users\SOHAIL AHMAD\.antigravity\extensions\redhat.java-1.12.0-win32-x64\jre\17.0.4.1-win32-x86_64\bin\jli.dll
0x00007ffca0eb0000 - 0x00007ffca1075000 	C:\WINDOWS\System32\USER32.dll
0x00007ffc9f400000 - 0x00007ffc9f427000 	C:\WINDOWS\System32\win32u.dll
0x00007ffca0300000 - 0x00007ffca032b000 	C:\WINDOWS\System32\GDI32.dll
0x00007ffc9e9e0000 - 0x00007ffc9eb0b000 	C:\WINDOWS\System32\gdi32full.dll
0x00007ffc9f430000 - 0x00007ffc9f4d3000 	C:\WINDOWS\System32\msvcp_win.dll
0x00007ffc8ab30000 - 0x00007ffc8ab49000 	c:\Users\SOHAIL AHMAD\.antigravity\extensions\redhat.java-1.12.0-win32-x64\jre\17.0.4.1-win32-x86_64\bin\VCRUNTIME140.dll
0x00007ffc81a70000 - 0x00007ffc81d03000 	C:\WINDOWS\WinSxS\amd64_microsoft.windows.common-controls_6595b64144ccf1df_6.0.26100.8037_none_3e092faae333b53b\COMCTL32.dll
0x00007ffca1170000 - 0x00007ffca1219000 	C:\WINDOWS\System32\msvcrt.dll
0x00007ffca1090000 - 0x00007ffca10c1000 	C:\WINDOWS\System32\IMM32.DLL
0x00007ffc94020000 - 0x00007ffc9402c000 	c:\Users\SOHAIL AHMAD\.antigravity\extensions\redhat.java-1.12.0-win32-x64\jre\17.0.4.1-win32-x86_64\bin\vcruntime140_1.dll
0x00007ffc6d960000 - 0x00007ffc6d9f1000 	c:\Users\SOHAIL AHMAD\.antigravity\extensions\redhat.java-1.12.0-win32-x64\jre\17.0.4.1-win32-x86_64\bin\msvcp140.dll
0x00007ffbd6a30000 - 0x00007ffbd7676000 	c:\Users\SOHAIL AHMAD\.antigravity\extensions\redhat.java-1.12.0-win32-x64\jre\17.0.4.1-win32-x86_64\bin\server\jvm.dll
0x00007ffca1220000 - 0x00007ffca12db000 	C:\WINDOWS\System32\ADVAPI32.dll
0x00007ffca12f0000 - 0x00007ffca1397000 	C:\WINDOWS\System32\sechost.dll
0x00007ffca01e0000 - 0x00007ffca02f8000 	C:\WINDOWS\System32\RPCRT4.dll
0x00007ffca10d0000 - 0x00007ffca10d8000 	C:\WINDOWS\System32\PSAPI.DLL
0x00007ffc94550000 - 0x00007ffc94585000 	C:\WINDOWS\SYSTEM32\WINMM.dll
0x00007ffc94330000 - 0x00007ffc9433a000 	C:\WINDOWS\SYSTEM32\WSOCK32.dll
0x00007ffca1540000 - 0x00007ffca15b4000 	C:\WINDOWS\System32\WS2_32.dll
0x00007ffc93ce0000 - 0x00007ffc93ceb000 	C:\WINDOWS\SYSTEM32\VERSION.dll
0x00007ffc9cdb0000 - 0x00007ffc9cdcb000 	C:\WINDOWS\SYSTEM32\kernel.appcore.dll
0x00007ffc932e0000 - 0x00007ffc932ea000 	c:\Users\SOHAIL AHMAD\.antigravity\extensions\redhat.java-1.12.0-win32-x64\jre\17.0.4.1-win32-x86_64\bin\jimage.dll
0x00007ffc87330000 - 0x00007ffc87572000 	C:\WINDOWS\SYSTEM32\DBGHELP.DLL
0x00007ffc9fd50000 - 0x00007ffca00d2000 	C:\WINDOWS\System32\combase.dll
0x00007ffca0660000 - 0x00007ffca0737000 	C:\WINDOWS\System32\OLEAUT32.dll
0x00007ffc7e1c0000 - 0x00007ffc7e1fb000 	C:\WINDOWS\SYSTEM32\dbgcore.DLL
0x00007ffc9ed40000 - 0x00007ffc9ede5000 	C:\WINDOWS\System32\bcryptPrimitives.dll
0x00007ffc8e100000 - 0x00007ffc8e10e000 	c:\Users\SOHAIL AHMAD\.antigravity\extensions\redhat.java-1.12.0-win32-x64\jre\17.0.4.1-win32-x86_64\bin\instrument.dll
0x00007ffc8a320000 - 0x00007ffc8a345000 	c:\Users\SOHAIL AHMAD\.antigravity\extensions\redhat.java-1.12.0-win32-x64\jre\17.0.4.1-win32-x86_64\bin\java.dll
0x00007ffc8a300000 - 0x00007ffc8a318000 	c:\Users\SOHAIL AHMAD\.antigravity\extensions\redhat.java-1.12.0-win32-x64\jre\17.0.4.1-win32-x86_64\bin\zip.dll
0x00007ffca0740000 - 0x00007ffca0e9f000 	C:\WINDOWS\System32\SHELL32.dll
0x00007ffc9eb10000 - 0x00007ffc9ec7a000 	C:\WINDOWS\System32\wintypes.dll
0x00007ffc9e020000 - 0x00007ffc9e884000 	C:\WINDOWS\System32\windows.storage.dll
0x00007ffca00e0000 - 0x00007ffca01d7000 	C:\WINDOWS\System32\SHCORE.dll
0x00007ffca0330000 - 0x00007ffca0397000 	C:\WINDOWS\System32\shlwapi.dll
0x00007ffc9df40000 - 0x00007ffc9df69000 	C:\WINDOWS\SYSTEM32\profapi.dll
0x00007ffc89270000 - 0x00007ffc89289000 	C:\Users\SOHAIL AHMAD\.antigravity\extensions\redhat.java-1.12.0-win32-x64\jre\17.0.4.1-win32-x86_64\bin\net.dll
0x00007ffc94420000 - 0x00007ffc94547000 	C:\WINDOWS\SYSTEM32\WINHTTP.dll
0x00007ffc9d320000 - 0x00007ffc9d38b000 	C:\WINDOWS\system32\mswsock.dll
0x00007ffc89030000 - 0x00007ffc89045000 	C:\Users\SOHAIL AHMAD\.antigravity\extensions\redhat.java-1.12.0-win32-x64\jre\17.0.4.1-win32-x86_64\bin\nio.dll
0x00007ffc8de50000 - 0x00007ffc8de60000 	c:\Users\SOHAIL AHMAD\.antigravity\extensions\redhat.java-1.12.0-win32-x64\jre\17.0.4.1-win32-x86_64\bin\verify.dll
0x00007ffc88880000 - 0x00007ffc888be000 	C:\Users\SOHAIL AHMAD\AppData\Roaming\Antigravity\User\globalStorage\redhat.java\1.12.0\config_win\org.eclipse.equinox.launcher\org.eclipse.equinox.launcher.win32.win32.x86_64_1.2.600.v20220720-1916\eclipse_11700.dll
0x00007ffca13a0000 - 0x00007ffca1535000 	C:\WINDOWS\System32\ole32.dll
0x00007ffc9d600000 - 0x00007ffc9d61b000 	C:\WINDOWS\SYSTEM32\CRYPTSP.dll
0x00007ffc9cd10000 - 0x00007ffc9cd49000 	C:\WINDOWS\system32\rsaenh.dll
0x00007ffc9d3d0000 - 0x00007ffc9d402000 	C:\WINDOWS\SYSTEM32\USERENV.dll
0x00007ffc9df10000 - 0x00007ffc9df3a000 	C:\WINDOWS\SYSTEM32\bcrypt.dll
0x00007ffc9d620000 - 0x00007ffc9d62c000 	C:\WINDOWS\SYSTEM32\CRYPTBASE.dll
0x00007ffc9c730000 - 0x00007ffc9c763000 	C:\WINDOWS\SYSTEM32\IPHLPAPI.DLL
0x00007ffc9faf0000 - 0x00007ffc9fafa000 	C:\WINDOWS\System32\NSI.dll
0x00007ffc98b60000 - 0x00007ffc98b7d000 	C:\WINDOWS\SYSTEM32\dhcpcsvc6.DLL
0x00007ffc98b30000 - 0x00007ffc98b53000 	C:\WINDOWS\SYSTEM32\dhcpcsvc.DLL
0x00007ffc9c770000 - 0x00007ffc9c89a000 	C:\WINDOWS\SYSTEM32\DNSAPI.dll
0x00007ffc73530000 - 0x00007ffc73570000 	C:\Users\SOHAIL AHMAD\AppData\Local\Temp\jna-1494489537\jna8428558602290134580.dll

dbghelp: loaded successfully - version: 4.0.5 - missing functions: none
symbol engine: initialized successfully - sym options: 0x614 - pdb path: .;c:\Users\SOHAIL AHMAD\.antigravity\extensions\redhat.java-1.12.0-win32-x64\jre\17.0.4.1-win32-x86_64\bin;C:\WINDOWS\SYSTEM32;C:\WINDOWS\WinSxS\amd64_microsoft.windows.common-controls_6595b64144ccf1df_6.0.26100.8037_none_3e092faae333b53b;c:\Users\SOHAIL AHMAD\.antigravity\extensions\redhat.java-1.12.0-win32-x64\jre\17.0.4.1-win32-x86_64\bin\server;C:\Users\SOHAIL AHMAD\AppData\Roaming\Antigravity\User\globalStorage\redhat.java\1.12.0\config_win\org.eclipse.equinox.launcher\org.eclipse.equinox.launcher.win32.win32.x86_64_1.2.600.v20220720-1916;C:\Users\SOHAIL AHMAD\AppData\Local\Temp\jna-1494489537

VM Arguments:
jvm_args: --add-modules=ALL-SYSTEM --add-opens=java.base/java.util=ALL-UNNAMED --add-opens=java.base/java.lang=ALL-UNNAMED --add-opens=java.base/sun.nio.fs=ALL-UNNAMED -Declipse.application=org.eclipse.jdt.ls.core.id1 -Dosgi.bundles.defaultStartLevel=4 -Declipse.product=org.eclipse.jdt.ls.core.product -Djava.import.generatesMetadataFilesAtProjectRoot=false -Dfile.encoding=utf8 -XX:+UseParallelGC -XX:GCTimeRatio=4 -XX:AdaptiveSizePolicyWeight=90 -Dsun.zip.disableMemoryMapping=true -Xmx1G -Xms100m -Xlog:disable -javaagent:c:\Users\SOHAIL AHMAD\.antigravity\extensions\redhat.java-1.12.0-win32-x64\lombok\lombok-1.18.24.jar -XX:+HeapDumpOnOutOfMemoryError -XX:HeapDumpPath=c:\Users\SOHAIL AHMAD\AppData\Roaming\Antigravity\User\workspaceStorage\e93f37d5df380cb2e825645f6b524362\redhat.java 
java_command: c:\Users\SOHAIL AHMAD\.antigravity\extensions\redhat.java-1.12.0-win32-x64\server\plugins\org.eclipse.equinox.launcher_1.6.400.v20210924-0641.jar -configuration c:\Users\SOHAIL AHMAD\AppData\Roaming\Antigravity\User\globalStorage\redhat.java\1.12.0\config_win -data c:\Users\SOHAIL AHMAD\AppData\Roaming\Antigravity\User\workspaceStorage\e93f37d5df380cb2e825645f6b524362\redhat.java\jdt_ws
java_class_path (initial): c:\Users\SOHAIL AHMAD\.antigravity\extensions\redhat.java-1.12.0-win32-x64\server\plugins\org.eclipse.equinox.launcher_1.6.400.v20210924-0641.jar
Launcher Type: SUN_STANDARD

[Global flags]
    uintx AdaptiveSizePolicyWeight                 = 90                                        {product} {command line}
     intx CICompilerCount                          = 4                                         {product} {ergonomic}
    uintx GCTimeRatio                              = 4                                         {product} {command line}
     bool HeapDumpOnOutOfMemoryError               = true                                   {manageable} {command line}
    ccstr HeapDumpPath                             = c:\Users\SOHAIL AHMAD\AppData\Roaming\Antigravity\User\workspaceStorage\e93f37d5df380cb2e825645f6b524362\redhat.java         {manageable} {command line}
   size_t InitialHeapSize                          = 104857600                                 {product} {command line}
   size_t MaxHeapSize                              = 1073741824                                {product} {command line}
   size_t MaxNewSize                               = 357564416                                 {product} {ergonomic}
   size_t MinHeapDeltaBytes                        = 524288                                    {product} {ergonomic}
   size_t MinHeapSize                              = 104857600                                 {product} {command line}
   size_t NewSize                                  = 34603008                                  {product} {ergonomic}
    uintx NonNMethodCodeHeapSize                   = 5839372                                {pd product} {ergonomic}
    uintx NonProfiledCodeHeapSize                  = 122909434                              {pd product} {ergonomic}
   size_t OldSize                                  = 70254592                                  {product} {ergonomic}
    uintx ProfiledCodeHeapSize                     = 122909434                              {pd product} {ergonomic}
    uintx ReservedCodeCacheSize                    = 251658240                              {pd product} {ergonomic}
     bool SegmentedCodeCache                       = true                                      {product} {ergonomic}
   size_t SoftMaxHeapSize                          = 1073741824                             {manageable} {ergonomic}
     bool UseCompressedClassPointers               = true                           {product lp64_product} {ergonomic}
     bool UseCompressedOops                        = true                           {product lp64_product} {ergonomic}
     bool UseLargePagesIndividualAllocation        = false                                  {pd product} {ergonomic}
     bool UseParallelGC                            = true                                      {product} {command line}

Logging:
Log output configuration:
 #0: stdout all=off uptime,level,tags
 #1: stderr all=off uptime,level,tags

Environment Variables:
PATH=C:\Program Files\Common Files\Oracle\Java\javapath;C:\Python313\Scripts\;C:\Python313\;C:\Program Files\Python312\Scripts\;C:\Program Files\Python312\;C:\WINDOWS\system32;C:\WINDOWS;C:\WINDOWS\System32\Wbem;C:\WINDOWS\System32\WindowsPowerShell\v1.0\;C:\WINDOWS\System32\OpenSSH\;C:\Program Files\Git\cmd;C:\mingw64\bin;C:\php8.3;C:\ProgramData\ComposerSetup\bin;C:\ProgramData\chocolatey\bin;C:\nvm;C:\nvm4w\nodejs;C:\Program Files\cursor\resources\app\bin;C:\Users\SOHAIL AHMAD\AppData\Local\Microsoft\WindowsApps;C:\Users\SOHAIL AHMAD\AppData\Local\Programs\Microsoft VS Code\bin;C:\php8.3;C:\mingw64\bin;C:\Users\SOHAIL AHMAD\AppData\Roaming\Composer\vendor\bin;C:\Users\SOHAIL AHMAD\AppData\Roaming\npm;C:\nvm;C:\nvm4w\nodejs;C:\Program Files\MongoDB\Server\8.2\bin;C:\Program Files\MongoDB\mongosh-2.5.8-win32-x64\bin;C:\Users\SOHAIL AHMAD\AppData\Local\Programs\Antigravity\bin
USERNAME=SOHAIL AHMAD
OS=Windows_NT
PROCESSOR_IDENTIFIER=AMD64 Family 23 Model 160 Stepping 0, AuthenticAMD
TMP=C:\Users\SOHAIL~1\AppData\Local\Temp
TEMP=C:\Users\SOHAIL~1\AppData\Local\Temp



---------------  S Y S T E M  ---------------

OS:
 Windows 11 , 64 bit Build 26100 (10.0.26100.7920)
OS uptime: 0 days 20:43 hours
Hyper-V role detected

CPU: total 8 (initial active 8) (8 cores per cpu, 2 threads per core) family 23 model 160 stepping 0 microcode 0x8a00006, cx8, cmov, fxsr, ht, mmx, 3dnowpref, sse, sse2, sse3, ssse3, sse4a, sse4.1, sse4.2, popcnt, lzcnt, tsc, tscinvbit, avx, avx2, aes, clmul, bmi1, bmi2, adx, sha, fma, vzeroupper, clflush, clflushopt, hv

Memory: 4k page, system-wide physical 5965M (476M free)
TotalPageFile size 24397M (AvailPageFile size 4M)
current process WorkingSet (physical memory assigned to process): 214M, peak: 224M
current process commit charge ("private bytes"): 280M, peak: 290M

vm_info: OpenJDK 64-Bit Server VM (17.0.4.1+1) for windows-amd64 JRE (17.0.4.1+1), built on Aug 17 2022 07:42:43 by "temurin" with MS VC++ 16.7 (VS2019)

END.
