#
# There is insufficient memory for the Java Runtime Environment to continue.
# Native memory allocation (malloc) failed to allocate 1092440 bytes. Error detail: Chunk::new
# Possible reasons:
#   The system is out of physical RAM or swap space
#   This process is running with CompressedOops enabled, and the Java Heap may be blocking the growth of the native heap
# Possible solutions:
#   Reduce memory load on the system
#   Increase physical memory or swap space
#   Check if swap backing store is full
#   Decrease Java heap size (-Xmx/-Xms)
#   Decrease number of Java threads
#   Decrease Java thread stack sizes (-Xss)
#   Set larger code cache with -XX:ReservedCodeCacheSize=
#   JVM is running with Unscaled Compressed Oops mode in which the Java heap is
#     placed in the first 4GB address space. The Java Heap base address is the
#     maximum limit for the native heap growth. Please use -XX:HeapBaseMinAddress
#     to set the Java Heap base and to place the Java Heap above 4GB virtual address.
# This output file may be truncated or incomplete.
#
#  Out of Memory Error (arena.cpp:186), pid=11036, tid=21960
#
# JRE version: Java(TM) SE Runtime Environment (25.0+37) (build 25+37-LTS-3491)
# Java VM: Java HotSpot(TM) 64-Bit Server VM (25+37-LTS-3491, mixed mode, sharing, tiered, compressed oops, compressed class ptrs, g1 gc, windows-amd64)
# No core dump will be written. Minidumps are not enabled by default on client versions of Windows
#

---------------  S U M M A R Y ------------

Command Line: -Dclassworlds.conf=C:\Users\SOHAIL AHMAD\.m2\wrapper\dists\apache-maven-3.9.9\8e74001100ff70d6af083c5511fcc5ec49282d7017cde82c3698eee8fdf86698\bin\m2.conf -Dmaven.home=C:\Users\SOHAIL AHMAD\.m2\wrapper\dists\apache-maven-3.9.9\8e74001100ff70d6af083c5511fcc5ec49282d7017cde82c3698eee8fdf86698 -Dlibrary.jansi.path=C:\Users\SOHAIL AHMAD\.m2\wrapper\dists\apache-maven-3.9.9\8e74001100ff70d6af083c5511fcc5ec49282d7017cde82c3698eee8fdf86698\lib\jansi-native -Dmaven.multiModuleProjectDirectory=C:\project\ERP System for Inventory and Sales Management(Java+React)\backend org.codehaus.plexus.classworlds.launcher.Launcher spring-boot:run

Host: AMD Ryzen 3 7320U with Radeon Graphics         , 8 cores, 5G,  Windows 11 , 64 bit Build 26100 (10.0.26100.7920)
Time: Thu Mar 19 18:26:45 2026 India Standard Time elapsed time: 2.463795 seconds (0d 0h 0m 2s)

---------------  T H R E A D  ---------------

Current thread (0x0000020dcdddaeb0):  JavaThread "C2 CompilerThread0" daemon [_thread_in_native, id=21960, stack(0x000000fc89b00000,0x000000fc89c00000) (1024K)]


Current CompileTask:
C2:2463  445       4       java.lang.StringLatin1::indexOf (121 bytes)

Stack: [0x000000fc89b00000,0x000000fc89c00000]
Native frames: (J=compiled Java code, j=interpreted, Vv=VM code, C=native code)
V  [jvm.dll+0x7a6a39]  (no source info available)
V  [jvm.dll+0x7727ed]  (no source info available)
V  [jvm.dll+0x965f33]  (no source info available)
V  [jvm.dll+0x968531]  (no source info available)
V  [jvm.dll+0x968c33]  (no source info available)
V  [jvm.dll+0x2fc756]  (no source info available)
V  [jvm.dll+0x111b26]  (no source info available)
V  [jvm.dll+0x111e4e]  (no source info available)
V  [jvm.dll+0x1a0a22]  (no source info available)
V  [jvm.dll+0x3b53c2]  (no source info available)
V  [jvm.dll+0x7ac3cf]  (no source info available)
V  [jvm.dll+0x2c0ac7]  (no source info available)
V  [jvm.dll+0x2bfa8f]  (no source info available)
V  [jvm.dll+0x237b60]  (no source info available)
V  [jvm.dll+0x2cfb56]  (no source info available)
V  [jvm.dll+0x2cddd5]  (no source info available)
V  [jvm.dll+0x48e671]  (no source info available)
V  [jvm.dll+0x90681d]  (no source info available)
V  [jvm.dll+0x7a5015]  (no source info available)
C  [ucrtbase.dll+0x37b0]  (no source info available)
C  [KERNEL32.DLL+0x2e8d7]  (no source info available)
C  [ntdll.dll+0x8c48c]  (no source info available)

Lock stack of current Java thread (top to bottom):


---------------  P R O C E S S  ---------------

Threads class SMR info:
_java_thread_list=0x0000020dd241bf30, length=11, elements={
0x0000020daf7a4d60, 0x0000020dcddc56b0, 0x0000020dcddc6110, 0x0000020dcddc9760,
0x0000020dcddcb330, 0x0000020dcddcdbd0, 0x0000020dcddd1310, 0x0000020dcdddaeb0,
0x0000020dcde048c0, 0x0000020dd2014f90, 0x0000020dd2021a10
}

Java Threads: ( => current thread )
  0x0000020daf7a4d60 JavaThread "main"                              [_thread_in_Java, id=24536, stack(0x000000fc88d00000,0x000000fc88e00000) (1024K)]
  0x0000020dcddc56b0 JavaThread "Reference Handler"          daemon [_thread_blocked, id=2692, stack(0x000000fc89500000,0x000000fc89600000) (1024K)]
  0x0000020dcddc6110 JavaThread "Finalizer"                  daemon [_thread_blocked, id=8676, stack(0x000000fc89600000,0x000000fc89700000) (1024K)]
  0x0000020dcddc9760 JavaThread "Signal Dispatcher"          daemon [_thread_blocked, id=21100, stack(0x000000fc89700000,0x000000fc89800000) (1024K)]
  0x0000020dcddcb330 JavaThread "Attach Listener"            daemon [_thread_blocked, id=2696, stack(0x000000fc89800000,0x000000fc89900000) (1024K)]
  0x0000020dcddcdbd0 JavaThread "Service Thread"             daemon [_thread_blocked, id=5468, stack(0x000000fc89900000,0x000000fc89a00000) (1024K)]
  0x0000020dcddd1310 JavaThread "Monitor Deflation Thread"   daemon [_thread_blocked, id=2720, stack(0x000000fc89a00000,0x000000fc89b00000) (1024K)]
=>0x0000020dcdddaeb0 JavaThread "C2 CompilerThread0"         daemon [_thread_in_native, id=21960, stack(0x000000fc89b00000,0x000000fc89c00000) (1024K)]
  0x0000020dcde048c0 JavaThread "C1 CompilerThread0"         daemon [_thread_blocked, id=20192, stack(0x000000fc89c00000,0x000000fc89d00000) (1024K)]
  0x0000020dd2014f90 JavaThread "Notification Thread"        daemon [_thread_blocked, id=23692, stack(0x000000fc89d00000,0x000000fc89e00000) (1024K)]
  0x0000020dd2021a10 JavaThread "Common-Cleaner"             daemon [_thread_blocked, id=13320, stack(0x000000fc89e00000,0x000000fc89f00000) (1024K)]
Total: 11

Other Threads:
  0x0000020dcddb1870 VMThread "VM Thread"                           [id=22100, stack(0x000000fc89400000,0x000000fc89500000) (1024K)]
  0x0000020db1bde810 WatcherThread "VM Periodic Task Thread"        [id=848, stack(0x000000fc89300000,0x000000fc89400000) (1024K)]
  0x0000020db1b693a0 WorkerThread "GC Thread#0"                     [id=18840, stack(0x000000fc88e00000,0x000000fc88f00000) (1024K)]
  0x0000020db1b7e2d0 ConcurrentGCThread "G1 Main Marker"            [id=3648, stack(0x000000fc88f00000,0x000000fc89000000) (1024K)]
  0x0000020db1b7ee70 WorkerThread "G1 Conc#0"                       [id=7736, stack(0x000000fc89000000,0x000000fc89100000) (1024K)]
  0x0000020db1bc9830 ConcurrentGCThread "G1 Refine#0"               [id=7700, stack(0x000000fc89100000,0x000000fc89200000) (1024K)]
  0x0000020db1bca440 ConcurrentGCThread "G1 Service"                [id=16808, stack(0x000000fc89200000,0x000000fc89300000) (1024K)]
Total: 7

Threads with active compile tasks:
C2 CompilerThread0  5532  445       4       java.lang.StringLatin1::indexOf (121 bytes)
Total: 1

VM state: not at safepoint (normal execution)

VM Mutex/Monitor currently owned by a thread: None

Heap address: 0x00000000a2c00000, size: 1492 MB, Compressed Oops mode: 32-bit

CDS archive(s) mapped at: [0x0000000022000000-0x0000000022dd0000-0x0000000022dd0000), size 14483456, SharedBaseAddress: 0x0000000022000000, ArchiveRelocationMode: 1.
Compressed class space mapped at: 0x0000000023000000-0x0000000063000000, reserved size: 1073741824
UseCompressedClassPointers 1, UseCompactObjectHeaders 0
Narrow klass pointer bits 32, Max shift 3
Narrow klass base: 0x0000000022000000, Narrow klass shift: 0
Encoding Range: [0x0000000022000000 - 0x0000000122000000), (4294967296 bytes)
Klass Range:    [0x0000000022010000 - 0x0000000063000000), (1090453504 bytes)
Klass ID Range:  [65536 - 1090519033) (1090453497)
Protection zone: [0x0000000022000000 - 0x0000000022010000), (65536 bytes)

GC Precious Log:
 CardTable entry size: 512
 Card Set container configuration: InlinePtr #cards 5 size 8 Array Of Cards #cards 10 size 36 Howl #buckets 4 coarsen threshold 1843 Howl Bitmap #cards 512 size 80 coarsen threshold 460 Card regions per heap region 1 cards per card region 2048
 CPUs: 8 total, 8 available
 Memory: 5965M
 Large Page Support: Disabled
 NUMA Support: Disabled
 Compressed Oops: Enabled (32-bit)
 Heap Region Size: 1M
 Heap Min Capacity: 8M
 Heap Initial Capacity: 94M
 Heap Max Capacity: 1492M
 Pre-touch: Disabled
 Parallel Workers: 8
 Concurrent Workers: 2
 Concurrent Refinement Workers: 8
 Periodic GC: Disabled

Heap:
 garbage-first heap   total reserved 1527808K, committed 98304K, used 7317K [0x00000000a2c00000, 0x0000000100000000)
  region size 1024K, 7 young (7168K), 0 survivors (0K)

Heap Regions: E=young(eden), S=young(survivor), O=old, HS=humongous(starts), HC=humongous(continues), CS=collection set, F=free, TAMS=top-at-mark-start, PB=parsable bottom
|   0|0x00000000a2c00000, 0x00000000a2c00000, 0x00000000a2d00000|  0%| F|  |TAMS 0x00000000a2c00000| PB 0x00000000a2c00000| Untracked |  0
|   1|0x00000000a2d00000, 0x00000000a2d00000, 0x00000000a2e00000|  0%| F|  |TAMS 0x00000000a2d00000| PB 0x00000000a2d00000| Untracked |  0
|   2|0x00000000a2e00000, 0x00000000a2e00000, 0x00000000a2f00000|  0%| F|  |TAMS 0x00000000a2e00000| PB 0x00000000a2e00000| Untracked |  0
|   3|0x00000000a2f00000, 0x00000000a2f00000, 0x00000000a3000000|  0%| F|  |TAMS 0x00000000a2f00000| PB 0x00000000a2f00000| Untracked |  0
|   4|0x00000000a3000000, 0x00000000a3000000, 0x00000000a3100000|  0%| F|  |TAMS 0x00000000a3000000| PB 0x00000000a3000000| Untracked |  0
|   5|0x00000000a3100000, 0x00000000a3100000, 0x00000000a3200000|  0%| F|  |TAMS 0x00000000a3100000| PB 0x00000000a3100000| Untracked |  0
|   6|0x00000000a3200000, 0x00000000a3200000, 0x00000000a3300000|  0%| F|  |TAMS 0x00000000a3200000| PB 0x00000000a3200000| Untracked |  0
|   7|0x00000000a3300000, 0x00000000a3300000, 0x00000000a3400000|  0%| F|  |TAMS 0x00000000a3300000| PB 0x00000000a3300000| Untracked |  0
|   8|0x00000000a3400000, 0x00000000a3400000, 0x00000000a3500000|  0%| F|  |TAMS 0x00000000a3400000| PB 0x00000000a3400000| Untracked |  0
|   9|0x00000000a3500000, 0x00000000a3500000, 0x00000000a3600000|  0%| F|  |TAMS 0x00000000a3500000| PB 0x00000000a3500000| Untracked |  0
|  10|0x00000000a3600000, 0x00000000a3600000, 0x00000000a3700000|  0%| F|  |TAMS 0x00000000a3600000| PB 0x00000000a3600000| Untracked |  0
|  11|0x00000000a3700000, 0x00000000a3700000, 0x00000000a3800000|  0%| F|  |TAMS 0x00000000a3700000| PB 0x00000000a3700000| Untracked |  0
|  12|0x00000000a3800000, 0x00000000a3800000, 0x00000000a3900000|  0%| F|  |TAMS 0x00000000a3800000| PB 0x00000000a3800000| Untracked |  0
|  13|0x00000000a3900000, 0x00000000a3900000, 0x00000000a3a00000|  0%| F|  |TAMS 0x00000000a3900000| PB 0x00000000a3900000| Untracked |  0
|  14|0x00000000a3a00000, 0x00000000a3a00000, 0x00000000a3b00000|  0%| F|  |TAMS 0x00000000a3a00000| PB 0x00000000a3a00000| Untracked |  0
|  15|0x00000000a3b00000, 0x00000000a3b00000, 0x00000000a3c00000|  0%| F|  |TAMS 0x00000000a3b00000| PB 0x00000000a3b00000| Untracked |  0
|  16|0x00000000a3c00000, 0x00000000a3c00000, 0x00000000a3d00000|  0%| F|  |TAMS 0x00000000a3c00000| PB 0x00000000a3c00000| Untracked |  0
|  17|0x00000000a3d00000, 0x00000000a3d00000, 0x00000000a3e00000|  0%| F|  |TAMS 0x00000000a3d00000| PB 0x00000000a3d00000| Untracked |  0
|  18|0x00000000a3e00000, 0x00000000a3e00000, 0x00000000a3f00000|  0%| F|  |TAMS 0x00000000a3e00000| PB 0x00000000a3e00000| Untracked |  0
|  19|0x00000000a3f00000, 0x00000000a3f00000, 0x00000000a4000000|  0%| F|  |TAMS 0x00000000a3f00000| PB 0x00000000a3f00000| Untracked |  0
|  20|0x00000000a4000000, 0x00000000a4000000, 0x00000000a4100000|  0%| F|  |TAMS 0x00000000a4000000| PB 0x00000000a4000000| Untracked |  0
|  21|0x00000000a4100000, 0x00000000a4100000, 0x00000000a4200000|  0%| F|  |TAMS 0x00000000a4100000| PB 0x00000000a4100000| Untracked |  0
|  22|0x00000000a4200000, 0x00000000a4200000, 0x00000000a4300000|  0%| F|  |TAMS 0x00000000a4200000| PB 0x00000000a4200000| Untracked |  0
|  23|0x00000000a4300000, 0x00000000a4300000, 0x00000000a4400000|  0%| F|  |TAMS 0x00000000a4300000| PB 0x00000000a4300000| Untracked |  0
|  24|0x00000000a4400000, 0x00000000a4400000, 0x00000000a4500000|  0%| F|  |TAMS 0x00000000a4400000| PB 0x00000000a4400000| Untracked |  0
|  25|0x00000000a4500000, 0x00000000a4500000, 0x00000000a4600000|  0%| F|  |TAMS 0x00000000a4500000| PB 0x00000000a4500000| Untracked |  0
|  26|0x00000000a4600000, 0x00000000a4600000, 0x00000000a4700000|  0%| F|  |TAMS 0x00000000a4600000| PB 0x00000000a4600000| Untracked |  0
|  27|0x00000000a4700000, 0x00000000a4700000, 0x00000000a4800000|  0%| F|  |TAMS 0x00000000a4700000| PB 0x00000000a4700000| Untracked |  0
|  28|0x00000000a4800000, 0x00000000a4800000, 0x00000000a4900000|  0%| F|  |TAMS 0x00000000a4800000| PB 0x00000000a4800000| Untracked |  0
|  29|0x00000000a4900000, 0x00000000a4900000, 0x00000000a4a00000|  0%| F|  |TAMS 0x00000000a4900000| PB 0x00000000a4900000| Untracked |  0
|  30|0x00000000a4a00000, 0x00000000a4a00000, 0x00000000a4b00000|  0%| F|  |TAMS 0x00000000a4a00000| PB 0x00000000a4a00000| Untracked |  0
|  31|0x00000000a4b00000, 0x00000000a4b00000, 0x00000000a4c00000|  0%| F|  |TAMS 0x00000000a4b00000| PB 0x00000000a4b00000| Untracked |  0
|  32|0x00000000a4c00000, 0x00000000a4c00000, 0x00000000a4d00000|  0%| F|  |TAMS 0x00000000a4c00000| PB 0x00000000a4c00000| Untracked |  0
|  33|0x00000000a4d00000, 0x00000000a4d00000, 0x00000000a4e00000|  0%| F|  |TAMS 0x00000000a4d00000| PB 0x00000000a4d00000| Untracked |  0
|  34|0x00000000a4e00000, 0x00000000a4e00000, 0x00000000a4f00000|  0%| F|  |TAMS 0x00000000a4e00000| PB 0x00000000a4e00000| Untracked |  0
|  35|0x00000000a4f00000, 0x00000000a4f00000, 0x00000000a5000000|  0%| F|  |TAMS 0x00000000a4f00000| PB 0x00000000a4f00000| Untracked |  0
|  36|0x00000000a5000000, 0x00000000a5000000, 0x00000000a5100000|  0%| F|  |TAMS 0x00000000a5000000| PB 0x00000000a5000000| Untracked |  0
|  37|0x00000000a5100000, 0x00000000a5100000, 0x00000000a5200000|  0%| F|  |TAMS 0x00000000a5100000| PB 0x00000000a5100000| Untracked |  0
|  38|0x00000000a5200000, 0x00000000a5200000, 0x00000000a5300000|  0%| F|  |TAMS 0x00000000a5200000| PB 0x00000000a5200000| Untracked |  0
|  39|0x00000000a5300000, 0x00000000a5300000, 0x00000000a5400000|  0%| F|  |TAMS 0x00000000a5300000| PB 0x00000000a5300000| Untracked |  0
|  40|0x00000000a5400000, 0x00000000a5400000, 0x00000000a5500000|  0%| F|  |TAMS 0x00000000a5400000| PB 0x00000000a5400000| Untracked |  0
|  41|0x00000000a5500000, 0x00000000a5500000, 0x00000000a5600000|  0%| F|  |TAMS 0x00000000a5500000| PB 0x00000000a5500000| Untracked |  0
|  42|0x00000000a5600000, 0x00000000a5600000, 0x00000000a5700000|  0%| F|  |TAMS 0x00000000a5600000| PB 0x00000000a5600000| Untracked |  0
|  43|0x00000000a5700000, 0x00000000a5700000, 0x00000000a5800000|  0%| F|  |TAMS 0x00000000a5700000| PB 0x00000000a5700000| Untracked |  0
|  44|0x00000000a5800000, 0x00000000a5800000, 0x00000000a5900000|  0%| F|  |TAMS 0x00000000a5800000| PB 0x00000000a5800000| Untracked |  0
|  45|0x00000000a5900000, 0x00000000a5900000, 0x00000000a5a00000|  0%| F|  |TAMS 0x00000000a5900000| PB 0x00000000a5900000| Untracked |  0
|  46|0x00000000a5a00000, 0x00000000a5a00000, 0x00000000a5b00000|  0%| F|  |TAMS 0x00000000a5a00000| PB 0x00000000a5a00000| Untracked |  0
|  47|0x00000000a5b00000, 0x00000000a5b00000, 0x00000000a5c00000|  0%| F|  |TAMS 0x00000000a5b00000| PB 0x00000000a5b00000| Untracked |  0
|  48|0x00000000a5c00000, 0x00000000a5c00000, 0x00000000a5d00000|  0%| F|  |TAMS 0x00000000a5c00000| PB 0x00000000a5c00000| Untracked |  0
|  49|0x00000000a5d00000, 0x00000000a5d00000, 0x00000000a5e00000|  0%| F|  |TAMS 0x00000000a5d00000| PB 0x00000000a5d00000| Untracked |  0
|  50|0x00000000a5e00000, 0x00000000a5e00000, 0x00000000a5f00000|  0%| F|  |TAMS 0x00000000a5e00000| PB 0x00000000a5e00000| Untracked |  0
|  51|0x00000000a5f00000, 0x00000000a5f00000, 0x00000000a6000000|  0%| F|  |TAMS 0x00000000a5f00000| PB 0x00000000a5f00000| Untracked |  0
|  52|0x00000000a6000000, 0x00000000a6000000, 0x00000000a6100000|  0%| F|  |TAMS 0x00000000a6000000| PB 0x00000000a6000000| Untracked |  0
|  53|0x00000000a6100000, 0x00000000a6100000, 0x00000000a6200000|  0%| F|  |TAMS 0x00000000a6100000| PB 0x00000000a6100000| Untracked |  0
|  54|0x00000000a6200000, 0x00000000a6200000, 0x00000000a6300000|  0%| F|  |TAMS 0x00000000a6200000| PB 0x00000000a6200000| Untracked |  0
|  55|0x00000000a6300000, 0x00000000a6300000, 0x00000000a6400000|  0%| F|  |TAMS 0x00000000a6300000| PB 0x00000000a6300000| Untracked |  0
|  56|0x00000000a6400000, 0x00000000a6400000, 0x00000000a6500000|  0%| F|  |TAMS 0x00000000a6400000| PB 0x00000000a6400000| Untracked |  0
|  57|0x00000000a6500000, 0x00000000a6500000, 0x00000000a6600000|  0%| F|  |TAMS 0x00000000a6500000| PB 0x00000000a6500000| Untracked |  0
|  58|0x00000000a6600000, 0x00000000a6600000, 0x00000000a6700000|  0%| F|  |TAMS 0x00000000a6600000| PB 0x00000000a6600000| Untracked |  0
|  59|0x00000000a6700000, 0x00000000a6700000, 0x00000000a6800000|  0%| F|  |TAMS 0x00000000a6700000| PB 0x00000000a6700000| Untracked |  0
|  60|0x00000000a6800000, 0x00000000a6800000, 0x00000000a6900000|  0%| F|  |TAMS 0x00000000a6800000| PB 0x00000000a6800000| Untracked |  0
|  61|0x00000000a6900000, 0x00000000a6900000, 0x00000000a6a00000|  0%| F|  |TAMS 0x00000000a6900000| PB 0x00000000a6900000| Untracked |  0
|  62|0x00000000a6a00000, 0x00000000a6a00000, 0x00000000a6b00000|  0%| F|  |TAMS 0x00000000a6a00000| PB 0x00000000a6a00000| Untracked |  0
|  63|0x00000000a6b00000, 0x00000000a6b00000, 0x00000000a6c00000|  0%| F|  |TAMS 0x00000000a6b00000| PB 0x00000000a6b00000| Untracked |  0
|  64|0x00000000a6c00000, 0x00000000a6c00000, 0x00000000a6d00000|  0%| F|  |TAMS 0x00000000a6c00000| PB 0x00000000a6c00000| Untracked |  0
|  65|0x00000000a6d00000, 0x00000000a6d00000, 0x00000000a6e00000|  0%| F|  |TAMS 0x00000000a6d00000| PB 0x00000000a6d00000| Untracked |  0
|  66|0x00000000a6e00000, 0x00000000a6e00000, 0x00000000a6f00000|  0%| F|  |TAMS 0x00000000a6e00000| PB 0x00000000a6e00000| Untracked |  0
|  67|0x00000000a6f00000, 0x00000000a6f00000, 0x00000000a7000000|  0%| F|  |TAMS 0x00000000a6f00000| PB 0x00000000a6f00000| Untracked |  0
|  68|0x00000000a7000000, 0x00000000a7000000, 0x00000000a7100000|  0%| F|  |TAMS 0x00000000a7000000| PB 0x00000000a7000000| Untracked |  0
|  69|0x00000000a7100000, 0x00000000a7100000, 0x00000000a7200000|  0%| F|  |TAMS 0x00000000a7100000| PB 0x00000000a7100000| Untracked |  0
|  70|0x00000000a7200000, 0x00000000a7200000, 0x00000000a7300000|  0%| F|  |TAMS 0x00000000a7200000| PB 0x00000000a7200000| Untracked |  0
|  71|0x00000000a7300000, 0x00000000a7300000, 0x00000000a7400000|  0%| F|  |TAMS 0x00000000a7300000| PB 0x00000000a7300000| Untracked |  0
|  72|0x00000000a7400000, 0x00000000a7400000, 0x00000000a7500000|  0%| F|  |TAMS 0x00000000a7400000| PB 0x00000000a7400000| Untracked |  0
|  73|0x00000000a7500000, 0x00000000a7500000, 0x00000000a7600000|  0%| F|  |TAMS 0x00000000a7500000| PB 0x00000000a7500000| Untracked |  0
|  74|0x00000000a7600000, 0x00000000a7600000, 0x00000000a7700000|  0%| F|  |TAMS 0x00000000a7600000| PB 0x00000000a7600000| Untracked |  0
|  75|0x00000000a7700000, 0x00000000a7700000, 0x00000000a7800000|  0%| F|  |TAMS 0x00000000a7700000| PB 0x00000000a7700000| Untracked |  0
|  76|0x00000000a7800000, 0x00000000a7800000, 0x00000000a7900000|  0%| F|  |TAMS 0x00000000a7800000| PB 0x00000000a7800000| Untracked |  0
|  77|0x00000000a7900000, 0x00000000a7900000, 0x00000000a7a00000|  0%| F|  |TAMS 0x00000000a7900000| PB 0x00000000a7900000| Untracked |  0
|  78|0x00000000a7a00000, 0x00000000a7a00000, 0x00000000a7b00000|  0%| F|  |TAMS 0x00000000a7a00000| PB 0x00000000a7a00000| Untracked |  0
|  79|0x00000000a7b00000, 0x00000000a7b00000, 0x00000000a7c00000|  0%| F|  |TAMS 0x00000000a7b00000| PB 0x00000000a7b00000| Untracked |  0
|  80|0x00000000a7c00000, 0x00000000a7c00000, 0x00000000a7d00000|  0%| F|  |TAMS 0x00000000a7c00000| PB 0x00000000a7c00000| Untracked |  0
|  81|0x00000000a7d00000, 0x00000000a7d00000, 0x00000000a7e00000|  0%| F|  |TAMS 0x00000000a7d00000| PB 0x00000000a7d00000| Untracked |  0
|  82|0x00000000a7e00000, 0x00000000a7e00000, 0x00000000a7f00000|  0%| F|  |TAMS 0x00000000a7e00000| PB 0x00000000a7e00000| Untracked |  0
|  83|0x00000000a7f00000, 0x00000000a7f00000, 0x00000000a8000000|  0%| F|  |TAMS 0x00000000a7f00000| PB 0x00000000a7f00000| Untracked |  0
|  84|0x00000000a8000000, 0x00000000a8000000, 0x00000000a8100000|  0%| F|  |TAMS 0x00000000a8000000| PB 0x00000000a8000000| Untracked |  0
|  85|0x00000000a8100000, 0x00000000a8100000, 0x00000000a8200000|  0%| F|  |TAMS 0x00000000a8100000| PB 0x00000000a8100000| Untracked |  0
|  86|0x00000000a8200000, 0x00000000a8200000, 0x00000000a8300000|  0%| F|  |TAMS 0x00000000a8200000| PB 0x00000000a8200000| Untracked |  0
|  87|0x00000000a8300000, 0x00000000a8380000, 0x00000000a8400000| 50%| E|  |TAMS 0x00000000a8300000| PB 0x00000000a8300000| Complete |  0
|  88|0x00000000a8400000, 0x00000000a8500000, 0x00000000a8500000|100%| E|CS|TAMS 0x00000000a8400000| PB 0x00000000a8400000| Complete |  0
|  89|0x00000000a8500000, 0x00000000a8600000, 0x00000000a8600000|100%| E|CS|TAMS 0x00000000a8500000| PB 0x00000000a8500000| Complete |  0
|  90|0x00000000a8600000, 0x00000000a8700000, 0x00000000a8700000|100%| E|CS|TAMS 0x00000000a8600000| PB 0x00000000a8600000| Complete |  0
|  91|0x00000000a8700000, 0x00000000a8800000, 0x00000000a8800000|100%| E|CS|TAMS 0x00000000a8700000| PB 0x00000000a8700000| Complete |  0
|  92|0x00000000a8800000, 0x00000000a8900000, 0x00000000a8900000|100%| E|CS|TAMS 0x00000000a8800000| PB 0x00000000a8800000| Complete |  0
|  93|0x00000000a8900000, 0x00000000a8a00000, 0x00000000a8a00000|100%| E|CS|TAMS 0x00000000a8900000| PB 0x00000000a8900000| Complete |  0
|1490|0x00000000ffe00000, 0x00000000fff00000, 0x00000000fff00000|100%| O|  |TAMS 0x00000000ffe00000| PB 0x00000000ffe00000| Untracked |  0
|1491|0x00000000fff00000, 0x00000000fff25608, 0x0000000100000000| 14%| O|  |TAMS 0x00000000fff00000| PB 0x00000000fff00000| Untracked |  0

Card table byte_map: [0x0000020dc99c0000,0x0000020dc9cb0000] _byte_map_base: 0x0000020dc94aa000

Marking Bits: (CMBitMap*) 0x0000020db1b6ab40
 Bits: [0x0000020dc9cb0000, 0x0000020dcb400000)

Polling page: 0x0000020dafab0000

Metaspace:
Metaspace        used 1671K, committed 1792K, reserved 1114112K
 class space     used 124K, committed 192K, reserved 1048576K

Usage:
  Non-class:      1.51 MB used.
      Class:    124.20 KB used.
       Both:      1.63 MB used.

Virtual space:
  Non-class space:       64.00 MB reserved,       1.56 MB (  2%) committed,  1 nodes.
      Class space:        1.00 GB reserved,     192.00 KB ( <1%) committed,  1 nodes.
             Both:        1.06 GB reserved,       1.75 MB ( <1%) committed. 

Chunk freelists:
   Non-Class:  11.39 MB
       Class:  15.67 MB
        Both:  27.06 MB

MaxMetaspaceSize: unlimited
CompressedClassSpaceSize: 1.00 GB
Initial GC threshold: 21.00 MB
Current GC threshold: 21.00 MB
CDS: on
 - commit_granule_bytes: 65536.
 - commit_granule_words: 8192.
 - virtual_space_node_default_size: 8388608.
 - enlarge_chunks_in_place: 1.
UseCompressedClassPointers 1, UseCompactObjectHeaders 0
Narrow klass pointer bits 32, Max shift 3
Narrow klass base: 0x0000000022000000, Narrow klass shift: 0
Encoding Range: [0x0000000022000000 - 0x0000000122000000), (4294967296 bytes)
Klass Range:    [0x0000000022010000 - 0x0000000063000000), (1090453504 bytes)
Klass ID Range:  [65536 - 1090519033) (1090453497)
Protection zone: [0x0000000022000000 - 0x0000000022010000), (65536 bytes)


Internal statistics:

num_allocs_failed_limit: 0.
num_arena_births: 30.
num_arena_deaths: 0.
num_vsnodes_births: 2.
num_vsnodes_deaths: 0.
num_space_committed: 28.
num_space_uncommitted: 0.
num_chunks_returned_to_freelist: 0.
num_chunks_taken_from_freelist: 76.
num_chunk_merges: 0.
num_chunk_splits: 45.
num_chunks_enlarged: 30.
num_inconsistent_stats: 0.

CodeHeap 'non-profiled nmethods': size=120064Kb used=135Kb max_used=135Kb free=119928Kb
 bounds [0x0000020dc1e60000, 0x0000020dc20d0000, 0x0000020dc93a0000]
CodeHeap 'profiled nmethods': size=120000Kb used=627Kb max_used=627Kb free=119372Kb
 bounds [0x0000020dba3a0000, 0x0000020dba610000, 0x0000020dc18d0000]
CodeHeap 'non-nmethods': size=5696Kb used=1292Kb max_used=1299Kb free=4403Kb
 bounds [0x0000020dc18d0000, 0x0000020dc1b40000, 0x0000020dc1e60000]
CodeCache: size=245760Kb, used=2054Kb, max_used=2061Kb, free=243703Kb
 total_blobs=920, nmethods=507, adapters=316, full_count=0
Compilation: enabled, stopped_count=0, restarted_count=0

Compilation events (20 events):
Event: 1.444 Thread 0x0000020dcde048c0 nmethod 453 0x0000020dba411a08 code [0x0000020dba411b00, 0x0000020dba4126b0]
Event: 1.444 Thread 0x0000020dcde048c0  451   !   3       java.util.zip.ZipFile$ZipFileInputStream::close (59 bytes)
Event: 1.444 Thread 0x0000020dcde048c0 nmethod 451 0x0000020dba412708 code [0x0000020dba412800, 0x0000020dba412bf8]
Event: 1.444 Thread 0x0000020dcde048c0  452       3       java.util.Collections$SetFromMap::remove (19 bytes)
Event: 1.445 Thread 0x0000020dcde048c0 nmethod 452 0x0000020dba412c08 code [0x0000020dba412d00, 0x0000020dba412f20]
Event: 1.445 Thread 0x0000020dcde048c0  456       1       java.lang.Class::getModule (5 bytes)
Event: 1.445 Thread 0x0000020dcde048c0 nmethod 456 0x0000020dc1e7f208 code [0x0000020dc1e7f300, 0x0000020dc1e7f3c8]
Event: 1.445 Thread 0x0000020dcde048c0  458       3       java.io.InputStream::<init> (5 bytes)
Event: 1.445 Thread 0x0000020dcde048c0 nmethod 458 0x0000020dba412f88 code [0x0000020dba413080, 0x0000020dba4131e0]
Event: 2.451 Thread 0x0000020dcde048c0  460       3       jdk.internal.classfile.impl.AbstractPoolEntry::hash2 (15 bytes)
Event: 2.451 Thread 0x0000020dcde048c0 nmethod 460 0x0000020dba413288 code [0x0000020dba413380, 0x0000020dba413488]
Event: 2.451 Thread 0x0000020dcde048c0  461       1       jdk.internal.classfile.impl.AbstractPoolEntry::hashCode (5 bytes)
Event: 2.451 Thread 0x0000020dcde048c0 nmethod 461 0x0000020dc1e7fc08 code [0x0000020dc1e7fd00, 0x0000020dc1e7fdc8]
Event: 2.452 Thread 0x0000020dcde048c0  462       1       jdk.internal.classfile.impl.AbstractPoolEntry$ClassEntryImpl::tag (3 bytes)
Event: 2.452 Thread 0x0000020dcde048c0 nmethod 462 0x0000020dc1e7ff08 code [0x0000020dc1e80000, 0x0000020dc1e800c8]
Event: 2.453 Thread 0x0000020dcde048c0  463   !   3       sun.invoke.util.VerifyAccess::ensureTypeVisible (99 bytes)
Event: 2.453 Thread 0x0000020dcde048c0 nmethod 463 0x0000020dba413588 code [0x0000020dba413680, 0x0000020dba413fd0]
Event: 2.454 Thread 0x0000020dcde048c0  464       3       jdk.internal.classfile.impl.BufWriterImpl::writeU2 (38 bytes)
Event: 2.454 Thread 0x0000020dcde048c0 nmethod 464 0x0000020dba414008 code [0x0000020dba414100, 0x0000020dba4143d0]
Event: 2.454 Thread 0x0000020dcde048c0  465       3       jdk.internal.classfile.impl.StackMapGenerator::processBlock (2767 bytes)

GC Heap Usage History (0 events):
No events

Metaspace Usage History (0 events):
No events

Dll operation events (7 events):
Event: 0.028 Loaded shared library C:\Program Files\Java\jdk-25\bin\java.dll
Event: 1.157 Loaded shared library C:\Program Files\Java\jdk-25\bin\net.dll
Event: 1.162 Loaded shared library C:\Program Files\Java\jdk-25\bin\nio.dll
Event: 1.169 Loaded shared library C:\Program Files\Java\jdk-25\bin\zip.dll
Event: 1.411 Loaded shared library C:\Program Files\Java\jdk-25\bin\jimage.dll
Event: 1.412 Loaded shared library C:\Users\SOHAIL AHMAD\.m2\wrapper\dists\apache-maven-3.9.9\8e74001100ff70d6af083c5511fcc5ec49282d7017cde82c3698eee8fdf86698\lib\jansi-native\Windows\x86_64\jansi.dll
Event: 1.434 Loaded shared library C:\Program Files\Java\jdk-25\bin\verify.dll

Deoptimization events (12 events):
Event: 1.251 Thread 0x0000020daf7a4d60 DEOPT PACKING pc=0x0000020dba3ba0f8 sp=0x000000fc88dfea20
Event: 1.251 Thread 0x0000020daf7a4d60 DEOPT UNPACKING pc=0x0000020dc1921702 sp=0x000000fc88dfde90 mode 0
Event: 1.251 Thread 0x0000020daf7a4d60 DEOPT PACKING pc=0x0000020dba3ba0f8 sp=0x000000fc88dfea20
Event: 1.251 Thread 0x0000020daf7a4d60 DEOPT UNPACKING pc=0x0000020dc1921702 sp=0x000000fc88dfde90 mode 0
Event: 1.251 Thread 0x0000020daf7a4d60 DEOPT PACKING pc=0x0000020dba3ba0f8 sp=0x000000fc88dfea20
Event: 1.251 Thread 0x0000020daf7a4d60 DEOPT UNPACKING pc=0x0000020dc1921702 sp=0x000000fc88dfde90 mode 0
Event: 1.333 Thread 0x0000020daf7a4d60 Uncommon trap: trap_request=0xffffff45 fr.pc=0x0000020dc1e6b724 relative=0x0000000000000124
Event: 1.333 Thread 0x0000020daf7a4d60 Uncommon trap: reason=unstable_if action=reinterpret pc=0x0000020dc1e6b724 method=java.lang.StringCoding.countPositives([BII)I @ 17 c2
Event: 1.334 Thread 0x0000020daf7a4d60 DEOPT PACKING pc=0x0000020dc1e6b724 sp=0x000000fc88dfaae0
Event: 1.334 Thread 0x0000020daf7a4d60 DEOPT UNPACKING pc=0x0000020dc19f0882 sp=0x000000fc88dfaa68 mode 2
Event: 1.440 Thread 0x0000020daf7a4d60 DEOPT PACKING pc=0x0000020dba3b7219 sp=0x000000fc88dfdd10
Event: 1.440 Thread 0x0000020daf7a4d60 DEOPT UNPACKING pc=0x0000020dc1921702 sp=0x000000fc88dfd160 mode 0

Classes loaded (20 events):
Event: 1.417 Loading class jdk/internal/util/OperatingSystem
Event: 1.417 Loading class jdk/internal/util/OperatingSystem done
Event: 1.417 Loading class sun/net/www/protocol/jar/URLJarFile
Event: 1.417 Loading class sun/net/www/protocol/jar/URLJarFile done
Event: 1.419 Loading class sun/net/www/protocol/jar/URLJarFile$URLJarFileEntry
Event: 1.419 Loading class sun/net/www/protocol/jar/URLJarFile$URLJarFileEntry done
Event: 1.419 Loading class sun/net/www/protocol/jar/JarURLConnection$JarURLInputStream
Event: 1.419 Loading class sun/net/www/protocol/jar/JarURLConnection$JarURLInputStream done
Event: 1.420 Loading class java/lang/Thread$ThreadNumbering
Event: 1.420 Loading class java/lang/Thread$ThreadNumbering done
Event: 1.431 Loading class sun/nio/fs/WindowsPath$1
Event: 1.431 Loading class sun/nio/fs/WindowsPath$1 done
Event: 1.438 Loading class java/lang/CloneNotSupportedException
Event: 1.438 Loading class java/lang/CloneNotSupportedException done
Event: 1.438 Loading class java/lang/UnsupportedOperationException
Event: 1.438 Loading class java/lang/UnsupportedOperationException done
Event: 1.444 Loading class java/util/LinkedHashMap$LinkedValues
Event: 1.445 Loading class java/util/LinkedHashMap$LinkedValues done
Event: 1.445 Loading class java/util/LinkedHashMap$LinkedValueIterator
Event: 1.445 Loading class java/util/LinkedHashMap$LinkedValueIterator done

Classes unloaded (0 events):
No events

Classes redefined (0 events):
No events

Internal exceptions (13 events):
Event: 1.365 Thread 0x0000020daf7a4d60 Exception <a 'java/lang/NoSuchMethodError'{0x00000000a852eef0}: 'java.lang.Object java.lang.invoke.Invokers$Holder.invokeExact_MT(java.lang.Object, java.lang.Object, java.lang.Object, java.lang.Object, java.lang.Object)'> (0x00000000a852eef0) 
thrown [s\open\src\hotspot\share\interpreter\linkResolver.cpp, line 804]
Event: 1.380 Thread 0x0000020daf7a4d60 Exception <a 'java/lang/NoSuchMethodError'{0x00000000a855bfd0}: 'java.lang.Object java.lang.invoke.DirectMethodHandle$Holder.invokeStaticInit(java.lang.Object)'> (0x00000000a855bfd0) 
thrown [s\open\src\hotspot\share\interpreter\linkResolver.cpp, line 804]
Event: 1.398 Thread 0x0000020daf7a4d60 Exception <a 'java/lang/NullPointerException'{0x00000000a8590b78}> (0x00000000a8590b78) 
thrown [s\open\src\hotspot\share\interpreter\linkResolver.cpp, line 1416]
Event: 1.415 Thread 0x0000020daf7a4d60 Exception <a 'java/lang/NullPointerException'{0x00000000a85b1960}> (0x00000000a85b1960) 
thrown [s\open\src\hotspot\share\interpreter\linkResolver.cpp, line 1416]
Event: 1.415 Thread 0x0000020daf7a4d60 Exception <a 'java/lang/NullPointerException'{0x00000000a85b1c40}> (0x00000000a85b1c40) 
thrown [s\open\src\hotspot\share\interpreter\linkResolver.cpp, line 1416]
Event: 1.415 Thread 0x0000020daf7a4d60 Exception <a 'java/lang/NullPointerException'{0x00000000a85b1f20}> (0x00000000a85b1f20) 
thrown [s\open\src\hotspot\share\interpreter\linkResolver.cpp, line 1416]
Event: 1.416 Thread 0x0000020daf7a4d60 Exception <a 'java/lang/NullPointerException'{0x00000000a85b6f50}> (0x00000000a85b6f50) 
thrown [s\open\src\hotspot\share\interpreter\linkResolver.cpp, line 1416]
Event: 1.420 Thread 0x0000020daf7a4d60 Exception <a 'java/lang/NullPointerException'{0x00000000a85c8f58}> (0x00000000a85c8f58) 
thrown [s\open\src\hotspot\share\interpreter\linkResolver.cpp, line 1416]
Event: 1.420 Thread 0x0000020daf7a4d60 Exception <a 'java/lang/NullPointerException'{0x00000000a85c9238}> (0x00000000a85c9238) 
thrown [s\open\src\hotspot\share\interpreter\linkResolver.cpp, line 1416]
Event: 1.420 Thread 0x0000020daf7a4d60 Exception <a 'java/lang/NullPointerException'{0x00000000a85c9518}> (0x00000000a85c9518) 
thrown [s\open\src\hotspot\share\interpreter\linkResolver.cpp, line 1416]
Event: 1.420 Thread 0x0000020daf7a4d60 Exception <a 'java/lang/NullPointerException'{0x00000000a85c97f8}> (0x00000000a85c97f8) 
thrown [s\open\src\hotspot\share\interpreter\linkResolver.cpp, line 1416]
Event: 2.451 Thread 0x0000020daf7a4d60 Exception <a 'java/lang/NoSuchMethodError'{0x00000000a84b2a40}: 'void java.lang.invoke.DirectMethodHandle$Holder.invokeStatic(java.lang.Object, java.lang.Object)'> (0x00000000a84b2a40) 
thrown [s\open\src\hotspot\share\interpreter\linkResolver.cpp, line 804]
Event: 2.453 Thread 0x0000020daf7a4d60 Exception <a 'java/lang/NoSuchMethodError'{0x00000000a84ba7e8}: 'void java.lang.invoke.DirectMethodHandle$Holder.invokeStaticInit(java.lang.Object, java.lang.Object)'> (0x00000000a84ba7e8) 
thrown [s\open\src\hotspot\share\interpreter\linkResolver.cpp, line 804]

VM Operations (4 events):
Event: 1.396 Executing non-safepoint VM operation: HandshakeAllThreads (Deoptimize)
Event: 1.396 Executing non-safepoint VM operation: HandshakeAllThreads (Deoptimize) done
Event: 1.417 Executing non-safepoint VM operation: HandshakeAllThreads (Deoptimize)
Event: 1.418 Executing non-safepoint VM operation: HandshakeAllThreads (Deoptimize) done

Memory protections (0 events):
No events

Nmethod flushes (0 events):
No events

Events (13 events):
Event: 1.114 Thread 0x0000020daf7a4d60 Thread added: 0x0000020daf7a4d60
Event: 1.137 Thread 0x0000020daf7a4d60 Thread added: 0x0000020dcddc56b0
Event: 1.137 Thread 0x0000020daf7a4d60 Thread added: 0x0000020dcddc6110
Event: 1.138 Thread 0x0000020daf7a4d60 Thread added: 0x0000020dcddc9760
Event: 1.138 Thread 0x0000020daf7a4d60 Thread added: 0x0000020dcddcb330
Event: 1.138 Thread 0x0000020daf7a4d60 Thread added: 0x0000020dcddcdbd0
Event: 1.138 Thread 0x0000020daf7a4d60 Thread added: 0x0000020dcddd1310
Event: 1.139 Thread 0x0000020daf7a4d60 Thread added: 0x0000020dcdddaeb0
Event: 1.139 Thread 0x0000020daf7a4d60 Thread added: 0x0000020dcde048c0
Event: 1.146 Thread 0x0000020daf7a4d60 Thread added: 0x0000020dd2014f90
Event: 1.152 Thread 0x0000020daf7a4d60 Thread added: 0x0000020dd2021a10
Event: 1.404 Thread 0x0000020daf7a4d60 Thread added: 0x0000020dd24231d0
Event: 1.426 Thread 0x0000020dd24231d0 Thread exited: 0x0000020dd24231d0


Dynamic libraries:
0x00007ff7224e0000 - 0x00007ff7224f0000 	C:\Program Files\Java\jdk-25\bin\java.exe
0x00007ffca1740000 - 0x00007ffca19a7000 	C:\WINDOWS\SYSTEM32\ntdll.dll
0x00007ffca03a0000 - 0x00007ffca0469000 	C:\WINDOWS\System32\KERNEL32.DLL
0x00007ffc9edf0000 - 0x00007ffc9f1e1000 	C:\WINDOWS\System32\KERNELBASE.dll
0x00007ffc9e890000 - 0x00007ffc9e9db000 	C:\WINDOWS\System32\ucrtbase.dll
0x00007ffc74610000 - 0x00007ffc74627000 	C:\Program Files\Java\jdk-25\bin\jli.dll
0x00007ffc73510000 - 0x00007ffc7352e000 	C:\Program Files\Java\jdk-25\bin\VCRUNTIME140.dll
0x00007ffca0eb0000 - 0x00007ffca1075000 	C:\WINDOWS\System32\USER32.dll
0x00007ffc81a70000 - 0x00007ffc81d03000 	C:\WINDOWS\WinSxS\amd64_microsoft.windows.common-controls_6595b64144ccf1df_6.0.26100.8037_none_3e092faae333b53b\COMCTL32.dll
0x00007ffc9f400000 - 0x00007ffc9f427000 	C:\WINDOWS\System32\win32u.dll
0x00007ffca1170000 - 0x00007ffca1219000 	C:\WINDOWS\System32\msvcrt.dll
0x00007ffca0300000 - 0x00007ffca032b000 	C:\WINDOWS\System32\GDI32.dll
0x00007ffc9e9e0000 - 0x00007ffc9eb0b000 	C:\WINDOWS\System32\gdi32full.dll
0x00007ffc9f430000 - 0x00007ffc9f4d3000 	C:\WINDOWS\System32\msvcp_win.dll
0x00007ffca1090000 - 0x00007ffca10c1000 	C:\WINDOWS\System32\IMM32.DLL
0x00007ffc8b800000 - 0x00007ffc8b80c000 	C:\Program Files\Java\jdk-25\bin\vcruntime140_1.dll
0x00007ffc5c300000 - 0x00007ffc5c38d000 	C:\Program Files\Java\jdk-25\bin\msvcp140.dll
0x00007ffbc7e40000 - 0x00007ffbc8c9f000 	C:\Program Files\Java\jdk-25\bin\server\jvm.dll
0x00007ffca1220000 - 0x00007ffca12db000 	C:\WINDOWS\System32\ADVAPI32.dll
0x00007ffca12f0000 - 0x00007ffca1397000 	C:\WINDOWS\System32\sechost.dll
0x00007ffca01e0000 - 0x00007ffca02f8000 	C:\WINDOWS\System32\RPCRT4.dll
0x00007ffca1540000 - 0x00007ffca15b4000 	C:\WINDOWS\System32\WS2_32.dll
0x00007ffc9de80000 - 0x00007ffc9dede000 	C:\WINDOWS\SYSTEM32\POWRPROF.dll
0x00007ffc94550000 - 0x00007ffc94585000 	C:\WINDOWS\SYSTEM32\WINMM.dll
0x00007ffc93ce0000 - 0x00007ffc93ceb000 	C:\WINDOWS\SYSTEM32\VERSION.dll
0x00007ffc9de60000 - 0x00007ffc9de74000 	C:\WINDOWS\SYSTEM32\UMPDC.dll
0x00007ffc9cdb0000 - 0x00007ffc9cdcb000 	C:\WINDOWS\SYSTEM32\kernel.appcore.dll
0x00007ffc8b0c0000 - 0x00007ffc8b0ca000 	C:\Program Files\Java\jdk-25\bin\jimage.dll
0x00007ffc87330000 - 0x00007ffc87572000 	C:\WINDOWS\SYSTEM32\DBGHELP.DLL
0x00007ffc9fd50000 - 0x00007ffca00d2000 	C:\WINDOWS\System32\combase.dll
0x00007ffca0660000 - 0x00007ffca0737000 	C:\WINDOWS\System32\OLEAUT32.dll
0x00007ffc7e1c0000 - 0x00007ffc7e1fb000 	C:\WINDOWS\SYSTEM32\dbgcore.DLL
0x00007ffc9ed40000 - 0x00007ffc9ede5000 	C:\WINDOWS\System32\bcryptPrimitives.dll
0x00007ffc731d0000 - 0x00007ffc731ef000 	C:\Program Files\Java\jdk-25\bin\java.dll
0x00007ffca13a0000 - 0x00007ffca1535000 	C:\WINDOWS\System32\ole32.dll
0x00007ffca0740000 - 0x00007ffca0e9f000 	C:\WINDOWS\System32\SHELL32.dll
0x00007ffc9eb10000 - 0x00007ffc9ec7a000 	C:\WINDOWS\System32\wintypes.dll
0x00007ffc9e020000 - 0x00007ffc9e884000 	C:\WINDOWS\System32\windows.storage.dll
0x00007ffca00e0000 - 0x00007ffca01d7000 	C:\WINDOWS\System32\SHCORE.dll
0x00007ffca0330000 - 0x00007ffca0397000 	C:\WINDOWS\System32\shlwapi.dll
0x00007ffc9df40000 - 0x00007ffc9df69000 	C:\WINDOWS\SYSTEM32\profapi.dll
0x00007ffc730c0000 - 0x00007ffc730d2000 	C:\Program Files\Java\jdk-25\bin\net.dll
0x00007ffc9d320000 - 0x00007ffc9d38b000 	C:\WINDOWS\system32\mswsock.dll
0x00007ffc730a0000 - 0x00007ffc730b6000 	C:\Program Files\Java\jdk-25\bin\nio.dll
0x00007ffc72dd0000 - 0x00007ffc72de7000 	C:\Program Files\Java\jdk-25\bin\zip.dll
0x00007ffc71780000 - 0x00007ffc717a4000 	C:\Users\SOHAIL AHMAD\.m2\wrapper\dists\apache-maven-3.9.9\8e74001100ff70d6af083c5511fcc5ec49282d7017cde82c3698eee8fdf86698\lib\jansi-native\Windows\x86_64\jansi.dll
0x00007ffc8a2f0000 - 0x00007ffc8a300000 	C:\Program Files\Java\jdk-25\bin\verify.dll

JVMTI agents: none

dbghelp: loaded successfully - version: 4.0.5 - missing functions: none
symbol engine: initialized successfully - sym options: 0x614 - pdb path: .;C:\Program Files\Java\jdk-25\bin;C:\WINDOWS\SYSTEM32;C:\WINDOWS\WinSxS\amd64_microsoft.windows.common-controls_6595b64144ccf1df_6.0.26100.8037_none_3e092faae333b53b;C:\Program Files\Java\jdk-25\bin\server;C:\Users\SOHAIL AHMAD\.m2\wrapper\dists\apache-maven-3.9.9\8e74001100ff70d6af083c5511fcc5ec49282d7017cde82c3698eee8fdf86698\lib\jansi-native\Windows\x86_64

VM Arguments:
jvm_args: -Dclassworlds.conf=C:\Users\SOHAIL AHMAD\.m2\wrapper\dists\apache-maven-3.9.9\8e74001100ff70d6af083c5511fcc5ec49282d7017cde82c3698eee8fdf86698\bin\m2.conf -Dmaven.home=C:\Users\SOHAIL AHMAD\.m2\wrapper\dists\apache-maven-3.9.9\8e74001100ff70d6af083c5511fcc5ec49282d7017cde82c3698eee8fdf86698 -Dlibrary.jansi.path=C:\Users\SOHAIL AHMAD\.m2\wrapper\dists\apache-maven-3.9.9\8e74001100ff70d6af083c5511fcc5ec49282d7017cde82c3698eee8fdf86698\lib\jansi-native -Dmaven.multiModuleProjectDirectory=C:\project\ERP System for Inventory and Sales Management(Java+React)\backend 
java_command: org.codehaus.plexus.classworlds.launcher.Launcher spring-boot:run
java_class_path (initial): C:\Users\SOHAIL AHMAD\.m2\wrapper\dists\apache-maven-3.9.9\8e74001100ff70d6af083c5511fcc5ec49282d7017cde82c3698eee8fdf86698\boot\plexus-classworlds-2.8.0.jar
Launcher Type: SUN_STANDARD

[Global flags]
     intx CICompilerCount                          = 4                                         {product} {ergonomic}
     uint ConcGCThreads                            = 2                                         {product} {ergonomic}
     uint G1ConcRefinementThreads                  = 8                                         {product} {ergonomic}
   size_t G1HeapRegionSize                         = 1048576                                   {product} {ergonomic}
   size_t InitialHeapSize                          = 98566144                                  {product} {ergonomic}
   size_t MarkStackSize                            = 4194304                                   {product} {ergonomic}
   size_t MarkStackSizeMax                         = 536870912                                 {product} {ergonomic}
   size_t MaxHeapSize                              = 1564475392                                {product} {ergonomic}
   size_t MaxNewSize                               = 938475520                                 {product} {ergonomic}
   size_t MinHeapDeltaBytes                        = 1048576                                   {product} {ergonomic}
   size_t MinHeapSize                              = 8388608                                   {product} {ergonomic}
    uintx NonNMethodCodeHeapSize                   = 5832704                                {pd product} {ergonomic}
    uintx NonProfiledCodeHeapSize                  = 122945536                              {pd product} {ergonomic}
    uintx ProfiledCodeHeapSize                     = 122880000                              {pd product} {ergonomic}
    uintx ReservedCodeCacheSize                    = 251658240                              {pd product} {ergonomic}
     bool SegmentedCodeCache                       = true                                      {product} {ergonomic}
   size_t SoftMaxHeapSize                          = 1564475392                             {manageable} {ergonomic}
     bool UseCompressedOops                        = true                           {product lp64_product} {ergonomic}
     bool UseG1GC                                  = true                                      {product} {ergonomic}
     bool UseLargePagesIndividualAllocation        = false                                  {pd product} {ergonomic}

Logging:
Log output configuration:
 #0: stdout all=warning uptime,level,tags foldmultilines=false
 #1: stderr all=off uptime,level,tags foldmultilines=false

Release file:
IMPLEMENTOR="Oracle Corporation" 
JAVA_RUNTIME_VERSION="25+37-LTS-3491" 
JAVA_VERSION="25" 
JAVA_VERSION_DATE="2025-09-16" 
LIBC="default" 
MODULES="java.base java.compiler java.datatransfer java.xml java.prefs java.desktop java.instrument java.logging java.management java.security.sasl java.naming java.rmi java.management.rmi java.net.http java.scripting java.security.jgss java.transaction.xa java.sql java.sql.rowset java.xml.crypto java.se java.smartcardio jdk.accessibility jdk.internal.jvmstat jdk.attach jdk.charsets jdk.internal.opt jdk.zipfs jdk.compiler jdk.crypto.cryptoki jdk.crypto.ec jdk.crypto.mscapi jdk.dynalink jdk.internal.ed jdk.editpad jdk.internal.vm.ci jdk.graal.compiler jdk.graal.compiler.management jdk.hotspot.agent jdk.httpserver jdk.incubator.vector jdk.internal.le jdk.internal.md jdk.jartool jdk.javadoc jdk.jcmd jdk.management jdk.management.agent jdk.jconsole jdk.jdeps jdk.jdwp.agent jdk.jdi jdk.jfr jdk.jlink jdk.jpackage jdk.jshell jdk.jsobject jdk.jstatd jdk.localedata jdk.management.jfr jdk.naming.dns jdk.naming.rmi jdk.net jdk.nio.mapmode jdk.sctp jdk.security.auth jdk.security.jgss jdk.unsupported jdk.unsupported.desktop jdk.xml.dom" 
OS_ARCH="x86_64" 
OS_NAME="Windows" 
SOURCE=".:git:49d6a23b8806 open:git:6c48f4ed707b" 

Environment Variables:
PATH=C:\Program Files\Common Files\Oracle\Java\javapath;C:\Python313\Scripts\;C:\Python313\;C:\Program Files\Python312\Scripts\;C:\Program Files\Python312\;C:\WINDOWS\system32;C:\WINDOWS;C:\WINDOWS\System32\Wbem;C:\WINDOWS\System32\WindowsPowerShell\v1.0\;C:\WINDOWS\System32\OpenSSH\;C:\Program Files\Git\cmd;C:\mingw64\bin;C:\php8.3;C:\ProgramData\ComposerSetup\bin;C:\ProgramData\chocolatey\bin;C:\nvm;C:\nvm4w\nodejs;C:\Program Files\cursor\resources\app\bin;C:\Users\SOHAIL AHMAD\AppData\Local\Microsoft\WindowsApps;C:\Users\SOHAIL AHMAD\AppData\Local\Programs\Microsoft VS Code\bin;C:\php8.3;C:\mingw64\bin;C:\Users\SOHAIL AHMAD\AppData\Roaming\Composer\vendor\bin;C:\Users\SOHAIL AHMAD\AppData\Roaming\npm;C:\nvm;C:\nvm4w\nodejs;C:\Program Files\MongoDB\Server\8.2\bin;C:\Program Files\MongoDB\mongosh-2.5.8-win32-x64\bin;C:\Users\SOHAIL AHMAD\AppData\Local\Programs\Antigravity\bin
USERNAME=SOHAIL AHMAD
LANG=en_US.UTF-8
OS=Windows_NT
PROCESSOR_IDENTIFIER=AMD64 Family 23 Model 160 Stepping 0, AuthenticAMD
TMP=C:\Users\SOHAIL~1\AppData\Local\Temp
TEMP=C:\Users\SOHAIL~1\AppData\Local\Temp




Compilation memory statistics disabled.

Periodic native trim disabled

---------------  S Y S T E M  ---------------

OS:
 Windows 11 , 64 bit Build 26100 (10.0.26100.7920)
OS uptime: 0 days 19:46 hours
Hyper-V role detected

CPU: total 8 (initial active 8) (8 cores per cpu, 2 threads per core) family 23 model 160 stepping 0 microcode 0x8a00006, cx8, cmov, fxsr, ht, mmx, 3dnowpref, sse, sse2, sse3, ssse3, sse4a, sse4.1, sse4.2, popcnt, lzcnt, tsc, tscinvbit, avx, avx2, aes, clmul, bmi1, bmi2, adx, sha, fma, vzeroupper, clflush, clflushopt, clwb, hv, rdtscp, rdpid, f16c
Processor Information for the first 8 processors :
  Max Mhz: 2401, Current Mhz: 2401, Mhz Limit: 2401

Memory: 4k page, system-wide physical 5965M (388M free)
TotalPageFile size 24397M (AvailPageFile size 9M)
current process WorkingSet (physical memory assigned to process): 56M, peak: 56M
current process commit charge ("private bytes"): 188M, peak: 188M

vm_info: Java HotSpot(TM) 64-Bit Server VM (25+37-LTS-3491) for windows-amd64 JRE (25+37-LTS-3491), built on 2025-08-14T21:13:00Z with unknown MS VC++:1943

END.
